2024-01-22 12:06:23,364 INFO  [main] org.springframework.boot.StartupInfoLogger.logStarting:51 Starting PmpApplication using Java 20.0.1 with PID 13804 (D:\PMP_Project_WS\pmp\target\classes started by Admin in D:\PMP_Project_WS\pmp)
2024-01-22 12:06:23,445 INFO  [main] org.springframework.boot.SpringApplication.logStartupProfileInfo:636 The following 1 profile is active: "common"
2024-01-22 12:06:24,458 INFO  [main] org.springframework.data.repository.config.RepositoryConfigurationDelegate.registerRepositoriesIn:138 Bootstrapping Spring Data JPA repositories in DEFAULT mode.
2024-01-22 12:06:24,544 INFO  [main] org.springframework.data.repository.config.RepositoryConfigurationDelegate.registerRepositoriesIn:208 Finished Spring Data repository scanning in 75 ms. Found 2 JPA repository interfaces.
2024-01-22 12:06:25,485 INFO  [main] org.springframework.boot.web.embedded.tomcat.TomcatWebServer.initialize:108 Tomcat initialized with port(s): 8091 (http)
2024-01-22 12:06:25,495 INFO  [main] org.apache.juli.logging.DirectJDKLog.log:173 Initializing ProtocolHandler ["http-nio-8091"]
2024-01-22 12:06:25,496 INFO  [main] org.apache.juli.logging.DirectJDKLog.log:173 Starting service [Tomcat]
2024-01-22 12:06:25,497 INFO  [main] org.apache.juli.logging.DirectJDKLog.log:173 Starting Servlet engine: [Apache Tomcat/10.1.4]
2024-01-22 12:06:25,579 INFO  [main] org.apache.juli.logging.DirectJDKLog.log:173 Initializing Spring embedded WebApplicationContext
2024-01-22 12:06:25,582 INFO  [main] org.springframework.boot.web.servlet.context.ServletWebServerApplicationContext.prepareWebApplicationContext:291 Root WebApplicationContext: initialization completed in 2060 ms
2024-01-22 12:06:25,847 INFO  [main] org.hibernate.jpa.internal.util.LogHelper.logPersistenceUnitInformation:31 HHH000204: Processing PersistenceUnitInfo [name: default]
2024-01-22 12:06:25,927 INFO  [main] org.hibernate.Version.logVersion:44 HHH000412: Hibernate ORM core version 6.1.6.Final
2024-01-22 12:06:26,110 WARN  [main] org.hibernate.boot.internal.MetadataBuilderImpl$MetadataBuildingOptionsImpl.lambda$new$1:626 HHH90000021: Encountered deprecated setting [javax.persistence.sharedCache.mode], use [jakarta.persistence.sharedCache.mode] instead
2024-01-22 12:06:26,231 INFO  [main] com.zaxxer.hikari.HikariDataSource.getConnection:110 HikariPool-1 - Starting...
2024-01-22 12:06:26,418 INFO  [main] com.zaxxer.hikari.pool.HikariPool.checkFailFast:565 HikariPool-1 - Added connection com.mysql.cj.jdbc.ConnectionImpl@328e4ec2
2024-01-22 12:06:26,421 INFO  [main] com.zaxxer.hikari.HikariDataSource.getConnection:123 HikariPool-1 - Start completed.
2024-01-22 12:06:26,440 INFO  [main] org.hibernate.engine.jdbc.dialect.internal.DialectFactoryImpl.logSelectedDialect:66 HHH000400: Using dialect: org.hibernate.dialect.MySQL8Dialect
2024-01-22 12:06:26,440 WARN  [main] org.hibernate.engine.jdbc.dialect.internal.DialectFactoryImpl.logSelectedDialect:73 HHH90000026: MySQL8Dialect has been deprecated; use org.hibernate.dialect.MySQLDialect instead
2024-01-22 12:06:27,254 INFO  [main] org.hibernate.engine.transaction.jta.platform.internal.JtaPlatformInitiator.initiateService:51 HHH000490: Using JtaPlatform implementation: [org.hibernate.engine.transaction.jta.platform.internal.NoJtaPlatform]
2024-01-22 12:06:27,263 INFO  [main] org.springframework.orm.jpa.AbstractEntityManagerFactoryBean.buildNativeEntityManagerFactory:437 Initialized JPA EntityManagerFactory for persistence unit 'default'
2024-01-22 12:06:27,942 WARN  [main] org.springframework.boot.autoconfigure.orm.jpa.JpaBaseConfiguration$JpaWebConfiguration.openEntityManagerInViewInterceptor:227 spring.jpa.open-in-view is enabled by default. Therefore, database queries may be performed during view rendering. Explicitly configure spring.jpa.open-in-view to disable this warning
2024-01-22 12:06:28,377 INFO  [main] org.apache.juli.logging.DirectJDKLog.log:173 Starting ProtocolHandler ["http-nio-8091"]
2024-01-22 12:06:28,405 INFO  [main] org.springframework.boot.web.embedded.tomcat.TomcatWebServer.start:220 Tomcat started on port(s): 8091 (http) with context path ''
2024-01-22 12:06:28,414 INFO  [main] org.springframework.boot.StartupInfoLogger.logStarted:57 Started PmpApplication in 6.087 seconds (process running for 6.806)
2024-01-22 12:06:33,843 INFO  [http-nio-8091-exec-1] org.apache.juli.logging.DirectJDKLog.log:173 Initializing Spring DispatcherServlet 'dispatcherServlet'
2024-01-22 12:06:33,844 INFO  [http-nio-8091-exec-1] org.springframework.web.servlet.FrameworkServlet.initServletBean:532 Initializing Servlet 'dispatcherServlet'
2024-01-22 12:06:33,846 INFO  [http-nio-8091-exec-1] org.springframework.web.servlet.FrameworkServlet.initServletBean:554 Completed initialization in 1 ms
2024-01-22 12:06:33,853 INFO  [http-nio-8091-exec-1] com.pathbreaker.services.filters.filter.CustomFilter.doFilterInternal:27 [CustomFilter] - Inside the do filter method executed..
2024-01-22 12:06:33,854 INFO  [http-nio-8091-exec-1] com.pathbreaker.services.filters.filter.CustomFilter.doFilterInternal:28 Local Port : 8091
2024-01-22 12:06:33,855 INFO  [http-nio-8091-exec-1] com.pathbreaker.services.filters.filter.CustomFilter.doFilterInternal:29 server Name : localhost
2024-01-22 12:06:33,855 INFO  [http-nio-8091-exec-1] com.pathbreaker.services.filters.filter.CustomFilter.doFilterInternal:30 Server Path : /employee/all
2024-01-22 12:06:33,855 INFO  [http-nio-8091-exec-1] com.pathbreaker.services.filters.filter.CustomFilter.doFilterInternal:31 Request Uri is : /employee/all
2024-01-22 12:06:34,049 INFO  [http-nio-8091-exec-1] com.pathbreaker.pmp.serviceimpl.ResourceServiceImpl.getAllResources:100 The retrieved employee details are 1
2024-01-22 12:06:38,108 INFO  [http-nio-8091-exec-3] com.pathbreaker.services.filters.filter.CustomFilter.doFilterInternal:27 [CustomFilter] - Inside the do filter method executed..
2024-01-22 12:06:38,108 INFO  [http-nio-8091-exec-3] com.pathbreaker.services.filters.filter.CustomFilter.doFilterInternal:28 Local Port : 8091
2024-01-22 12:06:38,108 INFO  [http-nio-8091-exec-3] com.pathbreaker.services.filters.filter.CustomFilter.doFilterInternal:29 server Name : localhost
2024-01-22 12:06:38,108 INFO  [http-nio-8091-exec-3] com.pathbreaker.services.filters.filter.CustomFilter.doFilterInternal:30 Server Path : /employee/all
2024-01-22 12:06:38,108 INFO  [http-nio-8091-exec-3] com.pathbreaker.services.filters.filter.CustomFilter.doFilterInternal:31 Request Uri is : /employee/all
2024-01-22 12:06:38,125 INFO  [http-nio-8091-exec-3] com.pathbreaker.pmp.serviceimpl.ResourceServiceImpl.getAllResources:100 The retrieved employee details are 1
2024-01-22 12:06:44,475 INFO  [http-nio-8091-exec-4] com.pathbreaker.services.filters.filter.CustomFilter.doFilterInternal:27 [CustomFilter] - Inside the do filter method executed..
2024-01-22 12:06:44,475 INFO  [http-nio-8091-exec-4] com.pathbreaker.services.filters.filter.CustomFilter.doFilterInternal:28 Local Port : 8091
2024-01-22 12:06:44,475 INFO  [http-nio-8091-exec-4] com.pathbreaker.services.filters.filter.CustomFilter.doFilterInternal:29 server Name : localhost
2024-01-22 12:06:44,475 INFO  [http-nio-8091-exec-4] com.pathbreaker.services.filters.filter.CustomFilter.doFilterInternal:30 Server Path : /employee/all
2024-01-22 12:06:44,475 INFO  [http-nio-8091-exec-4] com.pathbreaker.services.filters.filter.CustomFilter.doFilterInternal:31 Request Uri is : /employee/all
2024-01-22 12:06:44,491 INFO  [http-nio-8091-exec-4] com.pathbreaker.pmp.serviceimpl.ResourceServiceImpl.getAllResources:100 The retrieved employee details are 1
2024-01-22 12:07:04,288 INFO  [http-nio-8091-exec-5] com.pathbreaker.services.filters.filter.CustomFilter.doFilterInternal:27 [CustomFilter] - Inside the do filter method executed..
2024-01-22 12:07:04,289 INFO  [http-nio-8091-exec-5] com.pathbreaker.services.filters.filter.CustomFilter.doFilterInternal:28 Local Port : 8091
2024-01-22 12:07:04,289 INFO  [http-nio-8091-exec-5] com.pathbreaker.services.filters.filter.CustomFilter.doFilterInternal:29 server Name : localhost
2024-01-22 12:07:04,289 INFO  [http-nio-8091-exec-5] com.pathbreaker.services.filters.filter.CustomFilter.doFilterInternal:30 Server Path : /employee/all
2024-01-22 12:07:04,291 INFO  [http-nio-8091-exec-5] com.pathbreaker.services.filters.filter.CustomFilter.doFilterInternal:31 Request Uri is : /employee/all
2024-01-22 12:07:04,304 INFO  [http-nio-8091-exec-5] com.pathbreaker.pmp.serviceimpl.ResourceServiceImpl.getAllResources:100 The retrieved employee details are 1
2024-01-22 12:07:51,063 INFO  [http-nio-8091-exec-6] com.pathbreaker.services.filters.filter.CustomFilter.doFilterInternal:27 [CustomFilter] - Inside the do filter method executed..
2024-01-22 12:07:51,063 INFO  [http-nio-8091-exec-6] com.pathbreaker.services.filters.filter.CustomFilter.doFilterInternal:28 Local Port : 8091
2024-01-22 12:07:51,063 INFO  [http-nio-8091-exec-6] com.pathbreaker.services.filters.filter.CustomFilter.doFilterInternal:29 server Name : localhost
2024-01-22 12:07:51,063 INFO  [http-nio-8091-exec-6] com.pathbreaker.services.filters.filter.CustomFilter.doFilterInternal:30 Server Path : /employee/all
2024-01-22 12:07:51,063 INFO  [http-nio-8091-exec-6] com.pathbreaker.services.filters.filter.CustomFilter.doFilterInternal:31 Request Uri is : /employee/all
2024-01-22 12:07:51,080 INFO  [http-nio-8091-exec-6] com.pathbreaker.pmp.serviceimpl.ResourceServiceImpl.getAllResources:100 The retrieved employee details are 1
2024-01-22 12:08:01,594 INFO  [SpringApplicationShutdownHook] org.springframework.orm.jpa.AbstractEntityManagerFactoryBean.destroy:650 Closing JPA EntityManagerFactory for persistence unit 'default'
2024-01-22 12:08:01,598 INFO  [SpringApplicationShutdownHook] com.zaxxer.hikari.HikariDataSource.close:350 HikariPool-1 - Shutdown initiated...
2024-01-22 12:08:01,620 INFO  [SpringApplicationShutdownHook] com.zaxxer.hikari.HikariDataSource.close:352 HikariPool-1 - Shutdown completed.
2024-01-22 12:08:05,409 INFO  [main] org.springframework.boot.StartupInfoLogger.logStarting:51 Starting PmpApplication using Java 20.0.1 with PID 7268 (D:\PMP_Project_WS\pmp\target\classes started by Admin in D:\PMP_Project_WS\pmp)
2024-01-22 12:08:05,412 INFO  [main] org.springframework.boot.SpringApplication.logStartupProfileInfo:636 The following 1 profile is active: "common"
2024-01-22 12:08:06,434 INFO  [main] org.springframework.data.repository.config.RepositoryConfigurationDelegate.registerRepositoriesIn:138 Bootstrapping Spring Data JPA repositories in DEFAULT mode.
2024-01-22 12:08:06,523 INFO  [main] org.springframework.data.repository.config.RepositoryConfigurationDelegate.registerRepositoriesIn:208 Finished Spring Data repository scanning in 76 ms. Found 2 JPA repository interfaces.
2024-01-22 12:08:07,412 INFO  [main] org.springframework.boot.web.embedded.tomcat.TomcatWebServer.initialize:108 Tomcat initialized with port(s): 8091 (http)
2024-01-22 12:08:07,425 INFO  [main] org.apache.juli.logging.DirectJDKLog.log:173 Initializing ProtocolHandler ["http-nio-8091"]
2024-01-22 12:08:07,427 INFO  [main] org.apache.juli.logging.DirectJDKLog.log:173 Starting service [Tomcat]
2024-01-22 12:08:07,427 INFO  [main] org.apache.juli.logging.DirectJDKLog.log:173 Starting Servlet engine: [Apache Tomcat/10.1.4]
2024-01-22 12:08:07,529 INFO  [main] org.apache.juli.logging.DirectJDKLog.log:173 Initializing Spring embedded WebApplicationContext
2024-01-22 12:08:07,532 INFO  [main] org.springframework.boot.web.servlet.context.ServletWebServerApplicationContext.prepareWebApplicationContext:291 Root WebApplicationContext: initialization completed in 2047 ms
2024-01-22 12:08:07,932 INFO  [main] org.hibernate.jpa.internal.util.LogHelper.logPersistenceUnitInformation:31 HHH000204: Processing PersistenceUnitInfo [name: default]
2024-01-22 12:08:07,995 INFO  [main] org.hibernate.Version.logVersion:44 HHH000412: Hibernate ORM core version 6.1.6.Final
2024-01-22 12:08:08,184 WARN  [main] org.hibernate.boot.internal.MetadataBuilderImpl$MetadataBuildingOptionsImpl.lambda$new$1:626 HHH90000021: Encountered deprecated setting [javax.persistence.sharedCache.mode], use [jakarta.persistence.sharedCache.mode] instead
2024-01-22 12:08:08,347 INFO  [main] com.zaxxer.hikari.HikariDataSource.getConnection:110 HikariPool-1 - Starting...
2024-01-22 12:08:08,546 INFO  [main] com.zaxxer.hikari.pool.HikariPool.checkFailFast:565 HikariPool-1 - Added connection com.mysql.cj.jdbc.ConnectionImpl@52c46334
2024-01-22 12:08:08,549 INFO  [main] com.zaxxer.hikari.HikariDataSource.getConnection:123 HikariPool-1 - Start completed.
2024-01-22 12:08:08,562 INFO  [main] org.hibernate.engine.jdbc.dialect.internal.DialectFactoryImpl.logSelectedDialect:66 HHH000400: Using dialect: org.hibernate.dialect.MySQL8Dialect
2024-01-22 12:08:08,563 WARN  [main] org.hibernate.engine.jdbc.dialect.internal.DialectFactoryImpl.logSelectedDialect:73 HHH90000026: MySQL8Dialect has been deprecated; use org.hibernate.dialect.MySQLDialect instead
2024-01-22 12:08:09,489 INFO  [main] org.hibernate.engine.transaction.jta.platform.internal.JtaPlatformInitiator.initiateService:51 HHH000490: Using JtaPlatform implementation: [org.hibernate.engine.transaction.jta.platform.internal.NoJtaPlatform]
2024-01-22 12:08:09,496 INFO  [main] org.springframework.orm.jpa.AbstractEntityManagerFactoryBean.buildNativeEntityManagerFactory:437 Initialized JPA EntityManagerFactory for persistence unit 'default'
2024-01-22 12:08:10,443 WARN  [main] org.springframework.boot.autoconfigure.orm.jpa.JpaBaseConfiguration$JpaWebConfiguration.openEntityManagerInViewInterceptor:227 spring.jpa.open-in-view is enabled by default. Therefore, database queries may be performed during view rendering. Explicitly configure spring.jpa.open-in-view to disable this warning
2024-01-22 12:08:10,985 INFO  [main] org.apache.juli.logging.DirectJDKLog.log:173 Starting ProtocolHandler ["http-nio-8091"]
2024-01-22 12:08:11,009 INFO  [main] org.springframework.boot.web.embedded.tomcat.TomcatWebServer.start:220 Tomcat started on port(s): 8091 (http) with context path ''
2024-01-22 12:08:11,020 INFO  [main] org.springframework.boot.StartupInfoLogger.logStarted:57 Started PmpApplication in 6.396 seconds (process running for 6.875)
2024-01-22 12:08:13,517 INFO  [http-nio-8091-exec-2] org.apache.juli.logging.DirectJDKLog.log:173 Initializing Spring DispatcherServlet 'dispatcherServlet'
2024-01-22 12:08:13,518 INFO  [http-nio-8091-exec-2] org.springframework.web.servlet.FrameworkServlet.initServletBean:532 Initializing Servlet 'dispatcherServlet'
2024-01-22 12:08:13,519 INFO  [http-nio-8091-exec-2] org.springframework.web.servlet.FrameworkServlet.initServletBean:554 Completed initialization in 1 ms
2024-01-22 12:08:13,524 INFO  [http-nio-8091-exec-2] com.pathbreaker.services.filters.filter.CustomFilter.doFilterInternal:27 [CustomFilter] - Inside the do filter method executed..
2024-01-22 12:08:13,524 INFO  [http-nio-8091-exec-2] com.pathbreaker.services.filters.filter.CustomFilter.doFilterInternal:28 Local Port : 8091
2024-01-22 12:08:13,524 INFO  [http-nio-8091-exec-2] com.pathbreaker.services.filters.filter.CustomFilter.doFilterInternal:29 server Name : localhost
2024-01-22 12:08:13,524 INFO  [http-nio-8091-exec-2] com.pathbreaker.services.filters.filter.CustomFilter.doFilterInternal:30 Server Path : /employee/all
2024-01-22 12:08:13,525 INFO  [http-nio-8091-exec-2] com.pathbreaker.services.filters.filter.CustomFilter.doFilterInternal:31 Request Uri is : /employee/all
2024-01-22 12:08:13,686 INFO  [http-nio-8091-exec-2] com.pathbreaker.pmp.serviceimpl.ResourceServiceImpl.getAllResources:100 The retrieved employee details are 1
2024-01-22 12:08:23,782 INFO  [http-nio-8091-exec-3] com.pathbreaker.services.filters.filter.CustomFilter.doFilterInternal:27 [CustomFilter] - Inside the do filter method executed..
2024-01-22 12:08:23,782 INFO  [http-nio-8091-exec-3] com.pathbreaker.services.filters.filter.CustomFilter.doFilterInternal:28 Local Port : 8091
2024-01-22 12:08:23,782 INFO  [http-nio-8091-exec-3] com.pathbreaker.services.filters.filter.CustomFilter.doFilterInternal:29 server Name : localhost
2024-01-22 12:08:23,782 INFO  [http-nio-8091-exec-3] com.pathbreaker.services.filters.filter.CustomFilter.doFilterInternal:30 Server Path : /employee/all
2024-01-22 12:08:23,782 INFO  [http-nio-8091-exec-3] com.pathbreaker.services.filters.filter.CustomFilter.doFilterInternal:31 Request Uri is : /employee/all
2024-01-22 12:08:23,797 INFO  [http-nio-8091-exec-3] com.pathbreaker.pmp.serviceimpl.ResourceServiceImpl.getAllResources:100 The retrieved employee details are 1
2024-01-22 12:08:47,322 INFO  [http-nio-8091-exec-4] com.pathbreaker.services.filters.filter.CustomFilter.doFilterInternal:27 [CustomFilter] - Inside the do filter method executed..
2024-01-22 12:08:47,322 INFO  [http-nio-8091-exec-4] com.pathbreaker.services.filters.filter.CustomFilter.doFilterInternal:28 Local Port : 8091
2024-01-22 12:08:47,322 INFO  [http-nio-8091-exec-4] com.pathbreaker.services.filters.filter.CustomFilter.doFilterInternal:29 server Name : localhost
2024-01-22 12:08:47,322 INFO  [http-nio-8091-exec-4] com.pathbreaker.services.filters.filter.CustomFilter.doFilterInternal:30 Server Path : /employee/registration
2024-01-22 12:08:47,322 INFO  [http-nio-8091-exec-4] com.pathbreaker.services.filters.filter.CustomFilter.doFilterInternal:31 Request Uri is : /employee/registration
2024-01-22 12:08:47,584 INFO  [http-nio-8091-exec-4] com.pathbreaker.pmp.serviceimpl.ResourceServiceImpl.createResource:80 EMPLOYEE registration is successful Keerthi
2024-01-22 12:08:54,612 INFO  [http-nio-8091-exec-5] com.pathbreaker.services.filters.filter.CustomFilter.doFilterInternal:27 [CustomFilter] - Inside the do filter method executed..
2024-01-22 12:08:54,620 INFO  [http-nio-8091-exec-5] com.pathbreaker.services.filters.filter.CustomFilter.doFilterInternal:28 Local Port : 8091
2024-01-22 12:08:54,620 INFO  [http-nio-8091-exec-5] com.pathbreaker.services.filters.filter.CustomFilter.doFilterInternal:29 server Name : localhost
2024-01-22 12:08:54,620 INFO  [http-nio-8091-exec-5] com.pathbreaker.services.filters.filter.CustomFilter.doFilterInternal:30 Server Path : /employee/all
2024-01-22 12:08:54,620 INFO  [http-nio-8091-exec-5] com.pathbreaker.services.filters.filter.CustomFilter.doFilterInternal:31 Request Uri is : /employee/all
2024-01-22 12:08:54,636 INFO  [http-nio-8091-exec-5] com.pathbreaker.pmp.serviceimpl.ResourceServiceImpl.getAllResources:100 The retrieved employee details are 2
2024-01-22 12:35:15,413 WARN  [HikariPool-1 housekeeper] com.zaxxer.hikari.pool.HikariPool$HouseKeeper.run:804 HikariPool-1 - Thread starvation or clock leap detected (housekeeper delta=3m6s356ms410µs600ns).
2024-01-22 13:08:23,336 WARN  [HikariPool-1 housekeeper] com.zaxxer.hikari.pool.HikariPool$HouseKeeper.run:804 HikariPool-1 - Thread starvation or clock leap detected (housekeeper delta=8m7s543ms640µs900ns).
2024-01-22 14:08:11,660 WARN  [HikariPool-1 housekeeper] com.zaxxer.hikari.pool.HikariPool$HouseKeeper.run:804 HikariPool-1 - Thread starvation or clock leap detected (housekeeper delta=33m47s809ms208µs100ns).
2024-01-22 14:29:11,536 WARN  [HikariPool-1 housekeeper] com.zaxxer.hikari.pool.HikariPool$HouseKeeper.run:804 HikariPool-1 - Thread starvation or clock leap detected (housekeeper delta=1m29s592ms820µs800ns).
2024-01-22 15:04:56,996 INFO  [SpringApplicationShutdownHook] org.springframework.orm.jpa.AbstractEntityManagerFactoryBean.destroy:650 Closing JPA EntityManagerFactory for persistence unit 'default'
2024-01-22 15:04:57,015 INFO  [SpringApplicationShutdownHook] com.zaxxer.hikari.HikariDataSource.close:350 HikariPool-1 - Shutdown initiated...
2024-01-22 15:04:57,020 INFO  [SpringApplicationShutdownHook] com.zaxxer.hikari.HikariDataSource.close:352 HikariPool-1 - Shutdown completed.
2024-01-22 15:05:10,272 INFO  [main] org.springframework.boot.StartupInfoLogger.logStarting:51 Starting PmpApplication using Java 20.0.1 with PID 17756 (D:\PMP_Project_WS\pmp\target\classes started by Admin in D:\PMP_Project_WS\pmp)
2024-01-22 15:05:10,276 INFO  [main] org.springframework.boot.SpringApplication.logStartupProfileInfo:636 The following 1 profile is active: "common"
2024-01-22 15:05:11,766 INFO  [main] org.springframework.data.repository.config.RepositoryConfigurationDelegate.registerRepositoriesIn:138 Bootstrapping Spring Data JPA repositories in DEFAULT mode.
2024-01-22 15:05:11,847 INFO  [main] org.springframework.data.repository.config.RepositoryConfigurationDelegate.registerRepositoriesIn:208 Finished Spring Data repository scanning in 74 ms. Found 3 JPA repository interfaces.
2024-01-22 15:05:12,719 INFO  [main] org.springframework.boot.web.embedded.tomcat.TomcatWebServer.initialize:108 Tomcat initialized with port(s): 8091 (http)
2024-01-22 15:05:12,732 INFO  [main] org.apache.juli.logging.DirectJDKLog.log:173 Initializing ProtocolHandler ["http-nio-8091"]
2024-01-22 15:05:12,733 INFO  [main] org.apache.juli.logging.DirectJDKLog.log:173 Starting service [Tomcat]
2024-01-22 15:05:12,734 INFO  [main] org.apache.juli.logging.DirectJDKLog.log:173 Starting Servlet engine: [Apache Tomcat/10.1.4]
2024-01-22 15:05:12,851 INFO  [main] org.apache.juli.logging.DirectJDKLog.log:173 Initializing Spring embedded WebApplicationContext
2024-01-22 15:05:12,853 INFO  [main] org.springframework.boot.web.servlet.context.ServletWebServerApplicationContext.prepareWebApplicationContext:291 Root WebApplicationContext: initialization completed in 2364 ms
2024-01-22 15:05:13,170 INFO  [main] org.hibernate.jpa.internal.util.LogHelper.logPersistenceUnitInformation:31 HHH000204: Processing PersistenceUnitInfo [name: default]
2024-01-22 15:05:13,227 INFO  [main] org.hibernate.Version.logVersion:44 HHH000412: Hibernate ORM core version 6.1.6.Final
2024-01-22 15:05:13,424 WARN  [main] org.hibernate.boot.internal.MetadataBuilderImpl$MetadataBuildingOptionsImpl.lambda$new$1:626 HHH90000021: Encountered deprecated setting [javax.persistence.sharedCache.mode], use [jakarta.persistence.sharedCache.mode] instead
2024-01-22 15:05:13,579 INFO  [main] com.zaxxer.hikari.HikariDataSource.getConnection:110 HikariPool-1 - Starting...
2024-01-22 15:05:13,803 INFO  [main] com.zaxxer.hikari.pool.HikariPool.checkFailFast:565 HikariPool-1 - Added connection com.mysql.cj.jdbc.ConnectionImpl@25218a4d
2024-01-22 15:05:13,805 INFO  [main] com.zaxxer.hikari.HikariDataSource.getConnection:123 HikariPool-1 - Start completed.
2024-01-22 15:05:13,828 INFO  [main] org.hibernate.engine.jdbc.dialect.internal.DialectFactoryImpl.logSelectedDialect:66 HHH000400: Using dialect: org.hibernate.dialect.MySQL8Dialect
2024-01-22 15:05:13,829 WARN  [main] org.hibernate.engine.jdbc.dialect.internal.DialectFactoryImpl.logSelectedDialect:73 HHH90000026: MySQL8Dialect has been deprecated; use org.hibernate.dialect.MySQLDialect instead
2024-01-22 15:05:14,165 ERROR [main] org.springframework.orm.jpa.AbstractEntityManagerFactoryBean.buildNativeEntityManagerFactory:426 Failed to initialize JPA EntityManagerFactory: Entity 'com.pathbreaker.pmp.entity.RevenueProjectEntity' has no identifier (every '@Entity' class must declare or inherit at least one '@Id' or '@EmbeddedId' property)
2024-01-22 15:05:14,166 WARN  [main] org.springframework.context.support.AbstractApplicationContext.refresh:592 Exception encountered during context initialization - cancelling refresh attempt: org.springframework.beans.factory.BeanCreationException: Error creating bean with name 'entityManagerFactory' defined in class path resource [org/springframework/boot/autoconfigure/orm/jpa/HibernateJpaConfiguration.class]: Entity 'com.pathbreaker.pmp.entity.RevenueProjectEntity' has no identifier (every '@Entity' class must declare or inherit at least one '@Id' or '@EmbeddedId' property)
2024-01-22 15:05:14,166 INFO  [main] com.zaxxer.hikari.HikariDataSource.close:350 HikariPool-1 - Shutdown initiated...
2024-01-22 15:05:14,177 INFO  [main] com.zaxxer.hikari.HikariDataSource.close:352 HikariPool-1 - Shutdown completed.
2024-01-22 15:05:14,180 INFO  [main] org.apache.juli.logging.DirectJDKLog.log:173 Stopping service [Tomcat]
2024-01-22 15:05:14,201 INFO  [main] org.springframework.boot.autoconfigure.logging.ConditionEvaluationReportLogger.logMessage:82 

Error starting ApplicationContext. To display the condition evaluation report re-run your application with 'debug' enabled.
2024-01-22 15:05:14,290 ERROR [main] org.springframework.boot.SpringApplication.reportFailure:820 Application run failed
org.springframework.beans.factory.BeanCreationException: Error creating bean with name 'entityManagerFactory' defined in class path resource [org/springframework/boot/autoconfigure/orm/jpa/HibernateJpaConfiguration.class]: Entity 'com.pathbreaker.pmp.entity.RevenueProjectEntity' has no identifier (every '@Entity' class must declare or inherit at least one '@Id' or '@EmbeddedId' property)
	at org.springframework.beans.factory.support.AbstractAutowireCapableBeanFactory.initializeBean(AbstractAutowireCapableBeanFactory.java:1751)
	at org.springframework.beans.factory.support.AbstractAutowireCapableBeanFactory.doCreateBean(AbstractAutowireCapableBeanFactory.java:599)
	at org.springframework.beans.factory.support.AbstractAutowireCapableBeanFactory.createBean(AbstractAutowireCapableBeanFactory.java:521)
	at org.springframework.beans.factory.support.AbstractBeanFactory.lambda$doGetBean$0(AbstractBeanFactory.java:326)
	at org.springframework.beans.factory.support.DefaultSingletonBeanRegistry.getSingleton(DefaultSingletonBeanRegistry.java:234)
	at org.springframework.beans.factory.support.AbstractBeanFactory.doGetBean(AbstractBeanFactory.java:324)
	at org.springframework.beans.factory.support.AbstractBeanFactory.getBean(AbstractBeanFactory.java:200)
	at org.springframework.context.support.AbstractApplicationContext.getBean(AbstractApplicationContext.java:1130)
	at org.springframework.context.support.AbstractApplicationContext.finishBeanFactoryInitialization(AbstractApplicationContext.java:905)
	at org.springframework.context.support.AbstractApplicationContext.refresh(AbstractApplicationContext.java:584)
	at org.springframework.boot.web.servlet.context.ServletWebServerApplicationContext.refresh(ServletWebServerApplicationContext.java:146)
	at org.springframework.boot.SpringApplication.refresh(SpringApplication.java:730)
	at org.springframework.boot.SpringApplication.refreshContext(SpringApplication.java:432)
	at org.springframework.boot.SpringApplication.run(SpringApplication.java:308)
	at org.springframework.boot.SpringApplication.run(SpringApplication.java:1302)
	at org.springframework.boot.SpringApplication.run(SpringApplication.java:1291)
	at com.pathbreaker.pmp.PmpApplication.main(PmpApplication.java:10)
Caused by: org.hibernate.AnnotationException: Entity 'com.pathbreaker.pmp.entity.RevenueProjectEntity' has no identifier (every '@Entity' class must declare or inherit at least one '@Id' or '@EmbeddedId' property)
	at org.hibernate.cfg.InheritanceState.determineDefaultAccessType(InheritanceState.java:266)
	at org.hibernate.cfg.InheritanceState.getElementsToProcess(InheritanceState.java:210)
	at org.hibernate.cfg.annotations.EntityBinder.bindEntityClass(EntityBinder.java:260)
	at org.hibernate.cfg.AnnotationBinder.bindClass(AnnotationBinder.java:556)
	at org.hibernate.boot.model.source.internal.annotations.AnnotationMetadataSourceProcessorImpl.processEntityHierarchies(AnnotationMetadataSourceProcessorImpl.java:216)
	at org.hibernate.boot.model.process.spi.MetadataBuildingProcess$1.processEntityHierarchies(MetadataBuildingProcess.java:247)
	at org.hibernate.boot.model.process.spi.MetadataBuildingProcess.complete(MetadataBuildingProcess.java:290)
	at org.hibernate.jpa.boot.internal.EntityManagerFactoryBuilderImpl.metadata(EntityManagerFactoryBuilderImpl.java:1350)
	at org.hibernate.jpa.boot.internal.EntityManagerFactoryBuilderImpl.build(EntityManagerFactoryBuilderImpl.java:1421)
	at org.springframework.orm.jpa.vendor.SpringHibernateJpaPersistenceProvider.createContainerEntityManagerFactory(SpringHibernateJpaPersistenceProvider.java:66)
	at org.springframework.orm.jpa.LocalContainerEntityManagerFactoryBean.createNativeEntityManagerFactory(LocalContainerEntityManagerFactoryBean.java:376)
	at org.springframework.orm.jpa.AbstractEntityManagerFactoryBean.buildNativeEntityManagerFactory(AbstractEntityManagerFactoryBean.java:409)
	at org.springframework.orm.jpa.AbstractEntityManagerFactoryBean.afterPropertiesSet(AbstractEntityManagerFactoryBean.java:396)
	at org.springframework.orm.jpa.LocalContainerEntityManagerFactoryBean.afterPropertiesSet(LocalContainerEntityManagerFactoryBean.java:352)
	at org.springframework.beans.factory.support.AbstractAutowireCapableBeanFactory.invokeInitMethods(AbstractAutowireCapableBeanFactory.java:1797)
	at org.springframework.beans.factory.support.AbstractAutowireCapableBeanFactory.initializeBean(AbstractAutowireCapableBeanFactory.java:1747)
	... 16 common frames omitted
2024-01-22 15:06:09,430 INFO  [main] org.springframework.boot.StartupInfoLogger.logStarting:51 Starting PmpApplication using Java 20.0.1 with PID 10484 (D:\PMP_Project_WS\pmp\target\classes started by Admin in D:\PMP_Project_WS\pmp)
2024-01-22 15:06:09,433 INFO  [main] org.springframework.boot.SpringApplication.logStartupProfileInfo:636 The following 1 profile is active: "common"
2024-01-22 15:06:10,555 INFO  [main] org.springframework.data.repository.config.RepositoryConfigurationDelegate.registerRepositoriesIn:138 Bootstrapping Spring Data JPA repositories in DEFAULT mode.
2024-01-22 15:06:10,653 INFO  [main] org.springframework.data.repository.config.RepositoryConfigurationDelegate.registerRepositoriesIn:208 Finished Spring Data repository scanning in 85 ms. Found 3 JPA repository interfaces.
2024-01-22 15:06:11,573 INFO  [main] org.springframework.boot.web.embedded.tomcat.TomcatWebServer.initialize:108 Tomcat initialized with port(s): 8091 (http)
2024-01-22 15:06:11,585 INFO  [main] org.apache.juli.logging.DirectJDKLog.log:173 Initializing ProtocolHandler ["http-nio-8091"]
2024-01-22 15:06:11,586 INFO  [main] org.apache.juli.logging.DirectJDKLog.log:173 Starting service [Tomcat]
2024-01-22 15:06:11,586 INFO  [main] org.apache.juli.logging.DirectJDKLog.log:173 Starting Servlet engine: [Apache Tomcat/10.1.4]
2024-01-22 15:06:11,705 INFO  [main] org.apache.juli.logging.DirectJDKLog.log:173 Initializing Spring embedded WebApplicationContext
2024-01-22 15:06:11,707 INFO  [main] org.springframework.boot.web.servlet.context.ServletWebServerApplicationContext.prepareWebApplicationContext:291 Root WebApplicationContext: initialization completed in 2183 ms
2024-01-22 15:06:12,008 INFO  [main] org.hibernate.jpa.internal.util.LogHelper.logPersistenceUnitInformation:31 HHH000204: Processing PersistenceUnitInfo [name: default]
2024-01-22 15:06:12,072 INFO  [main] org.hibernate.Version.logVersion:44 HHH000412: Hibernate ORM core version 6.1.6.Final
2024-01-22 15:06:12,267 WARN  [main] org.hibernate.boot.internal.MetadataBuilderImpl$MetadataBuildingOptionsImpl.lambda$new$1:626 HHH90000021: Encountered deprecated setting [javax.persistence.sharedCache.mode], use [jakarta.persistence.sharedCache.mode] instead
2024-01-22 15:06:12,385 INFO  [main] com.zaxxer.hikari.HikariDataSource.getConnection:110 HikariPool-1 - Starting...
2024-01-22 15:06:12,626 INFO  [main] com.zaxxer.hikari.pool.HikariPool.checkFailFast:565 HikariPool-1 - Added connection com.mysql.cj.jdbc.ConnectionImpl@7ef8e623
2024-01-22 15:06:12,629 INFO  [main] com.zaxxer.hikari.HikariDataSource.getConnection:123 HikariPool-1 - Start completed.
2024-01-22 15:06:12,648 INFO  [main] org.hibernate.engine.jdbc.dialect.internal.DialectFactoryImpl.logSelectedDialect:66 HHH000400: Using dialect: org.hibernate.dialect.MySQL8Dialect
2024-01-22 15:06:12,651 WARN  [main] org.hibernate.engine.jdbc.dialect.internal.DialectFactoryImpl.logSelectedDialect:73 HHH90000026: MySQL8Dialect has been deprecated; use org.hibernate.dialect.MySQLDialect instead
2024-01-22 15:06:12,969 ERROR [main] org.springframework.orm.jpa.AbstractEntityManagerFactoryBean.buildNativeEntityManagerFactory:426 Failed to initialize JPA EntityManagerFactory: Collection 'com.pathbreaker.pmp.entity.RevenueEntity.revenueSupports' is 'mappedBy' a property named 'revenueEntity' which does not exist in the target entity 'com.pathbreaker.pmp.entity.RevenueSupportEntity'
2024-01-22 15:06:12,971 WARN  [main] org.springframework.context.support.AbstractApplicationContext.refresh:592 Exception encountered during context initialization - cancelling refresh attempt: org.springframework.beans.factory.BeanCreationException: Error creating bean with name 'entityManagerFactory' defined in class path resource [org/springframework/boot/autoconfigure/orm/jpa/HibernateJpaConfiguration.class]: Collection 'com.pathbreaker.pmp.entity.RevenueEntity.revenueSupports' is 'mappedBy' a property named 'revenueEntity' which does not exist in the target entity 'com.pathbreaker.pmp.entity.RevenueSupportEntity'
2024-01-22 15:06:12,974 INFO  [main] com.zaxxer.hikari.HikariDataSource.close:350 HikariPool-1 - Shutdown initiated...
2024-01-22 15:06:12,998 INFO  [main] com.zaxxer.hikari.HikariDataSource.close:352 HikariPool-1 - Shutdown completed.
2024-01-22 15:06:13,003 INFO  [main] org.apache.juli.logging.DirectJDKLog.log:173 Stopping service [Tomcat]
2024-01-22 15:06:13,019 INFO  [main] org.springframework.boot.autoconfigure.logging.ConditionEvaluationReportLogger.logMessage:82 

Error starting ApplicationContext. To display the condition evaluation report re-run your application with 'debug' enabled.
2024-01-22 15:06:13,039 ERROR [main] org.springframework.boot.SpringApplication.reportFailure:820 Application run failed
org.springframework.beans.factory.BeanCreationException: Error creating bean with name 'entityManagerFactory' defined in class path resource [org/springframework/boot/autoconfigure/orm/jpa/HibernateJpaConfiguration.class]: Collection 'com.pathbreaker.pmp.entity.RevenueEntity.revenueSupports' is 'mappedBy' a property named 'revenueEntity' which does not exist in the target entity 'com.pathbreaker.pmp.entity.RevenueSupportEntity'
	at org.springframework.beans.factory.support.AbstractAutowireCapableBeanFactory.initializeBean(AbstractAutowireCapableBeanFactory.java:1751)
	at org.springframework.beans.factory.support.AbstractAutowireCapableBeanFactory.doCreateBean(AbstractAutowireCapableBeanFactory.java:599)
	at org.springframework.beans.factory.support.AbstractAutowireCapableBeanFactory.createBean(AbstractAutowireCapableBeanFactory.java:521)
	at org.springframework.beans.factory.support.AbstractBeanFactory.lambda$doGetBean$0(AbstractBeanFactory.java:326)
	at org.springframework.beans.factory.support.DefaultSingletonBeanRegistry.getSingleton(DefaultSingletonBeanRegistry.java:234)
	at org.springframework.beans.factory.support.AbstractBeanFactory.doGetBean(AbstractBeanFactory.java:324)
	at org.springframework.beans.factory.support.AbstractBeanFactory.getBean(AbstractBeanFactory.java:200)
	at org.springframework.context.support.AbstractApplicationContext.getBean(AbstractApplicationContext.java:1130)
	at org.springframework.context.support.AbstractApplicationContext.finishBeanFactoryInitialization(AbstractApplicationContext.java:905)
	at org.springframework.context.support.AbstractApplicationContext.refresh(AbstractApplicationContext.java:584)
	at org.springframework.boot.web.servlet.context.ServletWebServerApplicationContext.refresh(ServletWebServerApplicationContext.java:146)
	at org.springframework.boot.SpringApplication.refresh(SpringApplication.java:730)
	at org.springframework.boot.SpringApplication.refreshContext(SpringApplication.java:432)
	at org.springframework.boot.SpringApplication.run(SpringApplication.java:308)
	at org.springframework.boot.SpringApplication.run(SpringApplication.java:1302)
	at org.springframework.boot.SpringApplication.run(SpringApplication.java:1291)
	at com.pathbreaker.pmp.PmpApplication.main(PmpApplication.java:10)
Caused by: org.hibernate.AnnotationException: Collection 'com.pathbreaker.pmp.entity.RevenueEntity.revenueSupports' is 'mappedBy' a property named 'revenueEntity' which does not exist in the target entity 'com.pathbreaker.pmp.entity.RevenueSupportEntity'
	at org.hibernate.cfg.annotations.CollectionBinder.bindStarToManySecondPass(CollectionBinder.java:1568)
	at org.hibernate.cfg.annotations.CollectionBinder$1.secondPass(CollectionBinder.java:1524)
	at org.hibernate.cfg.CollectionSecondPass.doSecondPass(CollectionSecondPass.java:47)
	at org.hibernate.boot.internal.InFlightMetadataCollectorImpl.processSecondPasses(InFlightMetadataCollectorImpl.java:1782)
	at org.hibernate.boot.internal.InFlightMetadataCollectorImpl.processSecondPasses(InFlightMetadataCollectorImpl.java:1739)
	at org.hibernate.boot.model.process.spi.MetadataBuildingProcess.complete(MetadataBuildingProcess.java:300)
	at org.hibernate.jpa.boot.internal.EntityManagerFactoryBuilderImpl.metadata(EntityManagerFactoryBuilderImpl.java:1350)
	at org.hibernate.jpa.boot.internal.EntityManagerFactoryBuilderImpl.build(EntityManagerFactoryBuilderImpl.java:1421)
	at org.springframework.orm.jpa.vendor.SpringHibernateJpaPersistenceProvider.createContainerEntityManagerFactory(SpringHibernateJpaPersistenceProvider.java:66)
	at org.springframework.orm.jpa.LocalContainerEntityManagerFactoryBean.createNativeEntityManagerFactory(LocalContainerEntityManagerFactoryBean.java:376)
	at org.springframework.orm.jpa.AbstractEntityManagerFactoryBean.buildNativeEntityManagerFactory(AbstractEntityManagerFactoryBean.java:409)
	at org.springframework.orm.jpa.AbstractEntityManagerFactoryBean.afterPropertiesSet(AbstractEntityManagerFactoryBean.java:396)
	at org.springframework.orm.jpa.LocalContainerEntityManagerFactoryBean.afterPropertiesSet(LocalContainerEntityManagerFactoryBean.java:352)
	at org.springframework.beans.factory.support.AbstractAutowireCapableBeanFactory.invokeInitMethods(AbstractAutowireCapableBeanFactory.java:1797)
	at org.springframework.beans.factory.support.AbstractAutowireCapableBeanFactory.initializeBean(AbstractAutowireCapableBeanFactory.java:1747)
	... 16 common frames omitted
2024-01-22 15:07:52,508 INFO  [main] org.springframework.boot.StartupInfoLogger.logStarting:51 Starting PmpApplication using Java 20.0.1 with PID 3464 (D:\PMP_Project_WS\pmp\target\classes started by Admin in D:\PMP_Project_WS\pmp)
2024-01-22 15:07:52,512 INFO  [main] org.springframework.boot.SpringApplication.logStartupProfileInfo:636 The following 1 profile is active: "common"
2024-01-22 15:07:53,527 INFO  [main] org.springframework.data.repository.config.RepositoryConfigurationDelegate.registerRepositoriesIn:138 Bootstrapping Spring Data JPA repositories in DEFAULT mode.
2024-01-22 15:07:53,625 INFO  [main] org.springframework.data.repository.config.RepositoryConfigurationDelegate.registerRepositoriesIn:208 Finished Spring Data repository scanning in 80 ms. Found 3 JPA repository interfaces.
2024-01-22 15:07:54,522 INFO  [main] org.springframework.boot.web.embedded.tomcat.TomcatWebServer.initialize:108 Tomcat initialized with port(s): 8091 (http)
2024-01-22 15:07:54,534 INFO  [main] org.apache.juli.logging.DirectJDKLog.log:173 Initializing ProtocolHandler ["http-nio-8091"]
2024-01-22 15:07:54,536 INFO  [main] org.apache.juli.logging.DirectJDKLog.log:173 Starting service [Tomcat]
2024-01-22 15:07:54,536 INFO  [main] org.apache.juli.logging.DirectJDKLog.log:173 Starting Servlet engine: [Apache Tomcat/10.1.4]
2024-01-22 15:07:54,654 INFO  [main] org.apache.juli.logging.DirectJDKLog.log:173 Initializing Spring embedded WebApplicationContext
2024-01-22 15:07:54,656 INFO  [main] org.springframework.boot.web.servlet.context.ServletWebServerApplicationContext.prepareWebApplicationContext:291 Root WebApplicationContext: initialization completed in 2059 ms
2024-01-22 15:07:54,936 INFO  [main] org.hibernate.jpa.internal.util.LogHelper.logPersistenceUnitInformation:31 HHH000204: Processing PersistenceUnitInfo [name: default]
2024-01-22 15:07:54,992 INFO  [main] org.hibernate.Version.logVersion:44 HHH000412: Hibernate ORM core version 6.1.6.Final
2024-01-22 15:07:55,162 WARN  [main] org.hibernate.boot.internal.MetadataBuilderImpl$MetadataBuildingOptionsImpl.lambda$new$1:626 HHH90000021: Encountered deprecated setting [javax.persistence.sharedCache.mode], use [jakarta.persistence.sharedCache.mode] instead
2024-01-22 15:07:55,281 INFO  [main] com.zaxxer.hikari.HikariDataSource.getConnection:110 HikariPool-1 - Starting...
2024-01-22 15:07:55,478 INFO  [main] com.zaxxer.hikari.pool.HikariPool.checkFailFast:565 HikariPool-1 - Added connection com.mysql.cj.jdbc.ConnectionImpl@6164e137
2024-01-22 15:07:55,480 INFO  [main] com.zaxxer.hikari.HikariDataSource.getConnection:123 HikariPool-1 - Start completed.
2024-01-22 15:07:55,496 INFO  [main] org.hibernate.engine.jdbc.dialect.internal.DialectFactoryImpl.logSelectedDialect:66 HHH000400: Using dialect: org.hibernate.dialect.MySQL8Dialect
2024-01-22 15:07:55,496 WARN  [main] org.hibernate.engine.jdbc.dialect.internal.DialectFactoryImpl.logSelectedDialect:73 HHH90000026: MySQL8Dialect has been deprecated; use org.hibernate.dialect.MySQLDialect instead
2024-01-22 15:07:56,695 INFO  [main] org.hibernate.engine.transaction.jta.platform.internal.JtaPlatformInitiator.initiateService:51 HHH000490: Using JtaPlatform implementation: [org.hibernate.engine.transaction.jta.platform.internal.NoJtaPlatform]
2024-01-22 15:07:56,708 INFO  [main] org.springframework.orm.jpa.AbstractEntityManagerFactoryBean.buildNativeEntityManagerFactory:437 Initialized JPA EntityManagerFactory for persistence unit 'default'
2024-01-22 15:07:57,527 WARN  [main] org.springframework.boot.autoconfigure.orm.jpa.JpaBaseConfiguration$JpaWebConfiguration.openEntityManagerInViewInterceptor:227 spring.jpa.open-in-view is enabled by default. Therefore, database queries may be performed during view rendering. Explicitly configure spring.jpa.open-in-view to disable this warning
2024-01-22 15:07:58,075 INFO  [main] org.apache.juli.logging.DirectJDKLog.log:173 Starting ProtocolHandler ["http-nio-8091"]
2024-01-22 15:07:58,102 INFO  [main] org.springframework.boot.web.embedded.tomcat.TomcatWebServer.start:220 Tomcat started on port(s): 8091 (http) with context path ''
2024-01-22 15:07:58,114 INFO  [main] org.springframework.boot.StartupInfoLogger.logStarted:57 Started PmpApplication in 6.361 seconds (process running for 7.166)
2024-01-22 15:08:05,866 INFO  [http-nio-8091-exec-2] org.apache.juli.logging.DirectJDKLog.log:173 Initializing Spring DispatcherServlet 'dispatcherServlet'
2024-01-22 15:08:05,867 INFO  [http-nio-8091-exec-2] org.springframework.web.servlet.FrameworkServlet.initServletBean:532 Initializing Servlet 'dispatcherServlet'
2024-01-22 15:08:05,868 INFO  [http-nio-8091-exec-2] org.springframework.web.servlet.FrameworkServlet.initServletBean:554 Completed initialization in 1 ms
2024-01-22 15:08:05,877 INFO  [http-nio-8091-exec-2] com.pathbreaker.services.filters.filter.CustomFilter.doFilterInternal:27 [CustomFilter] - Inside the do filter method executed..
2024-01-22 15:08:05,878 INFO  [http-nio-8091-exec-2] com.pathbreaker.services.filters.filter.CustomFilter.doFilterInternal:28 Local Port : 8091
2024-01-22 15:08:05,878 INFO  [http-nio-8091-exec-2] com.pathbreaker.services.filters.filter.CustomFilter.doFilterInternal:29 server Name : localhost
2024-01-22 15:08:05,878 INFO  [http-nio-8091-exec-2] com.pathbreaker.services.filters.filter.CustomFilter.doFilterInternal:30 Server Path : /employee/all
2024-01-22 15:08:05,879 INFO  [http-nio-8091-exec-2] com.pathbreaker.services.filters.filter.CustomFilter.doFilterInternal:31 Request Uri is : /employee/all
2024-01-22 15:08:06,231 INFO  [http-nio-8091-exec-2] com.pathbreaker.pmp.serviceimpl.ResourceServiceImpl.getAllResources:100 The retrieved employee details are 0
2024-01-22 15:08:18,830 INFO  [http-nio-8091-exec-3] com.pathbreaker.services.filters.filter.CustomFilter.doFilterInternal:27 [CustomFilter] - Inside the do filter method executed..
2024-01-22 15:08:18,840 INFO  [http-nio-8091-exec-3] com.pathbreaker.services.filters.filter.CustomFilter.doFilterInternal:28 Local Port : 8091
2024-01-22 15:08:18,840 INFO  [http-nio-8091-exec-3] com.pathbreaker.services.filters.filter.CustomFilter.doFilterInternal:29 server Name : localhost
2024-01-22 15:08:18,840 INFO  [http-nio-8091-exec-3] com.pathbreaker.services.filters.filter.CustomFilter.doFilterInternal:30 Server Path : /employee/all
2024-01-22 15:08:18,840 INFO  [http-nio-8091-exec-3] com.pathbreaker.services.filters.filter.CustomFilter.doFilterInternal:31 Request Uri is : /employee/all
2024-01-22 15:08:18,843 INFO  [http-nio-8091-exec-3] com.pathbreaker.pmp.serviceimpl.ResourceServiceImpl.getAllResources:100 The retrieved employee details are 0
2024-01-22 15:09:30,129 INFO  [http-nio-8091-exec-5] com.pathbreaker.services.filters.filter.CustomFilter.doFilterInternal:27 [CustomFilter] - Inside the do filter method executed..
2024-01-22 15:09:30,129 INFO  [http-nio-8091-exec-5] com.pathbreaker.services.filters.filter.CustomFilter.doFilterInternal:28 Local Port : 8091
2024-01-22 15:09:30,129 INFO  [http-nio-8091-exec-5] com.pathbreaker.services.filters.filter.CustomFilter.doFilterInternal:29 server Name : localhost
2024-01-22 15:09:30,129 INFO  [http-nio-8091-exec-5] com.pathbreaker.services.filters.filter.CustomFilter.doFilterInternal:30 Server Path : /employee/registration
2024-01-22 15:09:30,145 INFO  [http-nio-8091-exec-5] com.pathbreaker.services.filters.filter.CustomFilter.doFilterInternal:31 Request Uri is : /employee/registration
2024-01-22 15:09:30,512 INFO  [http-nio-8091-exec-5] com.pathbreaker.pmp.serviceimpl.ResourceServiceImpl.createResource:80 EMPLOYEE registration is successful Keerthi
2024-01-22 15:09:42,373 INFO  [http-nio-8091-exec-7] com.pathbreaker.services.filters.filter.CustomFilter.doFilterInternal:27 [CustomFilter] - Inside the do filter method executed..
2024-01-22 15:09:42,373 INFO  [http-nio-8091-exec-7] com.pathbreaker.services.filters.filter.CustomFilter.doFilterInternal:28 Local Port : 8091
2024-01-22 15:09:42,373 INFO  [http-nio-8091-exec-7] com.pathbreaker.services.filters.filter.CustomFilter.doFilterInternal:29 server Name : localhost
2024-01-22 15:09:42,373 INFO  [http-nio-8091-exec-7] com.pathbreaker.services.filters.filter.CustomFilter.doFilterInternal:30 Server Path : /employee/all
2024-01-22 15:09:42,373 INFO  [http-nio-8091-exec-7] com.pathbreaker.services.filters.filter.CustomFilter.doFilterInternal:31 Request Uri is : /employee/all
2024-01-22 15:09:42,401 INFO  [http-nio-8091-exec-7] com.pathbreaker.pmp.serviceimpl.ResourceServiceImpl.getAllResources:100 The retrieved employee details are 1
2024-01-22 15:10:01,699 INFO  [http-nio-8091-exec-8] com.pathbreaker.services.filters.filter.CustomFilter.doFilterInternal:27 [CustomFilter] - Inside the do filter method executed..
2024-01-22 15:10:01,699 INFO  [http-nio-8091-exec-8] com.pathbreaker.services.filters.filter.CustomFilter.doFilterInternal:28 Local Port : 8091
2024-01-22 15:10:01,699 INFO  [http-nio-8091-exec-8] com.pathbreaker.services.filters.filter.CustomFilter.doFilterInternal:29 server Name : localhost
2024-01-22 15:10:01,699 INFO  [http-nio-8091-exec-8] com.pathbreaker.services.filters.filter.CustomFilter.doFilterInternal:30 Server Path : /employee/EMP001
2024-01-22 15:10:01,699 INFO  [http-nio-8091-exec-8] com.pathbreaker.services.filters.filter.CustomFilter.doFilterInternal:31 Request Uri is : /employee/EMP001
2024-01-22 15:10:01,760 INFO  [http-nio-8091-exec-8] com.pathbreaker.pmp.serviceimpl.ResourceServiceImpl.getAllResourceById:114 Retrieving the employee details of {}: EMP001
2024-01-22 15:12:45,407 INFO  [SpringApplicationShutdownHook] org.springframework.orm.jpa.AbstractEntityManagerFactoryBean.destroy:650 Closing JPA EntityManagerFactory for persistence unit 'default'
2024-01-22 15:12:45,410 INFO  [SpringApplicationShutdownHook] com.zaxxer.hikari.HikariDataSource.close:350 HikariPool-1 - Shutdown initiated...
2024-01-22 15:12:45,425 INFO  [SpringApplicationShutdownHook] com.zaxxer.hikari.HikariDataSource.close:352 HikariPool-1 - Shutdown completed.
2024-01-22 15:12:50,380 INFO  [main] org.springframework.boot.StartupInfoLogger.logStarting:51 Starting PmpApplication using Java 20.0.1 with PID 12812 (D:\PMP_Project_WS\pmp\target\classes started by Admin in D:\PMP_Project_WS\pmp)
2024-01-22 15:12:50,391 INFO  [main] org.springframework.boot.SpringApplication.logStartupProfileInfo:636 The following 1 profile is active: "common"
2024-01-22 15:12:51,435 INFO  [main] org.springframework.data.repository.config.RepositoryConfigurationDelegate.registerRepositoriesIn:138 Bootstrapping Spring Data JPA repositories in DEFAULT mode.
2024-01-22 15:12:51,549 INFO  [main] org.springframework.data.repository.config.RepositoryConfigurationDelegate.registerRepositoriesIn:208 Finished Spring Data repository scanning in 101 ms. Found 3 JPA repository interfaces.
2024-01-22 15:12:52,514 INFO  [main] org.springframework.boot.web.embedded.tomcat.TomcatWebServer.initialize:108 Tomcat initialized with port(s): 8091 (http)
2024-01-22 15:12:52,577 INFO  [main] org.apache.juli.logging.DirectJDKLog.log:173 Initializing ProtocolHandler ["http-nio-8091"]
2024-01-22 15:12:52,578 INFO  [main] org.apache.juli.logging.DirectJDKLog.log:173 Starting service [Tomcat]
2024-01-22 15:12:52,579 INFO  [main] org.apache.juli.logging.DirectJDKLog.log:173 Starting Servlet engine: [Apache Tomcat/10.1.4]
2024-01-22 15:12:52,683 INFO  [main] org.apache.juli.logging.DirectJDKLog.log:173 Initializing Spring embedded WebApplicationContext
2024-01-22 15:12:52,685 INFO  [main] org.springframework.boot.web.servlet.context.ServletWebServerApplicationContext.prepareWebApplicationContext:291 Root WebApplicationContext: initialization completed in 2187 ms
2024-01-22 15:12:52,950 INFO  [main] org.hibernate.jpa.internal.util.LogHelper.logPersistenceUnitInformation:31 HHH000204: Processing PersistenceUnitInfo [name: default]
2024-01-22 15:12:52,990 INFO  [main] org.hibernate.Version.logVersion:44 HHH000412: Hibernate ORM core version 6.1.6.Final
2024-01-22 15:12:53,142 WARN  [main] org.hibernate.boot.internal.MetadataBuilderImpl$MetadataBuildingOptionsImpl.lambda$new$1:626 HHH90000021: Encountered deprecated setting [javax.persistence.sharedCache.mode], use [jakarta.persistence.sharedCache.mode] instead
2024-01-22 15:12:53,275 INFO  [main] com.zaxxer.hikari.HikariDataSource.getConnection:110 HikariPool-1 - Starting...
2024-01-22 15:12:53,461 INFO  [main] com.zaxxer.hikari.pool.HikariPool.checkFailFast:565 HikariPool-1 - Added connection com.mysql.cj.jdbc.ConnectionImpl@2353354a
2024-01-22 15:12:53,463 INFO  [main] com.zaxxer.hikari.HikariDataSource.getConnection:123 HikariPool-1 - Start completed.
2024-01-22 15:12:53,493 INFO  [main] org.hibernate.engine.jdbc.dialect.internal.DialectFactoryImpl.logSelectedDialect:66 HHH000400: Using dialect: org.hibernate.dialect.MySQL8Dialect
2024-01-22 15:12:53,493 WARN  [main] org.hibernate.engine.jdbc.dialect.internal.DialectFactoryImpl.logSelectedDialect:73 HHH90000026: MySQL8Dialect has been deprecated; use org.hibernate.dialect.MySQLDialect instead
2024-01-22 15:12:54,548 INFO  [main] org.hibernate.engine.transaction.jta.platform.internal.JtaPlatformInitiator.initiateService:51 HHH000490: Using JtaPlatform implementation: [org.hibernate.engine.transaction.jta.platform.internal.NoJtaPlatform]
2024-01-22 15:12:54,563 INFO  [main] org.springframework.orm.jpa.AbstractEntityManagerFactoryBean.buildNativeEntityManagerFactory:437 Initialized JPA EntityManagerFactory for persistence unit 'default'
2024-01-22 15:12:55,234 WARN  [main] org.springframework.boot.autoconfigure.orm.jpa.JpaBaseConfiguration$JpaWebConfiguration.openEntityManagerInViewInterceptor:227 spring.jpa.open-in-view is enabled by default. Therefore, database queries may be performed during view rendering. Explicitly configure spring.jpa.open-in-view to disable this warning
2024-01-22 15:12:55,806 INFO  [main] org.apache.juli.logging.DirectJDKLog.log:173 Starting ProtocolHandler ["http-nio-8091"]
2024-01-22 15:12:55,847 INFO  [main] org.springframework.boot.web.embedded.tomcat.TomcatWebServer.start:220 Tomcat started on port(s): 8091 (http) with context path ''
2024-01-22 15:12:55,866 INFO  [main] org.springframework.boot.StartupInfoLogger.logStarted:57 Started PmpApplication in 6.297 seconds (process running for 6.835)
2024-01-22 15:12:58,984 INFO  [http-nio-8091-exec-1] org.apache.juli.logging.DirectJDKLog.log:173 Initializing Spring DispatcherServlet 'dispatcherServlet'
2024-01-22 15:12:58,984 INFO  [http-nio-8091-exec-1] org.springframework.web.servlet.FrameworkServlet.initServletBean:532 Initializing Servlet 'dispatcherServlet'
2024-01-22 15:12:58,988 INFO  [http-nio-8091-exec-1] org.springframework.web.servlet.FrameworkServlet.initServletBean:554 Completed initialization in 1 ms
2024-01-22 15:12:58,994 INFO  [http-nio-8091-exec-1] com.pathbreaker.services.filters.filter.CustomFilter.doFilterInternal:27 [CustomFilter] - Inside the do filter method executed..
2024-01-22 15:12:58,995 INFO  [http-nio-8091-exec-1] com.pathbreaker.services.filters.filter.CustomFilter.doFilterInternal:28 Local Port : 8091
2024-01-22 15:12:58,995 INFO  [http-nio-8091-exec-1] com.pathbreaker.services.filters.filter.CustomFilter.doFilterInternal:29 server Name : localhost
2024-01-22 15:12:58,995 INFO  [http-nio-8091-exec-1] com.pathbreaker.services.filters.filter.CustomFilter.doFilterInternal:30 Server Path : /employee/EMP001
2024-01-22 15:12:58,995 INFO  [http-nio-8091-exec-1] com.pathbreaker.services.filters.filter.CustomFilter.doFilterInternal:31 Request Uri is : /employee/EMP001
2024-01-22 15:12:59,186 INFO  [http-nio-8091-exec-1] com.pathbreaker.pmp.serviceimpl.ResourceServiceImpl.getAllResourceById:114 Retrieving the employee details of {}: EMP001
2024-01-22 15:55:44,525 WARN  [HikariPool-1 housekeeper] com.zaxxer.hikari.pool.HikariPool$HouseKeeper.run:804 HikariPool-1 - Thread starvation or clock leap detected (housekeeper delta=35m20s646ms847µs800ns).
2024-01-22 16:24:56,216 WARN  [HikariPool-1 housekeeper] com.zaxxer.hikari.pool.HikariPool$HouseKeeper.run:804 HikariPool-1 - Thread starvation or clock leap detected (housekeeper delta=1m13s337ms137µs200ns).
2024-01-22 17:14:44,754 WARN  [HikariPool-1 housekeeper] com.zaxxer.hikari.pool.HikariPool$HouseKeeper.run:804 HikariPool-1 - Thread starvation or clock leap detected (housekeeper delta=15m47s898ms24µs600ns).
2024-01-22 17:22:05,223 WARN  [HikariPool-1 housekeeper] com.zaxxer.hikari.pool.HikariPool$HouseKeeper.run:804 HikariPool-1 - Thread starvation or clock leap detected (housekeeper delta=7m27s340ms40µs400ns).
2024-01-22 18:52:04,700 WARN  [HikariPool-1 housekeeper] com.zaxxer.hikari.pool.HikariPool$HouseKeeper.run:804 HikariPool-1 - Thread starvation or clock leap detected (housekeeper delta=42m58s742ms116µs100ns).
2024-01-22 18:59:57,265 INFO  [SpringApplicationShutdownHook] org.springframework.orm.jpa.AbstractEntityManagerFactoryBean.destroy:650 Closing JPA EntityManagerFactory for persistence unit 'default'
2024-01-22 18:59:57,275 INFO  [SpringApplicationShutdownHook] com.zaxxer.hikari.HikariDataSource.close:350 HikariPool-1 - Shutdown initiated...
2024-01-22 18:59:57,279 INFO  [SpringApplicationShutdownHook] com.zaxxer.hikari.HikariDataSource.close:352 HikariPool-1 - Shutdown completed.
2024-01-22 19:25:35,856 INFO  [main] org.springframework.boot.StartupInfoLogger.logStarting:51 Starting PmpApplication using Java 20.0.1 with PID 3496 (D:\PMP_Project_WS\pmp\target\classes started by Admin in D:\PMP_Project_WS\pmp)
2024-01-22 19:25:35,860 INFO  [main] org.springframework.boot.SpringApplication.logStartupProfileInfo:636 The following 1 profile is active: "common"
2024-01-22 19:25:37,156 INFO  [main] org.springframework.data.repository.config.RepositoryConfigurationDelegate.registerRepositoriesIn:138 Bootstrapping Spring Data JPA repositories in DEFAULT mode.
2024-01-22 19:25:37,344 INFO  [main] org.springframework.data.repository.config.RepositoryConfigurationDelegate.registerRepositoriesIn:208 Finished Spring Data repository scanning in 174 ms. Found 3 JPA repository interfaces.
2024-01-22 19:25:38,193 INFO  [main] org.springframework.boot.web.embedded.tomcat.TomcatWebServer.initialize:108 Tomcat initialized with port(s): 8091 (http)
2024-01-22 19:25:38,204 INFO  [main] org.apache.juli.logging.DirectJDKLog.log:173 Initializing ProtocolHandler ["http-nio-8091"]
2024-01-22 19:25:38,205 INFO  [main] org.apache.juli.logging.DirectJDKLog.log:173 Starting service [Tomcat]
2024-01-22 19:25:38,206 INFO  [main] org.apache.juli.logging.DirectJDKLog.log:173 Starting Servlet engine: [Apache Tomcat/10.1.4]
2024-01-22 19:25:38,318 INFO  [main] org.apache.juli.logging.DirectJDKLog.log:173 Initializing Spring embedded WebApplicationContext
2024-01-22 19:25:38,320 INFO  [main] org.springframework.boot.web.servlet.context.ServletWebServerApplicationContext.prepareWebApplicationContext:291 Root WebApplicationContext: initialization completed in 2378 ms
2024-01-22 19:25:38,602 INFO  [main] org.hibernate.jpa.internal.util.LogHelper.logPersistenceUnitInformation:31 HHH000204: Processing PersistenceUnitInfo [name: default]
2024-01-22 19:25:38,671 INFO  [main] org.hibernate.Version.logVersion:44 HHH000412: Hibernate ORM core version 6.1.6.Final
2024-01-22 19:25:38,878 WARN  [main] org.hibernate.boot.internal.MetadataBuilderImpl$MetadataBuildingOptionsImpl.lambda$new$1:626 HHH90000021: Encountered deprecated setting [javax.persistence.sharedCache.mode], use [jakarta.persistence.sharedCache.mode] instead
2024-01-22 19:25:39,006 INFO  [main] com.zaxxer.hikari.HikariDataSource.getConnection:110 HikariPool-1 - Starting...
2024-01-22 19:25:39,176 INFO  [main] com.zaxxer.hikari.pool.HikariPool.checkFailFast:565 HikariPool-1 - Added connection com.mysql.cj.jdbc.ConnectionImpl@1f179f51
2024-01-22 19:25:39,178 INFO  [main] com.zaxxer.hikari.HikariDataSource.getConnection:123 HikariPool-1 - Start completed.
2024-01-22 19:25:39,190 INFO  [main] org.hibernate.engine.jdbc.dialect.internal.DialectFactoryImpl.logSelectedDialect:66 HHH000400: Using dialect: org.hibernate.dialect.MySQL8Dialect
2024-01-22 19:25:39,190 WARN  [main] org.hibernate.engine.jdbc.dialect.internal.DialectFactoryImpl.logSelectedDialect:73 HHH90000026: MySQL8Dialect has been deprecated; use org.hibernate.dialect.MySQLDialect instead
2024-01-22 19:25:39,376 ERROR [main] org.springframework.orm.jpa.AbstractEntityManagerFactoryBean.buildNativeEntityManagerFactory:426 Failed to initialize JPA EntityManagerFactory: Property 'com.pathbreaker.pmp.entity.RevenueEntity.revenueProducts' is not a collection and may not be a '@OneToMany', '@ManyToMany', or '@ElementCollection'
2024-01-22 19:25:39,376 WARN  [main] org.springframework.context.support.AbstractApplicationContext.refresh:592 Exception encountered during context initialization - cancelling refresh attempt: org.springframework.beans.factory.BeanCreationException: Error creating bean with name 'entityManagerFactory' defined in class path resource [org/springframework/boot/autoconfigure/orm/jpa/HibernateJpaConfiguration.class]: Property 'com.pathbreaker.pmp.entity.RevenueEntity.revenueProducts' is not a collection and may not be a '@OneToMany', '@ManyToMany', or '@ElementCollection'
2024-01-22 19:25:39,377 INFO  [main] com.zaxxer.hikari.HikariDataSource.close:350 HikariPool-1 - Shutdown initiated...
2024-01-22 19:25:39,428 INFO  [main] com.zaxxer.hikari.HikariDataSource.close:352 HikariPool-1 - Shutdown completed.
2024-01-22 19:25:39,431 INFO  [main] org.apache.juli.logging.DirectJDKLog.log:173 Stopping service [Tomcat]
2024-01-22 19:25:39,461 INFO  [main] org.springframework.boot.autoconfigure.logging.ConditionEvaluationReportLogger.logMessage:82 

Error starting ApplicationContext. To display the condition evaluation report re-run your application with 'debug' enabled.
2024-01-22 19:25:39,488 ERROR [main] org.springframework.boot.SpringApplication.reportFailure:820 Application run failed
org.springframework.beans.factory.BeanCreationException: Error creating bean with name 'entityManagerFactory' defined in class path resource [org/springframework/boot/autoconfigure/orm/jpa/HibernateJpaConfiguration.class]: Property 'com.pathbreaker.pmp.entity.RevenueEntity.revenueProducts' is not a collection and may not be a '@OneToMany', '@ManyToMany', or '@ElementCollection'
	at org.springframework.beans.factory.support.AbstractAutowireCapableBeanFactory.initializeBean(AbstractAutowireCapableBeanFactory.java:1751)
	at org.springframework.beans.factory.support.AbstractAutowireCapableBeanFactory.doCreateBean(AbstractAutowireCapableBeanFactory.java:599)
	at org.springframework.beans.factory.support.AbstractAutowireCapableBeanFactory.createBean(AbstractAutowireCapableBeanFactory.java:521)
	at org.springframework.beans.factory.support.AbstractBeanFactory.lambda$doGetBean$0(AbstractBeanFactory.java:326)
	at org.springframework.beans.factory.support.DefaultSingletonBeanRegistry.getSingleton(DefaultSingletonBeanRegistry.java:234)
	at org.springframework.beans.factory.support.AbstractBeanFactory.doGetBean(AbstractBeanFactory.java:324)
	at org.springframework.beans.factory.support.AbstractBeanFactory.getBean(AbstractBeanFactory.java:200)
	at org.springframework.context.support.AbstractApplicationContext.getBean(AbstractApplicationContext.java:1130)
	at org.springframework.context.support.AbstractApplicationContext.finishBeanFactoryInitialization(AbstractApplicationContext.java:905)
	at org.springframework.context.support.AbstractApplicationContext.refresh(AbstractApplicationContext.java:584)
	at org.springframework.boot.web.servlet.context.ServletWebServerApplicationContext.refresh(ServletWebServerApplicationContext.java:146)
	at org.springframework.boot.SpringApplication.refresh(SpringApplication.java:730)
	at org.springframework.boot.SpringApplication.refreshContext(SpringApplication.java:432)
	at org.springframework.boot.SpringApplication.run(SpringApplication.java:308)
	at org.springframework.boot.SpringApplication.run(SpringApplication.java:1302)
	at org.springframework.boot.SpringApplication.run(SpringApplication.java:1291)
	at com.pathbreaker.pmp.PmpApplication.main(PmpApplication.java:10)
Caused by: org.hibernate.AnnotationException: Property 'com.pathbreaker.pmp.entity.RevenueEntity.revenueProducts' is not a collection and may not be a '@OneToMany', '@ManyToMany', or '@ElementCollection'
	at org.hibernate.cfg.annotations.CollectionBinder.determineSemanticJavaType(CollectionBinder.java:1044)
	at org.hibernate.cfg.annotations.CollectionBinder.determineCollectionClassification(CollectionBinder.java:946)
	at org.hibernate.cfg.annotations.CollectionBinder.createBinderAutomatically(CollectionBinder.java:768)
	at org.hibernate.cfg.annotations.CollectionBinder.getCollectionBinder(CollectionBinder.java:761)
	at org.hibernate.cfg.annotations.CollectionBinder.bindCollection(CollectionBinder.java:287)
	at org.hibernate.cfg.AnnotationBinder.buildProperty(AnnotationBinder.java:1235)
	at org.hibernate.cfg.AnnotationBinder.processElementAnnotations(AnnotationBinder.java:1112)
	at org.hibernate.cfg.annotations.EntityBinder.processIdPropertiesIfNotAlready(EntityBinder.java:935)
	at org.hibernate.cfg.annotations.EntityBinder.bindEntityClass(EntityBinder.java:273)
	at org.hibernate.cfg.AnnotationBinder.bindClass(AnnotationBinder.java:556)
	at org.hibernate.boot.model.source.internal.annotations.AnnotationMetadataSourceProcessorImpl.processEntityHierarchies(AnnotationMetadataSourceProcessorImpl.java:216)
	at org.hibernate.boot.model.process.spi.MetadataBuildingProcess$1.processEntityHierarchies(MetadataBuildingProcess.java:247)
	at org.hibernate.boot.model.process.spi.MetadataBuildingProcess.complete(MetadataBuildingProcess.java:290)
	at org.hibernate.jpa.boot.internal.EntityManagerFactoryBuilderImpl.metadata(EntityManagerFactoryBuilderImpl.java:1350)
	at org.hibernate.jpa.boot.internal.EntityManagerFactoryBuilderImpl.build(EntityManagerFactoryBuilderImpl.java:1421)
	at org.springframework.orm.jpa.vendor.SpringHibernateJpaPersistenceProvider.createContainerEntityManagerFactory(SpringHibernateJpaPersistenceProvider.java:66)
	at org.springframework.orm.jpa.LocalContainerEntityManagerFactoryBean.createNativeEntityManagerFactory(LocalContainerEntityManagerFactoryBean.java:376)
	at org.springframework.orm.jpa.AbstractEntityManagerFactoryBean.buildNativeEntityManagerFactory(AbstractEntityManagerFactoryBean.java:409)
	at org.springframework.orm.jpa.AbstractEntityManagerFactoryBean.afterPropertiesSet(AbstractEntityManagerFactoryBean.java:396)
	at org.springframework.orm.jpa.LocalContainerEntityManagerFactoryBean.afterPropertiesSet(LocalContainerEntityManagerFactoryBean.java:352)
	at org.springframework.beans.factory.support.AbstractAutowireCapableBeanFactory.invokeInitMethods(AbstractAutowireCapableBeanFactory.java:1797)
	at org.springframework.beans.factory.support.AbstractAutowireCapableBeanFactory.initializeBean(AbstractAutowireCapableBeanFactory.java:1747)
	... 16 common frames omitted
2024-01-22 19:36:47,398 INFO  [main] org.springframework.boot.StartupInfoLogger.logStarting:51 Starting PmpApplication using Java 20.0.1 with PID 13972 (D:\PMP_Project_WS\pmp\target\classes started by Admin in D:\PMP_Project_WS\pmp)
2024-01-22 19:36:47,401 INFO  [main] org.springframework.boot.SpringApplication.logStartupProfileInfo:636 The following 1 profile is active: "common"
2024-01-22 19:36:48,237 INFO  [main] org.springframework.data.repository.config.RepositoryConfigurationDelegate.registerRepositoriesIn:138 Bootstrapping Spring Data JPA repositories in DEFAULT mode.
2024-01-22 19:36:48,325 INFO  [main] org.springframework.data.repository.config.RepositoryConfigurationDelegate.registerRepositoriesIn:208 Finished Spring Data repository scanning in 76 ms. Found 3 JPA repository interfaces.
2024-01-22 19:36:49,036 INFO  [main] org.springframework.boot.web.embedded.tomcat.TomcatWebServer.initialize:108 Tomcat initialized with port(s): 8091 (http)
2024-01-22 19:36:49,046 INFO  [main] org.apache.juli.logging.DirectJDKLog.log:173 Initializing ProtocolHandler ["http-nio-8091"]
2024-01-22 19:36:49,047 INFO  [main] org.apache.juli.logging.DirectJDKLog.log:173 Starting service [Tomcat]
2024-01-22 19:36:49,047 INFO  [main] org.apache.juli.logging.DirectJDKLog.log:173 Starting Servlet engine: [Apache Tomcat/10.1.4]
2024-01-22 19:36:49,205 INFO  [main] org.apache.juli.logging.DirectJDKLog.log:173 Initializing Spring embedded WebApplicationContext
2024-01-22 19:36:49,207 INFO  [main] org.springframework.boot.web.servlet.context.ServletWebServerApplicationContext.prepareWebApplicationContext:291 Root WebApplicationContext: initialization completed in 1739 ms
2024-01-22 19:36:49,425 INFO  [main] org.hibernate.jpa.internal.util.LogHelper.logPersistenceUnitInformation:31 HHH000204: Processing PersistenceUnitInfo [name: default]
2024-01-22 19:36:49,469 INFO  [main] org.hibernate.Version.logVersion:44 HHH000412: Hibernate ORM core version 6.1.6.Final
2024-01-22 19:36:49,594 WARN  [main] org.hibernate.boot.internal.MetadataBuilderImpl$MetadataBuildingOptionsImpl.lambda$new$1:626 HHH90000021: Encountered deprecated setting [javax.persistence.sharedCache.mode], use [jakarta.persistence.sharedCache.mode] instead
2024-01-22 19:36:49,718 INFO  [main] com.zaxxer.hikari.HikariDataSource.getConnection:110 HikariPool-1 - Starting...
2024-01-22 19:36:49,857 INFO  [main] com.zaxxer.hikari.pool.HikariPool.checkFailFast:565 HikariPool-1 - Added connection com.mysql.cj.jdbc.ConnectionImpl@6ce15112
2024-01-22 19:36:49,859 INFO  [main] com.zaxxer.hikari.HikariDataSource.getConnection:123 HikariPool-1 - Start completed.
2024-01-22 19:36:49,878 INFO  [main] org.hibernate.engine.jdbc.dialect.internal.DialectFactoryImpl.logSelectedDialect:66 HHH000400: Using dialect: org.hibernate.dialect.MySQL8Dialect
2024-01-22 19:36:49,878 WARN  [main] org.hibernate.engine.jdbc.dialect.internal.DialectFactoryImpl.logSelectedDialect:73 HHH90000026: MySQL8Dialect has been deprecated; use org.hibernate.dialect.MySQLDialect instead
2024-01-22 19:36:50,837 INFO  [main] org.hibernate.engine.transaction.jta.platform.internal.JtaPlatformInitiator.initiateService:51 HHH000490: Using JtaPlatform implementation: [org.hibernate.engine.transaction.jta.platform.internal.NoJtaPlatform]
2024-01-22 19:36:50,847 INFO  [main] org.springframework.orm.jpa.AbstractEntityManagerFactoryBean.buildNativeEntityManagerFactory:437 Initialized JPA EntityManagerFactory for persistence unit 'default'
2024-01-22 19:36:51,440 WARN  [main] org.springframework.boot.autoconfigure.orm.jpa.JpaBaseConfiguration$JpaWebConfiguration.openEntityManagerInViewInterceptor:227 spring.jpa.open-in-view is enabled by default. Therefore, database queries may be performed during view rendering. Explicitly configure spring.jpa.open-in-view to disable this warning
2024-01-22 19:36:51,821 INFO  [main] org.apache.juli.logging.DirectJDKLog.log:173 Starting ProtocolHandler ["http-nio-8091"]
2024-01-22 19:36:51,842 INFO  [main] org.springframework.boot.web.embedded.tomcat.TomcatWebServer.start:220 Tomcat started on port(s): 8091 (http) with context path ''
2024-01-22 19:36:51,852 INFO  [main] org.springframework.boot.StartupInfoLogger.logStarted:57 Started PmpApplication in 5.113 seconds (process running for 5.564)
2024-01-22 19:47:58,092 INFO  [SpringApplicationShutdownHook] org.springframework.orm.jpa.AbstractEntityManagerFactoryBean.destroy:650 Closing JPA EntityManagerFactory for persistence unit 'default'
2024-01-22 19:47:58,098 INFO  [SpringApplicationShutdownHook] com.zaxxer.hikari.HikariDataSource.close:350 HikariPool-1 - Shutdown initiated...
2024-01-22 19:47:58,113 INFO  [SpringApplicationShutdownHook] com.zaxxer.hikari.HikariDataSource.close:352 HikariPool-1 - Shutdown completed.
