2024-02-09 17:20:31,203 INFO  [main] org.springframework.boot.StartupInfoLogger.logStarting:51 Starting AccessTokenApplication using Java 20.0.1 with PID 11800 (D:\Token_Project\access-tokens\target\classes started by Admin in D:\Token_Project\access-tokens)
2024-02-09 17:20:31,209 INFO  [main] org.springframework.boot.SpringApplication.logStartupProfileInfo:636 The following 1 profile is active: "common"
2024-02-09 17:20:32,255 INFO  [main] org.springframework.data.repository.config.RepositoryConfigurationDelegate.multipleStoresDetected:294 Multiple Spring Data modules found, entering strict repository configuration mode
2024-02-09 17:20:32,257 INFO  [main] org.springframework.data.repository.config.RepositoryConfigurationDelegate.registerRepositoriesIn:138 Bootstrapping Spring Data JDBC repositories in DEFAULT mode.
2024-02-09 17:20:32,310 INFO  [main] org.springframework.data.repository.config.RepositoryConfigurationExtensionSupport.isStrictRepositoryCandidate:320 Spring Data JDBC - Could not safely identify store assignment for repository candidate interface com.pathbreaker.accesstoken.repository.AdminRepository; If you want this repository to be a JDBC repository, consider annotating your entities with one of these annotations: org.springframework.data.relational.core.mapping.Table.
2024-02-09 17:20:32,311 INFO  [main] org.springframework.data.repository.config.RepositoryConfigurationDelegate.registerRepositoriesIn:208 Finished Spring Data repository scanning in 43 ms. Found 0 JDBC repository interfaces.
2024-02-09 17:20:32,325 INFO  [main] org.springframework.data.repository.config.RepositoryConfigurationDelegate.multipleStoresDetected:294 Multiple Spring Data modules found, entering strict repository configuration mode
2024-02-09 17:20:32,326 INFO  [main] org.springframework.data.repository.config.RepositoryConfigurationDelegate.registerRepositoriesIn:138 Bootstrapping Spring Data JPA repositories in DEFAULT mode.
2024-02-09 17:20:32,366 INFO  [main] org.springframework.data.repository.config.RepositoryConfigurationDelegate.registerRepositoriesIn:208 Finished Spring Data repository scanning in 34 ms. Found 1 JPA repository interfaces.
2024-02-09 17:20:33,236 INFO  [main] org.springframework.boot.web.embedded.tomcat.TomcatWebServer.initialize:108 Tomcat initialized with port(s): 8091 (http)
2024-02-09 17:20:33,247 INFO  [main] org.apache.juli.logging.DirectJDKLog.log:173 Initializing ProtocolHandler ["http-nio-8091"]
2024-02-09 17:20:33,248 INFO  [main] org.apache.juli.logging.DirectJDKLog.log:173 Starting service [Tomcat]
2024-02-09 17:20:33,248 INFO  [main] org.apache.juli.logging.DirectJDKLog.log:173 Starting Servlet engine: [Apache Tomcat/10.1.4]
2024-02-09 17:20:33,345 INFO  [main] org.apache.juli.logging.DirectJDKLog.log:173 Initializing Spring embedded WebApplicationContext
2024-02-09 17:20:33,347 INFO  [main] org.springframework.boot.web.servlet.context.ServletWebServerApplicationContext.prepareWebApplicationContext:291 Root WebApplicationContext: initialization completed in 2053 ms
2024-02-09 17:20:33,628 INFO  [main] org.hibernate.jpa.internal.util.LogHelper.logPersistenceUnitInformation:31 HHH000204: Processing PersistenceUnitInfo [name: default]
2024-02-09 17:20:33,696 INFO  [main] org.hibernate.Version.logVersion:44 HHH000412: Hibernate ORM core version 6.1.6.Final
2024-02-09 17:20:33,875 WARN  [main] org.hibernate.boot.internal.MetadataBuilderImpl$MetadataBuildingOptionsImpl.lambda$new$1:626 HHH90000021: Encountered deprecated setting [javax.persistence.sharedCache.mode], use [jakarta.persistence.sharedCache.mode] instead
2024-02-09 17:20:33,974 INFO  [main] com.zaxxer.hikari.HikariDataSource.getConnection:110 HikariPool-1 - Starting...
2024-02-09 17:20:34,141 INFO  [main] com.zaxxer.hikari.pool.HikariPool.checkFailFast:565 HikariPool-1 - Added connection com.mysql.cj.jdbc.ConnectionImpl@1657b017
2024-02-09 17:20:34,143 INFO  [main] com.zaxxer.hikari.HikariDataSource.getConnection:123 HikariPool-1 - Start completed.
2024-02-09 17:20:34,175 INFO  [main] org.hibernate.engine.jdbc.dialect.internal.DialectFactoryImpl.logSelectedDialect:66 HHH000400: Using dialect: org.hibernate.dialect.MySQLDialect
2024-02-09 17:20:34,858 INFO  [main] org.hibernate.engine.transaction.jta.platform.internal.JtaPlatformInitiator.initiateService:51 HHH000490: Using JtaPlatform implementation: [org.hibernate.engine.transaction.jta.platform.internal.NoJtaPlatform]
2024-02-09 17:20:34,864 INFO  [main] org.springframework.orm.jpa.AbstractEntityManagerFactoryBean.buildNativeEntityManagerFactory:437 Initialized JPA EntityManagerFactory for persistence unit 'default'
2024-02-09 17:20:35,276 WARN  [main] org.springframework.boot.autoconfigure.orm.jpa.JpaBaseConfiguration$JpaWebConfiguration.openEntityManagerInViewInterceptor:227 spring.jpa.open-in-view is enabled by default. Therefore, database queries may be performed during view rendering. Explicitly configure spring.jpa.open-in-view to disable this warning
2024-02-09 17:20:35,391 INFO  [main] org.springframework.security.web.DefaultSecurityFilterChain.<init>:54 Will secure any request with [org.springframework.security.web.session.DisableEncodeUrlFilter@5b407336, org.springframework.security.web.context.request.async.WebAsyncManagerIntegrationFilter@160cf225, org.springframework.security.web.context.SecurityContextHolderFilter@4d6027be, org.springframework.security.web.header.HeaderWriterFilter@1f02b6d1, org.springframework.security.web.authentication.logout.LogoutFilter@1f1e15de, org.springframework.security.web.savedrequest.RequestCacheAwareFilter@951e911, org.springframework.security.web.servletapi.SecurityContextHolderAwareRequestFilter@447630c4, org.springframework.security.web.authentication.AnonymousAuthenticationFilter@6a262980, org.springframework.security.web.access.ExceptionTranslationFilter@15651402, org.springframework.security.web.access.intercept.AuthorizationFilter@3d5e0bf0]
2024-02-09 17:20:35,830 INFO  [main] org.apache.juli.logging.DirectJDKLog.log:173 Starting ProtocolHandler ["http-nio-8091"]
2024-02-09 17:20:35,873 INFO  [main] org.springframework.boot.web.embedded.tomcat.TomcatWebServer.start:220 Tomcat started on port(s): 8091 (http) with context path ''
2024-02-09 17:20:35,896 INFO  [main] org.springframework.boot.StartupInfoLogger.logStarted:57 Started AccessTokenApplication in 5.434 seconds (process running for 5.959)
2024-02-09 17:22:17,376 INFO  [http-nio-8091-exec-1] org.apache.juli.logging.DirectJDKLog.log:173 Initializing Spring DispatcherServlet 'dispatcherServlet'
2024-02-09 17:22:17,377 INFO  [http-nio-8091-exec-1] org.springframework.web.servlet.FrameworkServlet.initServletBean:532 Initializing Servlet 'dispatcherServlet'
2024-02-09 17:22:17,378 INFO  [http-nio-8091-exec-1] org.springframework.web.servlet.FrameworkServlet.initServletBean:554 Completed initialization in 1 ms
2024-02-09 17:22:17,391 INFO  [http-nio-8091-exec-1] com.pathbreaker.services.filters.filter.CustomFilter.doFilterInternal:27 [CustomFilter] - Inside the do filter method executed..
2024-02-09 17:22:17,391 INFO  [http-nio-8091-exec-1] com.pathbreaker.services.filters.filter.CustomFilter.doFilterInternal:28 Local Port : 8091
2024-02-09 17:22:17,391 INFO  [http-nio-8091-exec-1] com.pathbreaker.services.filters.filter.CustomFilter.doFilterInternal:29 server Name : localhost
2024-02-09 17:22:17,391 INFO  [http-nio-8091-exec-1] com.pathbreaker.services.filters.filter.CustomFilter.doFilterInternal:30 Server Path : /admin/send-otp
2024-02-09 17:22:17,392 INFO  [http-nio-8091-exec-1] com.pathbreaker.services.filters.filter.CustomFilter.doFilterInternal:31 Request Uri is : /admin/send-otp
2024-02-09 17:22:21,912 INFO  [http-nio-8091-exec-1] com.pathbreaker.accesstoken.serviceimpl.AdminServiceImpl.sendOtpByEmail:115 OTP sent successfully to: anushak.pbt@gmail.com
2024-02-09 17:22:22,118 INFO  [http-nio-8091-exec-1] com.pathbreaker.accesstoken.serviceimpl.AdminServiceImpl.sendOtpToEmail:87  OTP sent to the emailId : anushak.pbt@gmail.com
2024-02-09 18:32:09,237 WARN  [HikariPool-1 housekeeper] com.zaxxer.hikari.pool.HikariPool$HouseKeeper.run:804 HikariPool-1 - Thread starvation or clock leap detected (housekeeper delta=12m34s104ms391µs900ns).
2024-02-09 19:06:26,421 INFO  [SpringApplicationShutdownHook] org.springframework.orm.jpa.AbstractEntityManagerFactoryBean.destroy:650 Closing JPA EntityManagerFactory for persistence unit 'default'
2024-02-09 19:06:26,430 INFO  [SpringApplicationShutdownHook] com.zaxxer.hikari.HikariDataSource.close:350 HikariPool-1 - Shutdown initiated...
2024-02-09 19:06:26,434 INFO  [SpringApplicationShutdownHook] com.zaxxer.hikari.HikariDataSource.close:352 HikariPool-1 - Shutdown completed.
2024-02-09 19:06:33,366 INFO  [main] org.springframework.boot.StartupInfoLogger.logStarting:51 Starting AccessTokenApplication using Java 20.0.1 with PID 6540 (D:\Token_Project\access-tokens\target\classes started by Admin in D:\Token_Project\access-tokens)
2024-02-09 19:06:33,373 INFO  [main] org.springframework.boot.SpringApplication.logStartupProfileInfo:636 The following 1 profile is active: "common"
2024-02-09 19:06:34,336 INFO  [main] org.springframework.data.repository.config.RepositoryConfigurationDelegate.multipleStoresDetected:294 Multiple Spring Data modules found, entering strict repository configuration mode
2024-02-09 19:06:34,338 INFO  [main] org.springframework.data.repository.config.RepositoryConfigurationDelegate.registerRepositoriesIn:138 Bootstrapping Spring Data JDBC repositories in DEFAULT mode.
2024-02-09 19:06:34,389 INFO  [main] org.springframework.data.repository.config.RepositoryConfigurationExtensionSupport.isStrictRepositoryCandidate:320 Spring Data JDBC - Could not safely identify store assignment for repository candidate interface com.pathbreaker.accesstoken.repository.AdminRepository; If you want this repository to be a JDBC repository, consider annotating your entities with one of these annotations: org.springframework.data.relational.core.mapping.Table.
2024-02-09 19:06:34,390 INFO  [main] org.springframework.data.repository.config.RepositoryConfigurationDelegate.registerRepositoriesIn:208 Finished Spring Data repository scanning in 46 ms. Found 0 JDBC repository interfaces.
2024-02-09 19:06:34,404 INFO  [main] org.springframework.data.repository.config.RepositoryConfigurationDelegate.multipleStoresDetected:294 Multiple Spring Data modules found, entering strict repository configuration mode
2024-02-09 19:06:34,406 INFO  [main] org.springframework.data.repository.config.RepositoryConfigurationDelegate.registerRepositoriesIn:138 Bootstrapping Spring Data JPA repositories in DEFAULT mode.
2024-02-09 19:06:34,446 INFO  [main] org.springframework.data.repository.config.RepositoryConfigurationDelegate.registerRepositoriesIn:208 Finished Spring Data repository scanning in 34 ms. Found 1 JPA repository interfaces.
2024-02-09 19:06:35,301 INFO  [main] org.springframework.boot.web.embedded.tomcat.TomcatWebServer.initialize:108 Tomcat initialized with port(s): 8091 (http)
2024-02-09 19:06:35,313 INFO  [main] org.apache.juli.logging.DirectJDKLog.log:173 Initializing ProtocolHandler ["http-nio-8091"]
2024-02-09 19:06:35,314 INFO  [main] org.apache.juli.logging.DirectJDKLog.log:173 Starting service [Tomcat]
2024-02-09 19:06:35,314 INFO  [main] org.apache.juli.logging.DirectJDKLog.log:173 Starting Servlet engine: [Apache Tomcat/10.1.4]
2024-02-09 19:06:35,416 INFO  [main] org.apache.juli.logging.DirectJDKLog.log:173 Initializing Spring embedded WebApplicationContext
2024-02-09 19:06:35,417 INFO  [main] org.springframework.boot.web.servlet.context.ServletWebServerApplicationContext.prepareWebApplicationContext:291 Root WebApplicationContext: initialization completed in 1967 ms
2024-02-09 19:06:35,592 INFO  [main] org.hibernate.jpa.internal.util.LogHelper.logPersistenceUnitInformation:31 HHH000204: Processing PersistenceUnitInfo [name: default]
2024-02-09 19:06:35,658 INFO  [main] org.hibernate.Version.logVersion:44 HHH000412: Hibernate ORM core version 6.1.6.Final
2024-02-09 19:06:35,832 WARN  [main] org.hibernate.boot.internal.MetadataBuilderImpl$MetadataBuildingOptionsImpl.lambda$new$1:626 HHH90000021: Encountered deprecated setting [javax.persistence.sharedCache.mode], use [jakarta.persistence.sharedCache.mode] instead
2024-02-09 19:06:35,940 INFO  [main] com.zaxxer.hikari.HikariDataSource.getConnection:110 HikariPool-1 - Starting...
2024-02-09 19:06:36,110 INFO  [main] com.zaxxer.hikari.pool.HikariPool.checkFailFast:565 HikariPool-1 - Added connection com.mysql.cj.jdbc.ConnectionImpl@1d226f27
2024-02-09 19:06:36,112 INFO  [main] com.zaxxer.hikari.HikariDataSource.getConnection:123 HikariPool-1 - Start completed.
2024-02-09 19:06:36,145 INFO  [main] org.hibernate.engine.jdbc.dialect.internal.DialectFactoryImpl.logSelectedDialect:66 HHH000400: Using dialect: org.hibernate.dialect.MySQLDialect
2024-02-09 19:06:36,735 INFO  [main] org.hibernate.engine.transaction.jta.platform.internal.JtaPlatformInitiator.initiateService:51 HHH000490: Using JtaPlatform implementation: [org.hibernate.engine.transaction.jta.platform.internal.NoJtaPlatform]
2024-02-09 19:06:36,741 INFO  [main] org.springframework.orm.jpa.AbstractEntityManagerFactoryBean.buildNativeEntityManagerFactory:437 Initialized JPA EntityManagerFactory for persistence unit 'default'
2024-02-09 19:06:37,140 WARN  [main] org.springframework.context.support.AbstractApplicationContext.refresh:592 Exception encountered during context initialization - cancelling refresh attempt: org.springframework.beans.factory.UnsatisfiedDependencyException: Error creating bean with name 'adminController': Unsatisfied dependency expressed through field 'adminService': Error creating bean with name 'adminServiceImpl' defined in file [D:\Token_Project\access-tokens\target\classes\com\pathbreaker\accesstoken\serviceimpl\AdminServiceImpl.class]: Unsatisfied dependency expressed through constructor parameter 3: No qualifying bean of type 'com.twilio.Twilio' available: expected at least 1 bean which qualifies as autowire candidate. Dependency annotations: {}
2024-02-09 19:06:37,141 INFO  [main] org.springframework.orm.jpa.AbstractEntityManagerFactoryBean.destroy:650 Closing JPA EntityManagerFactory for persistence unit 'default'
2024-02-09 19:06:37,144 INFO  [main] com.zaxxer.hikari.HikariDataSource.close:350 HikariPool-1 - Shutdown initiated...
2024-02-09 19:06:37,153 INFO  [main] com.zaxxer.hikari.HikariDataSource.close:352 HikariPool-1 - Shutdown completed.
2024-02-09 19:06:37,156 INFO  [main] org.apache.juli.logging.DirectJDKLog.log:173 Stopping service [Tomcat]
2024-02-09 19:06:37,169 INFO  [main] org.springframework.boot.autoconfigure.logging.ConditionEvaluationReportLogger.logMessage:82 

Error starting ApplicationContext. To display the condition evaluation report re-run your application with 'debug' enabled.
2024-02-09 19:06:37,189 ERROR [main] org.springframework.boot.diagnostics.LoggingFailureAnalysisReporter.report:40 

***************************
APPLICATION FAILED TO START
***************************

Description:

Parameter 3 of constructor in com.pathbreaker.accesstoken.serviceimpl.AdminServiceImpl required a bean of type 'com.twilio.Twilio' that could not be found.

The injection point has the following annotations:
	- @org.springframework.beans.factory.annotation.Autowired(required=true)


Action:

Consider defining a bean of type 'com.twilio.Twilio' in your configuration.

2024-02-09 19:11:11,978 INFO  [main] org.springframework.boot.StartupInfoLogger.logStarting:51 Starting AccessTokenApplication using Java 20.0.1 with PID 9416 (D:\Token_Project\access-tokens\target\classes started by Admin in D:\Token_Project\access-tokens)
2024-02-09 19:11:11,982 INFO  [main] org.springframework.boot.SpringApplication.logStartupProfileInfo:636 The following 1 profile is active: "common"
2024-02-09 19:11:13,194 INFO  [main] org.springframework.data.repository.config.RepositoryConfigurationDelegate.multipleStoresDetected:294 Multiple Spring Data modules found, entering strict repository configuration mode
2024-02-09 19:11:13,196 INFO  [main] org.springframework.data.repository.config.RepositoryConfigurationDelegate.registerRepositoriesIn:138 Bootstrapping Spring Data JDBC repositories in DEFAULT mode.
2024-02-09 19:11:13,246 INFO  [main] org.springframework.data.repository.config.RepositoryConfigurationExtensionSupport.isStrictRepositoryCandidate:320 Spring Data JDBC - Could not safely identify store assignment for repository candidate interface com.pathbreaker.accesstoken.repository.AdminRepository; If you want this repository to be a JDBC repository, consider annotating your entities with one of these annotations: org.springframework.data.relational.core.mapping.Table.
2024-02-09 19:11:13,248 INFO  [main] org.springframework.data.repository.config.RepositoryConfigurationDelegate.registerRepositoriesIn:208 Finished Spring Data repository scanning in 46 ms. Found 0 JDBC repository interfaces.
2024-02-09 19:11:13,263 INFO  [main] org.springframework.data.repository.config.RepositoryConfigurationDelegate.multipleStoresDetected:294 Multiple Spring Data modules found, entering strict repository configuration mode
2024-02-09 19:11:13,266 INFO  [main] org.springframework.data.repository.config.RepositoryConfigurationDelegate.registerRepositoriesIn:138 Bootstrapping Spring Data JPA repositories in DEFAULT mode.
2024-02-09 19:11:13,305 INFO  [main] org.springframework.data.repository.config.RepositoryConfigurationDelegate.registerRepositoriesIn:208 Finished Spring Data repository scanning in 32 ms. Found 1 JPA repository interfaces.
2024-02-09 19:11:14,212 INFO  [main] org.springframework.boot.web.embedded.tomcat.TomcatWebServer.initialize:108 Tomcat initialized with port(s): 8091 (http)
2024-02-09 19:11:14,352 INFO  [main] org.springframework.boot.web.servlet.context.ServletWebServerApplicationContext.prepareWebApplicationContext:291 Root WebApplicationContext: initialization completed in 2288 ms
2024-02-09 19:11:14,691 INFO  [main] org.hibernate.jpa.internal.util.LogHelper.logPersistenceUnitInformation:31 HHH000204: Processing PersistenceUnitInfo [name: default]
2024-02-09 19:11:14,784 INFO  [main] org.hibernate.Version.logVersion:44 HHH000412: Hibernate ORM core version 6.1.6.Final
2024-02-09 19:11:15,049 WARN  [main] org.hibernate.boot.internal.MetadataBuilderImpl$MetadataBuildingOptionsImpl.lambda$new$1:626 HHH90000021: Encountered deprecated setting [javax.persistence.sharedCache.mode], use [jakarta.persistence.sharedCache.mode] instead
2024-02-09 19:11:15,216 INFO  [main] com.zaxxer.hikari.HikariDataSource.getConnection:110 HikariPool-1 - Starting...
2024-02-09 19:11:15,392 INFO  [main] com.zaxxer.hikari.pool.HikariPool.checkFailFast:565 HikariPool-1 - Added connection com.mysql.cj.jdbc.ConnectionImpl@3095d401
2024-02-09 19:11:15,395 INFO  [main] com.zaxxer.hikari.HikariDataSource.getConnection:123 HikariPool-1 - Start completed.
2024-02-09 19:11:15,432 INFO  [main] org.hibernate.engine.jdbc.dialect.internal.DialectFactoryImpl.logSelectedDialect:66 HHH000400: Using dialect: org.hibernate.dialect.MySQLDialect
2024-02-09 19:11:16,153 INFO  [main] org.hibernate.engine.transaction.jta.platform.internal.JtaPlatformInitiator.initiateService:51 HHH000490: Using JtaPlatform implementation: [org.hibernate.engine.transaction.jta.platform.internal.NoJtaPlatform]
2024-02-09 19:11:16,159 INFO  [main] org.springframework.orm.jpa.AbstractEntityManagerFactoryBean.buildNativeEntityManagerFactory:437 Initialized JPA EntityManagerFactory for persistence unit 'default'
2024-02-09 19:11:16,627 WARN  [main] org.springframework.context.support.AbstractApplicationContext.refresh:592 Exception encountered during context initialization - cancelling refresh attempt: org.springframework.beans.factory.UnsatisfiedDependencyException: Error creating bean with name 'adminController': Unsatisfied dependency expressed through field 'adminService': Error creating bean with name 'adminServiceImpl' defined in file [D:\Token_Project\access-tokens\target\classes\com\pathbreaker\accesstoken\serviceimpl\AdminServiceImpl.class]: Unsatisfied dependency expressed through constructor parameter 3: No qualifying bean of type 'com.twilio.Twilio' available: expected at least 1 bean which qualifies as autowire candidate. Dependency annotations: {}
2024-02-09 19:11:16,627 INFO  [main] org.springframework.orm.jpa.AbstractEntityManagerFactoryBean.destroy:650 Closing JPA EntityManagerFactory for persistence unit 'default'
2024-02-09 19:11:16,629 INFO  [main] com.zaxxer.hikari.HikariDataSource.close:350 HikariPool-1 - Shutdown initiated...
2024-02-09 19:11:16,641 INFO  [main] com.zaxxer.hikari.HikariDataSource.close:352 HikariPool-1 - Shutdown completed.
2024-02-09 19:11:36,431 INFO  [main] org.springframework.boot.StartupInfoLogger.logStarting:51 Starting AccessTokenApplication using Java 20.0.1 with PID 14708 (D:\Token_Project\access-tokens\target\classes started by Admin in D:\Token_Project\access-tokens)
2024-02-09 19:11:36,435 INFO  [main] org.springframework.boot.SpringApplication.logStartupProfileInfo:636 The following 1 profile is active: "common"
2024-02-09 19:11:37,367 INFO  [main] org.springframework.data.repository.config.RepositoryConfigurationDelegate.multipleStoresDetected:294 Multiple Spring Data modules found, entering strict repository configuration mode
2024-02-09 19:11:37,369 INFO  [main] org.springframework.data.repository.config.RepositoryConfigurationDelegate.registerRepositoriesIn:138 Bootstrapping Spring Data JDBC repositories in DEFAULT mode.
2024-02-09 19:11:37,412 INFO  [main] org.springframework.data.repository.config.RepositoryConfigurationExtensionSupport.isStrictRepositoryCandidate:320 Spring Data JDBC - Could not safely identify store assignment for repository candidate interface com.pathbreaker.accesstoken.repository.AdminRepository; If you want this repository to be a JDBC repository, consider annotating your entities with one of these annotations: org.springframework.data.relational.core.mapping.Table.
2024-02-09 19:11:37,413 INFO  [main] org.springframework.data.repository.config.RepositoryConfigurationDelegate.registerRepositoriesIn:208 Finished Spring Data repository scanning in 38 ms. Found 0 JDBC repository interfaces.
2024-02-09 19:11:37,425 INFO  [main] org.springframework.data.repository.config.RepositoryConfigurationDelegate.multipleStoresDetected:294 Multiple Spring Data modules found, entering strict repository configuration mode
2024-02-09 19:11:37,427 INFO  [main] org.springframework.data.repository.config.RepositoryConfigurationDelegate.registerRepositoriesIn:138 Bootstrapping Spring Data JPA repositories in DEFAULT mode.
2024-02-09 19:11:37,461 INFO  [main] org.springframework.data.repository.config.RepositoryConfigurationDelegate.registerRepositoriesIn:208 Finished Spring Data repository scanning in 28 ms. Found 1 JPA repository interfaces.
2024-02-09 19:11:38,371 INFO  [main] org.springframework.boot.web.embedded.tomcat.TomcatWebServer.initialize:108 Tomcat initialized with port(s): 8091 (http)
2024-02-09 19:11:38,384 INFO  [main] org.apache.juli.logging.DirectJDKLog.log:173 Initializing ProtocolHandler ["http-nio-8091"]
2024-02-09 19:11:38,386 INFO  [main] org.apache.juli.logging.DirectJDKLog.log:173 Starting service [Tomcat]
2024-02-09 19:11:38,386 INFO  [main] org.apache.juli.logging.DirectJDKLog.log:173 Starting Servlet engine: [Apache Tomcat/10.1.4]
2024-02-09 19:11:38,493 INFO  [main] org.apache.juli.logging.DirectJDKLog.log:173 Initializing Spring embedded WebApplicationContext
2024-02-09 19:11:38,495 INFO  [main] org.springframework.boot.web.servlet.context.ServletWebServerApplicationContext.prepareWebApplicationContext:291 Root WebApplicationContext: initialization completed in 1980 ms
2024-02-09 19:11:38,676 INFO  [main] org.hibernate.jpa.internal.util.LogHelper.logPersistenceUnitInformation:31 HHH000204: Processing PersistenceUnitInfo [name: default]
2024-02-09 19:11:38,745 INFO  [main] org.hibernate.Version.logVersion:44 HHH000412: Hibernate ORM core version 6.1.6.Final
2024-02-09 19:11:38,939 WARN  [main] org.hibernate.boot.internal.MetadataBuilderImpl$MetadataBuildingOptionsImpl.lambda$new$1:626 HHH90000021: Encountered deprecated setting [javax.persistence.sharedCache.mode], use [jakarta.persistence.sharedCache.mode] instead
2024-02-09 19:11:39,069 INFO  [main] com.zaxxer.hikari.HikariDataSource.getConnection:110 HikariPool-1 - Starting...
2024-02-09 19:11:39,263 INFO  [main] com.zaxxer.hikari.pool.HikariPool.checkFailFast:565 HikariPool-1 - Added connection com.mysql.cj.jdbc.ConnectionImpl@d28c214
2024-02-09 19:11:39,266 INFO  [main] com.zaxxer.hikari.HikariDataSource.getConnection:123 HikariPool-1 - Start completed.
2024-02-09 19:11:39,300 INFO  [main] org.hibernate.engine.jdbc.dialect.internal.DialectFactoryImpl.logSelectedDialect:66 HHH000400: Using dialect: org.hibernate.dialect.MySQLDialect
2024-02-09 19:11:39,959 INFO  [main] org.hibernate.engine.transaction.jta.platform.internal.JtaPlatformInitiator.initiateService:51 HHH000490: Using JtaPlatform implementation: [org.hibernate.engine.transaction.jta.platform.internal.NoJtaPlatform]
2024-02-09 19:11:39,966 INFO  [main] org.springframework.orm.jpa.AbstractEntityManagerFactoryBean.buildNativeEntityManagerFactory:437 Initialized JPA EntityManagerFactory for persistence unit 'default'
2024-02-09 19:11:40,410 WARN  [main] org.springframework.context.support.AbstractApplicationContext.refresh:592 Exception encountered during context initialization - cancelling refresh attempt: org.springframework.beans.factory.UnsatisfiedDependencyException: Error creating bean with name 'adminController': Unsatisfied dependency expressed through field 'adminService': Error creating bean with name 'adminServiceImpl' defined in file [D:\Token_Project\access-tokens\target\classes\com\pathbreaker\accesstoken\serviceimpl\AdminServiceImpl.class]: Unsatisfied dependency expressed through constructor parameter 3: No qualifying bean of type 'com.twilio.Twilio' available: expected at least 1 bean which qualifies as autowire candidate. Dependency annotations: {}
2024-02-09 19:11:40,411 INFO  [main] org.springframework.orm.jpa.AbstractEntityManagerFactoryBean.destroy:650 Closing JPA EntityManagerFactory for persistence unit 'default'
2024-02-09 19:11:40,413 INFO  [main] com.zaxxer.hikari.HikariDataSource.close:350 HikariPool-1 - Shutdown initiated...
2024-02-09 19:11:40,422 INFO  [main] com.zaxxer.hikari.HikariDataSource.close:352 HikariPool-1 - Shutdown completed.
2024-02-09 19:11:40,424 INFO  [main] org.apache.juli.logging.DirectJDKLog.log:173 Stopping service [Tomcat]
2024-02-09 19:11:40,439 INFO  [main] org.springframework.boot.autoconfigure.logging.ConditionEvaluationReportLogger.logMessage:82 

Error starting ApplicationContext. To display the condition evaluation report re-run your application with 'debug' enabled.
2024-02-09 19:11:40,461 ERROR [main] org.springframework.boot.diagnostics.LoggingFailureAnalysisReporter.report:40 

***************************
APPLICATION FAILED TO START
***************************

Description:

Parameter 3 of constructor in com.pathbreaker.accesstoken.serviceimpl.AdminServiceImpl required a bean of type 'com.twilio.Twilio' that could not be found.

The injection point has the following annotations:
	- @org.springframework.beans.factory.annotation.Autowired(required=true)


Action:

Consider defining a bean of type 'com.twilio.Twilio' in your configuration.

2024-02-09 19:15:41,393 INFO  [main] org.springframework.boot.StartupInfoLogger.logStarting:51 Starting AccessTokenApplication using Java 20.0.1 with PID 18004 (D:\Token_Project\access-tokens\target\classes started by Admin in D:\Token_Project\access-tokens)
2024-02-09 19:15:41,396 INFO  [main] org.springframework.boot.SpringApplication.logStartupProfileInfo:636 The following 1 profile is active: "common"
2024-02-09 19:15:42,383 INFO  [main] org.springframework.data.repository.config.RepositoryConfigurationDelegate.multipleStoresDetected:294 Multiple Spring Data modules found, entering strict repository configuration mode
2024-02-09 19:15:42,385 INFO  [main] org.springframework.data.repository.config.RepositoryConfigurationDelegate.registerRepositoriesIn:138 Bootstrapping Spring Data JDBC repositories in DEFAULT mode.
2024-02-09 19:15:42,436 INFO  [main] org.springframework.data.repository.config.RepositoryConfigurationExtensionSupport.isStrictRepositoryCandidate:320 Spring Data JDBC - Could not safely identify store assignment for repository candidate interface com.pathbreaker.accesstoken.repository.AdminRepository; If you want this repository to be a JDBC repository, consider annotating your entities with one of these annotations: org.springframework.data.relational.core.mapping.Table.
2024-02-09 19:15:42,437 INFO  [main] org.springframework.data.repository.config.RepositoryConfigurationDelegate.registerRepositoriesIn:208 Finished Spring Data repository scanning in 47 ms. Found 0 JDBC repository interfaces.
2024-02-09 19:15:42,452 INFO  [main] org.springframework.data.repository.config.RepositoryConfigurationDelegate.multipleStoresDetected:294 Multiple Spring Data modules found, entering strict repository configuration mode
2024-02-09 19:15:42,454 INFO  [main] org.springframework.data.repository.config.RepositoryConfigurationDelegate.registerRepositoriesIn:138 Bootstrapping Spring Data JPA repositories in DEFAULT mode.
2024-02-09 19:15:42,498 INFO  [main] org.springframework.data.repository.config.RepositoryConfigurationDelegate.registerRepositoriesIn:208 Finished Spring Data repository scanning in 37 ms. Found 1 JPA repository interfaces.
2024-02-09 19:15:43,332 INFO  [main] org.springframework.boot.web.embedded.tomcat.TomcatWebServer.initialize:108 Tomcat initialized with port(s): 8091 (http)
2024-02-09 19:15:43,343 INFO  [main] org.apache.juli.logging.DirectJDKLog.log:173 Initializing ProtocolHandler ["http-nio-8091"]
2024-02-09 19:15:43,345 INFO  [main] org.apache.juli.logging.DirectJDKLog.log:173 Starting service [Tomcat]
2024-02-09 19:15:43,345 INFO  [main] org.apache.juli.logging.DirectJDKLog.log:173 Starting Servlet engine: [Apache Tomcat/10.1.4]
2024-02-09 19:15:43,441 INFO  [main] org.apache.juli.logging.DirectJDKLog.log:173 Initializing Spring embedded WebApplicationContext
2024-02-09 19:15:43,442 INFO  [main] org.springframework.boot.web.servlet.context.ServletWebServerApplicationContext.prepareWebApplicationContext:291 Root WebApplicationContext: initialization completed in 1960 ms
2024-02-09 19:15:43,617 INFO  [main] org.hibernate.jpa.internal.util.LogHelper.logPersistenceUnitInformation:31 HHH000204: Processing PersistenceUnitInfo [name: default]
2024-02-09 19:15:43,681 INFO  [main] org.hibernate.Version.logVersion:44 HHH000412: Hibernate ORM core version 6.1.6.Final
2024-02-09 19:15:43,862 WARN  [main] org.hibernate.boot.internal.MetadataBuilderImpl$MetadataBuildingOptionsImpl.lambda$new$1:626 HHH90000021: Encountered deprecated setting [javax.persistence.sharedCache.mode], use [jakarta.persistence.sharedCache.mode] instead
2024-02-09 19:15:43,991 INFO  [main] com.zaxxer.hikari.HikariDataSource.getConnection:110 HikariPool-1 - Starting...
2024-02-09 19:15:44,177 INFO  [main] com.zaxxer.hikari.pool.HikariPool.checkFailFast:565 HikariPool-1 - Added connection com.mysql.cj.jdbc.ConnectionImpl@30cafd13
2024-02-09 19:15:44,179 INFO  [main] com.zaxxer.hikari.HikariDataSource.getConnection:123 HikariPool-1 - Start completed.
2024-02-09 19:15:44,216 INFO  [main] org.hibernate.engine.jdbc.dialect.internal.DialectFactoryImpl.logSelectedDialect:66 HHH000400: Using dialect: org.hibernate.dialect.MySQLDialect
2024-02-09 19:15:44,849 INFO  [main] org.hibernate.engine.transaction.jta.platform.internal.JtaPlatformInitiator.initiateService:51 HHH000490: Using JtaPlatform implementation: [org.hibernate.engine.transaction.jta.platform.internal.NoJtaPlatform]
2024-02-09 19:15:44,863 INFO  [main] org.springframework.orm.jpa.AbstractEntityManagerFactoryBean.buildNativeEntityManagerFactory:437 Initialized JPA EntityManagerFactory for persistence unit 'default'
2024-02-09 19:15:45,396 WARN  [main] org.springframework.boot.autoconfigure.orm.jpa.JpaBaseConfiguration$JpaWebConfiguration.openEntityManagerInViewInterceptor:227 spring.jpa.open-in-view is enabled by default. Therefore, database queries may be performed during view rendering. Explicitly configure spring.jpa.open-in-view to disable this warning
2024-02-09 19:15:45,529 INFO  [main] org.springframework.security.web.DefaultSecurityFilterChain.<init>:54 Will secure any request with [org.springframework.security.web.session.DisableEncodeUrlFilter@3c04ddda, org.springframework.security.web.context.request.async.WebAsyncManagerIntegrationFilter@78c23ade, org.springframework.security.web.context.SecurityContextHolderFilter@31aa9b01, org.springframework.security.web.header.HeaderWriterFilter@426a4301, org.springframework.security.web.authentication.logout.LogoutFilter@5c8d631, org.springframework.security.web.savedrequest.RequestCacheAwareFilter@410f1452, org.springframework.security.web.servletapi.SecurityContextHolderAwareRequestFilter@7e366c6f, org.springframework.security.web.authentication.AnonymousAuthenticationFilter@7ac1161f, org.springframework.security.web.access.ExceptionTranslationFilter@33bf2602, org.springframework.security.web.access.intercept.AuthorizationFilter@6a95c2f6]
2024-02-09 19:15:46,194 INFO  [main] org.apache.juli.logging.DirectJDKLog.log:173 Starting ProtocolHandler ["http-nio-8091"]
2024-02-09 19:15:46,217 INFO  [main] org.springframework.boot.web.embedded.tomcat.TomcatWebServer.start:220 Tomcat started on port(s): 8091 (http) with context path ''
2024-02-09 19:15:46,230 INFO  [main] org.springframework.boot.StartupInfoLogger.logStarted:57 Started AccessTokenApplication in 5.512 seconds (process running for 6.016)
2024-02-09 19:17:03,620 INFO  [http-nio-8091-exec-2] org.apache.juli.logging.DirectJDKLog.log:173 Initializing Spring DispatcherServlet 'dispatcherServlet'
2024-02-09 19:17:03,621 INFO  [http-nio-8091-exec-2] org.springframework.web.servlet.FrameworkServlet.initServletBean:532 Initializing Servlet 'dispatcherServlet'
2024-02-09 19:17:03,624 INFO  [http-nio-8091-exec-2] org.springframework.web.servlet.FrameworkServlet.initServletBean:554 Completed initialization in 1 ms
2024-02-09 19:17:03,643 INFO  [http-nio-8091-exec-2] com.pathbreaker.services.filters.filter.CustomFilter.doFilterInternal:27 [CustomFilter] - Inside the do filter method executed..
2024-02-09 19:17:03,643 INFO  [http-nio-8091-exec-2] com.pathbreaker.services.filters.filter.CustomFilter.doFilterInternal:28 Local Port : 8091
2024-02-09 19:17:03,643 INFO  [http-nio-8091-exec-2] com.pathbreaker.services.filters.filter.CustomFilter.doFilterInternal:29 server Name : localhost
2024-02-09 19:17:03,644 INFO  [http-nio-8091-exec-2] com.pathbreaker.services.filters.filter.CustomFilter.doFilterInternal:30 Server Path : /admin/phone/send-otp
2024-02-09 19:17:03,644 INFO  [http-nio-8091-exec-2] com.pathbreaker.services.filters.filter.CustomFilter.doFilterInternal:31 Request Uri is : /admin/phone/send-otp
2024-02-09 19:18:54,812 INFO  [SpringApplicationShutdownHook] org.springframework.orm.jpa.AbstractEntityManagerFactoryBean.destroy:650 Closing JPA EntityManagerFactory for persistence unit 'default'
2024-02-09 19:18:54,815 INFO  [SpringApplicationShutdownHook] com.zaxxer.hikari.HikariDataSource.close:350 HikariPool-1 - Shutdown initiated...
2024-02-09 19:18:54,822 INFO  [SpringApplicationShutdownHook] com.zaxxer.hikari.HikariDataSource.close:352 HikariPool-1 - Shutdown completed.
