2023-10-12 14:24:38,218 INFO  [restartedMain] org.springframework.boot.StartupInfoLogger.logStarting:51 Starting EfilingBazaarProjectApplication using Java 20.0.1 with PID 12408 (D:\Efiling_WS\Anusha\efiling-bazaar\target\classes started by Admin in D:\Efiling_WS\Anusha\efiling-bazaar)
2023-10-12 14:24:38,222 INFO  [restartedMain] org.springframework.boot.SpringApplication.logStartupProfileInfo:634 No active profile set, falling back to 1 default profile: "default"
2023-10-12 14:24:38,393 INFO  [restartedMain] org.springframework.boot.logging.DeferredLog.logTo:250 Devtools property defaults active! Set 'spring.devtools.add-properties' to 'false' to disable
2023-10-12 14:24:38,394 INFO  [restartedMain] org.springframework.boot.logging.DeferredLog.logTo:250 For additional web related logging consider setting the 'logging.level.web' property to 'DEBUG'
2023-10-12 14:24:39,300 INFO  [restartedMain] org.springframework.data.repository.config.RepositoryConfigurationDelegate.multipleStoresDetected:291 Multiple Spring Data modules found, entering strict repository configuration mode
2023-10-12 14:24:39,300 INFO  [restartedMain] org.springframework.data.repository.config.RepositoryConfigurationDelegate.registerRepositoriesIn:138 Bootstrapping Spring Data JPA repositories in DEFAULT mode.
2023-10-12 14:24:39,385 INFO  [restartedMain] org.springframework.data.repository.config.RepositoryConfigurationDelegate.registerRepositoriesIn:208 Finished Spring Data repository scanning in 76 ms. Found 9 JPA repository interfaces.
2023-10-12 14:24:39,650 INFO  [restartedMain] org.springframework.data.repository.config.RepositoryConfigurationDelegate.multipleStoresDetected:291 Multiple Spring Data modules found, entering strict repository configuration mode
2023-10-12 14:24:39,651 INFO  [restartedMain] org.springframework.data.repository.config.RepositoryConfigurationDelegate.registerRepositoriesIn:138 Bootstrapping Spring Data JDBC repositories in DEFAULT mode.
2023-10-12 14:24:39,671 INFO  [restartedMain] org.springframework.data.repository.config.RepositoryConfigurationExtensionSupport.isStrictRepositoryCandidate:320 Spring Data JDBC - Could not safely identify store assignment for repository candidate interface com.example.efilingbazaar.repository.AdminRepository; If you want this repository to be a JDBC repository, consider annotating your entities with one of these annotations: org.springframework.data.relational.core.mapping.Table.
2023-10-12 14:24:39,672 INFO  [restartedMain] org.springframework.data.repository.config.RepositoryConfigurationExtensionSupport.isStrictRepositoryCandidate:320 Spring Data JDBC - Could not safely identify store assignment for repository candidate interface com.example.efilingbazaar.repository.CustomerRepository; If you want this repository to be a JDBC repository, consider annotating your entities with one of these annotations: org.springframework.data.relational.core.mapping.Table.
2023-10-12 14:24:39,673 INFO  [restartedMain] org.springframework.data.repository.config.RepositoryConfigurationExtensionSupport.isStrictRepositoryCandidate:320 Spring Data JDBC - Could not safely identify store assignment for repository candidate interface com.example.efilingbazaar.repository.EmployeeRegistrationRepository; If you want this repository to be a JDBC repository, consider annotating your entities with one of these annotations: org.springframework.data.relational.core.mapping.Table.
2023-10-12 14:24:39,673 INFO  [restartedMain] org.springframework.data.repository.config.RepositoryConfigurationExtensionSupport.isStrictRepositoryCandidate:320 Spring Data JDBC - Could not safely identify store assignment for repository candidate interface com.example.efilingbazaar.repository.LoginRepository; If you want this repository to be a JDBC repository, consider annotating your entities with one of these annotations: org.springframework.data.relational.core.mapping.Table.
2023-10-12 14:24:39,674 INFO  [restartedMain] org.springframework.data.repository.config.RepositoryConfigurationExtensionSupport.isStrictRepositoryCandidate:320 Spring Data JDBC - Could not safely identify store assignment for repository candidate interface com.example.efilingbazaar.repository.LogRepository; If you want this repository to be a JDBC repository, consider annotating your entities with one of these annotations: org.springframework.data.relational.core.mapping.Table.
2023-10-12 14:24:39,675 INFO  [restartedMain] org.springframework.data.repository.config.RepositoryConfigurationExtensionSupport.isStrictRepositoryCandidate:320 Spring Data JDBC - Could not safely identify store assignment for repository candidate interface com.example.efilingbazaar.repository.MainServiceRepository; If you want this repository to be a JDBC repository, consider annotating your entities with one of these annotations: org.springframework.data.relational.core.mapping.Table.
2023-10-12 14:24:39,675 INFO  [restartedMain] org.springframework.data.repository.config.RepositoryConfigurationExtensionSupport.isStrictRepositoryCandidate:320 Spring Data JDBC - Could not safely identify store assignment for repository candidate interface com.example.efilingbazaar.repository.OtpRepository; If you want this repository to be a JDBC repository, consider annotating your entities with one of these annotations: org.springframework.data.relational.core.mapping.Table.
2023-10-12 14:24:39,675 INFO  [restartedMain] org.springframework.data.repository.config.RepositoryConfigurationExtensionSupport.isStrictRepositoryCandidate:320 Spring Data JDBC - Could not safely identify store assignment for repository candidate interface com.example.efilingbazaar.repository.RoleRepository; If you want this repository to be a JDBC repository, consider annotating your entities with one of these annotations: org.springframework.data.relational.core.mapping.Table.
2023-10-12 14:24:39,676 INFO  [restartedMain] org.springframework.data.repository.config.RepositoryConfigurationExtensionSupport.isStrictRepositoryCandidate:320 Spring Data JDBC - Could not safely identify store assignment for repository candidate interface com.example.efilingbazaar.repository.SubServiceRepository; If you want this repository to be a JDBC repository, consider annotating your entities with one of these annotations: org.springframework.data.relational.core.mapping.Table.
2023-10-12 14:24:39,677 INFO  [restartedMain] org.springframework.data.repository.config.RepositoryConfigurationDelegate.registerRepositoriesIn:208 Finished Spring Data repository scanning in 25 ms. Found 0 JDBC repository interfaces.
2023-10-12 14:24:40,903 INFO  [restartedMain] org.springframework.boot.web.embedded.tomcat.TomcatWebServer.initialize:108 Tomcat initialized with port(s): 1234 (http)
2023-10-12 14:24:40,913 INFO  [restartedMain] org.apache.juli.logging.DirectJDKLog.log:173 Initializing ProtocolHandler ["http-nio-1234"]
2023-10-12 14:24:40,919 INFO  [restartedMain] org.apache.juli.logging.DirectJDKLog.log:173 Starting service [Tomcat]
2023-10-12 14:24:40,919 INFO  [restartedMain] org.apache.juli.logging.DirectJDKLog.log:173 Starting Servlet engine: [Apache Tomcat/10.1.11]
2023-10-12 14:24:40,974 INFO  [restartedMain] org.apache.juli.logging.DirectJDKLog.log:173 Initializing Spring embedded WebApplicationContext
2023-10-12 14:24:40,976 INFO  [restartedMain] org.springframework.boot.web.servlet.context.ServletWebServerApplicationContext.prepareWebApplicationContext:291 Root WebApplicationContext: initialization completed in 2578 ms
2023-10-12 14:24:41,021 INFO  [restartedMain] com.zaxxer.hikari.HikariDataSource.getConnection:110 HikariPool-1 - Starting...
2023-10-12 14:24:41,218 INFO  [restartedMain] com.zaxxer.hikari.pool.HikariPool.checkFailFast:565 HikariPool-1 - Added connection com.mysql.cj.jdbc.ConnectionImpl@7e4f219a
2023-10-12 14:24:41,220 INFO  [restartedMain] com.zaxxer.hikari.HikariDataSource.getConnection:123 HikariPool-1 - Start completed.
2023-10-12 14:24:41,231 INFO  [restartedMain] org.springframework.boot.autoconfigure.h2.H2ConsoleAutoConfiguration.logDataSources:88 H2 console available at '/h2-console'. Database available at 'jdbc:mysql://localhost:3306/efilingbazaar'
2023-10-12 14:24:41,414 INFO  [restartedMain] org.hibernate.jpa.internal.util.LogHelper.logPersistenceUnitInformation:31 HHH000204: Processing PersistenceUnitInfo [name: default]
2023-10-12 14:24:41,530 INFO  [restartedMain] org.hibernate.Version.logVersion:44 HHH000412: Hibernate ORM core version 6.2.6.Final
2023-10-12 14:24:41,534 INFO  [restartedMain] org.hibernate.cfg.Environment.<clinit>:191 HHH000406: Using bytecode reflection optimizer
2023-10-12 14:24:41,741 INFO  [restartedMain] org.hibernate.bytecode.internal.BytecodeProviderInitiator.buildBytecodeProvider:53 HHH000021: Bytecode provider name : bytebuddy
2023-10-12 14:24:42,003 INFO  [restartedMain] org.springframework.orm.jpa.persistenceunit.SpringPersistenceUnitInfo.addTransformer:87 No LoadTimeWeaver setup: ignoring JPA class transformer
2023-10-12 14:24:42,073 WARN  [restartedMain] org.hibernate.engine.jdbc.dialect.internal.DialectFactoryImpl.logSelectedDialect:100 HHH90000026: MySQL8Dialect has been deprecated; use org.hibernate.dialect.MySQLDialect instead
2023-10-12 14:24:42,467 INFO  [restartedMain] org.hibernate.bytecode.internal.BytecodeProviderInitiator.buildBytecodeProvider:53 HHH000021: Bytecode provider name : bytebuddy
2023-10-12 14:24:43,510 INFO  [restartedMain] org.hibernate.engine.transaction.jta.platform.internal.JtaPlatformInitiator.initiateService:51 HHH000490: Using JtaPlatform implementation: [org.hibernate.engine.transaction.jta.platform.internal.NoJtaPlatform]
2023-10-12 14:24:43,818 INFO  [restartedMain] org.springframework.orm.jpa.AbstractEntityManagerFactoryBean.buildNativeEntityManagerFactory:437 Initialized JPA EntityManagerFactory for persistence unit 'default'
2023-10-12 14:24:44,400 INFO  [restartedMain] org.springframework.data.jpa.repository.query.QueryEnhancerFactory.<clinit>:47 Hibernate is in classpath; If applicable, HQL parser will be used.
2023-10-12 14:24:45,233 WARN  [restartedMain] org.springframework.boot.autoconfigure.orm.jpa.JpaBaseConfiguration$JpaWebConfiguration.openEntityManagerInViewInterceptor:231 spring.jpa.open-in-view is enabled by default. Therefore, database queries may be performed during view rendering. Explicitly configure spring.jpa.open-in-view to disable this warning
2023-10-12 14:24:45,534 WARN  [restartedMain] org.springframework.boot.autoconfigure.thymeleaf.ThymeleafAutoConfiguration$DefaultTemplateResolverConfiguration.checkTemplateLocationExists:101 Cannot find template location: classpath:/templates/ (please add some templates, check your Thymeleaf configuration, or set spring.thymeleaf.check-template-location=false)
2023-10-12 14:24:45,692 INFO  [restartedMain] org.springframework.boot.devtools.autoconfigure.OptionalLiveReloadServer.startServer:59 LiveReload server is running on port 35729
2023-10-12 14:24:45,705 INFO  [restartedMain] org.apache.juli.logging.DirectJDKLog.log:173 Starting ProtocolHandler ["http-nio-1234"]
2023-10-12 14:24:45,725 INFO  [restartedMain] org.springframework.boot.web.embedded.tomcat.TomcatWebServer.start:220 Tomcat started on port(s): 1234 (http) with context path ''
2023-10-12 14:24:45,739 INFO  [restartedMain] org.springframework.boot.StartupInfoLogger.logStarted:57 Started EfilingBazaarProjectApplication in 8.276 seconds (process running for 8.82)
2023-10-12 14:32:30,365 WARN  [HikariPool-1 housekeeper] com.zaxxer.hikari.pool.HikariPool$HouseKeeper.run:804 HikariPool-1 - Thread starvation or clock leap detected (housekeeper delta=3m18s951ms771µs100ns).
2023-10-12 14:51:36,244 WARN  [HikariPool-1 housekeeper] com.zaxxer.hikari.pool.HikariPool$HouseKeeper.run:804 HikariPool-1 - Thread starvation or clock leap detected (housekeeper delta=2m57s106ms187µs800ns).
2023-10-12 15:09:36,164 WARN  [HikariPool-1 housekeeper] com.zaxxer.hikari.pool.HikariPool$HouseKeeper.run:804 HikariPool-1 - Thread starvation or clock leap detected (housekeeper delta=9m29s780ms348µs500ns).
2023-10-12 16:05:48,471 WARN  [HikariPool-1 housekeeper] com.zaxxer.hikari.pool.HikariPool$HouseKeeper.run:804 HikariPool-1 - Thread starvation or clock leap detected (housekeeper delta=8m11s474ms949µs).
2023-10-12 16:20:36,077 WARN  [HikariPool-1 housekeeper] com.zaxxer.hikari.pool.HikariPool$HouseKeeper.run:804 HikariPool-1 - Thread starvation or clock leap detected (housekeeper delta=5m17s448ms712µs900ns).
2023-10-12 16:45:00,994 WARN  [HikariPool-1 housekeeper] com.zaxxer.hikari.pool.HikariPool$HouseKeeper.run:804 HikariPool-1 - Thread starvation or clock leap detected (housekeeper delta=54s520ms270µs100ns).
2023-10-12 16:50:25,964 INFO  [SpringApplicationShutdownHook] org.springframework.orm.jpa.AbstractEntityManagerFactoryBean.destroy:650 Closing JPA EntityManagerFactory for persistence unit 'default'
2023-10-12 16:50:25,981 INFO  [SpringApplicationShutdownHook] com.zaxxer.hikari.HikariDataSource.close:350 HikariPool-1 - Shutdown initiated...
2023-10-12 16:50:25,987 INFO  [SpringApplicationShutdownHook] com.zaxxer.hikari.HikariDataSource.close:352 HikariPool-1 - Shutdown completed.
