2023-10-28 17:00:32,254 INFO  [restartedMain] org.springframework.boot.StartupInfoLogger.logStarting:51 Starting HostingHubApplication using Java 20.0.1 with PID 19400 (D:\HostingHub_WS\hosting-hub\target\classes started by Admin in D:\HostingHub_WS\hosting-hub)
2023-10-28 17:00:32,306 INFO  [restartedMain] org.springframework.boot.SpringApplication.logStartupProfileInfo:637 No active profile set, falling back to 1 default profile: "default"
2023-10-28 17:00:32,439 INFO  [restartedMain] org.springframework.boot.logging.DeferredLog.logTo:250 Devtools property defaults active! Set 'spring.devtools.add-properties' to 'false' to disable
2023-10-28 17:00:32,440 INFO  [restartedMain] org.springframework.boot.logging.DeferredLog.logTo:250 For additional web related logging consider setting the 'logging.level.web' property to 'DEBUG'
2023-10-28 17:00:33,769 INFO  [restartedMain] org.springframework.data.repository.config.RepositoryConfigurationDelegate.multipleStoresDetected:291 Multiple Spring Data modules found, entering strict repository configuration mode
2023-10-28 17:00:33,769 INFO  [restartedMain] org.springframework.data.repository.config.RepositoryConfigurationDelegate.registerRepositoriesIn:138 Bootstrapping Spring Data JPA repositories in DEFAULT mode.
2023-10-28 17:00:33,846 INFO  [restartedMain] org.springframework.data.repository.config.RepositoryConfigurationDelegate.registerRepositoriesIn:208 Finished Spring Data repository scanning in 65 ms. Found 5 JPA repository interfaces.
2023-10-28 17:00:34,185 INFO  [restartedMain] org.springframework.data.repository.config.RepositoryConfigurationDelegate.multipleStoresDetected:291 Multiple Spring Data modules found, entering strict repository configuration mode
2023-10-28 17:00:34,185 INFO  [restartedMain] org.springframework.data.repository.config.RepositoryConfigurationDelegate.registerRepositoriesIn:138 Bootstrapping Spring Data JDBC repositories in DEFAULT mode.
2023-10-28 17:00:34,218 INFO  [restartedMain] org.springframework.data.repository.config.RepositoryConfigurationExtensionSupport.isStrictRepositoryCandidate:320 Spring Data JDBC - Could not safely identify store assignment for repository candidate interface repository.com.pathbreaker.hostinghub.AdminRepository; If you want this repository to be a JDBC repository, consider annotating your entities with one of these annotations: org.springframework.data.relational.core.mapping.Table.
2023-10-28 17:00:34,219 INFO  [restartedMain] org.springframework.data.repository.config.RepositoryConfigurationExtensionSupport.isStrictRepositoryCandidate:320 Spring Data JDBC - Could not safely identify store assignment for repository candidate interface repository.com.pathbreaker.hostinghub.DomainRepository; If you want this repository to be a JDBC repository, consider annotating your entities with one of these annotations: org.springframework.data.relational.core.mapping.Table.
2023-10-28 17:00:34,220 INFO  [restartedMain] org.springframework.data.repository.config.RepositoryConfigurationExtensionSupport.isStrictRepositoryCandidate:320 Spring Data JDBC - Could not safely identify store assignment for repository candidate interface repository.com.pathbreaker.hostinghub.EmailRepository; If you want this repository to be a JDBC repository, consider annotating your entities with one of these annotations: org.springframework.data.relational.core.mapping.Table.
2023-10-28 17:00:34,221 INFO  [restartedMain] org.springframework.data.repository.config.RepositoryConfigurationExtensionSupport.isStrictRepositoryCandidate:320 Spring Data JDBC - Could not safely identify store assignment for repository candidate interface repository.com.pathbreaker.hostinghub.HostDomainMapRepository; If you want this repository to be a JDBC repository, consider annotating your entities with one of these annotations: org.springframework.data.relational.core.mapping.Table.
2023-10-28 17:00:34,222 INFO  [restartedMain] org.springframework.data.repository.config.RepositoryConfigurationExtensionSupport.isStrictRepositoryCandidate:320 Spring Data JDBC - Could not safely identify store assignment for repository candidate interface repository.com.pathbreaker.hostinghub.HostingRepository; If you want this repository to be a JDBC repository, consider annotating your entities with one of these annotations: org.springframework.data.relational.core.mapping.Table.
2023-10-28 17:00:34,223 INFO  [restartedMain] org.springframework.data.repository.config.RepositoryConfigurationDelegate.registerRepositoriesIn:208 Finished Spring Data repository scanning in 36 ms. Found 0 JDBC repository interfaces.
2023-10-28 17:00:35,173 INFO  [restartedMain] org.springframework.boot.web.embedded.tomcat.TomcatWebServer.initialize:108 Tomcat initialized with port(s): 8090 (http)
2023-10-28 17:00:35,183 INFO  [restartedMain] org.apache.juli.logging.DirectJDKLog.log:173 Initializing ProtocolHandler ["http-nio-8090"]
2023-10-28 17:00:35,187 INFO  [restartedMain] org.apache.juli.logging.DirectJDKLog.log:173 Starting service [Tomcat]
2023-10-28 17:00:35,188 INFO  [restartedMain] org.apache.juli.logging.DirectJDKLog.log:173 Starting Servlet engine: [Apache Tomcat/10.1.13]
2023-10-28 17:00:35,276 INFO  [restartedMain] org.apache.juli.logging.DirectJDKLog.log:173 Initializing Spring embedded WebApplicationContext
2023-10-28 17:00:35,277 INFO  [restartedMain] org.springframework.boot.web.servlet.context.ServletWebServerApplicationContext.prepareWebApplicationContext:291 Root WebApplicationContext: initialization completed in 2834 ms
2023-10-28 17:00:35,322 INFO  [restartedMain] com.zaxxer.hikari.HikariDataSource.getConnection:110 HikariPool-1 - Starting...
2023-10-28 17:00:35,530 INFO  [restartedMain] com.zaxxer.hikari.pool.HikariPool.checkFailFast:565 HikariPool-1 - Added connection com.mysql.cj.jdbc.ConnectionImpl@3e63ecee
2023-10-28 17:00:35,531 INFO  [restartedMain] com.zaxxer.hikari.HikariDataSource.getConnection:123 HikariPool-1 - Start completed.
2023-10-28 17:00:35,540 INFO  [restartedMain] org.springframework.boot.autoconfigure.h2.H2ConsoleAutoConfiguration.logDataSources:88 H2 console available at '/h2-console'. Database available at 'jdbc:mysql://localhost:3306/hostinghub'
2023-10-28 17:00:35,720 INFO  [restartedMain] org.hibernate.jpa.internal.util.LogHelper.logPersistenceUnitInformation:31 HHH000204: Processing PersistenceUnitInfo [name: default]
2023-10-28 17:00:35,853 INFO  [restartedMain] org.hibernate.Version.logVersion:44 HHH000412: Hibernate ORM core version 6.2.9.Final
2023-10-28 17:00:35,861 INFO  [restartedMain] org.hibernate.cfg.Environment.<clinit>:191 HHH000406: Using bytecode reflection optimizer
2023-10-28 17:00:35,979 INFO  [restartedMain] org.hibernate.bytecode.internal.BytecodeProviderInitiator.buildBytecodeProvider:53 HHH000021: Bytecode provider name : bytebuddy
2023-10-28 17:00:36,156 INFO  [restartedMain] org.springframework.orm.jpa.persistenceunit.SpringPersistenceUnitInfo.addTransformer:87 No LoadTimeWeaver setup: ignoring JPA class transformer
2023-10-28 17:00:36,202 WARN  [restartedMain] org.hibernate.engine.jdbc.dialect.internal.DialectFactoryImpl.logSelectedDialect:100 HHH90000026: MySQL8Dialect has been deprecated; use org.hibernate.dialect.MySQLDialect instead
2023-10-28 17:00:36,412 INFO  [restartedMain] org.hibernate.bytecode.internal.BytecodeProviderInitiator.buildBytecodeProvider:53 HHH000021: Bytecode provider name : bytebuddy
2023-10-28 17:00:37,001 INFO  [restartedMain] org.hibernate.engine.transaction.jta.platform.internal.JtaPlatformInitiator.initiateService:51 HHH000490: Using JtaPlatform implementation: [org.hibernate.engine.transaction.jta.platform.internal.NoJtaPlatform]
2023-10-28 17:00:37,101 INFO  [restartedMain] org.springframework.orm.jpa.AbstractEntityManagerFactoryBean.buildNativeEntityManagerFactory:437 Initialized JPA EntityManagerFactory for persistence unit 'default'
2023-10-28 17:00:37,517 INFO  [restartedMain] org.springframework.data.jpa.repository.query.QueryEnhancerFactory.<clinit>:47 Hibernate is in classpath; If applicable, HQL parser will be used.
2023-10-28 17:00:38,293 WARN  [restartedMain] org.springframework.boot.autoconfigure.orm.jpa.JpaBaseConfiguration$JpaWebConfiguration.openEntityManagerInViewInterceptor:231 spring.jpa.open-in-view is enabled by default. Therefore, database queries may be performed during view rendering. Explicitly configure spring.jpa.open-in-view to disable this warning
2023-10-28 17:00:38,608 WARN  [restartedMain] org.springframework.boot.autoconfigure.thymeleaf.ThymeleafAutoConfiguration$DefaultTemplateResolverConfiguration.checkTemplateLocationExists:101 Cannot find template location: classpath:/templates/ (please add some templates, check your Thymeleaf configuration, or set spring.thymeleaf.check-template-location=false)
2023-10-28 17:00:38,802 INFO  [restartedMain] org.springframework.boot.devtools.autoconfigure.OptionalLiveReloadServer.startServer:59 LiveReload server is running on port 35729
2023-10-28 17:00:38,845 INFO  [restartedMain] org.apache.juli.logging.DirectJDKLog.log:173 Starting ProtocolHandler ["http-nio-8090"]
2023-10-28 17:00:38,883 INFO  [restartedMain] org.springframework.boot.web.embedded.tomcat.TomcatWebServer.start:220 Tomcat started on port(s): 8090 (http) with context path ''
2023-10-28 17:00:38,918 INFO  [restartedMain] org.springframework.boot.StartupInfoLogger.logStarted:57 Started HostingHubApplication in 7.649 seconds (process running for 8.591)
2023-10-28 17:00:57,220 INFO  [http-nio-8090-exec-1] org.apache.juli.logging.DirectJDKLog.log:173 Initializing Spring DispatcherServlet 'dispatcherServlet'
2023-10-28 17:00:57,220 INFO  [http-nio-8090-exec-1] org.springframework.web.servlet.FrameworkServlet.initServletBean:532 Initializing Servlet 'dispatcherServlet'
2023-10-28 17:00:57,228 INFO  [http-nio-8090-exec-1] org.springframework.web.servlet.FrameworkServlet.initServletBean:554 Completed initialization in 8 ms
2023-10-28 17:00:57,673 INFO  [http-nio-8090-exec-1] service.com.pathbreaker.hostinghub.AdminService.registerAdmin:48 Email already exists in the db: anushak@pathbreakertech.in
2023-10-28 17:01:25,138 INFO  [http-nio-8090-exec-4] service.com.pathbreaker.hostinghub.AdminService.registerAdmin:48 Email already exists in the db: allamakhil1234@gmail.com
2023-10-28 17:03:08,857 INFO  [http-nio-8090-exec-6] service.com.pathbreaker.hostinghub.AdminService.sendEmail:81 Password sent successfully to: akhilallam1234@gmail.com
2023-10-28 17:03:08,912 INFO  [http-nio-8090-exec-6] service.com.pathbreaker.hostinghub.AdminService.registerAdmin:68 Admin registration successful: akhilallam1234@gmail.com
2023-10-28 17:03:12,970 INFO  [http-nio-8090-exec-7] service.com.pathbreaker.hostinghub.AdminService.registerAdmin:48 Email already exists in the db: akhilallam1234@gmail.com
2023-10-28 19:32:08,078 WARN  [HikariPool-1 housekeeper] com.zaxxer.hikari.pool.HikariPool$HouseKeeper.run:804 HikariPool-1 - Thread starvation or clock leap detected (housekeeper delta=2h7m32s72ms114µs200ns).
2023-10-28 20:38:34,686 WARN  [HikariPool-1 housekeeper] com.zaxxer.hikari.pool.HikariPool$HouseKeeper.run:804 HikariPool-1 - Thread starvation or clock leap detected (housekeeper delta=55s603ms935µs200ns).
2023-10-28 21:19:23,955 WARN  [HikariPool-1 housekeeper] com.zaxxer.hikari.pool.HikariPool$HouseKeeper.run:804 HikariPool-1 - Thread starvation or clock leap detected (housekeeper delta=24m49s34ms844µs).
2023-10-28 21:19:49,441 INFO  [SpringApplicationShutdownHook] org.springframework.orm.jpa.AbstractEntityManagerFactoryBean.destroy:650 Closing JPA EntityManagerFactory for persistence unit 'default'
2023-10-28 21:19:49,456 INFO  [SpringApplicationShutdownHook] com.zaxxer.hikari.HikariDataSource.close:350 HikariPool-1 - Shutdown initiated...
2023-10-28 21:19:49,456 INFO  [SpringApplicationShutdownHook] com.zaxxer.hikari.HikariDataSource.close:352 HikariPool-1 - Shutdown completed.
