2024-01-21 21:35:16,505 INFO  [main] org.springframework.boot.StartupInfoLogger.logStarting:51 Starting PmpApplication using Java 20.0.1 with PID 8496 (D:\PMP_Project_WS\pmp\target\classes started by Admin in D:\PMP_Project_WS\pmp)
2024-01-21 21:35:16,510 INFO  [main] org.springframework.boot.SpringApplication.logStartupProfileInfo:636 The following 1 profile is active: "common"
2024-01-21 21:35:17,565 INFO  [main] org.springframework.data.repository.config.RepositoryConfigurationDelegate.registerRepositoriesIn:138 Bootstrapping Spring Data JPA repositories in DEFAULT mode.
2024-01-21 21:35:17,644 INFO  [main] org.springframework.data.repository.config.RepositoryConfigurationDelegate.registerRepositoriesIn:208 Finished Spring Data repository scanning in 68 ms. Found 2 JPA repository interfaces.
2024-01-21 21:35:18,388 INFO  [main] org.springframework.boot.web.embedded.tomcat.TomcatWebServer.initialize:108 Tomcat initialized with port(s): 8091 (http)
2024-01-21 21:35:18,398 INFO  [main] org.apache.juli.logging.DirectJDKLog.log:173 Initializing ProtocolHandler ["http-nio-8091"]
2024-01-21 21:35:18,399 INFO  [main] org.apache.juli.logging.DirectJDKLog.log:173 Starting service [Tomcat]
2024-01-21 21:35:18,400 INFO  [main] org.apache.juli.logging.DirectJDKLog.log:173 Starting Servlet engine: [Apache Tomcat/10.1.4]
2024-01-21 21:35:18,485 INFO  [main] org.apache.juli.logging.DirectJDKLog.log:173 Initializing Spring embedded WebApplicationContext
2024-01-21 21:35:18,487 INFO  [main] org.springframework.boot.web.servlet.context.ServletWebServerApplicationContext.prepareWebApplicationContext:291 Root WebApplicationContext: initialization completed in 1910 ms
2024-01-21 21:35:18,695 INFO  [main] org.hibernate.jpa.internal.util.LogHelper.logPersistenceUnitInformation:31 HHH000204: Processing PersistenceUnitInfo [name: default]
2024-01-21 21:35:18,749 INFO  [main] org.hibernate.Version.logVersion:44 HHH000412: Hibernate ORM core version 6.1.6.Final
2024-01-21 21:35:18,872 WARN  [main] org.hibernate.boot.internal.MetadataBuilderImpl$MetadataBuildingOptionsImpl.lambda$new$1:626 HHH90000021: Encountered deprecated setting [javax.persistence.sharedCache.mode], use [jakarta.persistence.sharedCache.mode] instead
2024-01-21 21:35:18,977 INFO  [main] com.zaxxer.hikari.HikariDataSource.getConnection:110 HikariPool-1 - Starting...
2024-01-21 21:35:19,117 INFO  [main] com.zaxxer.hikari.pool.HikariPool.checkFailFast:565 HikariPool-1 - Added connection com.mysql.cj.jdbc.ConnectionImpl@49e7e8f1
2024-01-21 21:35:19,119 INFO  [main] com.zaxxer.hikari.HikariDataSource.getConnection:123 HikariPool-1 - Start completed.
2024-01-21 21:35:19,135 INFO  [main] org.hibernate.engine.jdbc.dialect.internal.DialectFactoryImpl.logSelectedDialect:66 HHH000400: Using dialect: org.hibernate.dialect.MySQL8Dialect
2024-01-21 21:35:19,135 WARN  [main] org.hibernate.engine.jdbc.dialect.internal.DialectFactoryImpl.logSelectedDialect:73 HHH90000026: MySQL8Dialect has been deprecated; use org.hibernate.dialect.MySQLDialect instead
2024-01-21 21:35:19,864 INFO  [main] org.hibernate.engine.transaction.jta.platform.internal.JtaPlatformInitiator.initiateService:51 HHH000490: Using JtaPlatform implementation: [org.hibernate.engine.transaction.jta.platform.internal.NoJtaPlatform]
2024-01-21 21:35:19,875 INFO  [main] org.springframework.orm.jpa.AbstractEntityManagerFactoryBean.buildNativeEntityManagerFactory:437 Initialized JPA EntityManagerFactory for persistence unit 'default'
2024-01-21 21:35:22,121 WARN  [main] org.springframework.boot.autoconfigure.orm.jpa.JpaBaseConfiguration$JpaWebConfiguration.openEntityManagerInViewInterceptor:227 spring.jpa.open-in-view is enabled by default. Therefore, database queries may be performed during view rendering. Explicitly configure spring.jpa.open-in-view to disable this warning
2024-01-21 21:35:23,008 INFO  [main] org.apache.juli.logging.DirectJDKLog.log:173 Starting ProtocolHandler ["http-nio-8091"]
2024-01-21 21:35:23,055 INFO  [main] org.springframework.boot.web.embedded.tomcat.TomcatWebServer.start:220 Tomcat started on port(s): 8091 (http) with context path ''
2024-01-21 21:35:23,074 INFO  [main] org.springframework.boot.StartupInfoLogger.logStarted:57 Started PmpApplication in 7.367 seconds (process running for 8.352)
2024-01-21 21:38:07,763 INFO  [http-nio-8091-exec-2] org.apache.juli.logging.DirectJDKLog.log:173 Initializing Spring DispatcherServlet 'dispatcherServlet'
2024-01-21 21:38:07,772 INFO  [http-nio-8091-exec-2] org.springframework.web.servlet.FrameworkServlet.initServletBean:532 Initializing Servlet 'dispatcherServlet'
2024-01-21 21:38:07,772 INFO  [http-nio-8091-exec-2] org.springframework.web.servlet.FrameworkServlet.initServletBean:554 Completed initialization in 0 ms
2024-01-21 21:38:07,782 INFO  [http-nio-8091-exec-2] com.pathbreaker.services.filters.filter.CustomFilter.doFilterInternal:27 [CustomFilter] - Inside the do filter method executed..
2024-01-21 21:38:07,782 INFO  [http-nio-8091-exec-2] com.pathbreaker.services.filters.filter.CustomFilter.doFilterInternal:28 Local Port : 8091
2024-01-21 21:38:07,782 INFO  [http-nio-8091-exec-2] com.pathbreaker.services.filters.filter.CustomFilter.doFilterInternal:29 server Name : localhost
2024-01-21 21:38:07,782 INFO  [http-nio-8091-exec-2] com.pathbreaker.services.filters.filter.CustomFilter.doFilterInternal:30 Server Path : /employee/registration
2024-01-21 21:38:07,782 INFO  [http-nio-8091-exec-2] com.pathbreaker.services.filters.filter.CustomFilter.doFilterInternal:31 Request Uri is : /employee/registration
2024-01-21 21:38:08,260 INFO  [http-nio-8091-exec-2] com.pathbreaker.pmp.serviceimpl.ResourceServiceImpl.createResource:80 EMPLOYEE registration is successful Keerthi
2024-01-21 21:39:45,456 INFO  [http-nio-8091-exec-4] com.pathbreaker.services.filters.filter.CustomFilter.doFilterInternal:27 [CustomFilter] - Inside the do filter method executed..
2024-01-21 21:39:45,456 INFO  [http-nio-8091-exec-4] com.pathbreaker.services.filters.filter.CustomFilter.doFilterInternal:28 Local Port : 8091
2024-01-21 21:39:45,456 INFO  [http-nio-8091-exec-4] com.pathbreaker.services.filters.filter.CustomFilter.doFilterInternal:29 server Name : localhost
2024-01-21 21:39:45,456 INFO  [http-nio-8091-exec-4] com.pathbreaker.services.filters.filter.CustomFilter.doFilterInternal:30 Server Path : /employee/all
2024-01-21 21:39:45,456 INFO  [http-nio-8091-exec-4] com.pathbreaker.services.filters.filter.CustomFilter.doFilterInternal:31 Request Uri is : /employee/all
2024-01-21 21:39:45,578 INFO  [http-nio-8091-exec-4] com.pathbreaker.pmp.serviceimpl.ResourceServiceImpl.getAllResources:100 The retrieved employee details are 2
2024-01-21 21:41:36,365 INFO  [http-nio-8091-exec-7] com.pathbreaker.services.filters.filter.CustomFilter.doFilterInternal:27 [CustomFilter] - Inside the do filter method executed..
2024-01-21 21:41:36,366 INFO  [http-nio-8091-exec-7] com.pathbreaker.services.filters.filter.CustomFilter.doFilterInternal:28 Local Port : 8091
2024-01-21 21:41:36,366 INFO  [http-nio-8091-exec-7] com.pathbreaker.services.filters.filter.CustomFilter.doFilterInternal:29 server Name : localhost
2024-01-21 21:41:36,366 INFO  [http-nio-8091-exec-7] com.pathbreaker.services.filters.filter.CustomFilter.doFilterInternal:30 Server Path : /employee/EMP002
2024-01-21 21:41:36,367 INFO  [http-nio-8091-exec-7] com.pathbreaker.services.filters.filter.CustomFilter.doFilterInternal:31 Request Uri is : /employee/EMP002
2024-01-21 21:41:36,403 INFO  [http-nio-8091-exec-7] com.pathbreaker.pmp.serviceimpl.ResourceServiceImpl.getAllResourceById:114 Retrieving the employee details of {}: EMP002
2024-01-21 21:41:46,112 INFO  [http-nio-8091-exec-9] com.pathbreaker.services.filters.filter.CustomFilter.doFilterInternal:27 [CustomFilter] - Inside the do filter method executed..
2024-01-21 21:41:46,112 INFO  [http-nio-8091-exec-9] com.pathbreaker.services.filters.filter.CustomFilter.doFilterInternal:28 Local Port : 8091
2024-01-21 21:41:46,112 INFO  [http-nio-8091-exec-9] com.pathbreaker.services.filters.filter.CustomFilter.doFilterInternal:29 server Name : localhost
2024-01-21 21:41:46,112 INFO  [http-nio-8091-exec-9] com.pathbreaker.services.filters.filter.CustomFilter.doFilterInternal:30 Server Path : /employee/EMP009
2024-01-21 21:41:46,112 INFO  [http-nio-8091-exec-9] com.pathbreaker.services.filters.filter.CustomFilter.doFilterInternal:31 Request Uri is : /employee/EMP009
2024-01-21 21:42:24,194 INFO  [http-nio-8091-exec-10] com.pathbreaker.services.filters.filter.CustomFilter.doFilterInternal:27 [CustomFilter] - Inside the do filter method executed..
2024-01-21 21:42:24,194 INFO  [http-nio-8091-exec-10] com.pathbreaker.services.filters.filter.CustomFilter.doFilterInternal:28 Local Port : 8091
2024-01-21 21:42:24,196 INFO  [http-nio-8091-exec-10] com.pathbreaker.services.filters.filter.CustomFilter.doFilterInternal:29 server Name : localhost
2024-01-21 21:42:24,196 INFO  [http-nio-8091-exec-10] com.pathbreaker.services.filters.filter.CustomFilter.doFilterInternal:30 Server Path : /employee/EMP001
2024-01-21 21:42:24,196 INFO  [http-nio-8091-exec-10] com.pathbreaker.services.filters.filter.CustomFilter.doFilterInternal:31 Request Uri is : /employee/EMP001
2024-01-21 21:42:24,263 INFO  [http-nio-8091-exec-10] com.pathbreaker.pmp.serviceimpl.ResourceServiceImpl.updateResourceById:146 EMPLOYEE update is successful for employeeId: EMP001
2024-01-21 21:43:16,433 INFO  [http-nio-8091-exec-1] com.pathbreaker.services.filters.filter.CustomFilter.doFilterInternal:27 [CustomFilter] - Inside the do filter method executed..
2024-01-21 21:43:16,434 INFO  [http-nio-8091-exec-1] com.pathbreaker.services.filters.filter.CustomFilter.doFilterInternal:28 Local Port : 8091
2024-01-21 21:43:16,434 INFO  [http-nio-8091-exec-1] com.pathbreaker.services.filters.filter.CustomFilter.doFilterInternal:29 server Name : localhost
2024-01-21 21:43:16,435 INFO  [http-nio-8091-exec-1] com.pathbreaker.services.filters.filter.CustomFilter.doFilterInternal:30 Server Path : /employee/EMP002
2024-01-21 21:43:16,435 INFO  [http-nio-8091-exec-1] com.pathbreaker.services.filters.filter.CustomFilter.doFilterInternal:31 Request Uri is : /employee/EMP002
2024-01-21 21:43:16,522 INFO  [http-nio-8091-exec-1] com.pathbreaker.pmp.serviceimpl.ResourceServiceImpl.deleteResourceById:175 EMPLOYEE deletion is successful for employeeId: EMP002
2024-01-21 21:43:18,164 INFO  [http-nio-8091-exec-2] com.pathbreaker.services.filters.filter.CustomFilter.doFilterInternal:27 [CustomFilter] - Inside the do filter method executed..
2024-01-21 21:43:18,164 INFO  [http-nio-8091-exec-2] com.pathbreaker.services.filters.filter.CustomFilter.doFilterInternal:28 Local Port : 8091
2024-01-21 21:43:18,164 INFO  [http-nio-8091-exec-2] com.pathbreaker.services.filters.filter.CustomFilter.doFilterInternal:29 server Name : localhost
2024-01-21 21:43:18,164 INFO  [http-nio-8091-exec-2] com.pathbreaker.services.filters.filter.CustomFilter.doFilterInternal:30 Server Path : /employee/EMP002
2024-01-21 21:43:18,164 INFO  [http-nio-8091-exec-2] com.pathbreaker.services.filters.filter.CustomFilter.doFilterInternal:31 Request Uri is : /employee/EMP002
2024-01-21 21:43:18,167 WARN  [http-nio-8091-exec-2] com.pathbreaker.pmp.serviceimpl.ResourceServiceImpl.deleteResourceById:180 The employee not found with EMP002
2024-01-21 21:43:38,167 INFO  [http-nio-8091-exec-3] com.pathbreaker.services.filters.filter.CustomFilter.doFilterInternal:27 [CustomFilter] - Inside the do filter method executed..
2024-01-21 21:43:38,168 INFO  [http-nio-8091-exec-3] com.pathbreaker.services.filters.filter.CustomFilter.doFilterInternal:28 Local Port : 8091
2024-01-21 21:43:38,168 INFO  [http-nio-8091-exec-3] com.pathbreaker.services.filters.filter.CustomFilter.doFilterInternal:29 server Name : localhost
2024-01-21 21:43:38,168 INFO  [http-nio-8091-exec-3] com.pathbreaker.services.filters.filter.CustomFilter.doFilterInternal:30 Server Path : /employee/EMP002
2024-01-21 21:43:38,168 INFO  [http-nio-8091-exec-3] com.pathbreaker.services.filters.filter.CustomFilter.doFilterInternal:31 Request Uri is : /employee/EMP002
2024-01-21 21:43:38,172 WARN  [http-nio-8091-exec-3] com.pathbreaker.pmp.serviceimpl.ResourceServiceImpl.updateResourceById:151 The employee not found with EMP002
2024-01-21 22:03:35,227 INFO  [SpringApplicationShutdownHook] org.springframework.orm.jpa.AbstractEntityManagerFactoryBean.destroy:650 Closing JPA EntityManagerFactory for persistence unit 'default'
2024-01-21 22:03:35,229 INFO  [SpringApplicationShutdownHook] com.zaxxer.hikari.HikariDataSource.close:350 HikariPool-1 - Shutdown initiated...
2024-01-21 22:03:35,239 INFO  [SpringApplicationShutdownHook] com.zaxxer.hikari.HikariDataSource.close:352 HikariPool-1 - Shutdown completed.
