2023-11-14 17:13:40,564 INFO  [main] org.springframework.boot.StartupInfoLogger.logStarting:55 Starting HostingHubApplicationTests using Java 20.0.1 on DESKTOP-E9NRITI with PID 17300 (started by Admin in D:\HostingHub_WS\hosting-hub)
2023-11-14 17:13:40,567 INFO  [main] org.springframework.boot.SpringApplication.logStartupProfileInfo:640 No active profile set, falling back to 1 default profile: "default"
2023-11-14 17:13:41,264 WARN  [main] org.springframework.context.support.AbstractApplicationContext.refresh:591 Exception encountered during context initialization - cancelling refresh attempt: org.springframework.beans.factory.support.BeanDefinitionOverrideException: Invalid bean definition with name 'passwordEncoder' defined in com.pathbreaker.hostinghub.HostingHubApplication: Cannot register bean definition [Root bean: class [null]; scope=; abstract=false; lazyInit=null; autowireMode=3; dependencyCheck=0; autowireCandidate=true; primary=false; factoryBeanName=hostingHubApplication; factoryMethodName=passwordEncoder; initMethodName=null; destroyMethodName=(inferred); defined in com.pathbreaker.hostinghub.HostingHubApplication] for bean 'passwordEncoder': There is already [Root bean: class [null]; scope=; abstract=false; lazyInit=null; autowireMode=3; dependencyCheck=0; autowireCandidate=true; primary=false; factoryBeanName=securityConfig; factoryMethodName=passwordEncoder; initMethodName=null; destroyMethodName=(inferred); defined in class path resource [com/example/hostinghub/config/SecurityConfig.class]] bound.
2023-11-14 17:13:41,282 INFO  [main] org.springframework.boot.autoconfigure.logging.ConditionEvaluationReportLoggingListener.logMessage:136 

Error starting ApplicationContext. To display the conditions report re-run your application with 'debug' enabled.
2023-11-14 17:13:41,311 ERROR [main] org.springframework.boot.diagnostics.LoggingFailureAnalysisReporter.report:40 

***************************
APPLICATION FAILED TO START
***************************

Description:

The bean 'passwordEncoder', defined in com.pathbreaker.hostinghub.HostingHubApplication, could not be registered. A bean with that name has already been defined in class path resource [com/example/hostinghub/config/SecurityConfig.class] and overriding is disabled.

Action:

Consider renaming one of the beans or enabling overriding by setting spring.main.allow-bean-definition-overriding=true

2023-11-14 17:13:41,316 ERROR [main] org.springframework.test.context.TestContextManager.prepareTestInstance:252 Caught exception while allowing TestExecutionListener [org.springframework.test.context.web.ServletTestExecutionListener@39de3d36] to prepare test instance [com.pathbreaker.hostinghub.HostingHubApplicationTests@61a1ea2c]
java.lang.IllegalStateException: Failed to load ApplicationContext
	at org.springframework.test.context.cache.DefaultCacheAwareContextLoaderDelegate.loadContext(DefaultCacheAwareContextLoaderDelegate.java:132)
	at org.springframework.test.context.support.DefaultTestContext.getApplicationContext(DefaultTestContext.java:124)
	at org.springframework.test.context.web.ServletTestExecutionListener.setUpRequestContextIfNecessary(ServletTestExecutionListener.java:190)
	at org.springframework.test.context.web.ServletTestExecutionListener.prepareTestInstance(ServletTestExecutionListener.java:132)
	at org.springframework.test.context.TestContextManager.prepareTestInstance(TestContextManager.java:248)
	at org.springframework.test.context.junit.jupiter.SpringExtension.postProcessTestInstance(SpringExtension.java:138)
	at org.junit.jupiter.engine.descriptor.ClassBasedTestDescriptor.lambda$invokeTestInstancePostProcessors$8(ClassBasedTestDescriptor.java:363)
	at org.junit.jupiter.engine.descriptor.ClassBasedTestDescriptor.executeAndMaskThrowable(ClassBasedTestDescriptor.java:368)
	at org.junit.jupiter.engine.descriptor.ClassBasedTestDescriptor.lambda$invokeTestInstancePostProcessors$9(ClassBasedTestDescriptor.java:363)
	at java.base/java.util.stream.ReferencePipeline$3$1.accept(ReferencePipeline.java:197)
	at java.base/java.util.stream.ReferencePipeline$2$1.accept(ReferencePipeline.java:179)
	at java.base/java.util.ArrayList$ArrayListSpliterator.forEachRemaining(ArrayList.java:1625)
	at java.base/java.util.stream.AbstractPipeline.copyInto(AbstractPipeline.java:509)
	at java.base/java.util.stream.AbstractPipeline.wrapAndCopyInto(AbstractPipeline.java:499)
	at java.base/java.util.stream.StreamSpliterators$WrappingSpliterator.forEachRemaining(StreamSpliterators.java:310)
	at java.base/java.util.stream.Streams$ConcatSpliterator.forEachRemaining(Streams.java:735)
	at java.base/java.util.stream.Streams$ConcatSpliterator.forEachRemaining(Streams.java:734)
	at java.base/java.util.stream.ReferencePipeline$Head.forEach(ReferencePipeline.java:762)
	at org.junit.jupiter.engine.descriptor.ClassBasedTestDescriptor.invokeTestInstancePostProcessors(ClassBasedTestDescriptor.java:362)
	at org.junit.jupiter.engine.descriptor.ClassBasedTestDescriptor.lambda$instantiateAndPostProcessTestInstance$6(ClassBasedTestDescriptor.java:283)
	at org.junit.platform.engine.support.hierarchical.ThrowableCollector.execute(ThrowableCollector.java:73)
	at org.junit.jupiter.engine.descriptor.ClassBasedTestDescriptor.instantiateAndPostProcessTestInstance(ClassBasedTestDescriptor.java:282)
	at org.junit.jupiter.engine.descriptor.ClassBasedTestDescriptor.lambda$testInstancesProvider$4(ClassBasedTestDescriptor.java:272)
	at java.base/java.util.Optional.orElseGet(Optional.java:364)
	at org.junit.jupiter.engine.descriptor.ClassBasedTestDescriptor.lambda$testInstancesProvider$5(ClassBasedTestDescriptor.java:271)
	at org.junit.jupiter.engine.execution.TestInstancesProvider.getTestInstances(TestInstancesProvider.java:31)
	at org.junit.jupiter.engine.descriptor.TestMethodTestDescriptor.lambda$prepare$0(TestMethodTestDescriptor.java:102)
	at org.junit.platform.engine.support.hierarchical.ThrowableCollector.execute(ThrowableCollector.java:73)
	at org.junit.jupiter.engine.descriptor.TestMethodTestDescriptor.prepare(TestMethodTestDescriptor.java:101)
	at org.junit.jupiter.engine.descriptor.TestMethodTestDescriptor.prepare(TestMethodTestDescriptor.java:66)
	at org.junit.platform.engine.support.hierarchical.NodeTestTask.lambda$prepare$2(NodeTestTask.java:123)
	at org.junit.platform.engine.support.hierarchical.ThrowableCollector.execute(ThrowableCollector.java:73)
	at org.junit.platform.engine.support.hierarchical.NodeTestTask.prepare(NodeTestTask.java:123)
	at org.junit.platform.engine.support.hierarchical.NodeTestTask.execute(NodeTestTask.java:90)
	at java.base/java.util.ArrayList.forEach(ArrayList.java:1511)
	at org.junit.platform.engine.support.hierarchical.SameThreadHierarchicalTestExecutorService.invokeAll(SameThreadHierarchicalTestExecutorService.java:41)
	at org.junit.platform.engine.support.hierarchical.NodeTestTask.lambda$executeRecursively$6(NodeTestTask.java:155)
	at org.junit.platform.engine.support.hierarchical.ThrowableCollector.execute(ThrowableCollector.java:73)
	at org.junit.platform.engine.support.hierarchical.NodeTestTask.lambda$executeRecursively$8(NodeTestTask.java:141)
	at org.junit.platform.engine.support.hierarchical.Node.around(Node.java:137)
	at org.junit.platform.engine.support.hierarchical.NodeTestTask.lambda$executeRecursively$9(NodeTestTask.java:139)
	at org.junit.platform.engine.support.hierarchical.ThrowableCollector.execute(ThrowableCollector.java:73)
	at org.junit.platform.engine.support.hierarchical.NodeTestTask.executeRecursively(NodeTestTask.java:138)
	at org.junit.platform.engine.support.hierarchical.NodeTestTask.execute(NodeTestTask.java:95)
	at java.base/java.util.ArrayList.forEach(ArrayList.java:1511)
	at org.junit.platform.engine.support.hierarchical.SameThreadHierarchicalTestExecutorService.invokeAll(SameThreadHierarchicalTestExecutorService.java:41)
	at org.junit.platform.engine.support.hierarchical.NodeTestTask.lambda$executeRecursively$6(NodeTestTask.java:155)
	at org.junit.platform.engine.support.hierarchical.ThrowableCollector.execute(ThrowableCollector.java:73)
	at org.junit.platform.engine.support.hierarchical.NodeTestTask.lambda$executeRecursively$8(NodeTestTask.java:141)
	at org.junit.platform.engine.support.hierarchical.Node.around(Node.java:137)
	at org.junit.platform.engine.support.hierarchical.NodeTestTask.lambda$executeRecursively$9(NodeTestTask.java:139)
	at org.junit.platform.engine.support.hierarchical.ThrowableCollector.execute(ThrowableCollector.java:73)
	at org.junit.platform.engine.support.hierarchical.NodeTestTask.executeRecursively(NodeTestTask.java:138)
	at org.junit.platform.engine.support.hierarchical.NodeTestTask.execute(NodeTestTask.java:95)
	at org.junit.platform.engine.support.hierarchical.SameThreadHierarchicalTestExecutorService.submit(SameThreadHierarchicalTestExecutorService.java:35)
	at org.junit.platform.engine.support.hierarchical.HierarchicalTestExecutor.execute(HierarchicalTestExecutor.java:57)
	at org.junit.platform.engine.support.hierarchical.HierarchicalTestEngine.execute(HierarchicalTestEngine.java:54)
	at org.junit.platform.launcher.core.DefaultLauncher.execute(DefaultLauncher.java:220)
	at org.junit.platform.launcher.core.DefaultLauncher.lambda$execute$6(DefaultLauncher.java:188)
	at org.junit.platform.launcher.core.DefaultLauncher.withInterceptedStreams(DefaultLauncher.java:202)
	at org.junit.platform.launcher.core.DefaultLauncher.execute(DefaultLauncher.java:181)
	at org.junit.platform.launcher.core.DefaultLauncher.execute(DefaultLauncher.java:128)
	at org.apache.maven.surefire.junitplatform.JUnitPlatformProvider.invokeAllTests(JUnitPlatformProvider.java:150)
	at org.apache.maven.surefire.junitplatform.JUnitPlatformProvider.invoke(JUnitPlatformProvider.java:124)
	at org.apache.maven.surefire.booter.ForkedBooter.invokeProviderInSameClassLoader(ForkedBooter.java:384)
	at org.apache.maven.surefire.booter.ForkedBooter.runSuitesInProcess(ForkedBooter.java:345)
	at org.apache.maven.surefire.booter.ForkedBooter.execute(ForkedBooter.java:126)
	at org.apache.maven.surefire.booter.ForkedBooter.main(ForkedBooter.java:418)
Caused by: org.springframework.beans.factory.support.BeanDefinitionOverrideException: Invalid bean definition with name 'passwordEncoder' defined in com.pathbreaker.hostinghub.HostingHubApplication: Cannot register bean definition [Root bean: class [null]; scope=; abstract=false; lazyInit=null; autowireMode=3; dependencyCheck=0; autowireCandidate=true; primary=false; factoryBeanName=hostingHubApplication; factoryMethodName=passwordEncoder; initMethodName=null; destroyMethodName=(inferred); defined in com.pathbreaker.hostinghub.HostingHubApplication] for bean 'passwordEncoder': There is already [Root bean: class [null]; scope=; abstract=false; lazyInit=null; autowireMode=3; dependencyCheck=0; autowireCandidate=true; primary=false; factoryBeanName=securityConfig; factoryMethodName=passwordEncoder; initMethodName=null; destroyMethodName=(inferred); defined in class path resource [com/example/hostinghub/config/SecurityConfig.class]] bound.
	at org.springframework.beans.factory.support.DefaultListableBeanFactory.registerBeanDefinition(DefaultListableBeanFactory.java:1004)
	at org.springframework.context.annotation.ConfigurationClassBeanDefinitionReader.loadBeanDefinitionsForBeanMethod(ConfigurationClassBeanDefinitionReader.java:295)
	at org.springframework.context.annotation.ConfigurationClassBeanDefinitionReader.loadBeanDefinitionsForConfigurationClass(ConfigurationClassBeanDefinitionReader.java:153)
	at org.springframework.context.annotation.ConfigurationClassBeanDefinitionReader.loadBeanDefinitions(ConfigurationClassBeanDefinitionReader.java:129)
	at org.springframework.context.annotation.ConfigurationClassPostProcessor.processConfigBeanDefinitions(ConfigurationClassPostProcessor.java:343)
	at org.springframework.context.annotation.ConfigurationClassPostProcessor.postProcessBeanDefinitionRegistry(ConfigurationClassPostProcessor.java:247)
	at org.springframework.context.support.PostProcessorRegistrationDelegate.invokeBeanDefinitionRegistryPostProcessors(PostProcessorRegistrationDelegate.java:311)
	at org.springframework.context.support.PostProcessorRegistrationDelegate.invokeBeanFactoryPostProcessors(PostProcessorRegistrationDelegate.java:112)
	at org.springframework.context.support.AbstractApplicationContext.invokeBeanFactoryPostProcessors(AbstractApplicationContext.java:746)
	at org.springframework.context.support.AbstractApplicationContext.refresh(AbstractApplicationContext.java:564)
	at org.springframework.boot.SpringApplication.refresh(SpringApplication.java:740)
	at org.springframework.boot.SpringApplication.refreshContext(SpringApplication.java:415)
	at org.springframework.boot.SpringApplication.run(SpringApplication.java:303)
	at org.springframework.boot.test.context.SpringBootContextLoader.loadContext(SpringBootContextLoader.java:136)
	at org.springframework.test.context.cache.DefaultCacheAwareContextLoaderDelegate.loadContextInternal(DefaultCacheAwareContextLoaderDelegate.java:99)
	at org.springframework.test.context.cache.DefaultCacheAwareContextLoaderDelegate.loadContext(DefaultCacheAwareContextLoaderDelegate.java:124)
	... 67 common frames omitted
2023-11-14 17:17:09,848 INFO  [main] org.springframework.boot.StartupInfoLogger.logStarting:55 Starting HostingHubApplicationTests using Java 20.0.1 on DESKTOP-E9NRITI with PID 5876 (started by Admin in D:\HostingHub_WS\hosting-hub)
2023-11-14 17:17:09,850 INFO  [main] org.springframework.boot.SpringApplication.logStartupProfileInfo:640 No active profile set, falling back to 1 default profile: "default"
2023-11-14 17:17:10,567 INFO  [main] org.springframework.data.repository.config.RepositoryConfigurationDelegate.multipleStoresDetected:262 Multiple Spring Data modules found, entering strict repository configuration mode!
2023-11-14 17:17:10,568 INFO  [main] org.springframework.data.repository.config.RepositoryConfigurationDelegate.registerRepositoriesIn:132 Bootstrapping Spring Data JPA repositories in DEFAULT mode.
2023-11-14 17:17:10,652 INFO  [main] org.springframework.data.repository.config.RepositoryConfigurationDelegate.registerRepositoriesIn:201 Finished Spring Data repository scanning in 75 ms. Found 5 JPA repository interfaces.
2023-11-14 17:17:10,857 INFO  [main] org.springframework.data.repository.config.RepositoryConfigurationDelegate.multipleStoresDetected:262 Multiple Spring Data modules found, entering strict repository configuration mode!
2023-11-14 17:17:10,857 INFO  [main] org.springframework.data.repository.config.RepositoryConfigurationDelegate.registerRepositoriesIn:132 Bootstrapping Spring Data JDBC repositories in DEFAULT mode.
2023-11-14 17:17:10,881 INFO  [main] org.springframework.data.repository.config.RepositoryConfigurationExtensionSupport.isStrictRepositoryCandidate:349 Spring Data JDBC - Could not safely identify store assignment for repository candidate interface repository.com.pathbreaker.hostinghub.AdminRepository. If you want this repository to be a JDBC repository, consider annotating your entities with one of these annotations: org.springframework.data.relational.core.mapping.Table.
2023-11-14 17:17:10,883 INFO  [main] org.springframework.data.repository.config.RepositoryConfigurationExtensionSupport.isStrictRepositoryCandidate:349 Spring Data JDBC - Could not safely identify store assignment for repository candidate interface repository.com.pathbreaker.hostinghub.DomainRepository. If you want this repository to be a JDBC repository, consider annotating your entities with one of these annotations: org.springframework.data.relational.core.mapping.Table.
2023-11-14 17:17:10,889 INFO  [main] org.springframework.data.repository.config.RepositoryConfigurationExtensionSupport.isStrictRepositoryCandidate:349 Spring Data JDBC - Could not safely identify store assignment for repository candidate interface repository.com.pathbreaker.hostinghub.EmailRepository. If you want this repository to be a JDBC repository, consider annotating your entities with one of these annotations: org.springframework.data.relational.core.mapping.Table.
2023-11-14 17:17:10,893 INFO  [main] org.springframework.data.repository.config.RepositoryConfigurationExtensionSupport.isStrictRepositoryCandidate:349 Spring Data JDBC - Could not safely identify store assignment for repository candidate interface repository.com.pathbreaker.hostinghub.HostDomainMapRepository. If you want this repository to be a JDBC repository, consider annotating your entities with one of these annotations: org.springframework.data.relational.core.mapping.Table.
2023-11-14 17:17:10,896 INFO  [main] org.springframework.data.repository.config.RepositoryConfigurationExtensionSupport.isStrictRepositoryCandidate:349 Spring Data JDBC - Could not safely identify store assignment for repository candidate interface repository.com.pathbreaker.hostinghub.HostingRepository. If you want this repository to be a JDBC repository, consider annotating your entities with one of these annotations: org.springframework.data.relational.core.mapping.Table.
2023-11-14 17:17:10,897 INFO  [main] org.springframework.data.repository.config.RepositoryConfigurationDelegate.registerRepositoriesIn:201 Finished Spring Data repository scanning in 40 ms. Found 0 JDBC repository interfaces.
2023-11-14 17:17:11,593 INFO  [main] org.hibernate.jpa.internal.util.LogHelper.logPersistenceUnitInformation:31 HHH000204: Processing PersistenceUnitInfo [name: default]
2023-11-14 17:17:11,627 INFO  [main] org.hibernate.Version.logVersion:44 HHH000412: Hibernate ORM core version 5.6.5.Final
2023-11-14 17:17:11,749 INFO  [main] org.hibernate.annotations.common.reflection.java.JavaReflectionManager.<clinit>:56 HCANN000001: Hibernate Commons Annotations {5.1.2.Final}
2023-11-14 17:17:11,962 INFO  [main] com.zaxxer.hikari.HikariDataSource.getConnection:110 HikariPool-1 - Starting...
2023-11-14 17:17:12,116 INFO  [main] com.zaxxer.hikari.HikariDataSource.getConnection:123 HikariPool-1 - Start completed.
2023-11-14 17:17:12,127 INFO  [main] org.hibernate.dialect.Dialect.<init>:175 HHH000400: Using dialect: org.hibernate.dialect.MySQL8Dialect
2023-11-14 17:17:12,892 INFO  [main] org.hibernate.engine.transaction.jta.platform.internal.JtaPlatformInitiator.initiateService:52 HHH000490: Using JtaPlatform implementation: [org.hibernate.engine.transaction.jta.platform.internal.NoJtaPlatform]
2023-11-14 17:17:12,900 INFO  [main] org.springframework.orm.jpa.AbstractEntityManagerFactoryBean.buildNativeEntityManagerFactory:437 Initialized JPA EntityManagerFactory for persistence unit 'default'
2023-11-14 17:17:13,021 WARN  [main] org.springframework.boot.autoconfigure.orm.jpa.JpaBaseConfiguration$JpaWebConfiguration.openEntityManagerInViewInterceptor:219 spring.jpa.open-in-view is enabled by default. Therefore, database queries may be performed during view rendering. Explicitly configure spring.jpa.open-in-view to disable this warning
2023-11-14 17:17:14,015 INFO  [main] org.springframework.security.web.DefaultSecurityFilterChain.<init>:52 Will not secure any request
2023-11-14 17:17:14,694 WARN  [main] org.springframework.boot.autoconfigure.thymeleaf.ThymeleafAutoConfiguration$DefaultTemplateResolverConfiguration.checkTemplateLocationExists:106 Cannot find template location: classpath:/templates/ (please add some templates or check your Thymeleaf configuration)
2023-11-14 17:17:15,034 INFO  [main] org.springframework.boot.StartupInfoLogger.logStarted:61 Started HostingHubApplicationTests in 5.651 seconds (JVM running for 6.722)
2023-11-14 17:17:15,216 INFO  [SpringApplicationShutdownHook] org.springframework.orm.jpa.AbstractEntityManagerFactoryBean.destroy:651 Closing JPA EntityManagerFactory for persistence unit 'default'
2023-11-14 17:17:15,219 INFO  [SpringApplicationShutdownHook] com.zaxxer.hikari.HikariDataSource.close:350 HikariPool-1 - Shutdown initiated...
2023-11-14 17:17:15,230 INFO  [SpringApplicationShutdownHook] com.zaxxer.hikari.HikariDataSource.close:352 HikariPool-1 - Shutdown completed.
2023-11-14 17:19:53,146 INFO  [restartedMain] org.springframework.boot.StartupInfoLogger.logStarting:55 Starting HostingHubApplication using Java 20.0.1 on DESKTOP-E9NRITI with PID 1040 (D:\HostingHub_WS\hosting-hub\target\classes started by Admin in D:\HostingHub_WS\hosting-hub)
2023-11-14 17:19:53,150 INFO  [restartedMain] org.springframework.boot.SpringApplication.logStartupProfileInfo:640 No active profile set, falling back to 1 default profile: "default"
2023-11-14 17:19:53,231 INFO  [restartedMain] org.springframework.boot.logging.DeferredLog.logTo:255 Devtools property defaults active! Set 'spring.devtools.add-properties' to 'false' to disable
2023-11-14 17:19:53,232 INFO  [restartedMain] org.springframework.boot.logging.DeferredLog.logTo:255 For additional web related logging consider setting the 'logging.level.web' property to 'DEBUG'
2023-11-14 17:19:53,935 INFO  [restartedMain] org.springframework.data.repository.config.RepositoryConfigurationDelegate.multipleStoresDetected:262 Multiple Spring Data modules found, entering strict repository configuration mode!
2023-11-14 17:19:53,935 INFO  [restartedMain] org.springframework.data.repository.config.RepositoryConfigurationDelegate.registerRepositoriesIn:132 Bootstrapping Spring Data JPA repositories in DEFAULT mode.
2023-11-14 17:19:54,011 INFO  [restartedMain] org.springframework.data.repository.config.RepositoryConfigurationDelegate.registerRepositoriesIn:201 Finished Spring Data repository scanning in 65 ms. Found 5 JPA repository interfaces.
2023-11-14 17:19:54,247 INFO  [restartedMain] org.springframework.data.repository.config.RepositoryConfigurationDelegate.multipleStoresDetected:262 Multiple Spring Data modules found, entering strict repository configuration mode!
2023-11-14 17:19:54,248 INFO  [restartedMain] org.springframework.data.repository.config.RepositoryConfigurationDelegate.registerRepositoriesIn:132 Bootstrapping Spring Data JDBC repositories in DEFAULT mode.
2023-11-14 17:19:54,266 INFO  [restartedMain] org.springframework.data.repository.config.RepositoryConfigurationExtensionSupport.isStrictRepositoryCandidate:349 Spring Data JDBC - Could not safely identify store assignment for repository candidate interface repository.com.pathbreaker.hostinghub.AdminRepository. If you want this repository to be a JDBC repository, consider annotating your entities with one of these annotations: org.springframework.data.relational.core.mapping.Table.
2023-11-14 17:19:54,268 INFO  [restartedMain] org.springframework.data.repository.config.RepositoryConfigurationExtensionSupport.isStrictRepositoryCandidate:349 Spring Data JDBC - Could not safely identify store assignment for repository candidate interface repository.com.pathbreaker.hostinghub.DomainRepository. If you want this repository to be a JDBC repository, consider annotating your entities with one of these annotations: org.springframework.data.relational.core.mapping.Table.
2023-11-14 17:19:54,269 INFO  [restartedMain] org.springframework.data.repository.config.RepositoryConfigurationExtensionSupport.isStrictRepositoryCandidate:349 Spring Data JDBC - Could not safely identify store assignment for repository candidate interface repository.com.pathbreaker.hostinghub.EmailRepository. If you want this repository to be a JDBC repository, consider annotating your entities with one of these annotations: org.springframework.data.relational.core.mapping.Table.
2023-11-14 17:19:54,270 INFO  [restartedMain] org.springframework.data.repository.config.RepositoryConfigurationExtensionSupport.isStrictRepositoryCandidate:349 Spring Data JDBC - Could not safely identify store assignment for repository candidate interface repository.com.pathbreaker.hostinghub.HostDomainMapRepository. If you want this repository to be a JDBC repository, consider annotating your entities with one of these annotations: org.springframework.data.relational.core.mapping.Table.
2023-11-14 17:19:54,272 INFO  [restartedMain] org.springframework.data.repository.config.RepositoryConfigurationExtensionSupport.isStrictRepositoryCandidate:349 Spring Data JDBC - Could not safely identify store assignment for repository candidate interface repository.com.pathbreaker.hostinghub.HostingRepository. If you want this repository to be a JDBC repository, consider annotating your entities with one of these annotations: org.springframework.data.relational.core.mapping.Table.
2023-11-14 17:19:54,273 INFO  [restartedMain] org.springframework.data.repository.config.RepositoryConfigurationDelegate.registerRepositoriesIn:201 Finished Spring Data repository scanning in 24 ms. Found 0 JDBC repository interfaces.
2023-11-14 17:19:55,105 INFO  [restartedMain] org.springframework.boot.web.embedded.tomcat.TomcatWebServer.initialize:108 Tomcat initialized with port(s): 8090 (http)
2023-11-14 17:19:55,119 INFO  [restartedMain] org.apache.juli.logging.DirectJDKLog.log:173 Initializing ProtocolHandler ["http-nio-8090"]
2023-11-14 17:19:55,120 INFO  [restartedMain] org.apache.juli.logging.DirectJDKLog.log:173 Starting service [Tomcat]
2023-11-14 17:19:55,121 INFO  [restartedMain] org.apache.juli.logging.DirectJDKLog.log:173 Starting Servlet engine: [Apache Tomcat/9.0.58]
2023-11-14 17:19:55,218 INFO  [restartedMain] org.apache.juli.logging.DirectJDKLog.log:173 Initializing Spring embedded WebApplicationContext
2023-11-14 17:19:55,218 INFO  [restartedMain] org.springframework.boot.web.servlet.context.ServletWebServerApplicationContext.prepareWebApplicationContext:290 Root WebApplicationContext: initialization completed in 1985 ms
2023-11-14 17:19:55,262 INFO  [restartedMain] com.zaxxer.hikari.HikariDataSource.getConnection:110 HikariPool-1 - Starting...
2023-11-14 17:19:55,441 INFO  [restartedMain] com.zaxxer.hikari.HikariDataSource.getConnection:123 HikariPool-1 - Start completed.
2023-11-14 17:19:55,453 INFO  [restartedMain] org.springframework.boot.autoconfigure.h2.H2ConsoleAutoConfiguration.logDataSources:89 H2 console available at '/h2-console'. Database available at 'jdbc:mysql://localhost:3306/hostinghub'
2023-11-14 17:19:55,666 INFO  [restartedMain] org.hibernate.jpa.internal.util.LogHelper.logPersistenceUnitInformation:31 HHH000204: Processing PersistenceUnitInfo [name: default]
2023-11-14 17:19:55,755 INFO  [restartedMain] org.hibernate.Version.logVersion:44 HHH000412: Hibernate ORM core version 5.6.5.Final
2023-11-14 17:19:55,942 INFO  [restartedMain] org.hibernate.annotations.common.reflection.java.JavaReflectionManager.<clinit>:56 HCANN000001: Hibernate Commons Annotations {5.1.2.Final}
2023-11-14 17:19:56,045 INFO  [restartedMain] org.hibernate.dialect.Dialect.<init>:175 HHH000400: Using dialect: org.hibernate.dialect.MySQL8Dialect
2023-11-14 17:19:56,687 INFO  [restartedMain] org.hibernate.engine.transaction.jta.platform.internal.JtaPlatformInitiator.initiateService:52 HHH000490: Using JtaPlatform implementation: [org.hibernate.engine.transaction.jta.platform.internal.NoJtaPlatform]
2023-11-14 17:19:56,698 INFO  [restartedMain] org.springframework.orm.jpa.AbstractEntityManagerFactoryBean.buildNativeEntityManagerFactory:437 Initialized JPA EntityManagerFactory for persistence unit 'default'
2023-11-14 17:19:56,820 WARN  [restartedMain] org.springframework.boot.autoconfigure.orm.jpa.JpaBaseConfiguration$JpaWebConfiguration.openEntityManagerInViewInterceptor:219 spring.jpa.open-in-view is enabled by default. Therefore, database queries may be performed during view rendering. Explicitly configure spring.jpa.open-in-view to disable this warning
2023-11-14 17:19:57,585 INFO  [restartedMain] org.springframework.security.web.DefaultSecurityFilterChain.<init>:52 Will not secure any request
2023-11-14 17:19:57,895 WARN  [restartedMain] org.springframework.boot.autoconfigure.thymeleaf.ThymeleafAutoConfiguration$DefaultTemplateResolverConfiguration.checkTemplateLocationExists:106 Cannot find template location: classpath:/templates/ (please add some templates or check your Thymeleaf configuration)
2023-11-14 17:19:58,040 INFO  [restartedMain] org.springframework.boot.devtools.autoconfigure.OptionalLiveReloadServer.startServer:58 LiveReload server is running on port 35729
2023-11-14 17:19:58,053 INFO  [restartedMain] org.apache.juli.logging.DirectJDKLog.log:173 Starting ProtocolHandler ["http-nio-8090"]
2023-11-14 17:19:58,099 INFO  [restartedMain] org.springframework.boot.web.embedded.tomcat.TomcatWebServer.start:220 Tomcat started on port(s): 8090 (http) with context path ''
2023-11-14 17:19:58,140 INFO  [restartedMain] org.springframework.boot.StartupInfoLogger.logStarted:61 Started HostingHubApplication in 5.716 seconds (JVM running for 6.969)
2023-11-14 17:21:51,114 INFO  [http-nio-8090-exec-1] org.apache.juli.logging.DirectJDKLog.log:173 Initializing Spring DispatcherServlet 'dispatcherServlet'
2023-11-14 17:21:51,115 INFO  [http-nio-8090-exec-1] org.springframework.web.servlet.FrameworkServlet.initServletBean:525 Initializing Servlet 'dispatcherServlet'
2023-11-14 17:21:51,117 INFO  [http-nio-8090-exec-1] org.springframework.web.servlet.FrameworkServlet.initServletBean:547 Completed initialization in 2 ms
2023-11-14 18:21:59,281 WARN  [HikariPool-1 housekeeper] com.zaxxer.hikari.pool.HikariPool$HouseKeeper.run:788 HikariPool-1 - Thread starvation or clock leap detected (housekeeper delta=2m2s798ms851µs500ns).
2023-11-14 18:30:25,407 INFO  [Thread-5] org.springframework.orm.jpa.AbstractEntityManagerFactoryBean.destroy:651 Closing JPA EntityManagerFactory for persistence unit 'default'
2023-11-14 18:30:25,411 INFO  [Thread-5] com.zaxxer.hikari.HikariDataSource.close:350 HikariPool-1 - Shutdown initiated...
2023-11-14 18:30:25,417 INFO  [Thread-5] com.zaxxer.hikari.HikariDataSource.close:352 HikariPool-1 - Shutdown completed.
2023-11-14 18:30:25,593 INFO  [restartedMain] org.springframework.boot.StartupInfoLogger.logStarting:55 Starting HostingHubApplication using Java 20.0.1 on DESKTOP-E9NRITI with PID 1040 (D:\HostingHub_WS\hosting-hub\target\classes started by Admin in D:\HostingHub_WS\hosting-hub)
2023-11-14 18:30:25,594 INFO  [restartedMain] org.springframework.boot.SpringApplication.logStartupProfileInfo:640 No active profile set, falling back to 1 default profile: "default"
2023-11-14 18:30:25,751 INFO  [restartedMain] org.springframework.data.repository.config.RepositoryConfigurationDelegate.multipleStoresDetected:262 Multiple Spring Data modules found, entering strict repository configuration mode!
2023-11-14 18:30:25,752 INFO  [restartedMain] org.springframework.data.repository.config.RepositoryConfigurationDelegate.registerRepositoriesIn:132 Bootstrapping Spring Data JPA repositories in DEFAULT mode.
2023-11-14 18:30:25,754 INFO  [restartedMain] org.springframework.data.repository.config.RepositoryConfigurationDelegate.registerRepositoriesIn:201 Finished Spring Data repository scanning in 0 ms. Found 0 JPA repository interfaces.
2023-11-14 18:30:25,802 INFO  [restartedMain] org.springframework.data.repository.config.RepositoryConfigurationDelegate.multipleStoresDetected:262 Multiple Spring Data modules found, entering strict repository configuration mode!
2023-11-14 18:30:25,803 INFO  [restartedMain] org.springframework.data.repository.config.RepositoryConfigurationDelegate.registerRepositoriesIn:132 Bootstrapping Spring Data JDBC repositories in DEFAULT mode.
2023-11-14 18:30:25,804 INFO  [restartedMain] org.springframework.data.repository.config.RepositoryConfigurationDelegate.registerRepositoriesIn:201 Finished Spring Data repository scanning in 0 ms. Found 0 JDBC repository interfaces.
2023-11-14 18:30:25,905 INFO  [restartedMain] org.springframework.boot.web.embedded.tomcat.TomcatWebServer.initialize:108 Tomcat initialized with port(s): 8090 (http)
2023-11-14 18:30:25,907 INFO  [restartedMain] org.apache.juli.logging.DirectJDKLog.log:173 Initializing ProtocolHandler ["http-nio-8090"]
2023-11-14 18:30:25,907 INFO  [restartedMain] org.apache.juli.logging.DirectJDKLog.log:173 Starting service [Tomcat]
2023-11-14 18:30:25,907 INFO  [restartedMain] org.apache.juli.logging.DirectJDKLog.log:173 Starting Servlet engine: [Apache Tomcat/9.0.58]
2023-11-14 18:30:25,984 INFO  [restartedMain] org.apache.juli.logging.DirectJDKLog.log:173 Initializing Spring embedded WebApplicationContext
2023-11-14 18:30:25,984 INFO  [restartedMain] org.springframework.boot.web.servlet.context.ServletWebServerApplicationContext.prepareWebApplicationContext:290 Root WebApplicationContext: initialization completed in 386 ms
2023-11-14 18:30:26,007 INFO  [restartedMain] com.zaxxer.hikari.HikariDataSource.getConnection:110 HikariPool-2 - Starting...
2023-11-14 18:30:26,062 INFO  [restartedMain] com.zaxxer.hikari.HikariDataSource.getConnection:123 HikariPool-2 - Start completed.
2023-11-14 18:30:26,067 INFO  [restartedMain] org.springframework.boot.autoconfigure.h2.H2ConsoleAutoConfiguration.logDataSources:89 H2 console available at '/h2-console'. Database available at 'jdbc:mysql://localhost:3306/hostinghub'
2023-11-14 18:30:26,126 INFO  [restartedMain] org.hibernate.jpa.internal.util.LogHelper.logPersistenceUnitInformation:31 HHH000204: Processing PersistenceUnitInfo [name: default]
2023-11-14 18:30:26,133 INFO  [restartedMain] org.hibernate.dialect.Dialect.<init>:175 HHH000400: Using dialect: org.hibernate.dialect.MySQL8Dialect
2023-11-14 18:30:26,729 INFO  [restartedMain] org.hibernate.engine.transaction.jta.platform.internal.JtaPlatformInitiator.initiateService:52 HHH000490: Using JtaPlatform implementation: [org.hibernate.engine.transaction.jta.platform.internal.NoJtaPlatform]
2023-11-14 18:30:26,729 INFO  [restartedMain] org.springframework.orm.jpa.AbstractEntityManagerFactoryBean.buildNativeEntityManagerFactory:437 Initialized JPA EntityManagerFactory for persistence unit 'default'
2023-11-14 18:30:26,738 WARN  [restartedMain] org.springframework.context.support.AbstractApplicationContext.refresh:591 Exception encountered during context initialization - cancelling refresh attempt: org.springframework.beans.factory.BeanCreationException: Error creating bean with name 'configure' defined in com.pathbreaker.hostinghub.HostingHubApplication: Bean instantiation via factory method failed; nested exception is org.springframework.beans.BeanInstantiationException: Failed to instantiate [org.springframework.web.servlet.config.annotation.WebMvcConfigurer]: Factory method 'configure' threw exception; nested exception is java.lang.NoClassDefFoundError: com/example/hostinghub/HostingHubApplication$1
2023-11-14 18:30:26,739 INFO  [restartedMain] org.springframework.orm.jpa.AbstractEntityManagerFactoryBean.destroy:651 Closing JPA EntityManagerFactory for persistence unit 'default'
2023-11-14 18:30:26,739 INFO  [restartedMain] com.zaxxer.hikari.HikariDataSource.close:350 HikariPool-2 - Shutdown initiated...
2023-11-14 18:30:26,742 INFO  [restartedMain] com.zaxxer.hikari.HikariDataSource.close:352 HikariPool-2 - Shutdown completed.
2023-11-14 18:30:26,742 INFO  [restartedMain] org.apache.juli.logging.DirectJDKLog.log:173 Stopping service [Tomcat]
2023-11-14 18:30:26,748 INFO  [restartedMain] org.springframework.boot.autoconfigure.logging.ConditionEvaluationReportLoggingListener.logMessage:136 

Error starting ApplicationContext. To display the conditions report re-run your application with 'debug' enabled.
2023-11-14 18:30:26,769 ERROR [restartedMain] org.springframework.boot.SpringApplication.reportFailure:830 Application run failed
org.springframework.beans.factory.BeanCreationException: Error creating bean with name 'configure' defined in com.pathbreaker.hostinghub.HostingHubApplication: Bean instantiation via factory method failed; nested exception is org.springframework.beans.BeanInstantiationException: Failed to instantiate [org.springframework.web.servlet.config.annotation.WebMvcConfigurer]: Factory method 'configure' threw exception; nested exception is java.lang.NoClassDefFoundError: com/example/hostinghub/HostingHubApplication$1
	at org.springframework.beans.factory.support.ConstructorResolver.instantiate(ConstructorResolver.java:658)
	at org.springframework.beans.factory.support.ConstructorResolver.instantiateUsingFactoryMethod(ConstructorResolver.java:486)
	at org.springframework.beans.factory.support.AbstractAutowireCapableBeanFactory.instantiateUsingFactoryMethod(AbstractAutowireCapableBeanFactory.java:1352)
	at org.springframework.beans.factory.support.AbstractAutowireCapableBeanFactory.createBeanInstance(AbstractAutowireCapableBeanFactory.java:1195)
	at org.springframework.beans.factory.support.AbstractAutowireCapableBeanFactory.doCreateBean(AbstractAutowireCapableBeanFactory.java:582)
	at org.springframework.beans.factory.support.AbstractAutowireCapableBeanFactory.createBean(AbstractAutowireCapableBeanFactory.java:542)
	at org.springframework.beans.factory.support.AbstractBeanFactory.lambda$doGetBean$0(AbstractBeanFactory.java:335)
	at org.springframework.beans.factory.support.DefaultSingletonBeanRegistry.getSingleton(DefaultSingletonBeanRegistry.java:234)
	at org.springframework.beans.factory.support.AbstractBeanFactory.doGetBean(AbstractBeanFactory.java:333)
	at org.springframework.beans.factory.support.AbstractBeanFactory.getBean(AbstractBeanFactory.java:208)
	at org.springframework.beans.factory.support.DefaultListableBeanFactory.preInstantiateSingletons(DefaultListableBeanFactory.java:953)
	at org.springframework.context.support.AbstractApplicationContext.finishBeanFactoryInitialization(AbstractApplicationContext.java:918)
	at org.springframework.context.support.AbstractApplicationContext.refresh(AbstractApplicationContext.java:583)
	at org.springframework.boot.web.servlet.context.ServletWebServerApplicationContext.refresh(ServletWebServerApplicationContext.java:145)
	at org.springframework.boot.SpringApplication.refresh(SpringApplication.java:740)
	at org.springframework.boot.SpringApplication.refreshContext(SpringApplication.java:415)
	at org.springframework.boot.SpringApplication.run(SpringApplication.java:303)
	at org.springframework.boot.SpringApplication.run(SpringApplication.java:1312)
	at org.springframework.boot.SpringApplication.run(SpringApplication.java:1301)
	at com.pathbreaker.hostinghub.HostingHubApplication.main(HostingHubApplication.java:19)
	at java.base/jdk.internal.reflect.DirectMethodHandleAccessor.invoke(DirectMethodHandleAccessor.java:104)
	at java.base/java.lang.reflect.Method.invoke(Method.java:578)
	at org.springframework.boot.devtools.restart.RestartLauncher.run(RestartLauncher.java:49)
Caused by: org.springframework.beans.BeanInstantiationException: Failed to instantiate [org.springframework.web.servlet.config.annotation.WebMvcConfigurer]: Factory method 'configure' threw exception; nested exception is java.lang.NoClassDefFoundError: com/example/hostinghub/HostingHubApplication$1
	at org.springframework.beans.factory.support.SimpleInstantiationStrategy.instantiate(SimpleInstantiationStrategy.java:185)
	at org.springframework.beans.factory.support.ConstructorResolver.instantiate(ConstructorResolver.java:653)
	... 22 common frames omitted
Caused by: java.lang.NoClassDefFoundError: com/example/hostinghub/HostingHubApplication$1
	at com.pathbreaker.hostinghub.HostingHubApplication.configure(HostingHubApplication.java:24)
	at com.pathbreaker.hostinghub.HostingHubApplication$$EnhancerBySpringCGLIB$$3c156f26.CGLIB$configure$0(<generated>)
	at com.pathbreaker.hostinghub.HostingHubApplication$$EnhancerBySpringCGLIB$$3c156f26$$FastClassBySpringCGLIB$$a718f80e.invoke(<generated>)
	at org.springframework.cglib.proxy.MethodProxy.invokeSuper(MethodProxy.java:244)
	at org.springframework.context.annotation.ConfigurationClassEnhancer$BeanMethodInterceptor.intercept(ConfigurationClassEnhancer.java:331)
	at com.pathbreaker.hostinghub.HostingHubApplication$$EnhancerBySpringCGLIB$$3c156f26.configure(<generated>)
	at java.base/jdk.internal.reflect.DirectMethodHandleAccessor.invoke(DirectMethodHandleAccessor.java:104)
	at java.base/java.lang.reflect.Method.invoke(Method.java:578)
	at org.springframework.beans.factory.support.SimpleInstantiationStrategy.instantiate(SimpleInstantiationStrategy.java:154)
	... 23 common frames omitted
Caused by: java.lang.ClassNotFoundException: com.pathbreaker.hostinghub.HostingHubApplication$1
	at java.base/jdk.internal.loader.BuiltinClassLoader.loadClass(BuiltinClassLoader.java:641)
	at java.base/jdk.internal.loader.ClassLoaders$AppClassLoader.loadClass(ClassLoaders.java:188)
	at java.base/java.lang.ClassLoader.loadClass(ClassLoader.java:521)
	... 32 common frames omitted
2023-11-14 18:30:31,567 INFO  [restartedMain] org.springframework.boot.StartupInfoLogger.logStarting:55 Starting HostingHubApplication using Java 20.0.1 on DESKTOP-E9NRITI with PID 1040 (D:\HostingHub_WS\hosting-hub\target\classes started by Admin in D:\HostingHub_WS\hosting-hub)
2023-11-14 18:30:31,568 INFO  [restartedMain] org.springframework.boot.SpringApplication.logStartupProfileInfo:640 No active profile set, falling back to 1 default profile: "default"
2023-11-14 18:30:31,739 INFO  [restartedMain] org.springframework.data.repository.config.RepositoryConfigurationDelegate.multipleStoresDetected:262 Multiple Spring Data modules found, entering strict repository configuration mode!
2023-11-14 18:30:31,740 INFO  [restartedMain] org.springframework.data.repository.config.RepositoryConfigurationDelegate.registerRepositoriesIn:132 Bootstrapping Spring Data JPA repositories in DEFAULT mode.
2023-11-14 18:30:31,762 INFO  [restartedMain] org.springframework.data.repository.config.RepositoryConfigurationDelegate.registerRepositoriesIn:201 Finished Spring Data repository scanning in 21 ms. Found 5 JPA repository interfaces.
2023-11-14 18:30:31,814 INFO  [restartedMain] org.springframework.data.repository.config.RepositoryConfigurationDelegate.multipleStoresDetected:262 Multiple Spring Data modules found, entering strict repository configuration mode!
2023-11-14 18:30:31,814 INFO  [restartedMain] org.springframework.data.repository.config.RepositoryConfigurationDelegate.registerRepositoriesIn:132 Bootstrapping Spring Data JDBC repositories in DEFAULT mode.
2023-11-14 18:30:31,824 INFO  [restartedMain] org.springframework.data.repository.config.RepositoryConfigurationExtensionSupport.isStrictRepositoryCandidate:349 Spring Data JDBC - Could not safely identify store assignment for repository candidate interface repository.com.pathbreaker.hostinghub.AdminRepository. If you want this repository to be a JDBC repository, consider annotating your entities with one of these annotations: org.springframework.data.relational.core.mapping.Table.
2023-11-14 18:30:31,825 INFO  [restartedMain] org.springframework.data.repository.config.RepositoryConfigurationExtensionSupport.isStrictRepositoryCandidate:349 Spring Data JDBC - Could not safely identify store assignment for repository candidate interface repository.com.pathbreaker.hostinghub.DomainRepository. If you want this repository to be a JDBC repository, consider annotating your entities with one of these annotations: org.springframework.data.relational.core.mapping.Table.
2023-11-14 18:30:31,826 INFO  [restartedMain] org.springframework.data.repository.config.RepositoryConfigurationExtensionSupport.isStrictRepositoryCandidate:349 Spring Data JDBC - Could not safely identify store assignment for repository candidate interface repository.com.pathbreaker.hostinghub.EmailRepository. If you want this repository to be a JDBC repository, consider annotating your entities with one of these annotations: org.springframework.data.relational.core.mapping.Table.
2023-11-14 18:30:31,826 INFO  [restartedMain] org.springframework.data.repository.config.RepositoryConfigurationExtensionSupport.isStrictRepositoryCandidate:349 Spring Data JDBC - Could not safely identify store assignment for repository candidate interface repository.com.pathbreaker.hostinghub.HostDomainMapRepository. If you want this repository to be a JDBC repository, consider annotating your entities with one of these annotations: org.springframework.data.relational.core.mapping.Table.
2023-11-14 18:30:31,827 INFO  [restartedMain] org.springframework.data.repository.config.RepositoryConfigurationExtensionSupport.isStrictRepositoryCandidate:349 Spring Data JDBC - Could not safely identify store assignment for repository candidate interface repository.com.pathbreaker.hostinghub.HostingRepository. If you want this repository to be a JDBC repository, consider annotating your entities with one of these annotations: org.springframework.data.relational.core.mapping.Table.
2023-11-14 18:30:31,827 INFO  [restartedMain] org.springframework.data.repository.config.RepositoryConfigurationDelegate.registerRepositoriesIn:201 Finished Spring Data repository scanning in 12 ms. Found 0 JDBC repository interfaces.
2023-11-14 18:30:31,918 INFO  [restartedMain] org.springframework.boot.web.embedded.tomcat.TomcatWebServer.initialize:108 Tomcat initialized with port(s): 8090 (http)
2023-11-14 18:30:31,919 INFO  [restartedMain] org.apache.juli.logging.DirectJDKLog.log:173 Initializing ProtocolHandler ["http-nio-8090"]
2023-11-14 18:30:31,919 INFO  [restartedMain] org.apache.juli.logging.DirectJDKLog.log:173 Starting service [Tomcat]
2023-11-14 18:30:31,919 INFO  [restartedMain] org.apache.juli.logging.DirectJDKLog.log:173 Starting Servlet engine: [Apache Tomcat/9.0.58]
2023-11-14 18:30:31,942 INFO  [restartedMain] org.apache.juli.logging.DirectJDKLog.log:173 Initializing Spring embedded WebApplicationContext
2023-11-14 18:30:31,942 INFO  [restartedMain] org.springframework.boot.web.servlet.context.ServletWebServerApplicationContext.prepareWebApplicationContext:290 Root WebApplicationContext: initialization completed in 371 ms
2023-11-14 18:30:31,954 INFO  [restartedMain] com.zaxxer.hikari.HikariDataSource.getConnection:110 HikariPool-3 - Starting...
2023-11-14 18:30:31,958 INFO  [restartedMain] com.zaxxer.hikari.HikariDataSource.getConnection:123 HikariPool-3 - Start completed.
2023-11-14 18:30:31,958 INFO  [restartedMain] org.springframework.boot.autoconfigure.h2.H2ConsoleAutoConfiguration.logDataSources:89 H2 console available at '/h2-console'. Database available at 'jdbc:mysql://localhost:3306/hostinghub'
2023-11-14 18:30:31,983 INFO  [restartedMain] org.hibernate.jpa.internal.util.LogHelper.logPersistenceUnitInformation:31 HHH000204: Processing PersistenceUnitInfo [name: default]
2023-11-14 18:30:31,987 INFO  [restartedMain] org.hibernate.dialect.Dialect.<init>:175 HHH000400: Using dialect: org.hibernate.dialect.MySQL8Dialect
2023-11-14 18:30:32,374 INFO  [restartedMain] org.hibernate.engine.transaction.jta.platform.internal.JtaPlatformInitiator.initiateService:52 HHH000490: Using JtaPlatform implementation: [org.hibernate.engine.transaction.jta.platform.internal.NoJtaPlatform]
2023-11-14 18:30:32,375 INFO  [restartedMain] org.springframework.orm.jpa.AbstractEntityManagerFactoryBean.buildNativeEntityManagerFactory:437 Initialized JPA EntityManagerFactory for persistence unit 'default'
2023-11-14 18:30:32,401 WARN  [restartedMain] org.springframework.boot.autoconfigure.orm.jpa.JpaBaseConfiguration$JpaWebConfiguration.openEntityManagerInViewInterceptor:219 spring.jpa.open-in-view is enabled by default. Therefore, database queries may be performed during view rendering. Explicitly configure spring.jpa.open-in-view to disable this warning
2023-11-14 18:30:32,621 INFO  [restartedMain] org.springframework.security.web.DefaultSecurityFilterChain.<init>:52 Will not secure any request
2023-11-14 18:30:32,703 WARN  [restartedMain] org.springframework.boot.autoconfigure.thymeleaf.ThymeleafAutoConfiguration$DefaultTemplateResolverConfiguration.checkTemplateLocationExists:106 Cannot find template location: classpath:/templates/ (please add some templates or check your Thymeleaf configuration)
2023-11-14 18:30:32,739 INFO  [restartedMain] org.springframework.boot.devtools.autoconfigure.OptionalLiveReloadServer.startServer:58 LiveReload server is running on port 35729
2023-11-14 18:30:32,749 INFO  [restartedMain] org.apache.juli.logging.DirectJDKLog.log:173 Starting ProtocolHandler ["http-nio-8090"]
2023-11-14 18:30:32,752 INFO  [restartedMain] org.springframework.boot.web.embedded.tomcat.TomcatWebServer.start:220 Tomcat started on port(s): 8090 (http) with context path ''
2023-11-14 18:30:32,755 INFO  [restartedMain] org.springframework.boot.StartupInfoLogger.logStarted:61 Started HostingHubApplication in 1.22 seconds (JVM running for 4241.584)
2023-11-14 18:30:32,758 INFO  [restartedMain] org.springframework.boot.devtools.autoconfigure.ConditionEvaluationDeltaLoggingListener.onApplicationEvent:63 Condition evaluation unchanged
2023-11-14 18:48:14,058 WARN  [HikariPool-3 housekeeper] com.zaxxer.hikari.pool.HikariPool$HouseKeeper.run:788 HikariPool-3 - Thread starvation or clock leap detected (housekeeper delta=9m11s832ms613µs300ns).
2023-11-14 19:03:58,114 WARN  [HikariPool-3 housekeeper] com.zaxxer.hikari.pool.HikariPool$HouseKeeper.run:788 HikariPool-3 - Thread starvation or clock leap detected (housekeeper delta=5m13s889ms747µs700ns).
2023-11-14 20:05:02,999 INFO  [SpringApplicationShutdownHook] org.springframework.orm.jpa.AbstractEntityManagerFactoryBean.destroy:651 Closing JPA EntityManagerFactory for persistence unit 'default'
2023-11-14 20:05:03,006 INFO  [SpringApplicationShutdownHook] com.zaxxer.hikari.HikariDataSource.close:350 HikariPool-3 - Shutdown initiated...
2023-11-14 20:05:03,008 INFO  [SpringApplicationShutdownHook] com.zaxxer.hikari.HikariDataSource.close:352 HikariPool-3 - Shutdown completed.
