2023-12-26 16:42:13,711 INFO  [restartedMain] org.springframework.boot.StartupInfoLogger.logStarting:51 Starting HostingHubApplication using Java 20.0.1 with PID 10844 (D:\HostingHub_WS\hosting-hub\target\classes started by Admin in D:\HostingHub_WS\hosting-hub)
2023-12-26 16:42:13,725 INFO  [restartedMain] org.springframework.boot.SpringApplication.logStartupProfileInfo:630 No active profile set, falling back to 1 default profile: "default"
2023-12-26 16:42:13,853 INFO  [restartedMain] org.springframework.boot.logging.DeferredLog.logTo:250 Devtools property defaults active! Set 'spring.devtools.add-properties' to 'false' to disable
2023-12-26 16:42:13,853 INFO  [restartedMain] org.springframework.boot.logging.DeferredLog.logTo:250 For additional web related logging consider setting the 'logging.level.web' property to 'DEBUG'
2023-12-26 16:42:14,682 INFO  [restartedMain] org.springframework.data.repository.config.RepositoryConfigurationDelegate.multipleStoresDetected:294 Multiple Spring Data modules found, entering strict repository configuration mode
2023-12-26 16:42:14,683 INFO  [restartedMain] org.springframework.data.repository.config.RepositoryConfigurationDelegate.registerRepositoriesIn:138 Bootstrapping Spring Data JPA repositories in DEFAULT mode.
2023-12-26 16:42:14,762 INFO  [restartedMain] org.springframework.data.repository.config.RepositoryConfigurationDelegate.registerRepositoriesIn:208 Finished Spring Data repository scanning in 65 ms. Found 7 JPA repository interfaces.
2023-12-26 16:42:15,028 INFO  [restartedMain] org.springframework.data.repository.config.RepositoryConfigurationDelegate.multipleStoresDetected:294 Multiple Spring Data modules found, entering strict repository configuration mode
2023-12-26 16:42:15,029 INFO  [restartedMain] org.springframework.data.repository.config.RepositoryConfigurationDelegate.registerRepositoriesIn:138 Bootstrapping Spring Data JDBC repositories in DEFAULT mode.
2023-12-26 16:42:15,054 INFO  [restartedMain] org.springframework.data.repository.config.RepositoryConfigurationExtensionSupport.isStrictRepositoryCandidate:320 Spring Data JDBC - Could not safely identify store assignment for repository candidate interface repository.com.pathbreaker.hostinghub.AdminRepository; If you want this repository to be a JDBC repository, consider annotating your entities with one of these annotations: org.springframework.data.relational.core.mapping.Table.
2023-12-26 16:42:15,054 INFO  [restartedMain] org.springframework.data.repository.config.RepositoryConfigurationExtensionSupport.isStrictRepositoryCandidate:320 Spring Data JDBC - Could not safely identify store assignment for repository candidate interface repository.com.pathbreaker.hostinghub.DomainRepository; If you want this repository to be a JDBC repository, consider annotating your entities with one of these annotations: org.springframework.data.relational.core.mapping.Table.
2023-12-26 16:42:15,055 INFO  [restartedMain] org.springframework.data.repository.config.RepositoryConfigurationExtensionSupport.isStrictRepositoryCandidate:320 Spring Data JDBC - Could not safely identify store assignment for repository candidate interface repository.com.pathbreaker.hostinghub.EmailRepository; If you want this repository to be a JDBC repository, consider annotating your entities with one of these annotations: org.springframework.data.relational.core.mapping.Table.
2023-12-26 16:42:15,056 INFO  [restartedMain] org.springframework.data.repository.config.RepositoryConfigurationExtensionSupport.isStrictRepositoryCandidate:320 Spring Data JDBC - Could not safely identify store assignment for repository candidate interface repository.com.pathbreaker.hostinghub.HostDomainMapRepository; If you want this repository to be a JDBC repository, consider annotating your entities with one of these annotations: org.springframework.data.relational.core.mapping.Table.
2023-12-26 16:42:15,056 INFO  [restartedMain] org.springframework.data.repository.config.RepositoryConfigurationExtensionSupport.isStrictRepositoryCandidate:320 Spring Data JDBC - Could not safely identify store assignment for repository candidate interface repository.com.pathbreaker.hostinghub.HostingRepository; If you want this repository to be a JDBC repository, consider annotating your entities with one of these annotations: org.springframework.data.relational.core.mapping.Table.
2023-12-26 16:42:15,057 INFO  [restartedMain] org.springframework.data.repository.config.RepositoryConfigurationExtensionSupport.isStrictRepositoryCandidate:320 Spring Data JDBC - Could not safely identify store assignment for repository candidate interface repository.com.pathbreaker.hostinghub.ItReturnsRepository; If you want this repository to be a JDBC repository, consider annotating your entities with one of these annotations: org.springframework.data.relational.core.mapping.Table.
2023-12-26 16:42:15,057 INFO  [restartedMain] org.springframework.data.repository.config.RepositoryConfigurationExtensionSupport.isStrictRepositoryCandidate:320 Spring Data JDBC - Could not safely identify store assignment for repository candidate interface repository.com.pathbreaker.hostinghub.PasswordRepository; If you want this repository to be a JDBC repository, consider annotating your entities with one of these annotations: org.springframework.data.relational.core.mapping.Table.
2023-12-26 16:42:15,058 INFO  [restartedMain] org.springframework.data.repository.config.RepositoryConfigurationDelegate.registerRepositoriesIn:208 Finished Spring Data repository scanning in 29 ms. Found 0 JDBC repository interfaces.
2023-12-26 16:42:15,967 INFO  [restartedMain] org.springframework.boot.web.embedded.tomcat.TomcatWebServer.initialize:108 Tomcat initialized with port(s): 8090 (http)
2023-12-26 16:42:15,981 INFO  [restartedMain] org.apache.juli.logging.DirectJDKLog.log:173 Initializing ProtocolHandler ["http-nio-8090"]
2023-12-26 16:42:15,982 INFO  [restartedMain] org.apache.juli.logging.DirectJDKLog.log:173 Starting service [Tomcat]
2023-12-26 16:42:15,983 INFO  [restartedMain] org.apache.juli.logging.DirectJDKLog.log:173 Starting Servlet engine: [Apache Tomcat/10.1.4]
2023-12-26 16:42:16,051 INFO  [restartedMain] org.apache.juli.logging.DirectJDKLog.log:173 Initializing Spring embedded WebApplicationContext
2023-12-26 16:42:16,053 INFO  [restartedMain] org.springframework.boot.web.servlet.context.ServletWebServerApplicationContext.prepareWebApplicationContext:291 Root WebApplicationContext: initialization completed in 2197 ms
2023-12-26 16:42:16,098 INFO  [restartedMain] com.zaxxer.hikari.HikariDataSource.getConnection:110 HikariPool-1 - Starting...
2023-12-26 16:42:16,285 INFO  [restartedMain] com.zaxxer.hikari.pool.HikariPool.checkFailFast:565 HikariPool-1 - Added connection com.mysql.cj.jdbc.ConnectionImpl@5b6e8b2b
2023-12-26 16:42:16,287 INFO  [restartedMain] com.zaxxer.hikari.HikariDataSource.getConnection:123 HikariPool-1 - Start completed.
2023-12-26 16:42:16,296 INFO  [restartedMain] org.springframework.boot.autoconfigure.h2.H2ConsoleAutoConfiguration.logDataSources:88 H2 console available at '/h2-console'. Database available at 'jdbc:mysql://localhost:3306/hostinghub'
2023-12-26 16:42:16,474 INFO  [restartedMain] org.hibernate.jpa.internal.util.LogHelper.logPersistenceUnitInformation:31 HHH000204: Processing PersistenceUnitInfo [name: default]
2023-12-26 16:42:16,609 INFO  [restartedMain] org.hibernate.Version.logVersion:44 HHH000412: Hibernate ORM core version 6.1.6.Final
2023-12-26 16:42:16,769 WARN  [restartedMain] org.hibernate.boot.internal.MetadataBuilderImpl$MetadataBuildingOptionsImpl.lambda$new$1:626 HHH90000021: Encountered deprecated setting [javax.persistence.sharedCache.mode], use [jakarta.persistence.sharedCache.mode] instead
2023-12-26 16:42:16,913 INFO  [restartedMain] org.hibernate.engine.jdbc.dialect.internal.DialectFactoryImpl.logSelectedDialect:66 HHH000400: Using dialect: org.hibernate.dialect.MySQL8Dialect
2023-12-26 16:42:16,914 WARN  [restartedMain] org.hibernate.engine.jdbc.dialect.internal.DialectFactoryImpl.logSelectedDialect:73 HHH90000026: MySQL8Dialect has been deprecated; use org.hibernate.dialect.MySQLDialect instead
2023-12-26 16:42:17,859 INFO  [restartedMain] org.hibernate.engine.transaction.jta.platform.internal.JtaPlatformInitiator.initiateService:51 HHH000490: Using JtaPlatform implementation: [org.hibernate.engine.transaction.jta.platform.internal.NoJtaPlatform]
2023-12-26 16:42:17,869 INFO  [restartedMain] org.springframework.orm.jpa.AbstractEntityManagerFactoryBean.buildNativeEntityManagerFactory:437 Initialized JPA EntityManagerFactory for persistence unit 'default'
2023-12-26 16:42:18,920 WARN  [restartedMain] org.springframework.boot.autoconfigure.orm.jpa.JpaBaseConfiguration$JpaWebConfiguration.openEntityManagerInViewInterceptor:227 spring.jpa.open-in-view is enabled by default. Therefore, database queries may be performed during view rendering. Explicitly configure spring.jpa.open-in-view to disable this warning
2023-12-26 16:42:19,634 INFO  [restartedMain] org.springframework.boot.devtools.autoconfigure.OptionalLiveReloadServer.startServer:59 LiveReload server is running on port 35729
2023-12-26 16:42:19,656 INFO  [restartedMain] org.apache.juli.logging.DirectJDKLog.log:173 Starting ProtocolHandler ["http-nio-8090"]
2023-12-26 16:42:19,675 INFO  [restartedMain] org.springframework.boot.web.embedded.tomcat.TomcatWebServer.start:220 Tomcat started on port(s): 8090 (http) with context path ''
2023-12-26 16:42:19,689 INFO  [restartedMain] org.springframework.boot.StartupInfoLogger.logStarted:57 Started HostingHubApplication in 6.745 seconds (process running for 7.334)
2023-12-26 17:19:39,231 WARN  [HikariPool-1 housekeeper] com.zaxxer.hikari.pool.HikariPool$HouseKeeper.run:804 HikariPool-1 - Thread starvation or clock leap detected (housekeeper delta=5m52s230ms609µs200ns).
2023-12-26 18:18:26,271 WARN  [HikariPool-1 housekeeper] com.zaxxer.hikari.pool.HikariPool$HouseKeeper.run:804 HikariPool-1 - Thread starvation or clock leap detected (housekeeper delta=24m46s319ms782µs100ns).
2023-12-26 19:03:57,581 WARN  [HikariPool-1 housekeeper] com.zaxxer.hikari.pool.HikariPool$HouseKeeper.run:804 HikariPool-1 - Thread starvation or clock leap detected (housekeeper delta=32m31s87ms513µs100ns).
2023-12-26 19:34:46,258 INFO  [SpringApplicationShutdownHook] org.springframework.orm.jpa.AbstractEntityManagerFactoryBean.destroy:650 Closing JPA EntityManagerFactory for persistence unit 'default'
2023-12-26 19:34:46,275 INFO  [SpringApplicationShutdownHook] com.zaxxer.hikari.HikariDataSource.close:350 HikariPool-1 - Shutdown initiated...
2023-12-26 19:34:46,281 INFO  [SpringApplicationShutdownHook] com.zaxxer.hikari.HikariDataSource.close:352 HikariPool-1 - Shutdown completed.
2023-12-26 19:34:50,759 INFO  [restartedMain] org.springframework.boot.StartupInfoLogger.logStarting:51 Starting HostingHubApplication using Java 20.0.1 with PID 12272 (D:\HostingHub_WS\hosting-hub\target\classes started by Admin in D:\HostingHub_WS\hosting-hub)
2023-12-26 19:34:50,767 INFO  [restartedMain] org.springframework.boot.SpringApplication.logStartupProfileInfo:630 No active profile set, falling back to 1 default profile: "default"
2023-12-26 19:34:50,855 INFO  [restartedMain] org.springframework.boot.logging.DeferredLog.logTo:250 Devtools property defaults active! Set 'spring.devtools.add-properties' to 'false' to disable
2023-12-26 19:34:50,855 INFO  [restartedMain] org.springframework.boot.logging.DeferredLog.logTo:250 For additional web related logging consider setting the 'logging.level.web' property to 'DEBUG'
2023-12-26 19:34:51,602 INFO  [restartedMain] org.springframework.data.repository.config.RepositoryConfigurationDelegate.multipleStoresDetected:294 Multiple Spring Data modules found, entering strict repository configuration mode
2023-12-26 19:34:51,602 INFO  [restartedMain] org.springframework.data.repository.config.RepositoryConfigurationDelegate.registerRepositoriesIn:138 Bootstrapping Spring Data JPA repositories in DEFAULT mode.
2023-12-26 19:34:51,688 INFO  [restartedMain] org.springframework.data.repository.config.RepositoryConfigurationDelegate.registerRepositoriesIn:208 Finished Spring Data repository scanning in 72 ms. Found 7 JPA repository interfaces.
2023-12-26 19:34:51,965 INFO  [restartedMain] org.springframework.data.repository.config.RepositoryConfigurationDelegate.multipleStoresDetected:294 Multiple Spring Data modules found, entering strict repository configuration mode
2023-12-26 19:34:51,966 INFO  [restartedMain] org.springframework.data.repository.config.RepositoryConfigurationDelegate.registerRepositoriesIn:138 Bootstrapping Spring Data JDBC repositories in DEFAULT mode.
2023-12-26 19:34:51,996 INFO  [restartedMain] org.springframework.data.repository.config.RepositoryConfigurationExtensionSupport.isStrictRepositoryCandidate:320 Spring Data JDBC - Could not safely identify store assignment for repository candidate interface repository.com.pathbreaker.hostinghub.AdminRepository; If you want this repository to be a JDBC repository, consider annotating your entities with one of these annotations: org.springframework.data.relational.core.mapping.Table.
2023-12-26 19:34:51,997 INFO  [restartedMain] org.springframework.data.repository.config.RepositoryConfigurationExtensionSupport.isStrictRepositoryCandidate:320 Spring Data JDBC - Could not safely identify store assignment for repository candidate interface repository.com.pathbreaker.hostinghub.DomainRepository; If you want this repository to be a JDBC repository, consider annotating your entities with one of these annotations: org.springframework.data.relational.core.mapping.Table.
2023-12-26 19:34:51,998 INFO  [restartedMain] org.springframework.data.repository.config.RepositoryConfigurationExtensionSupport.isStrictRepositoryCandidate:320 Spring Data JDBC - Could not safely identify store assignment for repository candidate interface repository.com.pathbreaker.hostinghub.EmailRepository; If you want this repository to be a JDBC repository, consider annotating your entities with one of these annotations: org.springframework.data.relational.core.mapping.Table.
2023-12-26 19:34:52,000 INFO  [restartedMain] org.springframework.data.repository.config.RepositoryConfigurationExtensionSupport.isStrictRepositoryCandidate:320 Spring Data JDBC - Could not safely identify store assignment for repository candidate interface repository.com.pathbreaker.hostinghub.HostDomainMapRepository; If you want this repository to be a JDBC repository, consider annotating your entities with one of these annotations: org.springframework.data.relational.core.mapping.Table.
2023-12-26 19:34:52,000 INFO  [restartedMain] org.springframework.data.repository.config.RepositoryConfigurationExtensionSupport.isStrictRepositoryCandidate:320 Spring Data JDBC - Could not safely identify store assignment for repository candidate interface repository.com.pathbreaker.hostinghub.HostingRepository; If you want this repository to be a JDBC repository, consider annotating your entities with one of these annotations: org.springframework.data.relational.core.mapping.Table.
2023-12-26 19:34:52,001 INFO  [restartedMain] org.springframework.data.repository.config.RepositoryConfigurationExtensionSupport.isStrictRepositoryCandidate:320 Spring Data JDBC - Could not safely identify store assignment for repository candidate interface repository.com.pathbreaker.hostinghub.ItReturnsRepository; If you want this repository to be a JDBC repository, consider annotating your entities with one of these annotations: org.springframework.data.relational.core.mapping.Table.
2023-12-26 19:34:52,001 INFO  [restartedMain] org.springframework.data.repository.config.RepositoryConfigurationExtensionSupport.isStrictRepositoryCandidate:320 Spring Data JDBC - Could not safely identify store assignment for repository candidate interface repository.com.pathbreaker.hostinghub.PasswordRepository; If you want this repository to be a JDBC repository, consider annotating your entities with one of these annotations: org.springframework.data.relational.core.mapping.Table.
2023-12-26 19:34:52,001 INFO  [restartedMain] org.springframework.data.repository.config.RepositoryConfigurationDelegate.registerRepositoriesIn:208 Finished Spring Data repository scanning in 34 ms. Found 0 JDBC repository interfaces.
2023-12-26 19:34:52,881 INFO  [restartedMain] org.springframework.boot.web.embedded.tomcat.TomcatWebServer.initialize:108 Tomcat initialized with port(s): 8090 (http)
2023-12-26 19:34:52,894 INFO  [restartedMain] org.apache.juli.logging.DirectJDKLog.log:173 Initializing ProtocolHandler ["http-nio-8090"]
2023-12-26 19:34:52,896 INFO  [restartedMain] org.apache.juli.logging.DirectJDKLog.log:173 Starting service [Tomcat]
2023-12-26 19:34:52,897 INFO  [restartedMain] org.apache.juli.logging.DirectJDKLog.log:173 Starting Servlet engine: [Apache Tomcat/10.1.4]
2023-12-26 19:34:52,947 INFO  [restartedMain] org.apache.juli.logging.DirectJDKLog.log:173 Initializing Spring embedded WebApplicationContext
2023-12-26 19:34:52,951 INFO  [restartedMain] org.springframework.boot.web.servlet.context.ServletWebServerApplicationContext.prepareWebApplicationContext:291 Root WebApplicationContext: initialization completed in 2090 ms
2023-12-26 19:34:52,990 INFO  [restartedMain] com.zaxxer.hikari.HikariDataSource.getConnection:110 HikariPool-1 - Starting...
2023-12-26 19:34:53,109 INFO  [restartedMain] com.zaxxer.hikari.pool.HikariPool.checkFailFast:565 HikariPool-1 - Added connection com.mysql.cj.jdbc.ConnectionImpl@6154afbc
2023-12-26 19:34:53,111 INFO  [restartedMain] com.zaxxer.hikari.HikariDataSource.getConnection:123 HikariPool-1 - Start completed.
2023-12-26 19:34:53,119 INFO  [restartedMain] org.springframework.boot.autoconfigure.h2.H2ConsoleAutoConfiguration.logDataSources:88 H2 console available at '/h2-console'. Database available at 'jdbc:mysql://localhost:3306/hostinghub'
2023-12-26 19:34:53,305 INFO  [restartedMain] org.hibernate.jpa.internal.util.LogHelper.logPersistenceUnitInformation:31 HHH000204: Processing PersistenceUnitInfo [name: default]
2023-12-26 19:34:53,398 INFO  [restartedMain] org.hibernate.Version.logVersion:44 HHH000412: Hibernate ORM core version 6.1.6.Final
2023-12-26 19:34:53,549 WARN  [restartedMain] org.hibernate.boot.internal.MetadataBuilderImpl$MetadataBuildingOptionsImpl.lambda$new$1:626 HHH90000021: Encountered deprecated setting [javax.persistence.sharedCache.mode], use [jakarta.persistence.sharedCache.mode] instead
2023-12-26 19:34:53,714 INFO  [restartedMain] org.hibernate.engine.jdbc.dialect.internal.DialectFactoryImpl.logSelectedDialect:66 HHH000400: Using dialect: org.hibernate.dialect.MySQL8Dialect
2023-12-26 19:34:53,715 WARN  [restartedMain] org.hibernate.engine.jdbc.dialect.internal.DialectFactoryImpl.logSelectedDialect:73 HHH90000026: MySQL8Dialect has been deprecated; use org.hibernate.dialect.MySQLDialect instead
2023-12-26 19:34:54,538 INFO  [restartedMain] org.hibernate.engine.transaction.jta.platform.internal.JtaPlatformInitiator.initiateService:51 HHH000490: Using JtaPlatform implementation: [org.hibernate.engine.transaction.jta.platform.internal.NoJtaPlatform]
2023-12-26 19:34:54,547 INFO  [restartedMain] org.springframework.orm.jpa.AbstractEntityManagerFactoryBean.buildNativeEntityManagerFactory:437 Initialized JPA EntityManagerFactory for persistence unit 'default'
2023-12-26 19:34:55,590 WARN  [restartedMain] org.springframework.boot.autoconfigure.orm.jpa.JpaBaseConfiguration$JpaWebConfiguration.openEntityManagerInViewInterceptor:227 spring.jpa.open-in-view is enabled by default. Therefore, database queries may be performed during view rendering. Explicitly configure spring.jpa.open-in-view to disable this warning
2023-12-26 19:34:56,064 INFO  [restartedMain] org.springframework.boot.devtools.autoconfigure.OptionalLiveReloadServer.startServer:59 LiveReload server is running on port 35729
2023-12-26 19:34:56,085 INFO  [restartedMain] org.apache.juli.logging.DirectJDKLog.log:173 Starting ProtocolHandler ["http-nio-8090"]
2023-12-26 19:34:56,108 INFO  [restartedMain] org.springframework.boot.web.embedded.tomcat.TomcatWebServer.start:220 Tomcat started on port(s): 8090 (http) with context path ''
2023-12-26 19:34:56,132 INFO  [restartedMain] org.springframework.boot.StartupInfoLogger.logStarted:57 Started HostingHubApplication in 6.071 seconds (process running for 6.607)
2023-12-26 20:12:57,600 INFO  [SpringApplicationShutdownHook] org.springframework.orm.jpa.AbstractEntityManagerFactoryBean.destroy:650 Closing JPA EntityManagerFactory for persistence unit 'default'
2023-12-26 20:12:57,602 INFO  [SpringApplicationShutdownHook] com.zaxxer.hikari.HikariDataSource.close:350 HikariPool-1 - Shutdown initiated...
2023-12-26 20:12:57,608 INFO  [SpringApplicationShutdownHook] com.zaxxer.hikari.HikariDataSource.close:352 HikariPool-1 - Shutdown completed.
