2024-01-03 10:08:17,122 INFO  [restartedMain] org.springframework.boot.StartupInfoLogger.logStarting:51 Starting HostingHubApplication using Java 20.0.1 with PID 20068 (D:\HostingHub_WS\hosting-hub-with-security\target\classes started by Admin in D:\HostingHub_WS\hosting-hub-with-security)
2024-01-03 10:08:17,126 INFO  [restartedMain] org.springframework.boot.SpringApplication.logStartupProfileInfo:636 The following 1 profile is active: "common"
2024-01-03 10:08:17,237 INFO  [restartedMain] org.springframework.boot.logging.DeferredLog.logTo:250 Devtools property defaults active! Set 'spring.devtools.add-properties' to 'false' to disable
2024-01-03 10:08:17,239 INFO  [restartedMain] org.springframework.boot.logging.DeferredLog.logTo:250 For additional web related logging consider setting the 'logging.level.web' property to 'DEBUG'
2024-01-03 10:08:18,812 INFO  [restartedMain] org.springframework.data.repository.config.RepositoryConfigurationDelegate.multipleStoresDetected:294 Multiple Spring Data modules found, entering strict repository configuration mode
2024-01-03 10:08:18,814 INFO  [restartedMain] org.springframework.data.repository.config.RepositoryConfigurationDelegate.registerRepositoriesIn:138 Bootstrapping Spring Data JDBC repositories in DEFAULT mode.
2024-01-03 10:08:18,876 INFO  [restartedMain] org.springframework.data.repository.config.RepositoryConfigurationExtensionSupport.isStrictRepositoryCandidate:320 Spring Data JDBC - Could not safely identify store assignment for repository candidate interface com.pathbreaker.hostinghub.repository.AdminRepository; If you want this repository to be a JDBC repository, consider annotating your entities with one of these annotations: org.springframework.data.relational.core.mapping.Table.
2024-01-03 10:08:18,879 INFO  [restartedMain] org.springframework.data.repository.config.RepositoryConfigurationExtensionSupport.isStrictRepositoryCandidate:320 Spring Data JDBC - Could not safely identify store assignment for repository candidate interface com.pathbreaker.hostinghub.repository.DomainRepository; If you want this repository to be a JDBC repository, consider annotating your entities with one of these annotations: org.springframework.data.relational.core.mapping.Table.
2024-01-03 10:08:18,883 INFO  [restartedMain] org.springframework.data.repository.config.RepositoryConfigurationExtensionSupport.isStrictRepositoryCandidate:320 Spring Data JDBC - Could not safely identify store assignment for repository candidate interface com.pathbreaker.hostinghub.repository.EmailRepository; If you want this repository to be a JDBC repository, consider annotating your entities with one of these annotations: org.springframework.data.relational.core.mapping.Table.
2024-01-03 10:08:18,886 INFO  [restartedMain] org.springframework.data.repository.config.RepositoryConfigurationExtensionSupport.isStrictRepositoryCandidate:320 Spring Data JDBC - Could not safely identify store assignment for repository candidate interface com.pathbreaker.hostinghub.repository.HostDomainMapRepository; If you want this repository to be a JDBC repository, consider annotating your entities with one of these annotations: org.springframework.data.relational.core.mapping.Table.
2024-01-03 10:08:18,890 INFO  [restartedMain] org.springframework.data.repository.config.RepositoryConfigurationExtensionSupport.isStrictRepositoryCandidate:320 Spring Data JDBC - Could not safely identify store assignment for repository candidate interface com.pathbreaker.hostinghub.repository.HostingRepository; If you want this repository to be a JDBC repository, consider annotating your entities with one of these annotations: org.springframework.data.relational.core.mapping.Table.
2024-01-03 10:08:18,892 INFO  [restartedMain] org.springframework.data.repository.config.RepositoryConfigurationExtensionSupport.isStrictRepositoryCandidate:320 Spring Data JDBC - Could not safely identify store assignment for repository candidate interface com.pathbreaker.hostinghub.repository.ItReturnsRepository; If you want this repository to be a JDBC repository, consider annotating your entities with one of these annotations: org.springframework.data.relational.core.mapping.Table.
2024-01-03 10:08:18,895 INFO  [restartedMain] org.springframework.data.repository.config.RepositoryConfigurationExtensionSupport.isStrictRepositoryCandidate:320 Spring Data JDBC - Could not safely identify store assignment for repository candidate interface com.pathbreaker.hostinghub.repository.PasswordRepository; If you want this repository to be a JDBC repository, consider annotating your entities with one of these annotations: org.springframework.data.relational.core.mapping.Table.
2024-01-03 10:08:18,897 INFO  [restartedMain] org.springframework.data.repository.config.RepositoryConfigurationDelegate.registerRepositoriesIn:208 Finished Spring Data repository scanning in 74 ms. Found 0 JDBC repository interfaces.
2024-01-03 10:08:18,913 INFO  [restartedMain] org.springframework.data.repository.config.RepositoryConfigurationDelegate.multipleStoresDetected:294 Multiple Spring Data modules found, entering strict repository configuration mode
2024-01-03 10:08:18,915 INFO  [restartedMain] org.springframework.data.repository.config.RepositoryConfigurationDelegate.registerRepositoriesIn:138 Bootstrapping Spring Data JPA repositories in DEFAULT mode.
2024-01-03 10:08:18,997 INFO  [restartedMain] org.springframework.data.repository.config.RepositoryConfigurationDelegate.registerRepositoriesIn:208 Finished Spring Data repository scanning in 76 ms. Found 7 JPA repository interfaces.
2024-01-03 10:08:20,344 INFO  [restartedMain] org.springframework.boot.web.embedded.tomcat.TomcatWebServer.initialize:108 Tomcat initialized with port(s): 8090 (http)
2024-01-03 10:08:20,362 INFO  [restartedMain] org.apache.juli.logging.DirectJDKLog.log:173 Initializing ProtocolHandler ["http-nio-8090"]
2024-01-03 10:08:20,365 INFO  [restartedMain] org.apache.juli.logging.DirectJDKLog.log:173 Starting service [Tomcat]
2024-01-03 10:08:20,366 INFO  [restartedMain] org.apache.juli.logging.DirectJDKLog.log:173 Starting Servlet engine: [Apache Tomcat/10.1.4]
2024-01-03 10:08:20,461 INFO  [restartedMain] org.apache.juli.logging.DirectJDKLog.log:173 Initializing Spring embedded WebApplicationContext
2024-01-03 10:08:20,464 INFO  [restartedMain] org.springframework.boot.web.servlet.context.ServletWebServerApplicationContext.prepareWebApplicationContext:291 Root WebApplicationContext: initialization completed in 3219 ms
2024-01-03 10:08:20,523 INFO  [restartedMain] com.zaxxer.hikari.HikariDataSource.getConnection:110 HikariPool-1 - Starting...
2024-01-03 10:08:20,806 INFO  [restartedMain] com.zaxxer.hikari.pool.HikariPool.checkFailFast:565 HikariPool-1 - Added connection com.mysql.cj.jdbc.ConnectionImpl@68b34158
2024-01-03 10:08:20,808 INFO  [restartedMain] com.zaxxer.hikari.HikariDataSource.getConnection:123 HikariPool-1 - Start completed.
2024-01-03 10:08:20,821 INFO  [restartedMain] org.springframework.boot.autoconfigure.h2.H2ConsoleAutoConfiguration.logDataSources:88 H2 console available at '/h2-console'. Database available at 'jdbc:mysql://localhost:3306/hostinghub'
2024-01-03 10:08:21,205 INFO  [restartedMain] org.hibernate.jpa.internal.util.LogHelper.logPersistenceUnitInformation:31 HHH000204: Processing PersistenceUnitInfo [name: default]
2024-01-03 10:08:21,294 INFO  [restartedMain] org.hibernate.Version.logVersion:44 HHH000412: Hibernate ORM core version 6.1.6.Final
2024-01-03 10:08:21,555 WARN  [restartedMain] org.hibernate.boot.internal.MetadataBuilderImpl$MetadataBuildingOptionsImpl.lambda$new$1:626 HHH90000021: Encountered deprecated setting [javax.persistence.sharedCache.mode], use [jakarta.persistence.sharedCache.mode] instead
2024-01-03 10:08:21,763 INFO  [restartedMain] org.hibernate.engine.jdbc.dialect.internal.DialectFactoryImpl.logSelectedDialect:66 HHH000400: Using dialect: org.hibernate.dialect.MySQL8Dialect
2024-01-03 10:08:21,767 WARN  [restartedMain] org.hibernate.engine.jdbc.dialect.internal.DialectFactoryImpl.logSelectedDialect:73 HHH90000026: MySQL8Dialect has been deprecated; use org.hibernate.dialect.MySQLDialect instead
2024-01-03 10:08:22,731 INFO  [restartedMain] org.hibernate.engine.transaction.jta.platform.internal.JtaPlatformInitiator.initiateService:51 HHH000490: Using JtaPlatform implementation: [org.hibernate.engine.transaction.jta.platform.internal.NoJtaPlatform]
2024-01-03 10:08:22,739 INFO  [restartedMain] org.springframework.orm.jpa.AbstractEntityManagerFactoryBean.buildNativeEntityManagerFactory:437 Initialized JPA EntityManagerFactory for persistence unit 'default'
2024-01-03 10:08:23,890 WARN  [restartedMain] org.springframework.boot.autoconfigure.orm.jpa.JpaBaseConfiguration$JpaWebConfiguration.openEntityManagerInViewInterceptor:227 spring.jpa.open-in-view is enabled by default. Therefore, database queries may be performed during view rendering. Explicitly configure spring.jpa.open-in-view to disable this warning
2024-01-03 10:08:24,488 INFO  [restartedMain] org.springframework.boot.devtools.autoconfigure.OptionalLiveReloadServer.startServer:59 LiveReload server is running on port 35729
2024-01-03 10:08:24,509 INFO  [restartedMain] org.apache.juli.logging.DirectJDKLog.log:173 Starting ProtocolHandler ["http-nio-8090"]
2024-01-03 10:08:24,535 INFO  [restartedMain] org.springframework.boot.web.embedded.tomcat.TomcatWebServer.start:220 Tomcat started on port(s): 8090 (http) with context path ''
2024-01-03 10:08:24,555 INFO  [restartedMain] org.springframework.boot.StartupInfoLogger.logStarted:57 Started HostingHubApplication in 8.364 seconds (process running for 9.286)
2024-01-03 10:11:06,392 INFO  [http-nio-8090-exec-1] org.apache.juli.logging.DirectJDKLog.log:173 Initializing Spring DispatcherServlet 'dispatcherServlet'
2024-01-03 10:11:06,392 INFO  [http-nio-8090-exec-1] org.springframework.web.servlet.FrameworkServlet.initServletBean:532 Initializing Servlet 'dispatcherServlet'
2024-01-03 10:11:06,401 INFO  [http-nio-8090-exec-1] org.springframework.web.servlet.FrameworkServlet.initServletBean:554 Completed initialization in 9 ms
2024-01-03 10:11:06,411 INFO  [http-nio-8090-exec-1] com.pathbreaker.services.filters.CustomFilter.doFilterInternal:39 [CustomFilter] - Inside the do filter method executed..
2024-01-03 10:11:06,415 INFO  [http-nio-8090-exec-1] com.pathbreaker.services.filters.CustomFilter.doFilterInternal:40 Local Port : 8090
2024-01-03 10:11:06,415 INFO  [http-nio-8090-exec-1] com.pathbreaker.services.filters.CustomFilter.doFilterInternal:41 server Name : localhost
2024-01-03 10:11:06,415 INFO  [http-nio-8090-exec-1] com.pathbreaker.services.filters.CustomFilter.doFilterInternal:42 Server Path : /generate/refresh
2024-01-03 10:11:06,417 INFO  [http-nio-8090-exec-1] com.pathbreaker.services.filters.CustomFilter.doFilterInternal:43 Request Uri is : /generate/refresh
2024-01-03 10:20:45,744 INFO  [SpringApplicationShutdownHook] org.springframework.orm.jpa.AbstractEntityManagerFactoryBean.destroy:650 Closing JPA EntityManagerFactory for persistence unit 'default'
2024-01-03 10:20:45,747 INFO  [SpringApplicationShutdownHook] com.zaxxer.hikari.HikariDataSource.close:350 HikariPool-1 - Shutdown initiated...
2024-01-03 10:20:45,758 INFO  [SpringApplicationShutdownHook] com.zaxxer.hikari.HikariDataSource.close:352 HikariPool-1 - Shutdown completed.
2024-01-03 10:20:49,911 INFO  [restartedMain] org.springframework.boot.StartupInfoLogger.logStarting:51 Starting HostingHubApplication using Java 20.0.1 with PID 17464 (D:\HostingHub_WS\hosting-hub-with-security\target\classes started by Admin in D:\HostingHub_WS\hosting-hub-with-security)
2024-01-03 10:20:49,917 INFO  [restartedMain] org.springframework.boot.SpringApplication.logStartupProfileInfo:636 The following 1 profile is active: "common"
2024-01-03 10:20:50,002 INFO  [restartedMain] org.springframework.boot.logging.DeferredLog.logTo:250 Devtools property defaults active! Set 'spring.devtools.add-properties' to 'false' to disable
2024-01-03 10:20:50,002 INFO  [restartedMain] org.springframework.boot.logging.DeferredLog.logTo:250 For additional web related logging consider setting the 'logging.level.web' property to 'DEBUG'
2024-01-03 10:20:51,182 INFO  [restartedMain] org.springframework.data.repository.config.RepositoryConfigurationDelegate.multipleStoresDetected:294 Multiple Spring Data modules found, entering strict repository configuration mode
2024-01-03 10:20:51,184 INFO  [restartedMain] org.springframework.data.repository.config.RepositoryConfigurationDelegate.registerRepositoriesIn:138 Bootstrapping Spring Data JDBC repositories in DEFAULT mode.
2024-01-03 10:20:51,232 INFO  [restartedMain] org.springframework.data.repository.config.RepositoryConfigurationExtensionSupport.isStrictRepositoryCandidate:320 Spring Data JDBC - Could not safely identify store assignment for repository candidate interface com.pathbreaker.hostinghub.repository.AdminRepository; If you want this repository to be a JDBC repository, consider annotating your entities with one of these annotations: org.springframework.data.relational.core.mapping.Table.
2024-01-03 10:20:51,234 INFO  [restartedMain] org.springframework.data.repository.config.RepositoryConfigurationExtensionSupport.isStrictRepositoryCandidate:320 Spring Data JDBC - Could not safely identify store assignment for repository candidate interface com.pathbreaker.hostinghub.repository.DomainRepository; If you want this repository to be a JDBC repository, consider annotating your entities with one of these annotations: org.springframework.data.relational.core.mapping.Table.
2024-01-03 10:20:51,236 INFO  [restartedMain] org.springframework.data.repository.config.RepositoryConfigurationExtensionSupport.isStrictRepositoryCandidate:320 Spring Data JDBC - Could not safely identify store assignment for repository candidate interface com.pathbreaker.hostinghub.repository.EmailRepository; If you want this repository to be a JDBC repository, consider annotating your entities with one of these annotations: org.springframework.data.relational.core.mapping.Table.
2024-01-03 10:20:51,239 INFO  [restartedMain] org.springframework.data.repository.config.RepositoryConfigurationExtensionSupport.isStrictRepositoryCandidate:320 Spring Data JDBC - Could not safely identify store assignment for repository candidate interface com.pathbreaker.hostinghub.repository.HostDomainMapRepository; If you want this repository to be a JDBC repository, consider annotating your entities with one of these annotations: org.springframework.data.relational.core.mapping.Table.
2024-01-03 10:20:51,242 INFO  [restartedMain] org.springframework.data.repository.config.RepositoryConfigurationExtensionSupport.isStrictRepositoryCandidate:320 Spring Data JDBC - Could not safely identify store assignment for repository candidate interface com.pathbreaker.hostinghub.repository.HostingRepository; If you want this repository to be a JDBC repository, consider annotating your entities with one of these annotations: org.springframework.data.relational.core.mapping.Table.
2024-01-03 10:20:51,245 INFO  [restartedMain] org.springframework.data.repository.config.RepositoryConfigurationExtensionSupport.isStrictRepositoryCandidate:320 Spring Data JDBC - Could not safely identify store assignment for repository candidate interface com.pathbreaker.hostinghub.repository.ItReturnsRepository; If you want this repository to be a JDBC repository, consider annotating your entities with one of these annotations: org.springframework.data.relational.core.mapping.Table.
2024-01-03 10:20:51,247 INFO  [restartedMain] org.springframework.data.repository.config.RepositoryConfigurationExtensionSupport.isStrictRepositoryCandidate:320 Spring Data JDBC - Could not safely identify store assignment for repository candidate interface com.pathbreaker.hostinghub.repository.PasswordRepository; If you want this repository to be a JDBC repository, consider annotating your entities with one of these annotations: org.springframework.data.relational.core.mapping.Table.
2024-01-03 10:20:51,248 INFO  [restartedMain] org.springframework.data.repository.config.RepositoryConfigurationDelegate.registerRepositoriesIn:208 Finished Spring Data repository scanning in 57 ms. Found 0 JDBC repository interfaces.
2024-01-03 10:20:51,263 INFO  [restartedMain] org.springframework.data.repository.config.RepositoryConfigurationDelegate.multipleStoresDetected:294 Multiple Spring Data modules found, entering strict repository configuration mode
2024-01-03 10:20:51,265 INFO  [restartedMain] org.springframework.data.repository.config.RepositoryConfigurationDelegate.registerRepositoriesIn:138 Bootstrapping Spring Data JPA repositories in DEFAULT mode.
2024-01-03 10:20:51,334 INFO  [restartedMain] org.springframework.data.repository.config.RepositoryConfigurationDelegate.registerRepositoriesIn:208 Finished Spring Data repository scanning in 64 ms. Found 7 JPA repository interfaces.
2024-01-03 10:20:52,304 INFO  [restartedMain] org.springframework.boot.web.embedded.tomcat.TomcatWebServer.initialize:108 Tomcat initialized with port(s): 8090 (http)
2024-01-03 10:20:52,321 INFO  [restartedMain] org.apache.juli.logging.DirectJDKLog.log:173 Initializing ProtocolHandler ["http-nio-8090"]
2024-01-03 10:20:52,323 INFO  [restartedMain] org.apache.juli.logging.DirectJDKLog.log:173 Starting service [Tomcat]
2024-01-03 10:20:52,324 INFO  [restartedMain] org.apache.juli.logging.DirectJDKLog.log:173 Starting Servlet engine: [Apache Tomcat/10.1.4]
2024-01-03 10:20:52,386 INFO  [restartedMain] org.apache.juli.logging.DirectJDKLog.log:173 Initializing Spring embedded WebApplicationContext
2024-01-03 10:20:52,389 INFO  [restartedMain] org.springframework.boot.web.servlet.context.ServletWebServerApplicationContext.prepareWebApplicationContext:291 Root WebApplicationContext: initialization completed in 2384 ms
2024-01-03 10:20:52,429 INFO  [restartedMain] com.zaxxer.hikari.HikariDataSource.getConnection:110 HikariPool-1 - Starting...
2024-01-03 10:20:52,583 INFO  [restartedMain] com.zaxxer.hikari.pool.HikariPool.checkFailFast:565 HikariPool-1 - Added connection com.mysql.cj.jdbc.ConnectionImpl@51cf19
2024-01-03 10:20:52,584 INFO  [restartedMain] com.zaxxer.hikari.HikariDataSource.getConnection:123 HikariPool-1 - Start completed.
2024-01-03 10:20:52,592 INFO  [restartedMain] org.springframework.boot.autoconfigure.h2.H2ConsoleAutoConfiguration.logDataSources:88 H2 console available at '/h2-console'. Database available at 'jdbc:mysql://localhost:3306/hostinghub'
2024-01-03 10:20:52,778 INFO  [restartedMain] org.hibernate.jpa.internal.util.LogHelper.logPersistenceUnitInformation:31 HHH000204: Processing PersistenceUnitInfo [name: default]
2024-01-03 10:20:52,902 INFO  [restartedMain] org.hibernate.Version.logVersion:44 HHH000412: Hibernate ORM core version 6.1.6.Final
2024-01-03 10:20:53,077 WARN  [restartedMain] org.hibernate.boot.internal.MetadataBuilderImpl$MetadataBuildingOptionsImpl.lambda$new$1:626 HHH90000021: Encountered deprecated setting [javax.persistence.sharedCache.mode], use [jakarta.persistence.sharedCache.mode] instead
2024-01-03 10:20:53,258 INFO  [restartedMain] org.hibernate.engine.jdbc.dialect.internal.DialectFactoryImpl.logSelectedDialect:66 HHH000400: Using dialect: org.hibernate.dialect.MySQL8Dialect
2024-01-03 10:20:53,259 WARN  [restartedMain] org.hibernate.engine.jdbc.dialect.internal.DialectFactoryImpl.logSelectedDialect:73 HHH90000026: MySQL8Dialect has been deprecated; use org.hibernate.dialect.MySQLDialect instead
2024-01-03 10:20:54,335 INFO  [restartedMain] org.hibernate.engine.transaction.jta.platform.internal.JtaPlatformInitiator.initiateService:51 HHH000490: Using JtaPlatform implementation: [org.hibernate.engine.transaction.jta.platform.internal.NoJtaPlatform]
2024-01-03 10:20:54,342 INFO  [restartedMain] org.springframework.orm.jpa.AbstractEntityManagerFactoryBean.buildNativeEntityManagerFactory:437 Initialized JPA EntityManagerFactory for persistence unit 'default'
2024-01-03 10:20:55,450 WARN  [restartedMain] org.springframework.boot.autoconfigure.orm.jpa.JpaBaseConfiguration$JpaWebConfiguration.openEntityManagerInViewInterceptor:227 spring.jpa.open-in-view is enabled by default. Therefore, database queries may be performed during view rendering. Explicitly configure spring.jpa.open-in-view to disable this warning
2024-01-03 10:20:55,915 INFO  [restartedMain] org.springframework.boot.devtools.autoconfigure.OptionalLiveReloadServer.startServer:59 LiveReload server is running on port 35729
2024-01-03 10:20:55,932 INFO  [restartedMain] org.apache.juli.logging.DirectJDKLog.log:173 Starting ProtocolHandler ["http-nio-8090"]
2024-01-03 10:20:55,958 INFO  [restartedMain] org.springframework.boot.web.embedded.tomcat.TomcatWebServer.start:220 Tomcat started on port(s): 8090 (http) with context path ''
2024-01-03 10:20:55,979 INFO  [restartedMain] org.springframework.boot.StartupInfoLogger.logStarted:57 Started HostingHubApplication in 6.808 seconds (process running for 7.442)
2024-01-03 10:21:00,372 INFO  [http-nio-8090-exec-2] org.apache.juli.logging.DirectJDKLog.log:173 Initializing Spring DispatcherServlet 'dispatcherServlet'
2024-01-03 10:21:00,374 INFO  [http-nio-8090-exec-2] org.springframework.web.servlet.FrameworkServlet.initServletBean:532 Initializing Servlet 'dispatcherServlet'
2024-01-03 10:21:00,375 INFO  [http-nio-8090-exec-2] org.springframework.web.servlet.FrameworkServlet.initServletBean:554 Completed initialization in 1 ms
2024-01-03 10:21:00,379 INFO  [http-nio-8090-exec-2] com.pathbreaker.services.filters.CustomFilter.doFilterInternal:39 [CustomFilter] - Inside the do filter method executed..
2024-01-03 10:21:00,380 INFO  [http-nio-8090-exec-2] com.pathbreaker.services.filters.CustomFilter.doFilterInternal:40 Local Port : 8090
2024-01-03 10:21:00,380 INFO  [http-nio-8090-exec-2] com.pathbreaker.services.filters.CustomFilter.doFilterInternal:41 server Name : localhost
2024-01-03 10:21:00,380 INFO  [http-nio-8090-exec-2] com.pathbreaker.services.filters.CustomFilter.doFilterInternal:42 Server Path : /generate/refresh
2024-01-03 10:21:00,380 INFO  [http-nio-8090-exec-2] com.pathbreaker.services.filters.CustomFilter.doFilterInternal:43 Request Uri is : /generate/refresh
2024-01-03 10:27:28,479 WARN  [HikariPool-1 housekeeper] com.zaxxer.hikari.pool.HikariPool$HouseKeeper.run:804 HikariPool-1 - Thread starvation or clock leap detected (housekeeper delta=2m5s730ms195µs300ns).
2024-01-03 10:44:39,763 INFO  [http-nio-8090-exec-5] com.pathbreaker.services.filters.CustomFilter.doFilterInternal:39 [CustomFilter] - Inside the do filter method executed..
2024-01-03 10:44:39,763 INFO  [http-nio-8090-exec-5] com.pathbreaker.services.filters.CustomFilter.doFilterInternal:40 Local Port : 8090
2024-01-03 10:44:39,763 INFO  [http-nio-8090-exec-5] com.pathbreaker.services.filters.CustomFilter.doFilterInternal:41 server Name : localhost
2024-01-03 10:44:39,763 INFO  [http-nio-8090-exec-5] com.pathbreaker.services.filters.CustomFilter.doFilterInternal:42 Server Path : /admin/all
2024-01-03 10:44:39,766 INFO  [http-nio-8090-exec-5] com.pathbreaker.services.filters.CustomFilter.doFilterInternal:43 Request Uri is : /admin/all
2024-01-03 10:44:40,304 INFO  [http-nio-8090-exec-5] com.pathbreaker.hostinghub.service.AdminService.getAllAdmins:224 The size of the admin list is: 4
2024-01-03 10:44:53,661 INFO  [http-nio-8090-exec-6] com.pathbreaker.services.filters.CustomFilter.doFilterInternal:39 [CustomFilter] - Inside the do filter method executed..
2024-01-03 10:44:53,661 INFO  [http-nio-8090-exec-6] com.pathbreaker.services.filters.CustomFilter.doFilterInternal:40 Local Port : 8090
2024-01-03 10:44:53,661 INFO  [http-nio-8090-exec-6] com.pathbreaker.services.filters.CustomFilter.doFilterInternal:41 server Name : localhost
2024-01-03 10:44:53,661 INFO  [http-nio-8090-exec-6] com.pathbreaker.services.filters.CustomFilter.doFilterInternal:42 Server Path : /admin/all
2024-01-03 10:44:53,661 INFO  [http-nio-8090-exec-6] com.pathbreaker.services.filters.CustomFilter.doFilterInternal:43 Request Uri is : /admin/all
2024-01-03 10:44:58,353 INFO  [http-nio-8090-exec-7] com.pathbreaker.services.filters.CustomFilter.doFilterInternal:39 [CustomFilter] - Inside the do filter method executed..
2024-01-03 10:44:58,355 INFO  [http-nio-8090-exec-7] com.pathbreaker.services.filters.CustomFilter.doFilterInternal:40 Local Port : 8090
2024-01-03 10:44:58,355 INFO  [http-nio-8090-exec-7] com.pathbreaker.services.filters.CustomFilter.doFilterInternal:41 server Name : localhost
2024-01-03 10:44:58,355 INFO  [http-nio-8090-exec-7] com.pathbreaker.services.filters.CustomFilter.doFilterInternal:42 Server Path : /admin/all
2024-01-03 10:44:58,355 INFO  [http-nio-8090-exec-7] com.pathbreaker.services.filters.CustomFilter.doFilterInternal:43 Request Uri is : /admin/all
2024-01-03 10:44:58,395 INFO  [http-nio-8090-exec-7] com.pathbreaker.hostinghub.service.AdminService.getAllAdmins:224 The size of the admin list is: 4
2024-01-03 10:45:02,863 INFO  [http-nio-8090-exec-8] com.pathbreaker.services.filters.CustomFilter.doFilterInternal:39 [CustomFilter] - Inside the do filter method executed..
2024-01-03 10:45:02,871 INFO  [http-nio-8090-exec-8] com.pathbreaker.services.filters.CustomFilter.doFilterInternal:40 Local Port : 8090
2024-01-03 10:45:02,871 INFO  [http-nio-8090-exec-8] com.pathbreaker.services.filters.CustomFilter.doFilterInternal:41 server Name : localhost
2024-01-03 10:45:02,871 INFO  [http-nio-8090-exec-8] com.pathbreaker.services.filters.CustomFilter.doFilterInternal:42 Server Path : /admin/all
2024-01-03 10:45:02,871 INFO  [http-nio-8090-exec-8] com.pathbreaker.services.filters.CustomFilter.doFilterInternal:43 Request Uri is : /admin/all
2024-01-03 10:45:02,895 INFO  [http-nio-8090-exec-8] com.pathbreaker.hostinghub.service.AdminService.getAllAdmins:224 The size of the admin list is: 4
2024-01-03 10:45:04,920 INFO  [http-nio-8090-exec-9] com.pathbreaker.services.filters.CustomFilter.doFilterInternal:39 [CustomFilter] - Inside the do filter method executed..
2024-01-03 10:45:04,920 INFO  [http-nio-8090-exec-9] com.pathbreaker.services.filters.CustomFilter.doFilterInternal:40 Local Port : 8090
2024-01-03 10:45:04,920 INFO  [http-nio-8090-exec-9] com.pathbreaker.services.filters.CustomFilter.doFilterInternal:41 server Name : localhost
2024-01-03 10:45:04,920 INFO  [http-nio-8090-exec-9] com.pathbreaker.services.filters.CustomFilter.doFilterInternal:42 Server Path : /admin/all
2024-01-03 10:45:04,920 INFO  [http-nio-8090-exec-9] com.pathbreaker.services.filters.CustomFilter.doFilterInternal:43 Request Uri is : /admin/all
2024-01-03 10:45:04,942 INFO  [http-nio-8090-exec-9] com.pathbreaker.hostinghub.service.AdminService.getAllAdmins:224 The size of the admin list is: 4
2024-01-03 10:47:28,373 INFO  [http-nio-8090-exec-2] com.pathbreaker.services.filters.CustomFilter.doFilterInternal:39 [CustomFilter] - Inside the do filter method executed..
2024-01-03 10:47:28,374 INFO  [http-nio-8090-exec-2] com.pathbreaker.services.filters.CustomFilter.doFilterInternal:40 Local Port : 8090
2024-01-03 10:47:28,374 INFO  [http-nio-8090-exec-2] com.pathbreaker.services.filters.CustomFilter.doFilterInternal:41 server Name : localhost
2024-01-03 10:47:28,374 INFO  [http-nio-8090-exec-2] com.pathbreaker.services.filters.CustomFilter.doFilterInternal:42 Server Path : /admin/add
2024-01-03 10:47:28,374 INFO  [http-nio-8090-exec-2] com.pathbreaker.services.filters.CustomFilter.doFilterInternal:43 Request Uri is : /admin/add
2024-01-03 10:47:28,497 INFO  [http-nio-8090-exec-2] com.pathbreaker.hostinghub.service.AdminService.registerAdmin:57 Email already exists in the db: vineeth1234@gmail.com
2024-01-03 10:47:45,618 INFO  [http-nio-8090-exec-4] com.pathbreaker.services.filters.CustomFilter.doFilterInternal:39 [CustomFilter] - Inside the do filter method executed..
2024-01-03 10:47:45,618 INFO  [http-nio-8090-exec-4] com.pathbreaker.services.filters.CustomFilter.doFilterInternal:40 Local Port : 8090
2024-01-03 10:47:45,618 INFO  [http-nio-8090-exec-4] com.pathbreaker.services.filters.CustomFilter.doFilterInternal:41 server Name : localhost
2024-01-03 10:47:45,618 INFO  [http-nio-8090-exec-4] com.pathbreaker.services.filters.CustomFilter.doFilterInternal:42 Server Path : /admin/all
2024-01-03 10:47:45,618 INFO  [http-nio-8090-exec-4] com.pathbreaker.services.filters.CustomFilter.doFilterInternal:43 Request Uri is : /admin/all
2024-01-03 10:47:45,642 INFO  [http-nio-8090-exec-4] com.pathbreaker.hostinghub.service.AdminService.getAllAdmins:224 The size of the admin list is: 4
2024-01-03 10:47:49,070 INFO  [http-nio-8090-exec-5] com.pathbreaker.services.filters.CustomFilter.doFilterInternal:39 [CustomFilter] - Inside the do filter method executed..
2024-01-03 10:47:49,072 INFO  [http-nio-8090-exec-5] com.pathbreaker.services.filters.CustomFilter.doFilterInternal:40 Local Port : 8090
2024-01-03 10:47:49,072 INFO  [http-nio-8090-exec-5] com.pathbreaker.services.filters.CustomFilter.doFilterInternal:41 server Name : localhost
2024-01-03 10:47:49,072 INFO  [http-nio-8090-exec-5] com.pathbreaker.services.filters.CustomFilter.doFilterInternal:42 Server Path : /admin/all
2024-01-03 10:47:49,072 INFO  [http-nio-8090-exec-5] com.pathbreaker.services.filters.CustomFilter.doFilterInternal:43 Request Uri is : /admin/all
2024-01-03 10:47:49,090 INFO  [http-nio-8090-exec-5] com.pathbreaker.hostinghub.service.AdminService.getAllAdmins:224 The size of the admin list is: 4
2024-01-03 10:48:17,120 INFO  [http-nio-8090-exec-6] com.pathbreaker.services.filters.CustomFilter.doFilterInternal:39 [CustomFilter] - Inside the do filter method executed..
2024-01-03 10:48:17,121 INFO  [http-nio-8090-exec-6] com.pathbreaker.services.filters.CustomFilter.doFilterInternal:40 Local Port : 8090
2024-01-03 10:48:17,121 INFO  [http-nio-8090-exec-6] com.pathbreaker.services.filters.CustomFilter.doFilterInternal:41 server Name : localhost
2024-01-03 10:48:17,121 INFO  [http-nio-8090-exec-6] com.pathbreaker.services.filters.CustomFilter.doFilterInternal:42 Server Path : /admin/all
2024-01-03 10:48:17,121 INFO  [http-nio-8090-exec-6] com.pathbreaker.services.filters.CustomFilter.doFilterInternal:43 Request Uri is : /admin/all
2024-01-03 10:48:17,127 INFO  [http-nio-8090-exec-6] com.pathbreaker.hostinghub.service.AdminService.getAllAdmins:224 The size of the admin list is: 4
2024-01-03 10:58:37,460 WARN  [HikariPool-1 housekeeper] com.zaxxer.hikari.pool.HikariPool$HouseKeeper.run:804 HikariPool-1 - Thread starvation or clock leap detected (housekeeper delta=5m8s551ms860µs700ns).
2024-01-03 12:03:42,639 WARN  [HikariPool-1 housekeeper] com.zaxxer.hikari.pool.HikariPool$HouseKeeper.run:804 HikariPool-1 - Thread starvation or clock leap detected (housekeeper delta=6m4s79ms891µs400ns).
2024-01-03 12:53:17,344 WARN  [HikariPool-1 housekeeper] com.zaxxer.hikari.pool.HikariPool$HouseKeeper.run:804 HikariPool-1 - Thread starvation or clock leap detected (housekeeper delta=40m34s521ms364µs100ns).
2024-01-03 13:30:23,976 WARN  [HikariPool-1 housekeeper] com.zaxxer.hikari.pool.HikariPool$HouseKeeper.run:804 HikariPool-1 - Thread starvation or clock leap detected (housekeeper delta=6m3s381ms133µs200ns).
2024-01-03 14:48:32,645 WARN  [HikariPool-1 housekeeper] com.zaxxer.hikari.pool.HikariPool$HouseKeeper.run:804 HikariPool-1 - Thread starvation or clock leap detected (housekeeper delta=39m8s53ms138µs900ns).
2024-01-03 17:50:01,354 WARN  [HikariPool-1 housekeeper] com.zaxxer.hikari.pool.HikariPool$HouseKeeper.run:804 HikariPool-1 - Thread starvation or clock leap detected (housekeeper delta=13m56s41ms322µs).
2024-01-03 18:21:30,094 WARN  [HikariPool-1 housekeeper] com.zaxxer.hikari.pool.HikariPool$HouseKeeper.run:804 HikariPool-1 - Thread starvation or clock leap detected (housekeeper delta=15m58s518ms653µs300ns).
