2024-02-13 10:31:01,048 INFO  [main] org.springframework.boot.StartupInfoLogger.logStarting:51 Starting AccessTokenApplication using Java 20.0.1 with PID 19780 (D:\Token_Project\access-tokens\target\classes started by Admin in D:\Token_Project\access-tokens)
2024-02-13 10:31:01,054 INFO  [main] org.springframework.boot.SpringApplication.logStartupProfileInfo:636 The following 1 profile is active: "common"
2024-02-13 10:31:02,084 INFO  [main] org.springframework.data.repository.config.RepositoryConfigurationDelegate.multipleStoresDetected:294 Multiple Spring Data modules found, entering strict repository configuration mode
2024-02-13 10:31:02,086 INFO  [main] org.springframework.data.repository.config.RepositoryConfigurationDelegate.registerRepositoriesIn:138 Bootstrapping Spring Data JDBC repositories in DEFAULT mode.
2024-02-13 10:31:02,129 INFO  [main] org.springframework.data.repository.config.RepositoryConfigurationExtensionSupport.isStrictRepositoryCandidate:320 Spring Data JDBC - Could not safely identify store assignment for repository candidate interface com.pathbreaker.accesstoken.repository.AdminRepository; If you want this repository to be a JDBC repository, consider annotating your entities with one of these annotations: org.springframework.data.relational.core.mapping.Table.
2024-02-13 10:31:02,129 INFO  [main] org.springframework.data.repository.config.RepositoryConfigurationDelegate.registerRepositoriesIn:208 Finished Spring Data repository scanning in 37 ms. Found 0 JDBC repository interfaces.
2024-02-13 10:31:02,154 INFO  [main] org.springframework.data.repository.config.RepositoryConfigurationDelegate.multipleStoresDetected:294 Multiple Spring Data modules found, entering strict repository configuration mode
2024-02-13 10:31:02,156 INFO  [main] org.springframework.data.repository.config.RepositoryConfigurationDelegate.registerRepositoriesIn:138 Bootstrapping Spring Data JPA repositories in DEFAULT mode.
2024-02-13 10:31:02,198 INFO  [main] org.springframework.data.repository.config.RepositoryConfigurationDelegate.registerRepositoriesIn:208 Finished Spring Data repository scanning in 35 ms. Found 1 JPA repository interfaces.
2024-02-13 10:31:03,000 INFO  [main] org.springframework.boot.web.embedded.tomcat.TomcatWebServer.initialize:108 Tomcat initialized with port(s): 8091 (http)
2024-02-13 10:31:03,008 INFO  [main] org.apache.juli.logging.DirectJDKLog.log:173 Initializing ProtocolHandler ["http-nio-8091"]
2024-02-13 10:31:03,010 INFO  [main] org.apache.juli.logging.DirectJDKLog.log:173 Starting service [Tomcat]
2024-02-13 10:31:03,010 INFO  [main] org.apache.juli.logging.DirectJDKLog.log:173 Starting Servlet engine: [Apache Tomcat/10.1.4]
2024-02-13 10:31:03,084 INFO  [main] org.apache.juli.logging.DirectJDKLog.log:173 Initializing Spring embedded WebApplicationContext
2024-02-13 10:31:03,085 INFO  [main] org.springframework.boot.web.servlet.context.ServletWebServerApplicationContext.prepareWebApplicationContext:291 Root WebApplicationContext: initialization completed in 1962 ms
2024-02-13 10:31:03,318 INFO  [main] org.hibernate.jpa.internal.util.LogHelper.logPersistenceUnitInformation:31 HHH000204: Processing PersistenceUnitInfo [name: default]
2024-02-13 10:31:03,409 INFO  [main] org.hibernate.Version.logVersion:44 HHH000412: Hibernate ORM core version 6.1.6.Final
2024-02-13 10:31:03,551 WARN  [main] org.hibernate.boot.internal.MetadataBuilderImpl$MetadataBuildingOptionsImpl.lambda$new$1:626 HHH90000021: Encountered deprecated setting [javax.persistence.sharedCache.mode], use [jakarta.persistence.sharedCache.mode] instead
2024-02-13 10:31:03,672 INFO  [main] com.zaxxer.hikari.HikariDataSource.getConnection:110 HikariPool-1 - Starting...
2024-02-13 10:31:03,822 INFO  [main] com.zaxxer.hikari.pool.HikariPool.checkFailFast:565 HikariPool-1 - Added connection com.mysql.cj.jdbc.ConnectionImpl@29090809
2024-02-13 10:31:03,824 INFO  [main] com.zaxxer.hikari.HikariDataSource.getConnection:123 HikariPool-1 - Start completed.
2024-02-13 10:31:03,858 INFO  [main] org.hibernate.engine.jdbc.dialect.internal.DialectFactoryImpl.logSelectedDialect:66 HHH000400: Using dialect: org.hibernate.dialect.MySQLDialect
2024-02-13 10:31:04,460 INFO  [main] org.hibernate.engine.transaction.jta.platform.internal.JtaPlatformInitiator.initiateService:51 HHH000490: Using JtaPlatform implementation: [org.hibernate.engine.transaction.jta.platform.internal.NoJtaPlatform]
2024-02-13 10:31:04,467 INFO  [main] org.springframework.orm.jpa.AbstractEntityManagerFactoryBean.buildNativeEntityManagerFactory:437 Initialized JPA EntityManagerFactory for persistence unit 'default'
2024-02-13 10:31:04,917 WARN  [main] org.springframework.boot.autoconfigure.orm.jpa.JpaBaseConfiguration$JpaWebConfiguration.openEntityManagerInViewInterceptor:227 spring.jpa.open-in-view is enabled by default. Therefore, database queries may be performed during view rendering. Explicitly configure spring.jpa.open-in-view to disable this warning
2024-02-13 10:31:05,034 INFO  [main] org.springframework.security.web.DefaultSecurityFilterChain.<init>:54 Will secure any request with [org.springframework.security.web.session.DisableEncodeUrlFilter@6a6a3fc4, org.springframework.security.web.context.request.async.WebAsyncManagerIntegrationFilter@48cbe1c9, org.springframework.security.web.context.SecurityContextHolderFilter@3d42b756, org.springframework.security.web.header.HeaderWriterFilter@79486f38, org.springframework.security.web.authentication.logout.LogoutFilter@3d6745ed, org.springframework.security.web.savedrequest.RequestCacheAwareFilter@4e4c05a0, org.springframework.security.web.servletapi.SecurityContextHolderAwareRequestFilter@459df48d, org.springframework.security.web.authentication.AnonymousAuthenticationFilter@67e628b, org.springframework.security.web.access.ExceptionTranslationFilter@7fb02606, org.springframework.security.web.access.intercept.AuthorizationFilter@38834000]
2024-02-13 10:31:05,515 INFO  [main] org.apache.juli.logging.DirectJDKLog.log:173 Starting ProtocolHandler ["http-nio-8091"]
2024-02-13 10:31:05,536 INFO  [main] org.springframework.boot.web.embedded.tomcat.TomcatWebServer.start:220 Tomcat started on port(s): 8091 (http) with context path ''
2024-02-13 10:31:05,547 INFO  [main] org.springframework.boot.StartupInfoLogger.logStarted:57 Started AccessTokenApplication in 5.24 seconds (process running for 5.891)
2024-02-13 10:32:34,729 INFO  [http-nio-8091-exec-2] org.apache.juli.logging.DirectJDKLog.log:173 Initializing Spring DispatcherServlet 'dispatcherServlet'
2024-02-13 10:32:34,729 INFO  [http-nio-8091-exec-2] org.springframework.web.servlet.FrameworkServlet.initServletBean:532 Initializing Servlet 'dispatcherServlet'
2024-02-13 10:32:34,729 INFO  [http-nio-8091-exec-2] org.springframework.web.servlet.FrameworkServlet.initServletBean:554 Completed initialization in 0 ms
2024-02-13 10:32:34,825 INFO  [http-nio-8091-exec-2] com.pathbreaker.services.filters.filter.CustomFilter.doFilterInternal:27 [CustomFilter] - Inside the do filter method executed..
2024-02-13 10:32:34,825 INFO  [http-nio-8091-exec-2] com.pathbreaker.services.filters.filter.CustomFilter.doFilterInternal:28 Local Port : 8091
2024-02-13 10:32:34,825 INFO  [http-nio-8091-exec-2] com.pathbreaker.services.filters.filter.CustomFilter.doFilterInternal:29 server Name : localhost
2024-02-13 10:32:34,825 INFO  [http-nio-8091-exec-2] com.pathbreaker.services.filters.filter.CustomFilter.doFilterInternal:30 Server Path : /admin/phone/send-otp
2024-02-13 10:32:34,825 INFO  [http-nio-8091-exec-2] com.pathbreaker.services.filters.filter.CustomFilter.doFilterInternal:31 Request Uri is : /admin/phone/send-otp
2024-02-13 10:53:30,474 WARN  [HikariPool-1 housekeeper] com.zaxxer.hikari.pool.HikariPool$HouseKeeper.run:804 HikariPool-1 - Thread starvation or clock leap detected (housekeeper delta=6m26s292ms566µs).
2024-02-13 11:02:08,005 WARN  [HikariPool-1 housekeeper] com.zaxxer.hikari.pool.HikariPool$HouseKeeper.run:804 HikariPool-1 - Thread starvation or clock leap detected (housekeeper delta=2m7s415ms303µs500ns).
2024-02-13 11:09:12,963 WARN  [HikariPool-1 housekeeper] com.zaxxer.hikari.pool.HikariPool$HouseKeeper.run:804 HikariPool-1 - Thread starvation or clock leap detected (housekeeper delta=1m34s891ms783µs100ns).
