2023-10-17 10:36:03,798 INFO  [restartedMain] org.springframework.boot.StartupInfoLogger.logStarting:51 Starting HostingHubApplication using Java 20.0.1 with PID 12528 (D:\HostingHub_WS\hosting-hub\target\classes started by Admin in D:\HostingHub_WS\hosting-hub)
2023-10-17 10:36:03,803 INFO  [restartedMain] org.springframework.boot.SpringApplication.logStartupProfileInfo:637 No active profile set, falling back to 1 default profile: "default"
2023-10-17 10:36:03,931 INFO  [restartedMain] org.springframework.boot.logging.DeferredLog.logTo:250 Devtools property defaults active! Set 'spring.devtools.add-properties' to 'false' to disable
2023-10-17 10:36:03,932 INFO  [restartedMain] org.springframework.boot.logging.DeferredLog.logTo:250 For additional web related logging consider setting the 'logging.level.web' property to 'DEBUG'
2023-10-17 10:36:04,739 INFO  [restartedMain] org.springframework.data.repository.config.RepositoryConfigurationDelegate.multipleStoresDetected:291 Multiple Spring Data modules found, entering strict repository configuration mode
2023-10-17 10:36:04,740 INFO  [restartedMain] org.springframework.data.repository.config.RepositoryConfigurationDelegate.registerRepositoriesIn:138 Bootstrapping Spring Data JPA repositories in DEFAULT mode.
2023-10-17 10:36:04,790 INFO  [restartedMain] org.springframework.data.repository.config.RepositoryConfigurationDelegate.registerRepositoriesIn:208 Finished Spring Data repository scanning in 41 ms. Found 1 JPA repository interfaces.
2023-10-17 10:36:05,068 INFO  [restartedMain] org.springframework.data.repository.config.RepositoryConfigurationDelegate.multipleStoresDetected:291 Multiple Spring Data modules found, entering strict repository configuration mode
2023-10-17 10:36:05,068 INFO  [restartedMain] org.springframework.data.repository.config.RepositoryConfigurationDelegate.registerRepositoriesIn:138 Bootstrapping Spring Data JDBC repositories in DEFAULT mode.
2023-10-17 10:36:05,086 INFO  [restartedMain] org.springframework.data.repository.config.RepositoryConfigurationExtensionSupport.isStrictRepositoryCandidate:320 Spring Data JDBC - Could not safely identify store assignment for repository candidate interface com.example.hostinghub.repository.AdminRepository; If you want this repository to be a JDBC repository, consider annotating your entities with one of these annotations: org.springframework.data.relational.core.mapping.Table.
2023-10-17 10:36:05,086 INFO  [restartedMain] org.springframework.data.repository.config.RepositoryConfigurationDelegate.registerRepositoriesIn:208 Finished Spring Data repository scanning in 17 ms. Found 0 JDBC repository interfaces.
2023-10-17 10:36:05,876 INFO  [restartedMain] org.springframework.boot.web.embedded.tomcat.TomcatWebServer.initialize:108 Tomcat initialized with port(s): 8090 (http)
2023-10-17 10:36:05,886 INFO  [restartedMain] org.apache.juli.logging.DirectJDKLog.log:173 Initializing ProtocolHandler ["http-nio-8090"]
2023-10-17 10:36:05,891 INFO  [restartedMain] org.apache.juli.logging.DirectJDKLog.log:173 Starting service [Tomcat]
2023-10-17 10:36:05,892 INFO  [restartedMain] org.apache.juli.logging.DirectJDKLog.log:173 Starting Servlet engine: [Apache Tomcat/10.1.13]
2023-10-17 10:36:05,941 INFO  [restartedMain] org.apache.juli.logging.DirectJDKLog.log:173 Initializing Spring embedded WebApplicationContext
2023-10-17 10:36:05,942 INFO  [restartedMain] org.springframework.boot.web.servlet.context.ServletWebServerApplicationContext.prepareWebApplicationContext:291 Root WebApplicationContext: initialization completed in 2007 ms
2023-10-17 10:36:05,987 INFO  [restartedMain] com.zaxxer.hikari.HikariDataSource.getConnection:110 HikariPool-1 - Starting...
2023-10-17 10:36:06,150 INFO  [restartedMain] com.zaxxer.hikari.pool.HikariPool.checkFailFast:565 HikariPool-1 - Added connection com.mysql.cj.jdbc.ConnectionImpl@6fc43636
2023-10-17 10:36:06,151 INFO  [restartedMain] com.zaxxer.hikari.HikariDataSource.getConnection:123 HikariPool-1 - Start completed.
2023-10-17 10:36:06,159 INFO  [restartedMain] org.springframework.boot.autoconfigure.h2.H2ConsoleAutoConfiguration.logDataSources:88 H2 console available at '/h2-console'. Database available at 'jdbc:mysql://localhost:3306/hostinghub'
2023-10-17 10:36:06,312 INFO  [restartedMain] org.hibernate.jpa.internal.util.LogHelper.logPersistenceUnitInformation:31 HHH000204: Processing PersistenceUnitInfo [name: default]
2023-10-17 10:36:06,413 INFO  [restartedMain] org.hibernate.Version.logVersion:44 HHH000412: Hibernate ORM core version 6.2.9.Final
2023-10-17 10:36:06,418 INFO  [restartedMain] org.hibernate.cfg.Environment.<clinit>:191 HHH000406: Using bytecode reflection optimizer
2023-10-17 10:36:06,560 INFO  [restartedMain] org.hibernate.bytecode.internal.BytecodeProviderInitiator.buildBytecodeProvider:53 HHH000021: Bytecode provider name : bytebuddy
2023-10-17 10:36:06,711 INFO  [restartedMain] org.springframework.orm.jpa.persistenceunit.SpringPersistenceUnitInfo.addTransformer:87 No LoadTimeWeaver setup: ignoring JPA class transformer
2023-10-17 10:36:06,754 WARN  [restartedMain] org.hibernate.engine.jdbc.dialect.internal.DialectFactoryImpl.logSelectedDialect:100 HHH90000026: MySQL8Dialect has been deprecated; use org.hibernate.dialect.MySQLDialect instead
2023-10-17 10:36:06,929 INFO  [restartedMain] org.hibernate.bytecode.internal.BytecodeProviderInitiator.buildBytecodeProvider:53 HHH000021: Bytecode provider name : bytebuddy
2023-10-17 10:36:07,382 INFO  [restartedMain] org.hibernate.engine.transaction.jta.platform.internal.JtaPlatformInitiator.initiateService:51 HHH000490: Using JtaPlatform implementation: [org.hibernate.engine.transaction.jta.platform.internal.NoJtaPlatform]
2023-10-17 10:36:07,446 INFO  [restartedMain] org.springframework.orm.jpa.AbstractEntityManagerFactoryBean.buildNativeEntityManagerFactory:437 Initialized JPA EntityManagerFactory for persistence unit 'default'
2023-10-17 10:36:07,812 INFO  [restartedMain] org.springframework.data.jpa.repository.query.QueryEnhancerFactory.<clinit>:47 Hibernate is in classpath; If applicable, HQL parser will be used.
2023-10-17 10:36:08,295 WARN  [restartedMain] org.springframework.boot.autoconfigure.orm.jpa.JpaBaseConfiguration$JpaWebConfiguration.openEntityManagerInViewInterceptor:231 spring.jpa.open-in-view is enabled by default. Therefore, database queries may be performed during view rendering. Explicitly configure spring.jpa.open-in-view to disable this warning
2023-10-17 10:36:08,584 WARN  [restartedMain] org.springframework.boot.autoconfigure.thymeleaf.ThymeleafAutoConfiguration$DefaultTemplateResolverConfiguration.checkTemplateLocationExists:101 Cannot find template location: classpath:/templates/ (please add some templates, check your Thymeleaf configuration, or set spring.thymeleaf.check-template-location=false)
2023-10-17 10:36:08,738 INFO  [restartedMain] org.springframework.boot.devtools.autoconfigure.OptionalLiveReloadServer.startServer:59 LiveReload server is running on port 35729
2023-10-17 10:36:08,751 INFO  [restartedMain] org.apache.juli.logging.DirectJDKLog.log:173 Starting ProtocolHandler ["http-nio-8090"]
2023-10-17 10:36:08,769 INFO  [restartedMain] org.springframework.boot.web.embedded.tomcat.TomcatWebServer.start:220 Tomcat started on port(s): 8090 (http) with context path ''
2023-10-17 10:36:08,781 INFO  [restartedMain] org.springframework.boot.StartupInfoLogger.logStarted:57 Started HostingHubApplication in 5.758 seconds (process running for 6.532)
2023-10-17 10:42:27,528 INFO  [http-nio-8090-exec-2] org.apache.juli.logging.DirectJDKLog.log:173 Initializing Spring DispatcherServlet 'dispatcherServlet'
2023-10-17 10:42:27,528 INFO  [http-nio-8090-exec-2] org.springframework.web.servlet.FrameworkServlet.initServletBean:532 Initializing Servlet 'dispatcherServlet'
2023-10-17 10:42:27,537 INFO  [http-nio-8090-exec-2] org.springframework.web.servlet.FrameworkServlet.initServletBean:554 Completed initialization in 9 ms
2023-10-17 10:42:28,061 INFO  [http-nio-8090-exec-2] com.example.hostinghub.service.AdminService.registerAdmin:62 Admin registration successful: keerthisreev@pathbreakertech.in
2023-10-17 10:43:51,384 INFO  [http-nio-8090-exec-4] com.example.hostinghub.service.AdminService.sendOtp:95 OTP for admin sent to the emailId: keerthisreev@pathbreakertech.in
2023-10-17 10:44:58,610 INFO  [http-nio-8090-exec-8] com.example.hostinghub.service.AdminService.sendOtp:95 OTP for admin sent to the emailId: keerthisreev@pathbreakertech.in
2023-10-17 10:46:09,848 INFO  [http-nio-8090-exec-1] com.example.hostinghub.service.AdminService.verifyOtp:134 Login successful for Admin emailId: null
2023-10-17 10:46:26,778 INFO  [http-nio-8090-exec-2] com.example.hostinghub.service.AdminService.getAllAdmins:156 the size of the admin is 2 : 
2023-10-17 10:46:26,778 INFO  [http-nio-8090-exec-2] com.example.hostinghub.service.AdminService.getAllAdmins:157 the retrieved admin are [AdminEntity(adminId=AD001, name=anusha, userName=kavali, emailId=anushak@pathbreakertech.in, password=anu, phoneNo=9700676453, role=hosting, otp=null), AdminEntity(adminId=AD002, name=keerthi, userName=sree, emailId=keerthisreev@pathbreakertech.in, password=keerthi, phoneNo=9700676453, role=email, otp=null)] : 
2023-10-17 10:46:45,413 INFO  [http-nio-8090-exec-3] com.example.hostinghub.service.AdminService.getAdminById:165 the size of the admin is true : 
2023-10-17 10:46:45,414 INFO  [http-nio-8090-exec-3] com.example.hostinghub.service.AdminService.getAdminById:166 the retrieved admin is Optional[AdminEntity(adminId=AD002, name=keerthi, userName=sree, emailId=keerthisreev@pathbreakertech.in, password=keerthi, phoneNo=9700676453, role=email, otp=null)] : 
2023-10-17 10:48:04,702 INFO  [http-nio-8090-exec-4] com.example.hostinghub.controller.AdminController.updateAdmin:109 An error occurred while updating the admin ids for this class must be manually assigned before calling save(): com.example.hostinghub.entity.AdminEntity: 
2023-10-17 11:03:17,465 INFO  [SpringApplicationShutdownHook] org.springframework.orm.jpa.AbstractEntityManagerFactoryBean.destroy:650 Closing JPA EntityManagerFactory for persistence unit 'default'
2023-10-17 11:03:17,468 INFO  [SpringApplicationShutdownHook] com.zaxxer.hikari.HikariDataSource.close:350 HikariPool-1 - Shutdown initiated...
2023-10-17 11:03:17,482 INFO  [SpringApplicationShutdownHook] com.zaxxer.hikari.HikariDataSource.close:352 HikariPool-1 - Shutdown completed.
2023-10-17 11:03:22,819 INFO  [restartedMain] org.springframework.boot.StartupInfoLogger.logStarting:51 Starting HostingHubApplication using Java 20.0.1 with PID 7808 (D:\HostingHub_WS\hosting-hub\target\classes started by Admin in D:\HostingHub_WS\hosting-hub)
2023-10-17 11:03:22,822 INFO  [restartedMain] org.springframework.boot.SpringApplication.logStartupProfileInfo:637 No active profile set, falling back to 1 default profile: "default"
2023-10-17 11:03:22,922 INFO  [restartedMain] org.springframework.boot.logging.DeferredLog.logTo:250 Devtools property defaults active! Set 'spring.devtools.add-properties' to 'false' to disable
2023-10-17 11:03:22,923 INFO  [restartedMain] org.springframework.boot.logging.DeferredLog.logTo:250 For additional web related logging consider setting the 'logging.level.web' property to 'DEBUG'
2023-10-17 11:03:23,610 INFO  [restartedMain] org.springframework.data.repository.config.RepositoryConfigurationDelegate.multipleStoresDetected:291 Multiple Spring Data modules found, entering strict repository configuration mode
2023-10-17 11:03:23,611 INFO  [restartedMain] org.springframework.data.repository.config.RepositoryConfigurationDelegate.registerRepositoriesIn:138 Bootstrapping Spring Data JPA repositories in DEFAULT mode.
2023-10-17 11:03:23,664 INFO  [restartedMain] org.springframework.data.repository.config.RepositoryConfigurationDelegate.registerRepositoriesIn:208 Finished Spring Data repository scanning in 44 ms. Found 1 JPA repository interfaces.
2023-10-17 11:03:23,892 INFO  [restartedMain] org.springframework.data.repository.config.RepositoryConfigurationDelegate.multipleStoresDetected:291 Multiple Spring Data modules found, entering strict repository configuration mode
2023-10-17 11:03:23,893 INFO  [restartedMain] org.springframework.data.repository.config.RepositoryConfigurationDelegate.registerRepositoriesIn:138 Bootstrapping Spring Data JDBC repositories in DEFAULT mode.
2023-10-17 11:03:23,910 INFO  [restartedMain] org.springframework.data.repository.config.RepositoryConfigurationExtensionSupport.isStrictRepositoryCandidate:320 Spring Data JDBC - Could not safely identify store assignment for repository candidate interface com.example.hostinghub.repository.AdminRepository; If you want this repository to be a JDBC repository, consider annotating your entities with one of these annotations: org.springframework.data.relational.core.mapping.Table.
2023-10-17 11:03:23,911 INFO  [restartedMain] org.springframework.data.repository.config.RepositoryConfigurationDelegate.registerRepositoriesIn:208 Finished Spring Data repository scanning in 18 ms. Found 0 JDBC repository interfaces.
2023-10-17 11:03:24,705 INFO  [restartedMain] org.springframework.boot.web.embedded.tomcat.TomcatWebServer.initialize:108 Tomcat initialized with port(s): 8090 (http)
2023-10-17 11:03:24,715 INFO  [restartedMain] org.apache.juli.logging.DirectJDKLog.log:173 Initializing ProtocolHandler ["http-nio-8090"]
2023-10-17 11:03:24,719 INFO  [restartedMain] org.apache.juli.logging.DirectJDKLog.log:173 Starting service [Tomcat]
2023-10-17 11:03:24,719 INFO  [restartedMain] org.apache.juli.logging.DirectJDKLog.log:173 Starting Servlet engine: [Apache Tomcat/10.1.13]
2023-10-17 11:03:24,787 INFO  [restartedMain] org.apache.juli.logging.DirectJDKLog.log:173 Initializing Spring embedded WebApplicationContext
2023-10-17 11:03:24,788 INFO  [restartedMain] org.springframework.boot.web.servlet.context.ServletWebServerApplicationContext.prepareWebApplicationContext:291 Root WebApplicationContext: initialization completed in 1863 ms
2023-10-17 11:03:24,831 INFO  [restartedMain] com.zaxxer.hikari.HikariDataSource.getConnection:110 HikariPool-1 - Starting...
2023-10-17 11:03:24,974 INFO  [restartedMain] com.zaxxer.hikari.pool.HikariPool.checkFailFast:565 HikariPool-1 - Added connection com.mysql.cj.jdbc.ConnectionImpl@6358ae1
2023-10-17 11:03:24,975 INFO  [restartedMain] com.zaxxer.hikari.HikariDataSource.getConnection:123 HikariPool-1 - Start completed.
2023-10-17 11:03:24,986 INFO  [restartedMain] org.springframework.boot.autoconfigure.h2.H2ConsoleAutoConfiguration.logDataSources:88 H2 console available at '/h2-console'. Database available at 'jdbc:mysql://localhost:3306/hostinghub'
2023-10-17 11:03:25,186 INFO  [restartedMain] org.hibernate.jpa.internal.util.LogHelper.logPersistenceUnitInformation:31 HHH000204: Processing PersistenceUnitInfo [name: default]
2023-10-17 11:03:25,238 INFO  [restartedMain] org.hibernate.Version.logVersion:44 HHH000412: Hibernate ORM core version 6.2.9.Final
2023-10-17 11:03:25,241 INFO  [restartedMain] org.hibernate.cfg.Environment.<clinit>:191 HHH000406: Using bytecode reflection optimizer
2023-10-17 11:03:25,366 INFO  [restartedMain] org.hibernate.bytecode.internal.BytecodeProviderInitiator.buildBytecodeProvider:53 HHH000021: Bytecode provider name : bytebuddy
2023-10-17 11:03:25,491 INFO  [restartedMain] org.springframework.orm.jpa.persistenceunit.SpringPersistenceUnitInfo.addTransformer:87 No LoadTimeWeaver setup: ignoring JPA class transformer
2023-10-17 11:03:25,524 WARN  [restartedMain] org.hibernate.engine.jdbc.dialect.internal.DialectFactoryImpl.logSelectedDialect:100 HHH90000026: MySQL8Dialect has been deprecated; use org.hibernate.dialect.MySQLDialect instead
2023-10-17 11:03:25,699 INFO  [restartedMain] org.hibernate.bytecode.internal.BytecodeProviderInitiator.buildBytecodeProvider:53 HHH000021: Bytecode provider name : bytebuddy
2023-10-17 11:03:26,183 INFO  [restartedMain] org.hibernate.engine.transaction.jta.platform.internal.JtaPlatformInitiator.initiateService:51 HHH000490: Using JtaPlatform implementation: [org.hibernate.engine.transaction.jta.platform.internal.NoJtaPlatform]
2023-10-17 11:03:26,293 INFO  [restartedMain] org.springframework.orm.jpa.AbstractEntityManagerFactoryBean.buildNativeEntityManagerFactory:437 Initialized JPA EntityManagerFactory for persistence unit 'default'
2023-10-17 11:03:26,649 INFO  [restartedMain] org.springframework.data.jpa.repository.query.QueryEnhancerFactory.<clinit>:47 Hibernate is in classpath; If applicable, HQL parser will be used.
2023-10-17 11:03:27,427 WARN  [restartedMain] org.springframework.boot.autoconfigure.orm.jpa.JpaBaseConfiguration$JpaWebConfiguration.openEntityManagerInViewInterceptor:231 spring.jpa.open-in-view is enabled by default. Therefore, database queries may be performed during view rendering. Explicitly configure spring.jpa.open-in-view to disable this warning
2023-10-17 11:03:27,710 WARN  [restartedMain] org.springframework.boot.autoconfigure.thymeleaf.ThymeleafAutoConfiguration$DefaultTemplateResolverConfiguration.checkTemplateLocationExists:101 Cannot find template location: classpath:/templates/ (please add some templates, check your Thymeleaf configuration, or set spring.thymeleaf.check-template-location=false)
2023-10-17 11:03:27,895 INFO  [restartedMain] org.springframework.boot.devtools.autoconfigure.OptionalLiveReloadServer.startServer:59 LiveReload server is running on port 35729
2023-10-17 11:03:27,911 INFO  [restartedMain] org.apache.juli.logging.DirectJDKLog.log:173 Starting ProtocolHandler ["http-nio-8090"]
2023-10-17 11:03:27,955 INFO  [restartedMain] org.springframework.boot.web.embedded.tomcat.TomcatWebServer.start:220 Tomcat started on port(s): 8090 (http) with context path ''
2023-10-17 11:03:27,980 INFO  [restartedMain] org.springframework.boot.StartupInfoLogger.logStarted:57 Started HostingHubApplication in 5.863 seconds (process running for 6.405)
2023-10-17 11:03:44,065 INFO  [http-nio-8090-exec-1] org.apache.juli.logging.DirectJDKLog.log:173 Initializing Spring DispatcherServlet 'dispatcherServlet'
2023-10-17 11:03:44,068 INFO  [http-nio-8090-exec-1] org.springframework.web.servlet.FrameworkServlet.initServletBean:532 Initializing Servlet 'dispatcherServlet'
2023-10-17 11:03:44,069 INFO  [http-nio-8090-exec-1] org.springframework.web.servlet.FrameworkServlet.initServletBean:554 Completed initialization in 1 ms
2023-10-17 11:03:44,774 INFO  [http-nio-8090-exec-1] com.example.hostinghub.controller.AdminController.updateAdmin:100 The Admin details are updated successfully!!
2023-10-17 11:04:01,709 INFO  [http-nio-8090-exec-3] com.example.hostinghub.controller.AdminController.updateAdmin:93 The Admin with the given id is not found AD009 : 
2023-10-17 11:04:58,728 INFO  [http-nio-8090-exec-4] com.example.hostinghub.controller.AdminController.deleteAdminById:124 The Admin id is not found in the db AD009 
2023-10-17 11:05:08,460 INFO  [http-nio-8090-exec-6] com.example.hostinghub.controller.AdminController.deleteAdminById:119 The Admin is deleted successfully!!
2023-10-17 11:12:32,814 WARN  [HikariPool-1 housekeeper] com.zaxxer.hikari.pool.HikariPool$HouseKeeper.run:804 HikariPool-1 - Thread starvation or clock leap detected (housekeeper delta=1m37s595ms623µs).
2023-10-17 11:13:36,398 INFO  [http-nio-8090-exec-9] com.example.hostinghub.controller.AdminController.getAdminById:73 give me the correct adminId to get the details AD002 : 
2023-10-17 11:14:34,338 INFO  [http-nio-8090-exec-10] com.example.hostinghub.service.AdminService.getAllAdmins:156 the size of the admin is 1 : 
2023-10-17 11:14:34,342 INFO  [http-nio-8090-exec-10] com.example.hostinghub.service.AdminService.getAllAdmins:157 the retrieved admin are [AdminEntity(adminId=AD001, name=anusha, userName=kavali, emailId=anushak@pathbreakertech.in, password=anu, phoneNo=9700676453, role=hosting, otp=null)] : 
2023-10-17 11:53:16,291 WARN  [HikariPool-1 housekeeper] com.zaxxer.hikari.pool.HikariPool$HouseKeeper.run:804 HikariPool-1 - Thread starvation or clock leap detected (housekeeper delta=9m42s890ms903µs500ns).
2023-10-17 12:05:58,580 INFO  [File Watcher] org.springframework.boot.devtools.autoconfigure.LocalDevToolsAutoConfiguration$RestartingClassPathChangeChangedEventListener.onApplicationEvent:211 Restarting due to 12 class path changes (0 additions, 11 deletions, 1 modification)
2023-10-17 12:05:58,593 INFO  [Thread-5] org.apache.juli.logging.DirectJDKLog.log:173 Pausing ProtocolHandler ["http-nio-8090"]
2023-10-17 12:05:58,593 INFO  [Thread-5] org.apache.juli.logging.DirectJDKLog.log:173 Stopping service [Tomcat]
2023-10-17 12:05:58,595 INFO  [Thread-5] org.apache.juli.logging.DirectJDKLog.log:173 Destroying Spring FrameworkServlet 'dispatcherServlet'
2023-10-17 12:05:58,598 INFO  [Thread-5] org.apache.juli.logging.DirectJDKLog.log:173 Stopping ProtocolHandler ["http-nio-8090"]
2023-10-17 12:05:58,600 INFO  [Thread-5] org.apache.juli.logging.DirectJDKLog.log:173 Destroying ProtocolHandler ["http-nio-8090"]
2023-10-17 12:05:58,601 INFO  [Thread-5] org.springframework.orm.jpa.AbstractEntityManagerFactoryBean.destroy:650 Closing JPA EntityManagerFactory for persistence unit 'default'
2023-10-17 12:05:58,605 INFO  [Thread-5] com.zaxxer.hikari.HikariDataSource.close:350 HikariPool-1 - Shutdown initiated...
2023-10-17 12:05:58,608 INFO  [Thread-5] com.zaxxer.hikari.HikariDataSource.close:352 HikariPool-1 - Shutdown completed.
2023-10-17 12:05:58,706 INFO  [restartedMain] org.springframework.boot.StartupInfoLogger.logStarting:51 Starting HostingHubApplication using Java 20.0.1 with PID 7808 (D:\HostingHub_WS\hosting-hub\target\classes started by Admin in D:\HostingHub_WS\hosting-hub)
2023-10-17 12:05:58,706 INFO  [restartedMain] org.springframework.boot.SpringApplication.logStartupProfileInfo:637 No active profile set, falling back to 1 default profile: "default"
2023-10-17 12:05:58,900 INFO  [restartedMain] org.springframework.data.repository.config.RepositoryConfigurationDelegate.multipleStoresDetected:291 Multiple Spring Data modules found, entering strict repository configuration mode
2023-10-17 12:05:58,901 INFO  [restartedMain] org.springframework.data.repository.config.RepositoryConfigurationDelegate.registerRepositoriesIn:138 Bootstrapping Spring Data JPA repositories in DEFAULT mode.
2023-10-17 12:05:58,902 INFO  [restartedMain] org.springframework.data.repository.config.RepositoryConfigurationDelegate.registerRepositoriesIn:208 Finished Spring Data repository scanning in 0 ms. Found 0 JPA repository interfaces.
2023-10-17 12:05:58,946 INFO  [restartedMain] org.springframework.data.repository.config.RepositoryConfigurationDelegate.multipleStoresDetected:291 Multiple Spring Data modules found, entering strict repository configuration mode
2023-10-17 12:05:58,947 INFO  [restartedMain] org.springframework.data.repository.config.RepositoryConfigurationDelegate.registerRepositoriesIn:138 Bootstrapping Spring Data JDBC repositories in DEFAULT mode.
2023-10-17 12:05:58,949 INFO  [restartedMain] org.springframework.data.repository.config.RepositoryConfigurationDelegate.registerRepositoriesIn:208 Finished Spring Data repository scanning in 0 ms. Found 0 JDBC repository interfaces.
2023-10-17 12:05:59,041 INFO  [restartedMain] org.springframework.boot.web.embedded.tomcat.TomcatWebServer.initialize:108 Tomcat initialized with port(s): 8090 (http)
2023-10-17 12:05:59,043 INFO  [restartedMain] org.apache.juli.logging.DirectJDKLog.log:173 Initializing ProtocolHandler ["http-nio-8090"]
2023-10-17 12:05:59,044 INFO  [restartedMain] org.apache.juli.logging.DirectJDKLog.log:173 Starting service [Tomcat]
2023-10-17 12:05:59,044 INFO  [restartedMain] org.apache.juli.logging.DirectJDKLog.log:173 Starting Servlet engine: [Apache Tomcat/10.1.13]
2023-10-17 12:05:59,066 INFO  [restartedMain] org.apache.juli.logging.DirectJDKLog.log:173 Initializing Spring embedded WebApplicationContext
2023-10-17 12:05:59,066 INFO  [restartedMain] org.springframework.boot.web.servlet.context.ServletWebServerApplicationContext.prepareWebApplicationContext:291 Root WebApplicationContext: initialization completed in 356 ms
2023-10-17 12:05:59,082 INFO  [restartedMain] com.zaxxer.hikari.HikariDataSource.getConnection:110 HikariPool-2 - Starting...
2023-10-17 12:05:59,088 INFO  [restartedMain] com.zaxxer.hikari.pool.HikariPool.checkFailFast:565 HikariPool-2 - Added connection com.mysql.cj.jdbc.ConnectionImpl@3855a87f
2023-10-17 12:05:59,088 INFO  [restartedMain] com.zaxxer.hikari.HikariDataSource.getConnection:123 HikariPool-2 - Start completed.
2023-10-17 12:05:59,089 INFO  [restartedMain] org.springframework.boot.autoconfigure.h2.H2ConsoleAutoConfiguration.logDataSources:88 H2 console available at '/h2-console'. Database available at 'jdbc:mysql://localhost:3306/hostinghub'
2023-10-17 12:05:59,115 INFO  [restartedMain] org.hibernate.jpa.internal.util.LogHelper.logPersistenceUnitInformation:31 HHH000204: Processing PersistenceUnitInfo [name: default]
2023-10-17 12:05:59,120 INFO  [restartedMain] org.hibernate.bytecode.internal.BytecodeProviderInitiator.buildBytecodeProvider:53 HHH000021: Bytecode provider name : bytebuddy
2023-10-17 12:05:59,120 INFO  [restartedMain] org.springframework.orm.jpa.persistenceunit.SpringPersistenceUnitInfo.addTransformer:87 No LoadTimeWeaver setup: ignoring JPA class transformer
2023-10-17 12:05:59,122 WARN  [restartedMain] org.hibernate.engine.jdbc.dialect.internal.DialectFactoryImpl.logSelectedDialect:100 HHH90000026: MySQL8Dialect has been deprecated; use org.hibernate.dialect.MySQLDialect instead
2023-10-17 12:05:59,124 INFO  [restartedMain] org.hibernate.bytecode.internal.BytecodeProviderInitiator.buildBytecodeProvider:53 HHH000021: Bytecode provider name : bytebuddy
2023-10-17 12:05:59,129 INFO  [restartedMain] org.hibernate.engine.transaction.jta.platform.internal.JtaPlatformInitiator.initiateService:51 HHH000490: Using JtaPlatform implementation: [org.hibernate.engine.transaction.jta.platform.internal.NoJtaPlatform]
2023-10-17 12:05:59,129 INFO  [restartedMain] org.springframework.orm.jpa.AbstractEntityManagerFactoryBean.buildNativeEntityManagerFactory:437 Initialized JPA EntityManagerFactory for persistence unit 'default'
2023-10-17 12:05:59,167 WARN  [restartedMain] org.springframework.boot.autoconfigure.orm.jpa.JpaBaseConfiguration$JpaWebConfiguration.openEntityManagerInViewInterceptor:231 spring.jpa.open-in-view is enabled by default. Therefore, database queries may be performed during view rendering. Explicitly configure spring.jpa.open-in-view to disable this warning
2023-10-17 12:05:59,266 WARN  [restartedMain] org.springframework.boot.autoconfigure.thymeleaf.ThymeleafAutoConfiguration$DefaultTemplateResolverConfiguration.checkTemplateLocationExists:101 Cannot find template location: classpath:/templates/ (please add some templates, check your Thymeleaf configuration, or set spring.thymeleaf.check-template-location=false)
2023-10-17 12:05:59,358 INFO  [restartedMain] org.springframework.boot.devtools.autoconfigure.OptionalLiveReloadServer.startServer:59 LiveReload server is running on port 35729
2023-10-17 12:05:59,363 INFO  [restartedMain] org.apache.juli.logging.DirectJDKLog.log:173 Starting ProtocolHandler ["http-nio-8090"]
2023-10-17 12:05:59,370 INFO  [restartedMain] org.springframework.boot.web.embedded.tomcat.TomcatWebServer.start:220 Tomcat started on port(s): 8090 (http) with context path ''
2023-10-17 12:05:59,377 INFO  [restartedMain] org.springframework.boot.StartupInfoLogger.logStarted:57 Started HostingHubApplication in 0.712 seconds (process running for 3757.801)
2023-10-17 12:05:59,380 INFO  [restartedMain] org.springframework.boot.devtools.autoconfigure.ConditionEvaluationDeltaLoggingListener.onApplicationEvent:63 Condition evaluation unchanged
2023-10-17 12:06:02,204 INFO  [File Watcher] org.springframework.boot.devtools.autoconfigure.LocalDevToolsAutoConfiguration$RestartingClassPathChangeChangedEventListener.onApplicationEvent:211 Restarting due to 11 class path changes (11 additions, 0 deletions, 0 modifications)
2023-10-17 12:06:02,223 INFO  [Thread-7] org.apache.juli.logging.DirectJDKLog.log:173 Pausing ProtocolHandler ["http-nio-8090"]
2023-10-17 12:06:02,224 INFO  [Thread-7] org.apache.juli.logging.DirectJDKLog.log:173 Stopping service [Tomcat]
2023-10-17 12:06:02,226 INFO  [Thread-7] org.apache.juli.logging.DirectJDKLog.log:173 Stopping ProtocolHandler ["http-nio-8090"]
2023-10-17 12:06:02,227 INFO  [Thread-7] org.apache.juli.logging.DirectJDKLog.log:173 Destroying ProtocolHandler ["http-nio-8090"]
2023-10-17 12:06:02,228 INFO  [Thread-7] org.springframework.orm.jpa.AbstractEntityManagerFactoryBean.destroy:650 Closing JPA EntityManagerFactory for persistence unit 'default'
2023-10-17 12:06:02,229 INFO  [Thread-7] com.zaxxer.hikari.HikariDataSource.close:350 HikariPool-2 - Shutdown initiated...
2023-10-17 12:06:02,231 INFO  [Thread-7] com.zaxxer.hikari.HikariDataSource.close:352 HikariPool-2 - Shutdown completed.
2023-10-17 12:06:02,317 INFO  [restartedMain] org.springframework.boot.StartupInfoLogger.logStarting:51 Starting HostingHubApplication using Java 20.0.1 with PID 7808 (D:\HostingHub_WS\hosting-hub\target\classes started by Admin in D:\HostingHub_WS\hosting-hub)
2023-10-17 12:06:02,317 INFO  [restartedMain] org.springframework.boot.SpringApplication.logStartupProfileInfo:637 No active profile set, falling back to 1 default profile: "default"
2023-10-17 12:06:02,475 INFO  [restartedMain] org.springframework.data.repository.config.RepositoryConfigurationDelegate.multipleStoresDetected:291 Multiple Spring Data modules found, entering strict repository configuration mode
2023-10-17 12:06:02,477 INFO  [restartedMain] org.springframework.data.repository.config.RepositoryConfigurationDelegate.registerRepositoriesIn:138 Bootstrapping Spring Data JPA repositories in DEFAULT mode.
2023-10-17 12:06:02,488 INFO  [restartedMain] org.springframework.data.repository.config.RepositoryConfigurationDelegate.registerRepositoriesIn:208 Finished Spring Data repository scanning in 10 ms. Found 1 JPA repository interfaces.
2023-10-17 12:06:02,546 INFO  [restartedMain] org.springframework.data.repository.config.RepositoryConfigurationDelegate.multipleStoresDetected:291 Multiple Spring Data modules found, entering strict repository configuration mode
2023-10-17 12:06:02,549 INFO  [restartedMain] org.springframework.data.repository.config.RepositoryConfigurationDelegate.registerRepositoriesIn:138 Bootstrapping Spring Data JDBC repositories in DEFAULT mode.
2023-10-17 12:06:02,553 INFO  [restartedMain] org.springframework.data.repository.config.RepositoryConfigurationExtensionSupport.isStrictRepositoryCandidate:320 Spring Data JDBC - Could not safely identify store assignment for repository candidate interface com.example.hostinghub.repository.AdminRepository; If you want this repository to be a JDBC repository, consider annotating your entities with one of these annotations: org.springframework.data.relational.core.mapping.Table.
2023-10-17 12:06:02,554 INFO  [restartedMain] org.springframework.data.repository.config.RepositoryConfigurationDelegate.registerRepositoriesIn:208 Finished Spring Data repository scanning in 4 ms. Found 0 JDBC repository interfaces.
2023-10-17 12:06:02,681 INFO  [restartedMain] org.springframework.boot.web.embedded.tomcat.TomcatWebServer.initialize:108 Tomcat initialized with port(s): 8090 (http)
2023-10-17 12:06:02,682 INFO  [restartedMain] org.apache.juli.logging.DirectJDKLog.log:173 Initializing ProtocolHandler ["http-nio-8090"]
2023-10-17 12:06:02,682 INFO  [restartedMain] org.apache.juli.logging.DirectJDKLog.log:173 Starting service [Tomcat]
2023-10-17 12:06:02,683 INFO  [restartedMain] org.apache.juli.logging.DirectJDKLog.log:173 Starting Servlet engine: [Apache Tomcat/10.1.13]
2023-10-17 12:06:02,706 INFO  [restartedMain] org.apache.juli.logging.DirectJDKLog.log:173 Initializing Spring embedded WebApplicationContext
2023-10-17 12:06:02,706 INFO  [restartedMain] org.springframework.boot.web.servlet.context.ServletWebServerApplicationContext.prepareWebApplicationContext:291 Root WebApplicationContext: initialization completed in 385 ms
2023-10-17 12:06:02,719 INFO  [restartedMain] com.zaxxer.hikari.HikariDataSource.getConnection:110 HikariPool-3 - Starting...
2023-10-17 12:06:02,723 INFO  [restartedMain] com.zaxxer.hikari.pool.HikariPool.checkFailFast:565 HikariPool-3 - Added connection com.mysql.cj.jdbc.ConnectionImpl@16b1035f
2023-10-17 12:06:02,724 INFO  [restartedMain] com.zaxxer.hikari.HikariDataSource.getConnection:123 HikariPool-3 - Start completed.
2023-10-17 12:06:02,724 INFO  [restartedMain] org.springframework.boot.autoconfigure.h2.H2ConsoleAutoConfiguration.logDataSources:88 H2 console available at '/h2-console'. Database available at 'jdbc:mysql://localhost:3306/hostinghub'
2023-10-17 12:06:02,747 INFO  [restartedMain] org.hibernate.jpa.internal.util.LogHelper.logPersistenceUnitInformation:31 HHH000204: Processing PersistenceUnitInfo [name: default]
2023-10-17 12:06:02,751 INFO  [restartedMain] org.hibernate.bytecode.internal.BytecodeProviderInitiator.buildBytecodeProvider:53 HHH000021: Bytecode provider name : bytebuddy
2023-10-17 12:06:02,752 INFO  [restartedMain] org.springframework.orm.jpa.persistenceunit.SpringPersistenceUnitInfo.addTransformer:87 No LoadTimeWeaver setup: ignoring JPA class transformer
2023-10-17 12:06:02,753 WARN  [restartedMain] org.hibernate.engine.jdbc.dialect.internal.DialectFactoryImpl.logSelectedDialect:100 HHH90000026: MySQL8Dialect has been deprecated; use org.hibernate.dialect.MySQLDialect instead
2023-10-17 12:06:02,760 INFO  [restartedMain] org.hibernate.bytecode.internal.BytecodeProviderInitiator.buildBytecodeProvider:53 HHH000021: Bytecode provider name : bytebuddy
2023-10-17 12:06:02,791 INFO  [restartedMain] org.hibernate.engine.transaction.jta.platform.internal.JtaPlatformInitiator.initiateService:51 HHH000490: Using JtaPlatform implementation: [org.hibernate.engine.transaction.jta.platform.internal.NoJtaPlatform]
2023-10-17 12:06:02,893 INFO  [restartedMain] org.springframework.orm.jpa.AbstractEntityManagerFactoryBean.buildNativeEntityManagerFactory:437 Initialized JPA EntityManagerFactory for persistence unit 'default'
2023-10-17 12:06:03,040 WARN  [restartedMain] org.springframework.boot.autoconfigure.orm.jpa.JpaBaseConfiguration$JpaWebConfiguration.openEntityManagerInViewInterceptor:231 spring.jpa.open-in-view is enabled by default. Therefore, database queries may be performed during view rendering. Explicitly configure spring.jpa.open-in-view to disable this warning
2023-10-17 12:06:03,098 WARN  [restartedMain] org.springframework.boot.autoconfigure.thymeleaf.ThymeleafAutoConfiguration$DefaultTemplateResolverConfiguration.checkTemplateLocationExists:101 Cannot find template location: classpath:/templates/ (please add some templates, check your Thymeleaf configuration, or set spring.thymeleaf.check-template-location=false)
2023-10-17 12:06:03,127 INFO  [restartedMain] org.springframework.boot.devtools.autoconfigure.OptionalLiveReloadServer.startServer:59 LiveReload server is running on port 35729
2023-10-17 12:06:03,131 INFO  [restartedMain] org.apache.juli.logging.DirectJDKLog.log:173 Starting ProtocolHandler ["http-nio-8090"]
2023-10-17 12:06:03,135 INFO  [restartedMain] org.springframework.boot.web.embedded.tomcat.TomcatWebServer.start:220 Tomcat started on port(s): 8090 (http) with context path ''
2023-10-17 12:06:03,137 INFO  [restartedMain] org.springframework.boot.StartupInfoLogger.logStarted:57 Started HostingHubApplication in 0.859 seconds (process running for 3761.562)
2023-10-17 12:06:03,139 INFO  [restartedMain] org.springframework.boot.devtools.autoconfigure.ConditionEvaluationDeltaLoggingListener.onApplicationEvent:63 Condition evaluation unchanged
2023-10-17 12:41:07,441 WARN  [HikariPool-3 housekeeper] com.zaxxer.hikari.pool.HikariPool$HouseKeeper.run:804 HikariPool-3 - Thread starvation or clock leap detected (housekeeper delta=13m34s281ms338µs).
2023-10-17 13:44:06,623 WARN  [HikariPool-3 housekeeper] com.zaxxer.hikari.pool.HikariPool$HouseKeeper.run:804 HikariPool-3 - Thread starvation or clock leap detected (housekeeper delta=39m28s807ms794µs400ns).
2023-10-17 13:51:17,382 WARN  [HikariPool-3 housekeeper] com.zaxxer.hikari.pool.HikariPool$HouseKeeper.run:804 HikariPool-3 - Thread starvation or clock leap detected (housekeeper delta=3m40s688ms31µs900ns).
2023-10-17 14:07:56,057 WARN  [HikariPool-3 housekeeper] com.zaxxer.hikari.pool.HikariPool$HouseKeeper.run:804 HikariPool-3 - Thread starvation or clock leap detected (housekeeper delta=1m8s466ms611µs500ns).
2023-10-17 14:32:38,948 WARN  [HikariPool-3 housekeeper] com.zaxxer.hikari.pool.HikariPool$HouseKeeper.run:804 HikariPool-3 - Thread starvation or clock leap detected (housekeeper delta=2m42s539ms185µs800ns).
2023-10-17 14:57:42,668 WARN  [HikariPool-3 housekeeper] com.zaxxer.hikari.pool.HikariPool$HouseKeeper.run:804 HikariPool-3 - Thread starvation or clock leap detected (housekeeper delta=2m3s419ms608µs200ns).
2023-10-17 16:13:12,552 WARN  [HikariPool-3 housekeeper] com.zaxxer.hikari.pool.HikariPool$HouseKeeper.run:804 HikariPool-3 - Thread starvation or clock leap detected (housekeeper delta=11m28s845ms21µs600ns).
2023-10-17 16:50:31,070 WARN  [HikariPool-3 housekeeper] com.zaxxer.hikari.pool.HikariPool$HouseKeeper.run:804 HikariPool-3 - Thread starvation or clock leap detected (housekeeper delta=3m48s47ms125µs900ns).
2023-10-17 17:40:08,325 WARN  [HikariPool-3 housekeeper] com.zaxxer.hikari.pool.HikariPool$HouseKeeper.run:804 HikariPool-3 - Thread starvation or clock leap detected (housekeeper delta=27m36s936ms538µs300ns).
2023-10-17 18:02:33,305 INFO  [File Watcher] org.springframework.boot.devtools.autoconfigure.LocalDevToolsAutoConfiguration$RestartingClassPathChangeChangedEventListener.onApplicationEvent:211 Restarting due to 2 class path changes (0 additions, 2 deletions, 0 modifications)
2023-10-17 18:02:33,329 INFO  [Thread-11] org.apache.juli.logging.DirectJDKLog.log:173 Pausing ProtocolHandler ["http-nio-8090"]
2023-10-17 18:02:33,329 INFO  [Thread-11] org.apache.juli.logging.DirectJDKLog.log:173 Stopping service [Tomcat]
2023-10-17 18:02:33,340 INFO  [Thread-11] org.apache.juli.logging.DirectJDKLog.log:173 Stopping ProtocolHandler ["http-nio-8090"]
2023-10-17 18:02:33,342 INFO  [Thread-11] org.apache.juli.logging.DirectJDKLog.log:173 Destroying ProtocolHandler ["http-nio-8090"]
2023-10-17 18:02:33,344 INFO  [Thread-11] org.springframework.orm.jpa.AbstractEntityManagerFactoryBean.destroy:650 Closing JPA EntityManagerFactory for persistence unit 'default'
2023-10-17 18:02:33,352 INFO  [Thread-11] com.zaxxer.hikari.HikariDataSource.close:350 HikariPool-3 - Shutdown initiated...
2023-10-17 18:02:33,356 INFO  [Thread-11] com.zaxxer.hikari.HikariDataSource.close:352 HikariPool-3 - Shutdown completed.
2023-10-17 18:02:33,534 INFO  [restartedMain] org.springframework.boot.StartupInfoLogger.logStarting:51 Starting HostingHubApplication using Java 20.0.1 with PID 7808 (D:\HostingHub_WS\hosting-hub\target\classes started by Admin in D:\HostingHub_WS\hosting-hub)
2023-10-17 18:02:33,534 INFO  [restartedMain] org.springframework.boot.SpringApplication.logStartupProfileInfo:637 No active profile set, falling back to 1 default profile: "default"
2023-10-17 18:02:33,558 WARN  [restartedMain] org.springframework.context.support.AbstractApplicationContext.refresh:616 Exception encountered during context initialization - cancelling refresh attempt: org.springframework.beans.factory.BeanDefinitionStoreException: Failed to parse configuration class [com.example.hostinghub.HostingHubApplication]
2023-10-17 18:02:33,593 ERROR [restartedMain] org.springframework.boot.SpringApplication.reportFailure:827 Application run failed
org.springframework.beans.factory.BeanDefinitionStoreException: Failed to parse configuration class [com.example.hostinghub.HostingHubApplication]
	at org.springframework.context.annotation.ConfigurationClassParser.parse(ConfigurationClassParser.java:178)
	at org.springframework.context.annotation.ConfigurationClassPostProcessor.processConfigBeanDefinitions(ConfigurationClassPostProcessor.java:415)
	at org.springframework.context.annotation.ConfigurationClassPostProcessor.postProcessBeanDefinitionRegistry(ConfigurationClassPostProcessor.java:287)
	at org.springframework.context.support.PostProcessorRegistrationDelegate.invokeBeanDefinitionRegistryPostProcessors(PostProcessorRegistrationDelegate.java:344)
	at org.springframework.context.support.PostProcessorRegistrationDelegate.invokeBeanFactoryPostProcessors(PostProcessorRegistrationDelegate.java:115)
	at org.springframework.context.support.AbstractApplicationContext.invokeBeanFactoryPostProcessors(AbstractApplicationContext.java:771)
	at org.springframework.context.support.AbstractApplicationContext.refresh(AbstractApplicationContext.java:589)
	at org.springframework.boot.web.servlet.context.ServletWebServerApplicationContext.refresh(ServletWebServerApplicationContext.java:146)
	at org.springframework.boot.SpringApplication.refresh(SpringApplication.java:737)
	at org.springframework.boot.SpringApplication.refreshContext(SpringApplication.java:439)
	at org.springframework.boot.SpringApplication.run(SpringApplication.java:315)
	at org.springframework.boot.SpringApplication.run(SpringApplication.java:1309)
	at org.springframework.boot.SpringApplication.run(SpringApplication.java:1298)
	at com.example.hostinghub.HostingHubApplication.main(HostingHubApplication.java:14)
	at java.base/jdk.internal.reflect.DirectMethodHandleAccessor.invoke(DirectMethodHandleAccessor.java:104)
	at java.base/java.lang.reflect.Method.invoke(Method.java:578)
	at org.springframework.boot.devtools.restart.RestartLauncher.run(RestartLauncher.java:50)
Caused by: java.io.FileNotFoundException: class path resource [com/example/hostinghub/mappers/AdminMapper.class] cannot be opened because it does not exist
	at org.springframework.core.io.ClassPathResource.getInputStream(ClassPathResource.java:211)
	at org.springframework.core.type.classreading.SimpleMetadataReader.getClassReader(SimpleMetadataReader.java:54)
	at org.springframework.core.type.classreading.SimpleMetadataReader.<init>(SimpleMetadataReader.java:48)
	at org.springframework.core.type.classreading.SimpleMetadataReaderFactory.getMetadataReader(SimpleMetadataReaderFactory.java:103)
	at org.springframework.boot.type.classreading.ConcurrentReferenceCachingMetadataReaderFactory.createMetadataReader(ConcurrentReferenceCachingMetadataReaderFactory.java:86)
	at org.springframework.boot.type.classreading.ConcurrentReferenceCachingMetadataReaderFactory.getMetadataReader(ConcurrentReferenceCachingMetadataReaderFactory.java:73)
	at org.springframework.core.type.classreading.SimpleMetadataReaderFactory.getMetadataReader(SimpleMetadataReaderFactory.java:81)
	at org.springframework.context.annotation.ConfigurationClassParser.asSourceClass(ConfigurationClassParser.java:613)
	at org.springframework.context.annotation.ConfigurationClassParser$SourceClass.getInterfaces(ConfigurationClassParser.java:939)
	at org.springframework.context.annotation.ConfigurationClassParser.processInterfaces(ConfigurationClassParser.java:379)
	at org.springframework.context.annotation.ConfigurationClassParser.doProcessConfigurationClass(ConfigurationClassParser.java:325)
	at org.springframework.context.annotation.ConfigurationClassParser.processConfigurationClass(ConfigurationClassParser.java:243)
	at org.springframework.context.annotation.ConfigurationClassParser.parse(ConfigurationClassParser.java:188)
	at org.springframework.context.annotation.ConfigurationClassParser.doProcessConfigurationClass(ConfigurationClassParser.java:297)
	at org.springframework.context.annotation.ConfigurationClassParser.processConfigurationClass(ConfigurationClassParser.java:243)
	at org.springframework.context.annotation.ConfigurationClassParser.parse(ConfigurationClassParser.java:196)
	at org.springframework.context.annotation.ConfigurationClassParser.parse(ConfigurationClassParser.java:164)
	... 16 common frames omitted
2023-10-17 18:02:36,134 INFO  [restartedMain] org.springframework.boot.StartupInfoLogger.logStarting:51 Starting HostingHubApplication using Java 20.0.1 with PID 7808 (D:\HostingHub_WS\hosting-hub\target\classes started by Admin in D:\HostingHub_WS\hosting-hub)
2023-10-17 18:02:36,136 INFO  [restartedMain] org.springframework.boot.SpringApplication.logStartupProfileInfo:637 No active profile set, falling back to 1 default profile: "default"
2023-10-17 18:02:36,419 INFO  [restartedMain] org.springframework.data.repository.config.RepositoryConfigurationDelegate.multipleStoresDetected:291 Multiple Spring Data modules found, entering strict repository configuration mode
2023-10-17 18:02:36,419 INFO  [restartedMain] org.springframework.data.repository.config.RepositoryConfigurationDelegate.registerRepositoriesIn:138 Bootstrapping Spring Data JPA repositories in DEFAULT mode.
2023-10-17 18:02:36,430 INFO  [restartedMain] org.springframework.data.repository.config.RepositoryConfigurationDelegate.registerRepositoriesIn:208 Finished Spring Data repository scanning in 10 ms. Found 1 JPA repository interfaces.
2023-10-17 18:02:36,553 INFO  [restartedMain] org.springframework.data.repository.config.RepositoryConfigurationDelegate.multipleStoresDetected:291 Multiple Spring Data modules found, entering strict repository configuration mode
2023-10-17 18:02:36,553 INFO  [restartedMain] org.springframework.data.repository.config.RepositoryConfigurationDelegate.registerRepositoriesIn:138 Bootstrapping Spring Data JDBC repositories in DEFAULT mode.
2023-10-17 18:02:36,559 INFO  [restartedMain] org.springframework.data.repository.config.RepositoryConfigurationExtensionSupport.isStrictRepositoryCandidate:320 Spring Data JDBC - Could not safely identify store assignment for repository candidate interface com.example.hostinghub.repository.AdminRepository; If you want this repository to be a JDBC repository, consider annotating your entities with one of these annotations: org.springframework.data.relational.core.mapping.Table.
2023-10-17 18:02:36,560 INFO  [restartedMain] org.springframework.data.repository.config.RepositoryConfigurationDelegate.registerRepositoriesIn:208 Finished Spring Data repository scanning in 5 ms. Found 0 JDBC repository interfaces.
2023-10-17 18:02:36,853 INFO  [restartedMain] org.springframework.boot.web.embedded.tomcat.TomcatWebServer.initialize:108 Tomcat initialized with port(s): 8090 (http)
2023-10-17 18:02:36,854 INFO  [restartedMain] org.apache.juli.logging.DirectJDKLog.log:173 Initializing ProtocolHandler ["http-nio-8090"]
2023-10-17 18:02:36,855 INFO  [restartedMain] org.apache.juli.logging.DirectJDKLog.log:173 Starting service [Tomcat]
2023-10-17 18:02:36,855 INFO  [restartedMain] org.apache.juli.logging.DirectJDKLog.log:173 Starting Servlet engine: [Apache Tomcat/10.1.13]
2023-10-17 18:02:36,922 INFO  [restartedMain] org.apache.juli.logging.DirectJDKLog.log:173 Initializing Spring embedded WebApplicationContext
2023-10-17 18:02:36,924 INFO  [restartedMain] org.springframework.boot.web.servlet.context.ServletWebServerApplicationContext.prepareWebApplicationContext:291 Root WebApplicationContext: initialization completed in 783 ms
2023-10-17 18:02:36,962 INFO  [restartedMain] com.zaxxer.hikari.HikariDataSource.getConnection:110 HikariPool-4 - Starting...
2023-10-17 18:02:37,053 INFO  [restartedMain] com.zaxxer.hikari.pool.HikariPool.checkFailFast:565 HikariPool-4 - Added connection com.mysql.cj.jdbc.ConnectionImpl@2daeb50a
2023-10-17 18:02:37,056 INFO  [restartedMain] com.zaxxer.hikari.HikariDataSource.getConnection:123 HikariPool-4 - Start completed.
2023-10-17 18:02:37,057 INFO  [restartedMain] org.springframework.boot.autoconfigure.h2.H2ConsoleAutoConfiguration.logDataSources:88 H2 console available at '/h2-console'. Database available at 'jdbc:mysql://localhost:3306/hostinghub'
2023-10-17 18:02:37,369 INFO  [restartedMain] org.hibernate.jpa.internal.util.LogHelper.logPersistenceUnitInformation:31 HHH000204: Processing PersistenceUnitInfo [name: default]
2023-10-17 18:02:37,396 INFO  [restartedMain] org.hibernate.bytecode.internal.BytecodeProviderInitiator.buildBytecodeProvider:53 HHH000021: Bytecode provider name : bytebuddy
2023-10-17 18:02:37,397 INFO  [restartedMain] org.springframework.orm.jpa.persistenceunit.SpringPersistenceUnitInfo.addTransformer:87 No LoadTimeWeaver setup: ignoring JPA class transformer
2023-10-17 18:02:37,419 WARN  [restartedMain] org.hibernate.engine.jdbc.dialect.internal.DialectFactoryImpl.logSelectedDialect:100 HHH90000026: MySQL8Dialect has been deprecated; use org.hibernate.dialect.MySQLDialect instead
2023-10-17 18:02:37,439 INFO  [restartedMain] org.hibernate.bytecode.internal.BytecodeProviderInitiator.buildBytecodeProvider:53 HHH000021: Bytecode provider name : bytebuddy
2023-10-17 18:02:37,531 INFO  [restartedMain] org.hibernate.engine.transaction.jta.platform.internal.JtaPlatformInitiator.initiateService:51 HHH000490: Using JtaPlatform implementation: [org.hibernate.engine.transaction.jta.platform.internal.NoJtaPlatform]
2023-10-17 18:02:37,554 INFO  [restartedMain] org.springframework.orm.jpa.AbstractEntityManagerFactoryBean.buildNativeEntityManagerFactory:437 Initialized JPA EntityManagerFactory for persistence unit 'default'
2023-10-17 18:02:37,790 WARN  [restartedMain] org.springframework.context.support.AbstractApplicationContext.refresh:616 Exception encountered during context initialization - cancelling refresh attempt: org.springframework.beans.factory.BeanCreationException: Error creating bean with name 'configure' defined in com.example.hostinghub.HostingHubApplication: Failed to instantiate [org.springframework.web.servlet.config.annotation.WebMvcConfigurer]: Illegal arguments to factory method 'configure'; args: 
2023-10-17 18:02:37,791 INFO  [restartedMain] org.springframework.orm.jpa.AbstractEntityManagerFactoryBean.destroy:650 Closing JPA EntityManagerFactory for persistence unit 'default'
2023-10-17 18:02:37,792 INFO  [restartedMain] com.zaxxer.hikari.HikariDataSource.close:350 HikariPool-4 - Shutdown initiated...
2023-10-17 18:02:37,795 INFO  [restartedMain] com.zaxxer.hikari.HikariDataSource.close:352 HikariPool-4 - Shutdown completed.
2023-10-17 18:02:37,797 INFO  [restartedMain] org.apache.juli.logging.DirectJDKLog.log:173 Stopping service [Tomcat]
2023-10-17 18:02:37,813 INFO  [restartedMain] org.springframework.boot.autoconfigure.logging.ConditionEvaluationReportLogger.logMessage:82 

Error starting ApplicationContext. To display the condition evaluation report re-run your application with 'debug' enabled.
2023-10-17 18:02:37,816 ERROR [restartedMain] org.springframework.boot.SpringApplication.reportFailure:827 Application run failed
org.springframework.beans.factory.BeanCreationException: Error creating bean with name 'configure' defined in com.example.hostinghub.HostingHubApplication: Failed to instantiate [org.springframework.web.servlet.config.annotation.WebMvcConfigurer]: Illegal arguments to factory method 'configure'; args: 
	at org.springframework.beans.factory.support.ConstructorResolver.instantiate(ConstructorResolver.java:654)
	at org.springframework.beans.factory.support.ConstructorResolver.instantiateUsingFactoryMethod(ConstructorResolver.java:488)
	at org.springframework.beans.factory.support.AbstractAutowireCapableBeanFactory.instantiateUsingFactoryMethod(AbstractAutowireCapableBeanFactory.java:1332)
	at org.springframework.beans.factory.support.AbstractAutowireCapableBeanFactory.createBeanInstance(AbstractAutowireCapableBeanFactory.java:1162)
	at org.springframework.beans.factory.support.AbstractAutowireCapableBeanFactory.doCreateBean(AbstractAutowireCapableBeanFactory.java:560)
	at org.springframework.beans.factory.support.AbstractAutowireCapableBeanFactory.createBean(AbstractAutowireCapableBeanFactory.java:520)
	at org.springframework.beans.factory.support.AbstractBeanFactory.lambda$doGetBean$0(AbstractBeanFactory.java:325)
	at org.springframework.beans.factory.support.DefaultSingletonBeanRegistry.getSingleton(DefaultSingletonBeanRegistry.java:234)
	at org.springframework.beans.factory.support.AbstractBeanFactory.doGetBean(AbstractBeanFactory.java:323)
	at org.springframework.beans.factory.support.AbstractBeanFactory.getBean(AbstractBeanFactory.java:199)
	at org.springframework.beans.factory.support.DefaultListableBeanFactory.preInstantiateSingletons(DefaultListableBeanFactory.java:973)
	at org.springframework.context.support.AbstractApplicationContext.finishBeanFactoryInitialization(AbstractApplicationContext.java:942)
	at org.springframework.context.support.AbstractApplicationContext.refresh(AbstractApplicationContext.java:608)
	at org.springframework.boot.web.servlet.context.ServletWebServerApplicationContext.refresh(ServletWebServerApplicationContext.java:146)
	at org.springframework.boot.SpringApplication.refresh(SpringApplication.java:737)
	at org.springframework.boot.SpringApplication.refreshContext(SpringApplication.java:439)
	at org.springframework.boot.SpringApplication.run(SpringApplication.java:315)
	at org.springframework.boot.SpringApplication.run(SpringApplication.java:1309)
	at org.springframework.boot.SpringApplication.run(SpringApplication.java:1298)
	at com.example.hostinghub.HostingHubApplication.main(HostingHubApplication.java:17)
	at java.base/jdk.internal.reflect.DirectMethodHandleAccessor.invoke(DirectMethodHandleAccessor.java:104)
	at java.base/java.lang.reflect.Method.invoke(Method.java:578)
	at org.springframework.boot.devtools.restart.RestartLauncher.run(RestartLauncher.java:50)
Caused by: org.springframework.beans.BeanInstantiationException: Failed to instantiate [org.springframework.web.servlet.config.annotation.WebMvcConfigurer]: Illegal arguments to factory method 'configure'; args: 
	at org.springframework.beans.factory.support.SimpleInstantiationStrategy.instantiate(SimpleInstantiationStrategy.java:157)
	at org.springframework.beans.factory.support.ConstructorResolver.instantiate(ConstructorResolver.java:650)
	... 22 common frames omitted
Caused by: java.lang.IllegalArgumentException: object is not an instance of declaring class
	at java.base/jdk.internal.reflect.DirectMethodHandleAccessor.checkReceiver(DirectMethodHandleAccessor.java:202)
	at java.base/jdk.internal.reflect.DirectMethodHandleAccessor.invoke(DirectMethodHandleAccessor.java:100)
	at java.base/java.lang.reflect.Method.invoke(Method.java:578)
	at org.springframework.beans.factory.support.SimpleInstantiationStrategy.instantiate(SimpleInstantiationStrategy.java:139)
	... 23 common frames omitted
2023-10-17 18:57:23,680 INFO  [restartedMain] org.springframework.boot.StartupInfoLogger.logStarting:51 Starting HostingHubApplication using Java 20.0.1 with PID 7808 (D:\HostingHub_WS\hosting-hub\target\classes started by Admin in D:\HostingHub_WS\hosting-hub)
2023-10-17 18:57:23,681 INFO  [restartedMain] org.springframework.boot.SpringApplication.logStartupProfileInfo:637 No active profile set, falling back to 1 default profile: "default"
2023-10-17 18:57:23,898 INFO  [restartedMain] org.springframework.data.repository.config.RepositoryConfigurationDelegate.multipleStoresDetected:291 Multiple Spring Data modules found, entering strict repository configuration mode
2023-10-17 18:57:23,898 INFO  [restartedMain] org.springframework.data.repository.config.RepositoryConfigurationDelegate.registerRepositoriesIn:138 Bootstrapping Spring Data JPA repositories in DEFAULT mode.
2023-10-17 18:57:23,904 INFO  [restartedMain] org.springframework.data.repository.config.RepositoryConfigurationDelegate.registerRepositoriesIn:208 Finished Spring Data repository scanning in 6 ms. Found 1 JPA repository interfaces.
2023-10-17 18:57:23,982 INFO  [restartedMain] org.springframework.data.repository.config.RepositoryConfigurationDelegate.multipleStoresDetected:291 Multiple Spring Data modules found, entering strict repository configuration mode
2023-10-17 18:57:23,983 INFO  [restartedMain] org.springframework.data.repository.config.RepositoryConfigurationDelegate.registerRepositoriesIn:138 Bootstrapping Spring Data JDBC repositories in DEFAULT mode.
2023-10-17 18:57:23,997 INFO  [restartedMain] org.springframework.data.repository.config.RepositoryConfigurationExtensionSupport.isStrictRepositoryCandidate:320 Spring Data JDBC - Could not safely identify store assignment for repository candidate interface com.example.hostinghub.repository.AdminRepository; If you want this repository to be a JDBC repository, consider annotating your entities with one of these annotations: org.springframework.data.relational.core.mapping.Table.
2023-10-17 18:57:23,997 INFO  [restartedMain] org.springframework.data.repository.config.RepositoryConfigurationDelegate.registerRepositoriesIn:208 Finished Spring Data repository scanning in 10 ms. Found 0 JDBC repository interfaces.
2023-10-17 18:57:24,218 INFO  [restartedMain] org.springframework.boot.web.embedded.tomcat.TomcatWebServer.initialize:108 Tomcat initialized with port(s): 8090 (http)
2023-10-17 18:57:24,220 INFO  [restartedMain] org.apache.juli.logging.DirectJDKLog.log:173 Initializing ProtocolHandler ["http-nio-8090"]
2023-10-17 18:57:24,220 INFO  [restartedMain] org.apache.juli.logging.DirectJDKLog.log:173 Starting service [Tomcat]
2023-10-17 18:57:24,220 INFO  [restartedMain] org.apache.juli.logging.DirectJDKLog.log:173 Starting Servlet engine: [Apache Tomcat/10.1.13]
2023-10-17 18:57:24,244 INFO  [restartedMain] org.apache.juli.logging.DirectJDKLog.log:173 Initializing Spring embedded WebApplicationContext
2023-10-17 18:57:24,245 INFO  [restartedMain] org.springframework.boot.web.servlet.context.ServletWebServerApplicationContext.prepareWebApplicationContext:291 Root WebApplicationContext: initialization completed in 562 ms
2023-10-17 18:57:24,255 INFO  [restartedMain] com.zaxxer.hikari.HikariDataSource.getConnection:110 HikariPool-5 - Starting...
2023-10-17 18:57:24,259 INFO  [restartedMain] com.zaxxer.hikari.pool.HikariPool.checkFailFast:565 HikariPool-5 - Added connection com.mysql.cj.jdbc.ConnectionImpl@9fa4ad4
2023-10-17 18:57:24,261 INFO  [restartedMain] com.zaxxer.hikari.HikariDataSource.getConnection:123 HikariPool-5 - Start completed.
2023-10-17 18:57:24,261 INFO  [restartedMain] org.springframework.boot.autoconfigure.h2.H2ConsoleAutoConfiguration.logDataSources:88 H2 console available at '/h2-console'. Database available at 'jdbc:mysql://localhost:3306/hostinghub'
2023-10-17 18:57:24,278 INFO  [restartedMain] org.hibernate.jpa.internal.util.LogHelper.logPersistenceUnitInformation:31 HHH000204: Processing PersistenceUnitInfo [name: default]
2023-10-17 18:57:24,282 INFO  [restartedMain] org.hibernate.bytecode.internal.BytecodeProviderInitiator.buildBytecodeProvider:53 HHH000021: Bytecode provider name : bytebuddy
2023-10-17 18:57:24,282 INFO  [restartedMain] org.springframework.orm.jpa.persistenceunit.SpringPersistenceUnitInfo.addTransformer:87 No LoadTimeWeaver setup: ignoring JPA class transformer
2023-10-17 18:57:24,283 WARN  [restartedMain] org.hibernate.engine.jdbc.dialect.internal.DialectFactoryImpl.logSelectedDialect:100 HHH90000026: MySQL8Dialect has been deprecated; use org.hibernate.dialect.MySQLDialect instead
2023-10-17 18:57:24,290 INFO  [restartedMain] org.hibernate.bytecode.internal.BytecodeProviderInitiator.buildBytecodeProvider:53 HHH000021: Bytecode provider name : bytebuddy
2023-10-17 18:57:24,313 INFO  [restartedMain] org.hibernate.engine.transaction.jta.platform.internal.JtaPlatformInitiator.initiateService:51 HHH000490: Using JtaPlatform implementation: [org.hibernate.engine.transaction.jta.platform.internal.NoJtaPlatform]
2023-10-17 18:57:24,353 INFO  [restartedMain] org.springframework.orm.jpa.AbstractEntityManagerFactoryBean.buildNativeEntityManagerFactory:437 Initialized JPA EntityManagerFactory for persistence unit 'default'
2023-10-17 18:57:24,462 WARN  [restartedMain] org.springframework.context.support.AbstractApplicationContext.refresh:616 Exception encountered during context initialization - cancelling refresh attempt: org.springframework.beans.factory.BeanCreationException: Error creating bean with name 'configure' defined in com.example.hostinghub.HostingHubApplication: Failed to instantiate [org.springframework.web.servlet.config.annotation.WebMvcConfigurer]: Illegal arguments to factory method 'configure'; args: 
2023-10-17 18:57:24,463 INFO  [restartedMain] org.springframework.orm.jpa.AbstractEntityManagerFactoryBean.destroy:650 Closing JPA EntityManagerFactory for persistence unit 'default'
2023-10-17 18:57:24,463 INFO  [restartedMain] com.zaxxer.hikari.HikariDataSource.close:350 HikariPool-5 - Shutdown initiated...
2023-10-17 18:57:24,479 INFO  [restartedMain] com.zaxxer.hikari.HikariDataSource.close:352 HikariPool-5 - Shutdown completed.
2023-10-17 18:57:24,480 INFO  [restartedMain] org.apache.juli.logging.DirectJDKLog.log:173 Stopping service [Tomcat]
2023-10-17 18:57:24,486 INFO  [restartedMain] org.springframework.boot.autoconfigure.logging.ConditionEvaluationReportLogger.logMessage:82 

Error starting ApplicationContext. To display the condition evaluation report re-run your application with 'debug' enabled.
2023-10-17 18:57:24,492 ERROR [restartedMain] org.springframework.boot.SpringApplication.reportFailure:827 Application run failed
org.springframework.beans.factory.BeanCreationException: Error creating bean with name 'configure' defined in com.example.hostinghub.HostingHubApplication: Failed to instantiate [org.springframework.web.servlet.config.annotation.WebMvcConfigurer]: Illegal arguments to factory method 'configure'; args: 
	at org.springframework.beans.factory.support.ConstructorResolver.instantiate(ConstructorResolver.java:654)
	at org.springframework.beans.factory.support.ConstructorResolver.instantiateUsingFactoryMethod(ConstructorResolver.java:488)
	at org.springframework.beans.factory.support.AbstractAutowireCapableBeanFactory.instantiateUsingFactoryMethod(AbstractAutowireCapableBeanFactory.java:1332)
	at org.springframework.beans.factory.support.AbstractAutowireCapableBeanFactory.createBeanInstance(AbstractAutowireCapableBeanFactory.java:1162)
	at org.springframework.beans.factory.support.AbstractAutowireCapableBeanFactory.doCreateBean(AbstractAutowireCapableBeanFactory.java:560)
	at org.springframework.beans.factory.support.AbstractAutowireCapableBeanFactory.createBean(AbstractAutowireCapableBeanFactory.java:520)
	at org.springframework.beans.factory.support.AbstractBeanFactory.lambda$doGetBean$0(AbstractBeanFactory.java:325)
	at org.springframework.beans.factory.support.DefaultSingletonBeanRegistry.getSingleton(DefaultSingletonBeanRegistry.java:234)
	at org.springframework.beans.factory.support.AbstractBeanFactory.doGetBean(AbstractBeanFactory.java:323)
	at org.springframework.beans.factory.support.AbstractBeanFactory.getBean(AbstractBeanFactory.java:199)
	at org.springframework.beans.factory.support.DefaultListableBeanFactory.preInstantiateSingletons(DefaultListableBeanFactory.java:973)
	at org.springframework.context.support.AbstractApplicationContext.finishBeanFactoryInitialization(AbstractApplicationContext.java:942)
	at org.springframework.context.support.AbstractApplicationContext.refresh(AbstractApplicationContext.java:608)
	at org.springframework.boot.web.servlet.context.ServletWebServerApplicationContext.refresh(ServletWebServerApplicationContext.java:146)
	at org.springframework.boot.SpringApplication.refresh(SpringApplication.java:737)
	at org.springframework.boot.SpringApplication.refreshContext(SpringApplication.java:439)
	at org.springframework.boot.SpringApplication.run(SpringApplication.java:315)
	at org.springframework.boot.SpringApplication.run(SpringApplication.java:1309)
	at org.springframework.boot.SpringApplication.run(SpringApplication.java:1298)
	at com.example.hostinghub.HostingHubApplication.main(HostingHubApplication.java:17)
	at java.base/jdk.internal.reflect.DirectMethodHandleAccessor.invoke(DirectMethodHandleAccessor.java:104)
	at java.base/java.lang.reflect.Method.invoke(Method.java:578)
	at org.springframework.boot.devtools.restart.RestartLauncher.run(RestartLauncher.java:50)
Caused by: org.springframework.beans.BeanInstantiationException: Failed to instantiate [org.springframework.web.servlet.config.annotation.WebMvcConfigurer]: Illegal arguments to factory method 'configure'; args: 
	at org.springframework.beans.factory.support.SimpleInstantiationStrategy.instantiate(SimpleInstantiationStrategy.java:157)
	at org.springframework.beans.factory.support.ConstructorResolver.instantiate(ConstructorResolver.java:650)
	... 22 common frames omitted
Caused by: java.lang.IllegalArgumentException: object is not an instance of declaring class
	at java.base/jdk.internal.reflect.DirectMethodHandleAccessor.checkReceiver(DirectMethodHandleAccessor.java:202)
	at java.base/jdk.internal.reflect.DirectMethodHandleAccessor.invoke(DirectMethodHandleAccessor.java:100)
	at java.base/java.lang.reflect.Method.invoke(Method.java:578)
	at org.springframework.beans.factory.support.SimpleInstantiationStrategy.instantiate(SimpleInstantiationStrategy.java:139)
	... 23 common frames omitted
2023-10-17 18:57:25,964 INFO  [restartedMain] org.springframework.boot.StartupInfoLogger.logStarting:51 Starting HostingHubApplication using Java 20.0.1 with PID 7808 (D:\HostingHub_WS\hosting-hub\target\classes started by Admin in D:\HostingHub_WS\hosting-hub)
2023-10-17 18:57:25,965 INFO  [restartedMain] org.springframework.boot.SpringApplication.logStartupProfileInfo:637 No active profile set, falling back to 1 default profile: "default"
2023-10-17 18:57:26,452 INFO  [restartedMain] org.springframework.data.repository.config.RepositoryConfigurationDelegate.multipleStoresDetected:291 Multiple Spring Data modules found, entering strict repository configuration mode
2023-10-17 18:57:26,453 INFO  [restartedMain] org.springframework.data.repository.config.RepositoryConfigurationDelegate.registerRepositoriesIn:138 Bootstrapping Spring Data JPA repositories in DEFAULT mode.
2023-10-17 18:57:26,460 INFO  [restartedMain] org.springframework.data.repository.config.RepositoryConfigurationDelegate.registerRepositoriesIn:208 Finished Spring Data repository scanning in 7 ms. Found 1 JPA repository interfaces.
2023-10-17 18:57:26,486 INFO  [restartedMain] org.springframework.data.repository.config.RepositoryConfigurationDelegate.multipleStoresDetected:291 Multiple Spring Data modules found, entering strict repository configuration mode
2023-10-17 18:57:26,488 INFO  [restartedMain] org.springframework.data.repository.config.RepositoryConfigurationDelegate.registerRepositoriesIn:138 Bootstrapping Spring Data JDBC repositories in DEFAULT mode.
2023-10-17 18:57:26,491 INFO  [restartedMain] org.springframework.data.repository.config.RepositoryConfigurationExtensionSupport.isStrictRepositoryCandidate:320 Spring Data JDBC - Could not safely identify store assignment for repository candidate interface com.example.hostinghub.repository.AdminRepository; If you want this repository to be a JDBC repository, consider annotating your entities with one of these annotations: org.springframework.data.relational.core.mapping.Table.
2023-10-17 18:57:26,541 INFO  [restartedMain] org.springframework.data.repository.config.RepositoryConfigurationDelegate.registerRepositoriesIn:208 Finished Spring Data repository scanning in 52 ms. Found 0 JDBC repository interfaces.
2023-10-17 18:57:26,746 INFO  [restartedMain] org.springframework.boot.web.embedded.tomcat.TomcatWebServer.initialize:108 Tomcat initialized with port(s): 8090 (http)
2023-10-17 18:57:26,763 INFO  [restartedMain] org.apache.juli.logging.DirectJDKLog.log:173 Initializing ProtocolHandler ["http-nio-8090"]
2023-10-17 18:57:26,763 INFO  [restartedMain] org.apache.juli.logging.DirectJDKLog.log:173 Starting service [Tomcat]
2023-10-17 18:57:26,763 INFO  [restartedMain] org.apache.juli.logging.DirectJDKLog.log:173 Starting Servlet engine: [Apache Tomcat/10.1.13]
2023-10-17 18:57:26,863 INFO  [restartedMain] org.apache.juli.logging.DirectJDKLog.log:173 Initializing Spring embedded WebApplicationContext
2023-10-17 18:57:26,863 INFO  [restartedMain] org.springframework.boot.web.servlet.context.ServletWebServerApplicationContext.prepareWebApplicationContext:291 Root WebApplicationContext: initialization completed in 894 ms
2023-10-17 18:57:26,912 INFO  [restartedMain] com.zaxxer.hikari.HikariDataSource.getConnection:110 HikariPool-6 - Starting...
2023-10-17 18:57:26,915 INFO  [restartedMain] com.zaxxer.hikari.pool.HikariPool.checkFailFast:565 HikariPool-6 - Added connection com.mysql.cj.jdbc.ConnectionImpl@1b967e06
2023-10-17 18:57:26,920 INFO  [restartedMain] com.zaxxer.hikari.HikariDataSource.getConnection:123 HikariPool-6 - Start completed.
2023-10-17 18:57:26,920 INFO  [restartedMain] org.springframework.boot.autoconfigure.h2.H2ConsoleAutoConfiguration.logDataSources:88 H2 console available at '/h2-console'. Database available at 'jdbc:mysql://localhost:3306/hostinghub'
2023-10-17 18:57:26,947 INFO  [restartedMain] org.hibernate.jpa.internal.util.LogHelper.logPersistenceUnitInformation:31 HHH000204: Processing PersistenceUnitInfo [name: default]
2023-10-17 18:57:26,952 INFO  [restartedMain] org.hibernate.bytecode.internal.BytecodeProviderInitiator.buildBytecodeProvider:53 HHH000021: Bytecode provider name : bytebuddy
2023-10-17 18:57:26,952 INFO  [restartedMain] org.springframework.orm.jpa.persistenceunit.SpringPersistenceUnitInfo.addTransformer:87 No LoadTimeWeaver setup: ignoring JPA class transformer
2023-10-17 18:57:26,953 WARN  [restartedMain] org.hibernate.engine.jdbc.dialect.internal.DialectFactoryImpl.logSelectedDialect:100 HHH90000026: MySQL8Dialect has been deprecated; use org.hibernate.dialect.MySQLDialect instead
2023-10-17 18:57:26,969 INFO  [restartedMain] org.hibernate.bytecode.internal.BytecodeProviderInitiator.buildBytecodeProvider:53 HHH000021: Bytecode provider name : bytebuddy
2023-10-17 18:57:27,003 INFO  [restartedMain] org.hibernate.engine.transaction.jta.platform.internal.JtaPlatformInitiator.initiateService:51 HHH000490: Using JtaPlatform implementation: [org.hibernate.engine.transaction.jta.platform.internal.NoJtaPlatform]
2023-10-17 18:57:27,126 INFO  [restartedMain] org.springframework.orm.jpa.AbstractEntityManagerFactoryBean.buildNativeEntityManagerFactory:437 Initialized JPA EntityManagerFactory for persistence unit 'default'
2023-10-17 18:57:27,211 WARN  [restartedMain] org.springframework.context.support.AbstractApplicationContext.refresh:616 Exception encountered during context initialization - cancelling refresh attempt: org.springframework.beans.factory.BeanCreationException: Error creating bean with name 'configure' defined in com.example.hostinghub.HostingHubApplication: Failed to instantiate [org.springframework.web.servlet.config.annotation.WebMvcConfigurer]: Illegal arguments to factory method 'configure'; args: 
2023-10-17 18:57:27,211 INFO  [restartedMain] org.springframework.orm.jpa.AbstractEntityManagerFactoryBean.destroy:650 Closing JPA EntityManagerFactory for persistence unit 'default'
2023-10-17 18:57:27,212 INFO  [restartedMain] com.zaxxer.hikari.HikariDataSource.close:350 HikariPool-6 - Shutdown initiated...
2023-10-17 18:57:27,230 INFO  [restartedMain] com.zaxxer.hikari.HikariDataSource.close:352 HikariPool-6 - Shutdown completed.
2023-10-17 18:57:27,232 INFO  [restartedMain] org.apache.juli.logging.DirectJDKLog.log:173 Stopping service [Tomcat]
2023-10-17 18:57:27,237 INFO  [restartedMain] org.springframework.boot.autoconfigure.logging.ConditionEvaluationReportLogger.logMessage:82 

Error starting ApplicationContext. To display the condition evaluation report re-run your application with 'debug' enabled.
2023-10-17 18:57:27,267 ERROR [restartedMain] org.springframework.boot.SpringApplication.reportFailure:827 Application run failed
org.springframework.beans.factory.BeanCreationException: Error creating bean with name 'configure' defined in com.example.hostinghub.HostingHubApplication: Failed to instantiate [org.springframework.web.servlet.config.annotation.WebMvcConfigurer]: Illegal arguments to factory method 'configure'; args: 
	at org.springframework.beans.factory.support.ConstructorResolver.instantiate(ConstructorResolver.java:654)
	at org.springframework.beans.factory.support.ConstructorResolver.instantiateUsingFactoryMethod(ConstructorResolver.java:488)
	at org.springframework.beans.factory.support.AbstractAutowireCapableBeanFactory.instantiateUsingFactoryMethod(AbstractAutowireCapableBeanFactory.java:1332)
	at org.springframework.beans.factory.support.AbstractAutowireCapableBeanFactory.createBeanInstance(AbstractAutowireCapableBeanFactory.java:1162)
	at org.springframework.beans.factory.support.AbstractAutowireCapableBeanFactory.doCreateBean(AbstractAutowireCapableBeanFactory.java:560)
	at org.springframework.beans.factory.support.AbstractAutowireCapableBeanFactory.createBean(AbstractAutowireCapableBeanFactory.java:520)
	at org.springframework.beans.factory.support.AbstractBeanFactory.lambda$doGetBean$0(AbstractBeanFactory.java:325)
	at org.springframework.beans.factory.support.DefaultSingletonBeanRegistry.getSingleton(DefaultSingletonBeanRegistry.java:234)
	at org.springframework.beans.factory.support.AbstractBeanFactory.doGetBean(AbstractBeanFactory.java:323)
	at org.springframework.beans.factory.support.AbstractBeanFactory.getBean(AbstractBeanFactory.java:199)
	at org.springframework.beans.factory.support.DefaultListableBeanFactory.preInstantiateSingletons(DefaultListableBeanFactory.java:973)
	at org.springframework.context.support.AbstractApplicationContext.finishBeanFactoryInitialization(AbstractApplicationContext.java:942)
	at org.springframework.context.support.AbstractApplicationContext.refresh(AbstractApplicationContext.java:608)
	at org.springframework.boot.web.servlet.context.ServletWebServerApplicationContext.refresh(ServletWebServerApplicationContext.java:146)
	at org.springframework.boot.SpringApplication.refresh(SpringApplication.java:737)
	at org.springframework.boot.SpringApplication.refreshContext(SpringApplication.java:439)
	at org.springframework.boot.SpringApplication.run(SpringApplication.java:315)
	at org.springframework.boot.SpringApplication.run(SpringApplication.java:1309)
	at org.springframework.boot.SpringApplication.run(SpringApplication.java:1298)
	at com.example.hostinghub.HostingHubApplication.main(HostingHubApplication.java:17)
	at java.base/jdk.internal.reflect.DirectMethodHandleAccessor.invoke(DirectMethodHandleAccessor.java:104)
	at java.base/java.lang.reflect.Method.invoke(Method.java:578)
	at org.springframework.boot.devtools.restart.RestartLauncher.run(RestartLauncher.java:50)
Caused by: org.springframework.beans.BeanInstantiationException: Failed to instantiate [org.springframework.web.servlet.config.annotation.WebMvcConfigurer]: Illegal arguments to factory method 'configure'; args: 
	at org.springframework.beans.factory.support.SimpleInstantiationStrategy.instantiate(SimpleInstantiationStrategy.java:157)
	at org.springframework.beans.factory.support.ConstructorResolver.instantiate(ConstructorResolver.java:650)
	... 22 common frames omitted
Caused by: java.lang.IllegalArgumentException: object is not an instance of declaring class
	at java.base/jdk.internal.reflect.DirectMethodHandleAccessor.checkReceiver(DirectMethodHandleAccessor.java:202)
	at java.base/jdk.internal.reflect.DirectMethodHandleAccessor.invoke(DirectMethodHandleAccessor.java:100)
	at java.base/java.lang.reflect.Method.invoke(Method.java:578)
	at org.springframework.beans.factory.support.SimpleInstantiationStrategy.instantiate(SimpleInstantiationStrategy.java:139)
	... 23 common frames omitted
2023-10-17 19:52:13,325 INFO  [restartedMain] org.springframework.boot.StartupInfoLogger.logStarting:51 Starting HostingHubApplication using Java 20.0.1 with PID 7808 (D:\HostingHub_WS\hosting-hub\target\classes started by Admin in D:\HostingHub_WS\hosting-hub)
2023-10-17 19:52:13,325 INFO  [restartedMain] org.springframework.boot.SpringApplication.logStartupProfileInfo:637 No active profile set, falling back to 1 default profile: "default"
2023-10-17 19:52:13,433 INFO  [restartedMain] org.springframework.data.repository.config.RepositoryConfigurationDelegate.multipleStoresDetected:291 Multiple Spring Data modules found, entering strict repository configuration mode
2023-10-17 19:52:13,433 INFO  [restartedMain] org.springframework.data.repository.config.RepositoryConfigurationDelegate.registerRepositoriesIn:138 Bootstrapping Spring Data JPA repositories in DEFAULT mode.
2023-10-17 19:52:13,441 INFO  [restartedMain] org.springframework.data.repository.config.RepositoryConfigurationDelegate.registerRepositoriesIn:208 Finished Spring Data repository scanning in 7 ms. Found 1 JPA repository interfaces.
2023-10-17 19:52:13,492 INFO  [restartedMain] org.springframework.data.repository.config.RepositoryConfigurationDelegate.multipleStoresDetected:291 Multiple Spring Data modules found, entering strict repository configuration mode
2023-10-17 19:52:13,493 INFO  [restartedMain] org.springframework.data.repository.config.RepositoryConfigurationDelegate.registerRepositoriesIn:138 Bootstrapping Spring Data JDBC repositories in DEFAULT mode.
2023-10-17 19:52:13,513 INFO  [restartedMain] org.springframework.data.repository.config.RepositoryConfigurationExtensionSupport.isStrictRepositoryCandidate:320 Spring Data JDBC - Could not safely identify store assignment for repository candidate interface com.example.hostinghub.repository.AdminRepository; If you want this repository to be a JDBC repository, consider annotating your entities with one of these annotations: org.springframework.data.relational.core.mapping.Table.
2023-10-17 19:52:13,514 INFO  [restartedMain] org.springframework.data.repository.config.RepositoryConfigurationDelegate.registerRepositoriesIn:208 Finished Spring Data repository scanning in 19 ms. Found 0 JDBC repository interfaces.
2023-10-17 19:52:13,587 INFO  [restartedMain] org.springframework.boot.web.embedded.tomcat.TomcatWebServer.initialize:108 Tomcat initialized with port(s): 8090 (http)
2023-10-17 19:52:13,588 INFO  [restartedMain] org.apache.juli.logging.DirectJDKLog.log:173 Initializing ProtocolHandler ["http-nio-8090"]
2023-10-17 19:52:13,588 INFO  [restartedMain] org.apache.juli.logging.DirectJDKLog.log:173 Starting service [Tomcat]
2023-10-17 19:52:13,589 INFO  [restartedMain] org.apache.juli.logging.DirectJDKLog.log:173 Starting Servlet engine: [Apache Tomcat/10.1.13]
2023-10-17 19:52:13,608 INFO  [restartedMain] org.apache.juli.logging.DirectJDKLog.log:173 Initializing Spring embedded WebApplicationContext
2023-10-17 19:52:13,609 INFO  [restartedMain] org.springframework.boot.web.servlet.context.ServletWebServerApplicationContext.prepareWebApplicationContext:291 Root WebApplicationContext: initialization completed in 282 ms
2023-10-17 19:52:13,619 INFO  [restartedMain] com.zaxxer.hikari.HikariDataSource.getConnection:110 HikariPool-7 - Starting...
2023-10-17 19:52:13,625 INFO  [restartedMain] com.zaxxer.hikari.pool.HikariPool.checkFailFast:565 HikariPool-7 - Added connection com.mysql.cj.jdbc.ConnectionImpl@a83452b
2023-10-17 19:52:13,626 INFO  [restartedMain] com.zaxxer.hikari.HikariDataSource.getConnection:123 HikariPool-7 - Start completed.
2023-10-17 19:52:13,626 INFO  [restartedMain] org.springframework.boot.autoconfigure.h2.H2ConsoleAutoConfiguration.logDataSources:88 H2 console available at '/h2-console'. Database available at 'jdbc:mysql://localhost:3306/hostinghub'
2023-10-17 19:52:13,643 INFO  [restartedMain] org.hibernate.jpa.internal.util.LogHelper.logPersistenceUnitInformation:31 HHH000204: Processing PersistenceUnitInfo [name: default]
2023-10-17 19:52:13,647 INFO  [restartedMain] org.hibernate.bytecode.internal.BytecodeProviderInitiator.buildBytecodeProvider:53 HHH000021: Bytecode provider name : bytebuddy
2023-10-17 19:52:13,648 INFO  [restartedMain] org.springframework.orm.jpa.persistenceunit.SpringPersistenceUnitInfo.addTransformer:87 No LoadTimeWeaver setup: ignoring JPA class transformer
2023-10-17 19:52:13,649 WARN  [restartedMain] org.hibernate.engine.jdbc.dialect.internal.DialectFactoryImpl.logSelectedDialect:100 HHH90000026: MySQL8Dialect has been deprecated; use org.hibernate.dialect.MySQLDialect instead
2023-10-17 19:52:13,655 INFO  [restartedMain] org.hibernate.bytecode.internal.BytecodeProviderInitiator.buildBytecodeProvider:53 HHH000021: Bytecode provider name : bytebuddy
2023-10-17 19:52:13,676 INFO  [restartedMain] org.hibernate.engine.transaction.jta.platform.internal.JtaPlatformInitiator.initiateService:51 HHH000490: Using JtaPlatform implementation: [org.hibernate.engine.transaction.jta.platform.internal.NoJtaPlatform]
2023-10-17 19:52:13,777 INFO  [restartedMain] org.springframework.orm.jpa.AbstractEntityManagerFactoryBean.buildNativeEntityManagerFactory:437 Initialized JPA EntityManagerFactory for persistence unit 'default'
2023-10-17 19:52:13,787 WARN  [restartedMain] org.springframework.context.support.AbstractApplicationContext.refresh:616 Exception encountered during context initialization - cancelling refresh attempt: org.springframework.beans.factory.BeanCreationException: Error creating bean with name 'adminController' defined in file [D:\HostingHub_WS\hosting-hub\target\classes\com\example\hostinghub\controller\AdminController.class]: Post-processing of merged bean definition failed
2023-10-17 19:52:13,787 INFO  [restartedMain] org.springframework.orm.jpa.AbstractEntityManagerFactoryBean.destroy:650 Closing JPA EntityManagerFactory for persistence unit 'default'
2023-10-17 19:52:13,787 INFO  [restartedMain] com.zaxxer.hikari.HikariDataSource.close:350 HikariPool-7 - Shutdown initiated...
2023-10-17 19:52:13,802 INFO  [restartedMain] com.zaxxer.hikari.HikariDataSource.close:352 HikariPool-7 - Shutdown completed.
2023-10-17 19:52:13,802 INFO  [restartedMain] org.apache.juli.logging.DirectJDKLog.log:173 Stopping service [Tomcat]
2023-10-17 19:52:13,807 INFO  [restartedMain] org.springframework.boot.autoconfigure.logging.ConditionEvaluationReportLogger.logMessage:82 

Error starting ApplicationContext. To display the condition evaluation report re-run your application with 'debug' enabled.
2023-10-17 19:52:13,809 ERROR [restartedMain] org.springframework.boot.SpringApplication.reportFailure:827 Application run failed
org.springframework.beans.factory.BeanCreationException: Error creating bean with name 'adminController' defined in file [D:\HostingHub_WS\hosting-hub\target\classes\com\example\hostinghub\controller\AdminController.class]: Post-processing of merged bean definition failed
	at org.springframework.beans.factory.support.AbstractAutowireCapableBeanFactory.doCreateBean(AbstractAutowireCapableBeanFactory.java:575)
	at org.springframework.beans.factory.support.AbstractAutowireCapableBeanFactory.createBean(AbstractAutowireCapableBeanFactory.java:520)
	at org.springframework.beans.factory.support.AbstractBeanFactory.lambda$doGetBean$0(AbstractBeanFactory.java:325)
	at org.springframework.beans.factory.support.DefaultSingletonBeanRegistry.getSingleton(DefaultSingletonBeanRegistry.java:234)
	at org.springframework.beans.factory.support.AbstractBeanFactory.doGetBean(AbstractBeanFactory.java:323)
	at org.springframework.beans.factory.support.AbstractBeanFactory.getBean(AbstractBeanFactory.java:199)
	at org.springframework.beans.factory.support.DefaultListableBeanFactory.preInstantiateSingletons(DefaultListableBeanFactory.java:973)
	at org.springframework.context.support.AbstractApplicationContext.finishBeanFactoryInitialization(AbstractApplicationContext.java:942)
	at org.springframework.context.support.AbstractApplicationContext.refresh(AbstractApplicationContext.java:608)
	at org.springframework.boot.web.servlet.context.ServletWebServerApplicationContext.refresh(ServletWebServerApplicationContext.java:146)
	at org.springframework.boot.SpringApplication.refresh(SpringApplication.java:737)
	at org.springframework.boot.SpringApplication.refreshContext(SpringApplication.java:439)
	at org.springframework.boot.SpringApplication.run(SpringApplication.java:315)
	at org.springframework.boot.SpringApplication.run(SpringApplication.java:1309)
	at org.springframework.boot.SpringApplication.run(SpringApplication.java:1298)
	at com.example.hostinghub.HostingHubApplication.main(HostingHubApplication.java:17)
	at java.base/jdk.internal.reflect.DirectMethodHandleAccessor.invoke(DirectMethodHandleAccessor.java:104)
	at java.base/java.lang.reflect.Method.invoke(Method.java:578)
	at org.springframework.boot.devtools.restart.RestartLauncher.run(RestartLauncher.java:50)
Caused by: java.lang.IllegalStateException: Failed to introspect Class [com.example.hostinghub.controller.AdminController] from ClassLoader [org.springframework.boot.devtools.restart.classloader.RestartClassLoader@2818650e]
	at org.springframework.util.ReflectionUtils.getDeclaredFields(ReflectionUtils.java:732)
	at org.springframework.util.ReflectionUtils.doWithLocalFields(ReflectionUtils.java:664)
	at org.springframework.orm.jpa.support.PersistenceAnnotationBeanPostProcessor.buildPersistenceMetadata(PersistenceAnnotationBeanPostProcessor.java:436)
	at org.springframework.orm.jpa.support.PersistenceAnnotationBeanPostProcessor.findPersistenceMetadata(PersistenceAnnotationBeanPostProcessor.java:417)
	at org.springframework.orm.jpa.support.PersistenceAnnotationBeanPostProcessor.findInjectionMetadata(PersistenceAnnotationBeanPostProcessor.java:371)
	at org.springframework.orm.jpa.support.PersistenceAnnotationBeanPostProcessor.postProcessMergedBeanDefinition(PersistenceAnnotationBeanPostProcessor.java:353)
	at org.springframework.beans.factory.support.AbstractAutowireCapableBeanFactory.applyMergedBeanDefinitionPostProcessors(AbstractAutowireCapableBeanFactory.java:1083)
	at org.springframework.beans.factory.support.AbstractAutowireCapableBeanFactory.doCreateBean(AbstractAutowireCapableBeanFactory.java:572)
	... 18 common frames omitted
Caused by: java.lang.NoClassDefFoundError: com/example/hostinghub/service/AdminService
	at java.base/java.lang.Class.getDeclaredFields0(Native Method)
	at java.base/java.lang.Class.privateGetDeclaredFields(Class.java:3397)
	at java.base/java.lang.Class.getDeclaredFields(Class.java:2468)
	at org.springframework.util.ReflectionUtils.getDeclaredFields(ReflectionUtils.java:727)
	... 25 common frames omitted
Caused by: java.lang.ClassNotFoundException: com.example.hostinghub.service.AdminService
	at java.base/jdk.internal.loader.BuiltinClassLoader.loadClass(BuiltinClassLoader.java:641)
	at java.base/jdk.internal.loader.ClassLoaders$AppClassLoader.loadClass(ClassLoaders.java:188)
	at java.base/java.lang.ClassLoader.loadClass(ClassLoader.java:521)
	at java.base/java.lang.Class.forName0(Native Method)
	at java.base/java.lang.Class.forName(Class.java:496)
	at java.base/java.lang.Class.forName(Class.java:475)
	at org.springframework.boot.devtools.restart.classloader.RestartClassLoader.loadClass(RestartClassLoader.java:121)
	at java.base/java.lang.ClassLoader.loadClass(ClassLoader.java:521)
	... 29 common frames omitted
2023-10-17 19:52:15,268 INFO  [restartedMain] org.springframework.boot.StartupInfoLogger.logStarting:51 Starting HostingHubApplication using Java 20.0.1 with PID 7808 (D:\HostingHub_WS\hosting-hub\target\classes started by Admin in D:\HostingHub_WS\hosting-hub)
2023-10-17 19:52:15,269 INFO  [restartedMain] org.springframework.boot.SpringApplication.logStartupProfileInfo:637 No active profile set, falling back to 1 default profile: "default"
2023-10-17 19:52:15,394 INFO  [restartedMain] org.springframework.data.repository.config.RepositoryConfigurationDelegate.multipleStoresDetected:291 Multiple Spring Data modules found, entering strict repository configuration mode
2023-10-17 19:52:15,395 INFO  [restartedMain] org.springframework.data.repository.config.RepositoryConfigurationDelegate.registerRepositoriesIn:138 Bootstrapping Spring Data JPA repositories in DEFAULT mode.
2023-10-17 19:52:15,400 INFO  [restartedMain] org.springframework.data.repository.config.RepositoryConfigurationDelegate.registerRepositoriesIn:208 Finished Spring Data repository scanning in 5 ms. Found 1 JPA repository interfaces.
2023-10-17 19:52:15,428 INFO  [restartedMain] org.springframework.data.repository.config.RepositoryConfigurationDelegate.multipleStoresDetected:291 Multiple Spring Data modules found, entering strict repository configuration mode
2023-10-17 19:52:15,429 INFO  [restartedMain] org.springframework.data.repository.config.RepositoryConfigurationDelegate.registerRepositoriesIn:138 Bootstrapping Spring Data JDBC repositories in DEFAULT mode.
2023-10-17 19:52:15,432 INFO  [restartedMain] org.springframework.data.repository.config.RepositoryConfigurationExtensionSupport.isStrictRepositoryCandidate:320 Spring Data JDBC - Could not safely identify store assignment for repository candidate interface com.example.hostinghub.repository.AdminRepository; If you want this repository to be a JDBC repository, consider annotating your entities with one of these annotations: org.springframework.data.relational.core.mapping.Table.
2023-10-17 19:52:15,433 INFO  [restartedMain] org.springframework.data.repository.config.RepositoryConfigurationDelegate.registerRepositoriesIn:208 Finished Spring Data repository scanning in 3 ms. Found 0 JDBC repository interfaces.
2023-10-17 19:52:15,496 INFO  [restartedMain] org.springframework.boot.web.embedded.tomcat.TomcatWebServer.initialize:108 Tomcat initialized with port(s): 8090 (http)
2023-10-17 19:52:15,497 INFO  [restartedMain] org.apache.juli.logging.DirectJDKLog.log:173 Initializing ProtocolHandler ["http-nio-8090"]
2023-10-17 19:52:15,497 INFO  [restartedMain] org.apache.juli.logging.DirectJDKLog.log:173 Starting service [Tomcat]
2023-10-17 19:52:15,497 INFO  [restartedMain] org.apache.juli.logging.DirectJDKLog.log:173 Starting Servlet engine: [Apache Tomcat/10.1.13]
2023-10-17 19:52:15,517 INFO  [restartedMain] org.apache.juli.logging.DirectJDKLog.log:173 Initializing Spring embedded WebApplicationContext
2023-10-17 19:52:15,517 INFO  [restartedMain] org.springframework.boot.web.servlet.context.ServletWebServerApplicationContext.prepareWebApplicationContext:291 Root WebApplicationContext: initialization completed in 246 ms
2023-10-17 19:52:15,527 INFO  [restartedMain] com.zaxxer.hikari.HikariDataSource.getConnection:110 HikariPool-8 - Starting...
2023-10-17 19:52:15,531 INFO  [restartedMain] com.zaxxer.hikari.pool.HikariPool.checkFailFast:565 HikariPool-8 - Added connection com.mysql.cj.jdbc.ConnectionImpl@7229ccfb
2023-10-17 19:52:15,531 INFO  [restartedMain] com.zaxxer.hikari.HikariDataSource.getConnection:123 HikariPool-8 - Start completed.
2023-10-17 19:52:15,531 INFO  [restartedMain] org.springframework.boot.autoconfigure.h2.H2ConsoleAutoConfiguration.logDataSources:88 H2 console available at '/h2-console'. Database available at 'jdbc:mysql://localhost:3306/hostinghub'
2023-10-17 19:52:15,550 INFO  [restartedMain] org.hibernate.jpa.internal.util.LogHelper.logPersistenceUnitInformation:31 HHH000204: Processing PersistenceUnitInfo [name: default]
2023-10-17 19:52:15,554 INFO  [restartedMain] org.hibernate.bytecode.internal.BytecodeProviderInitiator.buildBytecodeProvider:53 HHH000021: Bytecode provider name : bytebuddy
2023-10-17 19:52:15,554 INFO  [restartedMain] org.springframework.orm.jpa.persistenceunit.SpringPersistenceUnitInfo.addTransformer:87 No LoadTimeWeaver setup: ignoring JPA class transformer
2023-10-17 19:52:15,554 WARN  [restartedMain] org.hibernate.engine.jdbc.dialect.internal.DialectFactoryImpl.logSelectedDialect:100 HHH90000026: MySQL8Dialect has been deprecated; use org.hibernate.dialect.MySQLDialect instead
2023-10-17 19:52:15,562 INFO  [restartedMain] org.hibernate.bytecode.internal.BytecodeProviderInitiator.buildBytecodeProvider:53 HHH000021: Bytecode provider name : bytebuddy
2023-10-17 19:52:15,586 INFO  [restartedMain] org.hibernate.engine.transaction.jta.platform.internal.JtaPlatformInitiator.initiateService:51 HHH000490: Using JtaPlatform implementation: [org.hibernate.engine.transaction.jta.platform.internal.NoJtaPlatform]
2023-10-17 19:52:15,670 INFO  [restartedMain] org.springframework.orm.jpa.AbstractEntityManagerFactoryBean.buildNativeEntityManagerFactory:437 Initialized JPA EntityManagerFactory for persistence unit 'default'
2023-10-17 19:52:15,748 WARN  [restartedMain] org.springframework.context.support.AbstractApplicationContext.refresh:616 Exception encountered during context initialization - cancelling refresh attempt: org.springframework.beans.factory.BeanCreationException: Error creating bean with name 'configure' defined in com.example.hostinghub.HostingHubApplication: Failed to instantiate [org.springframework.web.servlet.config.annotation.WebMvcConfigurer]: Illegal arguments to factory method 'configure'; args: 
2023-10-17 19:52:15,751 INFO  [restartedMain] org.springframework.orm.jpa.AbstractEntityManagerFactoryBean.destroy:650 Closing JPA EntityManagerFactory for persistence unit 'default'
2023-10-17 19:52:15,752 INFO  [restartedMain] com.zaxxer.hikari.HikariDataSource.close:350 HikariPool-8 - Shutdown initiated...
2023-10-17 19:52:15,765 INFO  [restartedMain] com.zaxxer.hikari.HikariDataSource.close:352 HikariPool-8 - Shutdown completed.
2023-10-17 19:52:15,766 INFO  [restartedMain] org.apache.juli.logging.DirectJDKLog.log:173 Stopping service [Tomcat]
2023-10-17 19:52:15,778 INFO  [restartedMain] org.springframework.boot.autoconfigure.logging.ConditionEvaluationReportLogger.logMessage:82 

Error starting ApplicationContext. To display the condition evaluation report re-run your application with 'debug' enabled.
2023-10-17 19:52:15,781 ERROR [restartedMain] org.springframework.boot.SpringApplication.reportFailure:827 Application run failed
org.springframework.beans.factory.BeanCreationException: Error creating bean with name 'configure' defined in com.example.hostinghub.HostingHubApplication: Failed to instantiate [org.springframework.web.servlet.config.annotation.WebMvcConfigurer]: Illegal arguments to factory method 'configure'; args: 
	at org.springframework.beans.factory.support.ConstructorResolver.instantiate(ConstructorResolver.java:654)
	at org.springframework.beans.factory.support.ConstructorResolver.instantiateUsingFactoryMethod(ConstructorResolver.java:488)
	at org.springframework.beans.factory.support.AbstractAutowireCapableBeanFactory.instantiateUsingFactoryMethod(AbstractAutowireCapableBeanFactory.java:1332)
	at org.springframework.beans.factory.support.AbstractAutowireCapableBeanFactory.createBeanInstance(AbstractAutowireCapableBeanFactory.java:1162)
	at org.springframework.beans.factory.support.AbstractAutowireCapableBeanFactory.doCreateBean(AbstractAutowireCapableBeanFactory.java:560)
	at org.springframework.beans.factory.support.AbstractAutowireCapableBeanFactory.createBean(AbstractAutowireCapableBeanFactory.java:520)
	at org.springframework.beans.factory.support.AbstractBeanFactory.lambda$doGetBean$0(AbstractBeanFactory.java:325)
	at org.springframework.beans.factory.support.DefaultSingletonBeanRegistry.getSingleton(DefaultSingletonBeanRegistry.java:234)
	at org.springframework.beans.factory.support.AbstractBeanFactory.doGetBean(AbstractBeanFactory.java:323)
	at org.springframework.beans.factory.support.AbstractBeanFactory.getBean(AbstractBeanFactory.java:199)
	at org.springframework.beans.factory.support.DefaultListableBeanFactory.preInstantiateSingletons(DefaultListableBeanFactory.java:973)
	at org.springframework.context.support.AbstractApplicationContext.finishBeanFactoryInitialization(AbstractApplicationContext.java:942)
	at org.springframework.context.support.AbstractApplicationContext.refresh(AbstractApplicationContext.java:608)
	at org.springframework.boot.web.servlet.context.ServletWebServerApplicationContext.refresh(ServletWebServerApplicationContext.java:146)
	at org.springframework.boot.SpringApplication.refresh(SpringApplication.java:737)
	at org.springframework.boot.SpringApplication.refreshContext(SpringApplication.java:439)
	at org.springframework.boot.SpringApplication.run(SpringApplication.java:315)
	at org.springframework.boot.SpringApplication.run(SpringApplication.java:1309)
	at org.springframework.boot.SpringApplication.run(SpringApplication.java:1298)
	at com.example.hostinghub.HostingHubApplication.main(HostingHubApplication.java:17)
	at java.base/jdk.internal.reflect.DirectMethodHandleAccessor.invoke(DirectMethodHandleAccessor.java:104)
	at java.base/java.lang.reflect.Method.invoke(Method.java:578)
	at org.springframework.boot.devtools.restart.RestartLauncher.run(RestartLauncher.java:50)
Caused by: org.springframework.beans.BeanInstantiationException: Failed to instantiate [org.springframework.web.servlet.config.annotation.WebMvcConfigurer]: Illegal arguments to factory method 'configure'; args: 
	at org.springframework.beans.factory.support.SimpleInstantiationStrategy.instantiate(SimpleInstantiationStrategy.java:157)
	at org.springframework.beans.factory.support.ConstructorResolver.instantiate(ConstructorResolver.java:650)
	... 22 common frames omitted
Caused by: java.lang.IllegalArgumentException: object is not an instance of declaring class
	at java.base/jdk.internal.reflect.DirectMethodHandleAccessor.checkReceiver(DirectMethodHandleAccessor.java:202)
	at java.base/jdk.internal.reflect.DirectMethodHandleAccessor.invoke(DirectMethodHandleAccessor.java:100)
	at java.base/java.lang.reflect.Method.invoke(Method.java:578)
	at org.springframework.beans.factory.support.SimpleInstantiationStrategy.instantiate(SimpleInstantiationStrategy.java:139)
	... 23 common frames omitted
