2023-10-23 17:01:13,497 INFO  [restartedMain] org.springframework.boot.StartupInfoLogger.logStarting:51 Starting HostingHubApplication using Java 20.0.1 with PID 19096 (D:\HostingHub_WS\hosting-hub\target\classes started by Admin in D:\HostingHub_WS\hosting-hub)
2023-10-23 17:01:13,503 INFO  [restartedMain] org.springframework.boot.SpringApplication.logStartupProfileInfo:637 No active profile set, falling back to 1 default profile: "default"
2023-10-23 17:01:13,706 INFO  [restartedMain] org.springframework.boot.logging.DeferredLog.logTo:250 Devtools property defaults active! Set 'spring.devtools.add-properties' to 'false' to disable
2023-10-23 17:01:13,706 INFO  [restartedMain] org.springframework.boot.logging.DeferredLog.logTo:250 For additional web related logging consider setting the 'logging.level.web' property to 'DEBUG'
2023-10-23 17:01:14,606 INFO  [restartedMain] org.springframework.data.repository.config.RepositoryConfigurationDelegate.multipleStoresDetected:291 Multiple Spring Data modules found, entering strict repository configuration mode
2023-10-23 17:01:14,606 INFO  [restartedMain] org.springframework.data.repository.config.RepositoryConfigurationDelegate.registerRepositoriesIn:138 Bootstrapping Spring Data JPA repositories in DEFAULT mode.
2023-10-23 17:01:14,691 INFO  [restartedMain] org.springframework.data.repository.config.RepositoryConfigurationDelegate.registerRepositoriesIn:208 Finished Spring Data repository scanning in 72 ms. Found 5 JPA repository interfaces.
2023-10-23 17:01:15,150 INFO  [restartedMain] org.springframework.data.repository.config.RepositoryConfigurationDelegate.multipleStoresDetected:291 Multiple Spring Data modules found, entering strict repository configuration mode
2023-10-23 17:01:15,151 INFO  [restartedMain] org.springframework.data.repository.config.RepositoryConfigurationDelegate.registerRepositoriesIn:138 Bootstrapping Spring Data JDBC repositories in DEFAULT mode.
2023-10-23 17:01:15,178 INFO  [restartedMain] org.springframework.data.repository.config.RepositoryConfigurationExtensionSupport.isStrictRepositoryCandidate:320 Spring Data JDBC - Could not safely identify store assignment for repository candidate interface com.example.hostinghub.repository.AdminRepository; If you want this repository to be a JDBC repository, consider annotating your entities with one of these annotations: org.springframework.data.relational.core.mapping.Table.
2023-10-23 17:01:15,180 INFO  [restartedMain] org.springframework.data.repository.config.RepositoryConfigurationExtensionSupport.isStrictRepositoryCandidate:320 Spring Data JDBC - Could not safely identify store assignment for repository candidate interface com.example.hostinghub.repository.DomainRepository; If you want this repository to be a JDBC repository, consider annotating your entities with one of these annotations: org.springframework.data.relational.core.mapping.Table.
2023-10-23 17:01:15,180 INFO  [restartedMain] org.springframework.data.repository.config.RepositoryConfigurationExtensionSupport.isStrictRepositoryCandidate:320 Spring Data JDBC - Could not safely identify store assignment for repository candidate interface com.example.hostinghub.repository.EmailRepository; If you want this repository to be a JDBC repository, consider annotating your entities with one of these annotations: org.springframework.data.relational.core.mapping.Table.
2023-10-23 17:01:15,181 INFO  [restartedMain] org.springframework.data.repository.config.RepositoryConfigurationExtensionSupport.isStrictRepositoryCandidate:320 Spring Data JDBC - Could not safely identify store assignment for repository candidate interface com.example.hostinghub.repository.HostDomainMapRepository; If you want this repository to be a JDBC repository, consider annotating your entities with one of these annotations: org.springframework.data.relational.core.mapping.Table.
2023-10-23 17:01:15,182 INFO  [restartedMain] org.springframework.data.repository.config.RepositoryConfigurationExtensionSupport.isStrictRepositoryCandidate:320 Spring Data JDBC - Could not safely identify store assignment for repository candidate interface com.example.hostinghub.repository.HostingRepository; If you want this repository to be a JDBC repository, consider annotating your entities with one of these annotations: org.springframework.data.relational.core.mapping.Table.
2023-10-23 17:01:15,182 INFO  [restartedMain] org.springframework.data.repository.config.RepositoryConfigurationDelegate.registerRepositoriesIn:208 Finished Spring Data repository scanning in 30 ms. Found 0 JDBC repository interfaces.
2023-10-23 17:01:16,284 INFO  [restartedMain] org.springframework.boot.web.embedded.tomcat.TomcatWebServer.initialize:108 Tomcat initialized with port(s): 8090 (http)
2023-10-23 17:01:16,296 INFO  [restartedMain] org.apache.juli.logging.DirectJDKLog.log:173 Initializing ProtocolHandler ["http-nio-8090"]
2023-10-23 17:01:16,300 INFO  [restartedMain] org.apache.juli.logging.DirectJDKLog.log:173 Starting service [Tomcat]
2023-10-23 17:01:16,301 INFO  [restartedMain] org.apache.juli.logging.DirectJDKLog.log:173 Starting Servlet engine: [Apache Tomcat/10.1.13]
2023-10-23 17:01:16,377 INFO  [restartedMain] org.apache.juli.logging.DirectJDKLog.log:173 Initializing Spring embedded WebApplicationContext
2023-10-23 17:01:16,380 INFO  [restartedMain] org.springframework.boot.web.servlet.context.ServletWebServerApplicationContext.prepareWebApplicationContext:291 Root WebApplicationContext: initialization completed in 2670 ms
2023-10-23 17:01:16,430 INFO  [restartedMain] com.zaxxer.hikari.HikariDataSource.getConnection:110 HikariPool-1 - Starting...
2023-10-23 17:01:16,743 INFO  [restartedMain] com.zaxxer.hikari.pool.HikariPool.checkFailFast:565 HikariPool-1 - Added connection com.mysql.cj.jdbc.ConnectionImpl@178221d9
2023-10-23 17:01:16,747 INFO  [restartedMain] com.zaxxer.hikari.HikariDataSource.getConnection:123 HikariPool-1 - Start completed.
2023-10-23 17:01:16,762 INFO  [restartedMain] org.springframework.boot.autoconfigure.h2.H2ConsoleAutoConfiguration.logDataSources:88 H2 console available at '/h2-console'. Database available at 'jdbc:mysql://localhost:3306/hostinghub'
2023-10-23 17:01:17,040 INFO  [restartedMain] org.hibernate.jpa.internal.util.LogHelper.logPersistenceUnitInformation:31 HHH000204: Processing PersistenceUnitInfo [name: default]
2023-10-23 17:01:17,152 INFO  [restartedMain] org.hibernate.Version.logVersion:44 HHH000412: Hibernate ORM core version 6.2.9.Final
2023-10-23 17:01:17,154 INFO  [restartedMain] org.hibernate.cfg.Environment.<clinit>:191 HHH000406: Using bytecode reflection optimizer
2023-10-23 17:01:17,351 INFO  [restartedMain] org.hibernate.bytecode.internal.BytecodeProviderInitiator.buildBytecodeProvider:53 HHH000021: Bytecode provider name : bytebuddy
2023-10-23 17:01:17,571 INFO  [restartedMain] org.springframework.orm.jpa.persistenceunit.SpringPersistenceUnitInfo.addTransformer:87 No LoadTimeWeaver setup: ignoring JPA class transformer
2023-10-23 17:01:17,626 WARN  [restartedMain] org.hibernate.engine.jdbc.dialect.internal.DialectFactoryImpl.logSelectedDialect:100 HHH90000026: MySQL8Dialect has been deprecated; use org.hibernate.dialect.MySQLDialect instead
2023-10-23 17:01:17,872 INFO  [restartedMain] org.hibernate.bytecode.internal.BytecodeProviderInitiator.buildBytecodeProvider:53 HHH000021: Bytecode provider name : bytebuddy
2023-10-23 17:01:18,725 INFO  [restartedMain] org.hibernate.engine.transaction.jta.platform.internal.JtaPlatformInitiator.initiateService:51 HHH000490: Using JtaPlatform implementation: [org.hibernate.engine.transaction.jta.platform.internal.NoJtaPlatform]
2023-10-23 17:01:18,841 INFO  [restartedMain] org.springframework.orm.jpa.AbstractEntityManagerFactoryBean.buildNativeEntityManagerFactory:437 Initialized JPA EntityManagerFactory for persistence unit 'default'
2023-10-23 17:01:19,292 INFO  [restartedMain] org.springframework.data.jpa.repository.query.QueryEnhancerFactory.<clinit>:47 Hibernate is in classpath; If applicable, HQL parser will be used.
2023-10-23 17:01:20,014 WARN  [restartedMain] org.springframework.boot.autoconfigure.orm.jpa.JpaBaseConfiguration$JpaWebConfiguration.openEntityManagerInViewInterceptor:231 spring.jpa.open-in-view is enabled by default. Therefore, database queries may be performed during view rendering. Explicitly configure spring.jpa.open-in-view to disable this warning
2023-10-23 17:01:20,317 WARN  [restartedMain] org.springframework.boot.autoconfigure.thymeleaf.ThymeleafAutoConfiguration$DefaultTemplateResolverConfiguration.checkTemplateLocationExists:101 Cannot find template location: classpath:/templates/ (please add some templates, check your Thymeleaf configuration, or set spring.thymeleaf.check-template-location=false)
2023-10-23 17:01:20,505 INFO  [restartedMain] org.springframework.boot.devtools.autoconfigure.OptionalLiveReloadServer.startServer:59 LiveReload server is running on port 35729
2023-10-23 17:01:20,545 INFO  [restartedMain] org.apache.juli.logging.DirectJDKLog.log:173 Starting ProtocolHandler ["http-nio-8090"]
2023-10-23 17:01:20,640 INFO  [restartedMain] org.springframework.boot.web.embedded.tomcat.TomcatWebServer.start:220 Tomcat started on port(s): 8090 (http) with context path ''
2023-10-23 17:01:20,655 INFO  [restartedMain] org.springframework.boot.StartupInfoLogger.logStarted:57 Started HostingHubApplication in 8.12 seconds (process running for 8.992)
2023-10-23 18:03:53,307 INFO  [http-nio-8090-exec-1] org.apache.juli.logging.DirectJDKLog.log:173 Initializing Spring DispatcherServlet 'dispatcherServlet'
2023-10-23 18:03:53,310 INFO  [http-nio-8090-exec-1] org.springframework.web.servlet.FrameworkServlet.initServletBean:532 Initializing Servlet 'dispatcherServlet'
2023-10-23 18:03:53,327 INFO  [http-nio-8090-exec-1] org.springframework.web.servlet.FrameworkServlet.initServletBean:554 Completed initialization in 16 ms
2023-10-23 18:03:58,419 INFO  [http-nio-8090-exec-2] com.example.hostinghub.service.AdminService.sendOtpByEmail:165 OTP sent successfully to: anushak@pathbreakertech.in
2023-10-23 18:03:58,504 INFO  [http-nio-8090-exec-2] com.example.hostinghub.service.AdminService.sendOtp:119  OTP for admin sent to the emailId or Username is : anushak@pathbreakertech.in anushak@pathbreakertech.in
2023-10-23 18:15:56,687 INFO  [http-nio-8090-exec-5] com.example.hostinghub.service.AdminService.sendOtpByEmail:165 OTP sent successfully to: anushak@pathbreakertech.in
2023-10-23 18:15:56,703 INFO  [http-nio-8090-exec-5] com.example.hostinghub.service.AdminService.sendOtp:119  OTP for admin sent to the emailId or Username is : anushak@pathbreakertech.in anushak@pathbreakertech.in
2023-10-23 18:19:40,615 INFO  [http-nio-8090-exec-8] com.example.hostinghub.service.AdminService.sendOtpByEmail:165 OTP sent successfully to: keerthisreev@pathbreakertech.in
2023-10-23 18:19:40,630 INFO  [http-nio-8090-exec-8] com.example.hostinghub.service.AdminService.sendOtp:119  OTP for admin sent to the emailId or Username is : keerthisreev@pathbreakertech.in keerthisreev@pathbreakertech.in
2023-10-23 18:26:28,656 INFO  [http-nio-8090-exec-1] com.example.hostinghub.service.AdminService.sendOtpByEmail:165 OTP sent successfully to: anushak@pathbreakertech.in
2023-10-23 18:26:28,672 INFO  [http-nio-8090-exec-1] com.example.hostinghub.service.AdminService.sendOtp:119  OTP for admin sent to the emailId or Username is : anushak@pathbreakertech.in anushak@pathbreakertech.in
2023-10-23 18:26:48,409 INFO  [http-nio-8090-exec-3] com.example.hostinghub.service.AdminService.sendOtpByEmail:165 OTP sent successfully to: anushak@pathbreakertech.in
2023-10-23 18:26:48,409 INFO  [http-nio-8090-exec-3] com.example.hostinghub.service.AdminService.sendOtp:119  OTP for admin sent to the emailId or Username is : anushak@pathbreakertech.in anushak@pathbreakertech.in
2023-10-23 18:27:48,988 INFO  [http-nio-8090-exec-6] com.example.hostinghub.service.AdminService.sendOtpByEmail:165 OTP sent successfully to: anushak@pathbreakertech.in
2023-10-23 18:27:48,999 INFO  [http-nio-8090-exec-6] com.example.hostinghub.service.AdminService.sendOtp:119  OTP for admin sent to the emailId or Username is : anushak@pathbreakertech.in anushak@pathbreakertech.in
2023-10-23 18:30:17,105 INFO  [http-nio-8090-exec-9] com.example.hostinghub.service.AdminService.sendOtpByEmail:165 OTP sent successfully to: keerthisreev@pathbreakertech.in
2023-10-23 18:30:17,105 INFO  [http-nio-8090-exec-9] com.example.hostinghub.service.AdminService.sendOtp:119  OTP for admin sent to the emailId or Username is : keerthisreev@pathbreakertech.in keerthisreev@pathbreakertech.in
2023-10-23 18:48:46,742 INFO  [http-nio-8090-exec-2] com.example.hostinghub.service.AdminService.sendEmail:81 Password sent successfully to: akhilallam1234@gmail.com
2023-10-23 18:48:46,790 INFO  [http-nio-8090-exec-2] com.example.hostinghub.service.AdminService.registerAdmin:68 Admin registration successful: akhilallam1234@gmail.com
2023-10-23 18:48:55,935 INFO  [http-nio-8090-exec-4] com.example.hostinghub.service.AdminService.registerAdmin:48 Email already exists in the db: akhilallam1234@gmail.com
2023-10-23 19:14:26,558 INFO  [http-nio-8090-exec-6] com.example.hostinghub.service.AdminService.sendEmail:81 Password sent successfully to: allamakhil1234@gmail.com
2023-10-23 19:14:26,558 INFO  [http-nio-8090-exec-6] com.example.hostinghub.service.AdminService.registerAdmin:68 Admin registration successful: allamakhil1234@gmail.com
2023-10-23 20:17:53,708 INFO  [http-nio-8090-exec-9] com.example.hostinghub.service.AdminService.verifyOtp:152 Login successful for Admin emailId: keerthisreev@pathbreakertech.in
2023-10-23 20:18:00,034 INFO  [http-nio-8090-exec-1] com.example.hostinghub.service.AdminService.verifyOtp:132 Invalid OTP for Admin
2023-10-23 20:18:04,174 INFO  [http-nio-8090-exec-3] com.example.hostinghub.service.AdminService.verifyOtp:132 Invalid OTP for Admin
2023-10-23 20:18:05,761 INFO  [http-nio-8090-exec-5] com.example.hostinghub.service.AdminService.verifyOtp:132 Invalid OTP for Admin
2023-10-23 20:18:29,013 INFO  [http-nio-8090-exec-7] com.example.hostinghub.service.AdminService.verifyOtp:152 Login successful for Admin emailId: anushak@pathbreakertech.in
2023-10-23 20:19:20,012 INFO  [http-nio-8090-exec-9] com.example.hostinghub.service.AdminService.verifyOtp:132 Invalid OTP for Admin
2023-10-23 20:52:15,889 INFO  [http-nio-8090-exec-1] com.example.hostinghub.service.AdminService.verifyOtp:132 Invalid OTP for Admin
2023-10-23 20:54:06,671 INFO  [http-nio-8090-exec-3] com.example.hostinghub.service.AdminService.verifyOtp:132 Invalid OTP for Admin
2023-10-23 21:02:00,080 INFO  [http-nio-8090-exec-5] com.example.hostinghub.service.AdminService.verifyOtp:132 Invalid OTP for Admin
2023-10-23 21:02:17,465 INFO  [http-nio-8090-exec-7] com.example.hostinghub.service.AdminService.verifyOtp:132 Invalid OTP for Admin
2023-10-23 21:06:03,891 INFO  [http-nio-8090-exec-9] com.example.hostinghub.service.AdminService.verifyOtp:132 Invalid OTP for Admin
2023-10-23 21:15:46,823 INFO  [http-nio-8090-exec-1] com.example.hostinghub.service.AdminService.sendOtpByEmail:165 OTP sent successfully to: anushak@pathbreakertech.in
2023-10-23 21:15:46,839 INFO  [http-nio-8090-exec-1] com.example.hostinghub.service.AdminService.sendOtp:119  OTP for admin sent to the emailId or Username is : anushak@pathbreakertech.in anushak@pathbreakertech.in
2023-10-23 21:18:49,978 INFO  [SpringApplicationShutdownHook] org.springframework.orm.jpa.AbstractEntityManagerFactoryBean.destroy:650 Closing JPA EntityManagerFactory for persistence unit 'default'
2023-10-23 21:18:49,986 INFO  [SpringApplicationShutdownHook] com.zaxxer.hikari.HikariDataSource.close:350 HikariPool-1 - Shutdown initiated...
2023-10-23 21:18:50,010 INFO  [SpringApplicationShutdownHook] com.zaxxer.hikari.HikariDataSource.close:352 HikariPool-1 - Shutdown completed.
